2024-01-10 12:51:11.951372: I Start experiment
2024-01-10 12:51:11.987922: I C:\Users\zanzo\Documents\GitHub\AIML-LIGHT_GCN\data\facebook_book\train.tsv - Loaded
2024-01-10 12:51:11.999436: I Test Fold 0 - Validation Fold 0
2024-01-10 12:51:12.190131: I Statistics	Users:	1369	Items:	786	Transactions:	9187	Sparsity:	0.9914621656936491
2024-01-10 12:51:27.574254: I Training begun for LightGCN

2024-01-10 12:51:27.575255: I Hyperparameters:
2024-01-10 12:51:27.575255: I meta set to namespace(kpca_sizes=[2, 4, 8, 16, 32, 64], pca_sizes=[2, 4, 8, 16, 32, 64], save_recs=True, tsne_sizes=[2, 4, 8, 16, 32, 64], validation_rate=2, verbose=True)
2024-01-10 12:51:27.575255: I lr set to 0.0028462729478462134
2024-01-10 12:51:27.575255: I epochs set to 2
2024-01-10 12:51:27.576255: I factors set to 64
2024-01-10 12:51:27.576255: I batch_size set to 64
2024-01-10 12:51:27.578256: I l_w set to 0.06184015598288455
2024-01-10 12:51:27.579254: I n_layers set to 3
2024-01-10 12:51:27.579254: I seed set to 123
2024-01-10 12:51:27.579254: I Exploration: Test Fold exploration number 1
2024-01-10 12:51:27.579254: I Exploration: Train-Validation Fold exploration number 1
2024-01-10 12:51:31.257591: I 
2024-01-10 12:51:31.258591: I Validation Evaluation results
2024-01-10 12:51:31.258591: I Cut-off: 10
2024-01-10 12:51:31.258591: I Eval Time: 0.013011932373046875
2024-01-10 12:51:31.261099: I Results
2024-01-10 12:51:31.263105: I nDCGRendle2020	0.08051
2024-01-10 12:51:31.265109: I 
2024-01-10 12:51:31.267110: I Test Evaluation results
2024-01-10 12:51:31.270110: I Cut-off: 10
2024-01-10 12:51:31.272617: I Eval Time: 0.016017913818359375
2024-01-10 12:51:31.275623: I Results
2024-01-10 12:51:31.278623: I nDCGRendle2020	0.09689
2024-01-10 12:51:41.789024: I Training ended for LightGCN
2024-01-10 12:51:41.789024: I Loss:	-0.08051053814848416
2024-01-10 12:51:41.790027: I Best Model params:	{'meta': namespace(kpca_sizes=[2, 4, 8, 16, 32, 64], pca_sizes=[2, 4, 8, 16, 32, 64], save_recs=True, tsne_sizes=[2, 4, 8, 16, 32, 64], validation_rate=2, verbose=True), 'lr': 0.0028462729478462134, 'epochs': 2, 'factors': 64, 'batch_size': 64, 'l_w': 0.06184015598288455, 'n_layers': 3, 'seed': 123, 'name': 'LightGCN_seed=123_e=2_bs=64_lr=0$0028462729478462134_factors=64_l_w=0$06184015598288455_n_layers=3', 'best_iteration': 2}
2024-01-10 12:51:41.790027: I Best Model results:	{10: {'nDCGRendle2020': 0.09688732002576719}}
2024-01-10 12:51:41.790027: I I'm saving the metrics results per user!
2024-01-10 12:51:41.790027: I I have created per_user folder
2024-01-10 12:52:40.860514: I Start experiment
2024-01-10 12:52:40.896565: I C:\Users\zanzo\Documents\GitHub\AIML-LIGHT_GCN\data\facebook_book\train.tsv - Loaded
2024-01-10 12:52:40.907084: I Test Fold 0 - Validation Fold 0
2024-01-10 12:52:41.651899: I Statistics	Users:	1369	Items:	786	Transactions:	9187	Sparsity:	0.9914621656936491
2024-01-10 12:53:02.599645: I Training begun for LightGCN

2024-01-10 12:53:02.600645: I Hyperparameters:
2024-01-10 12:53:02.600645: I meta set to namespace(kpca_sizes=[2, 4, 8, 16, 32, 64], pca_sizes=[2, 4, 8, 16, 32, 64], save_recs=True, tsne_sizes=[2, 4, 8, 16, 32, 64], validation_rate=2, verbose=True)
2024-01-10 12:53:02.600645: I lr set to 0.0028462729478462134
2024-01-10 12:53:02.601646: I epochs set to 2
2024-01-10 12:53:02.601646: I factors set to 64
2024-01-10 12:53:02.601646: I batch_size set to 64
2024-01-10 12:53:02.603645: I l_w set to 0.06184015598288455
2024-01-10 12:53:02.603645: I n_layers set to 3
2024-01-10 12:53:02.604645: I seed set to 123
2024-01-10 12:53:02.604645: I Exploration: Test Fold exploration number 1
2024-01-10 12:53:02.604645: I Exploration: Train-Validation Fold exploration number 1
2024-01-10 12:53:06.637270: I 
2024-01-10 12:53:06.642275: I Validation Evaluation results
2024-01-10 12:53:06.642275: I Cut-off: 10
2024-01-10 12:53:06.643275: I Eval Time: 0.038543701171875
2024-01-10 12:53:06.643275: I Results
2024-01-10 12:53:06.646779: I nDCGRendle2020	0.08051
2024-01-10 12:53:06.649786: I 
2024-01-10 12:53:06.653788: I Test Evaluation results
2024-01-10 12:53:06.657296: I Cut-off: 10
2024-01-10 12:53:06.660301: I Eval Time: 0.039045095443725586
2024-01-10 12:53:06.663301: I Results
2024-01-10 12:53:06.666813: I nDCGRendle2020	0.09689
2024-01-10 12:53:24.339854: I Training ended for LightGCN
2024-01-10 12:53:24.339854: I Loss:	-0.08051053814848416
2024-01-10 12:55:50.202565: I Start experiment
2024-01-10 12:55:50.231604: I C:\Users\zanzo\Documents\GitHub\AIML-LIGHT_GCN\data\facebook_book\train.tsv - Loaded
2024-01-10 12:55:50.243633: I Test Fold 0 - Validation Fold 0
2024-01-10 12:55:50.430844: I Statistics	Users:	1369	Items:	786	Transactions:	9187	Sparsity:	0.9914621656936491
2024-01-10 12:55:53.284873: I Training begun for ProxyRecommender

2024-01-10 12:55:53.284873: I Hyperparameters:
2024-01-10 12:55:53.284873: I folder set to C:\Users\zanzo\Documents\GitHub\AIML-LIGHT_GCN\data_dz\facebook\umap
2024-01-10 12:55:53.285873: I meta set to namespace()
2024-01-10 12:55:53.285873: I path set to C:\Users\zanzo\Documents\GitHub\AIML-LIGHT_GCN\data_dz\facebook\umap\umap@2.tsv
2024-01-10 12:55:53.285873: I Exploration: Test Fold exploration number 1
2024-01-10 12:55:53.285873: I Exploration: Train-Validation Fold exploration number 1
2024-01-10 12:55:55.453921: I 
2024-01-10 12:55:55.500974: I Validation Evaluation results
2024-01-10 12:55:55.501976: I Cut-off: 10
2024-01-10 12:55:55.501976: I Eval Time: 0.06807327270507812
2024-01-10 12:55:55.504485: I Results
2024-01-10 12:55:55.504485: I nDCGRendle2020	0.58239
2024-01-10 12:55:55.504485: I HR	0.93426
2024-01-10 12:55:55.504485: I Precision	0.50548
2024-01-10 12:55:55.505492: I Recall	0.50548
2024-01-10 12:55:55.505492: I 
2024-01-10 12:55:55.505492: I Test Evaluation results
2024-01-10 12:55:55.505492: I Cut-off: 10
2024-01-10 12:55:55.505492: I Eval Time: 0.07057905197143555
2024-01-10 12:55:55.507493: I Results
2024-01-10 12:55:55.507493: I nDCGRendle2020	0.58239
2024-01-10 12:55:55.508491: I HR	0.93426
2024-01-10 12:55:55.509491: I Precision	0.50548
2024-01-10 12:55:55.509491: I Recall	0.50548
2024-01-10 12:55:55.509491: I Training ended for ProxyRecommender
2024-01-10 12:55:55.509491: I Loss:	-0.5823866308346427
2024-01-10 12:55:55.510490: I Best Model params:	{'folder': 'C:\\Users\\zanzo\\Documents\\GitHub\\AIML-LIGHT_GCN\\data_dz\\facebook\\umap', 'meta': namespace(), 'path': 'C:\\Users\\zanzo\\Documents\\GitHub\\AIML-LIGHT_GCN\\data_dz\\facebook\\umap\\umap@2.tsv', 'name': 'umap@2'}
2024-01-10 12:55:55.510490: I Best Model results:	{10: {'nDCGRendle2020': 0.5823866308346427, 'HR': 0.9342585829072315, 'Precision': 0.5054784514243974, 'Recall': 0.5054784514243974}}
2024-01-10 12:55:55.510490: I End experiment
2024-01-10 12:56:42.251028: I Start experiment
2024-01-10 12:57:35.901170: I Start experiment
2024-01-10 12:57:35.920198: I C:\Users\zanzo\Documents\GitHub\AIML-LIGHT_GCN\data\facebook_book\train.tsv - Loaded
2024-01-10 12:57:35.925711: I Test Fold 0 - Validation Fold 0
2024-01-10 12:57:36.113398: I Statistics	Users:	1369	Items:	786	Transactions:	9187	Sparsity:	0.9914621656936491
2024-01-10 12:57:38.606383: I Training begun for ProxyRecommender

2024-01-10 12:57:38.607381: I Hyperparameters:
2024-01-10 12:57:38.607381: I folder set to C:\Users\zanzo\Documents\GitHub\AIML-LIGHT_GCN\data_dz\facebook\umap
2024-01-10 12:57:38.607381: I meta set to namespace()
2024-01-10 12:57:38.608382: I path set to C:\Users\zanzo\Documents\GitHub\AIML-LIGHT_GCN\data_dz\facebook\umap\umap@2.tsv
2024-01-10 12:57:38.608382: I Exploration: Test Fold exploration number 1
2024-01-10 12:57:38.608382: I Exploration: Train-Validation Fold exploration number 1
2024-01-10 12:57:40.656712: I 
2024-01-10 12:57:40.688254: I Validation Evaluation results
2024-01-10 12:57:40.720301: I Cut-off: 10
2024-01-10 12:57:40.767866: I Eval Time: 0.08910512924194336
2024-01-10 12:57:40.792397: I Results
2024-01-10 12:57:40.793401: I nDCGRendle2020	0.05271
2024-01-10 12:57:40.795408: I HR	0.10884
2024-01-10 12:57:40.795408: I Precision	0.01088
2024-01-10 12:57:40.795408: I Recall	0.10044
2024-01-10 12:57:40.796409: I 
2024-01-10 12:57:40.796409: I Test Evaluation results
2024-01-10 12:57:40.796409: I Cut-off: 10
2024-01-10 12:57:40.797408: I Eval Time: 0.1672210693359375
2024-01-10 12:57:40.797408: I Results
2024-01-10 12:57:40.798407: I nDCGRendle2020	0.06573
2024-01-10 12:57:40.799408: I HR	0.21987
2024-01-10 12:57:40.799408: I Precision	0.02367
2024-01-10 12:57:40.799408: I Recall	0.09591
2024-01-10 12:57:40.800409: I Training ended for ProxyRecommender
2024-01-10 12:57:40.800409: I Loss:	-0.05270893843680166
2024-01-10 12:57:40.800409: I Best Model params:	{'folder': 'C:\\Users\\zanzo\\Documents\\GitHub\\AIML-LIGHT_GCN\\data_dz\\facebook\\umap', 'meta': namespace(), 'path': 'C:\\Users\\zanzo\\Documents\\GitHub\\AIML-LIGHT_GCN\\data_dz\\facebook\\umap\\umap@2.tsv', 'name': 'umap@2'}
2024-01-10 12:57:40.800409: I Best Model results:	{10: {'nDCGRendle2020': 0.06573389746599823, 'HR': 0.21986851716581446, 'Precision': 0.023666910153396645, 'Recall': 0.09590942293644995}}
2024-01-10 12:57:40.800409: I End experiment
2024-01-10 12:58:53.140905: I Start experiment
2024-01-10 12:58:53.159937: I C:\Users\zanzo\Documents\GitHub\AIML-LIGHT_GCN\data\facebook_book\train.tsv - Loaded
2024-01-10 12:58:53.166452: I Test Fold 0 - Validation Fold 0
2024-01-10 12:58:53.353143: I Statistics	Users:	1369	Items:	786	Transactions:	9187	Sparsity:	0.9914621656936491
2024-01-10 12:58:55.772038: I Training begun for ProxyRecommender

2024-01-10 12:58:55.772542: I Hyperparameters:
2024-01-10 12:58:55.772542: I folder set to C:\Users\zanzo\Documents\GitHub\AIML-LIGHT_GCN\data_dz\facebook\base
2024-01-10 12:58:55.772542: I meta set to namespace()
2024-01-10 12:58:55.772542: I path set to C:\Users\zanzo\Documents\GitHub\AIML-LIGHT_GCN\data_dz\facebook\base\base@64.tsv
2024-01-10 12:58:55.773549: I Exploration: Test Fold exploration number 1
2024-01-10 12:58:55.774554: I Exploration: Train-Validation Fold exploration number 1
2024-01-10 12:58:57.776157: I 
2024-01-10 12:58:57.807201: I Validation Evaluation results
2024-01-10 12:58:57.854753: I Cut-off: 10
2024-01-10 12:58:57.885283: I Eval Time: 0.08859539031982422
2024-01-10 12:58:57.915326: I Results
2024-01-10 12:58:57.915326: I nDCGRendle2020	0.08051
2024-01-10 12:58:57.918327: I HR	0.15559
2024-01-10 12:58:57.918327: I Precision	0.01585
2024-01-10 12:58:57.918327: I Recall	0.14646
2024-01-10 12:58:57.918327: I 
2024-01-10 12:58:57.919329: I Test Evaluation results
2024-01-10 12:58:57.919329: I Cut-off: 10
2024-01-10 12:58:57.920329: I Eval Time: 0.16569852828979492
2024-01-10 12:58:57.920329: I Results
2024-01-10 12:58:57.920329: I nDCGRendle2020	0.09689
2024-01-10 12:58:57.920329: I HR	0.31702
2024-01-10 12:58:57.920329: I Precision	0.0355
2024-01-10 12:58:57.921836: I Recall	0.14345
2024-01-10 12:58:57.921836: I Training ended for ProxyRecommender
2024-01-10 12:58:57.922844: I Loss:	-0.08051053814848416
2024-01-10 12:58:57.922844: I Best Model params:	{'folder': 'C:\\Users\\zanzo\\Documents\\GitHub\\AIML-LIGHT_GCN\\data_dz\\facebook\\base', 'meta': namespace(), 'path': 'C:\\Users\\zanzo\\Documents\\GitHub\\AIML-LIGHT_GCN\\data_dz\\facebook\\base\\base@64.tsv', 'name': 'base@64'}
2024-01-10 12:58:57.922844: I Best Model results:	{10: {'nDCGRendle2020': 0.09688732002576719, 'HR': 0.3170197224251278, 'Precision': 0.03550036523009496, 'Recall': 0.14345020696372046}}
2024-01-10 12:58:57.922844: I End experiment
2024-01-10 13:01:34.711528: I Start experiment
2024-01-10 13:01:34.745065: I C:\Users\zanzo\Documents\GitHub\AIML-LIGHT_GCN\data\facebook_book\train.tsv - Loaded
2024-01-10 13:01:34.755582: I Test Fold 0 - Validation Fold 0
2024-01-10 13:01:35.497289: I Statistics	Users:	1369	Items:	786	Transactions:	9187	Sparsity:	0.9914621656936491
2024-01-10 13:01:55.967764: I Training begun for LightGCN

2024-01-10 13:01:55.967764: I Hyperparameters:
2024-01-10 13:01:55.968769: I meta set to namespace(kpca_sizes=[2, 4, 8, 16, 32, 64], pca_sizes=[2, 4, 8, 16, 32, 64], save_recs=True, tsne_sizes=[2, 4, 8, 16, 32, 64], validation_rate=2, verbose=True)
2024-01-10 13:01:55.968769: I lr set to 0.0028462729478462134
2024-01-10 13:01:55.968769: I epochs set to 2
2024-01-10 13:01:55.968769: I factors set to 64
2024-01-10 13:01:55.969773: I batch_size set to 64
2024-01-10 13:01:55.971772: I l_w set to 0.06184015598288455
2024-01-10 13:01:55.971772: I n_layers set to 3
2024-01-10 13:01:55.971772: I seed set to 123
2024-01-10 13:01:55.971772: I Exploration: Test Fold exploration number 1
2024-01-10 13:01:55.972774: I Exploration: Train-Validation Fold exploration number 1
2024-01-10 13:01:59.972409: I 
2024-01-10 13:01:59.988426: I Validation Evaluation results
2024-01-10 13:01:59.988426: I Cut-off: 10
2024-01-10 13:01:59.989431: I Eval Time: 0.04054093360900879
2024-01-10 13:01:59.989431: I Results
2024-01-10 13:01:59.994432: I nDCGRendle2020	0.08051
2024-01-10 13:01:59.997932: I 
2024-01-10 13:02:00.000942: I Test Evaluation results
2024-01-10 13:02:00.004948: I Cut-off: 10
2024-01-10 13:02:00.007450: I Eval Time: 0.03903484344482422
2024-01-10 13:02:00.011462: I Results
2024-01-10 13:02:00.014462: I nDCGRendle2020	0.09689
2024-01-10 13:02:20.259080: I Training ended for LightGCN
2024-01-10 13:02:20.260085: I Loss:	-0.08051053814848416
2024-01-10 13:02:20.260085: I Best Model params:	{'meta': namespace(kpca_sizes=[2, 4, 8, 16, 32, 64], pca_sizes=[2, 4, 8, 16, 32, 64], save_recs=True, tsne_sizes=[2, 4, 8, 16, 32, 64], validation_rate=2, verbose=True), 'lr': 0.0028462729478462134, 'epochs': 2, 'factors': 64, 'batch_size': 64, 'l_w': 0.06184015598288455, 'n_layers': 3, 'seed': 123, 'name': 'LightGCN_seed=123_e=2_bs=64_lr=0$0028462729478462134_factors=64_l_w=0$06184015598288455_n_layers=3', 'best_iteration': 2}
2024-01-10 13:06:29.353483: I Start experiment
2024-01-10 13:06:29.386523: I C:\Users\zanzo\Documents\GitHub\AIML-LIGHT_GCN\data\facebook_book\train.tsv - Loaded
2024-01-10 13:06:29.397034: I Test Fold 0 - Validation Fold 0
2024-01-10 13:06:30.139731: I Statistics	Users:	1369	Items:	786	Transactions:	9187	Sparsity:	0.9914621656936491
2024-01-10 13:06:50.565974: I Training begun for LightGCN

2024-01-10 13:06:50.565974: I Hyperparameters:
2024-01-10 13:06:50.565974: I meta set to namespace(kpca_sizes=[2, 4, 8, 16, 32, 64], pca_sizes=[2, 4, 8, 16, 32, 64], save_recs=True, tsne_sizes=[2, 4, 8, 16, 32, 64], validation_rate=2, verbose=True)
2024-01-10 13:06:50.565974: I lr set to 0.0028462729478462134
2024-01-10 13:06:50.566974: I epochs set to 2
2024-01-10 13:06:50.566974: I factors set to 64
2024-01-10 13:06:50.566974: I batch_size set to 64
2024-01-10 13:06:50.569483: I l_w set to 0.06184015598288455
2024-01-10 13:06:50.569483: I n_layers set to 3
2024-01-10 13:06:50.569483: I seed set to 123
2024-01-10 13:06:50.569483: I Exploration: Test Fold exploration number 1
2024-01-10 13:06:50.570484: I Exploration: Train-Validation Fold exploration number 1
2024-01-10 13:06:54.638297: I 
2024-01-10 13:06:54.658824: I Validation Evaluation results
2024-01-10 13:06:54.658824: I Cut-off: 10
2024-01-10 13:06:54.659829: I Eval Time: 0.03953695297241211
2024-01-10 13:06:54.659829: I Results
2024-01-10 13:06:54.663834: I nDCGRendle2020	0.08051
2024-01-10 13:06:54.666833: I 
2024-01-10 13:06:54.670343: I Test Evaluation results
2024-01-10 13:06:54.674347: I Cut-off: 10
2024-01-10 13:06:54.677348: I Eval Time: 0.04253959655761719
2024-01-10 13:06:54.680859: I Results
2024-01-10 13:06:54.684860: I nDCGRendle2020	0.09689
2024-01-10 13:07:38.404564: I Training ended for LightGCN
2024-01-10 13:07:42.756174: I Loss:	-0.08051053814848416
2024-01-10 13:07:42.757174: I Best Model params:	{'meta': namespace(kpca_sizes=[2, 4, 8, 16, 32, 64], pca_sizes=[2, 4, 8, 16, 32, 64], save_recs=True, tsne_sizes=[2, 4, 8, 16, 32, 64], validation_rate=2, verbose=True), 'lr': 0.0028462729478462134, 'epochs': 2, 'factors': 64, 'batch_size': 64, 'l_w': 0.06184015598288455, 'n_layers': 3, 'seed': 123, 'name': 'LightGCN_seed=123_e=2_bs=64_lr=0$0028462729478462134_factors=64_l_w=0$06184015598288455_n_layers=3', 'best_iteration': 2}
2024-01-10 13:07:42.757174: I Best Model results:	{10: {'nDCGRendle2020': 0.09688732002576719}}
2024-01-10 13:07:42.757174: I I'm saving the metrics results per user!
2024-01-10 13:07:42.757174: I The per_user older already exists
2024-01-10 13:07:58.856119: I Start experiment
2024-01-10 13:07:58.888659: I C:\Users\zanzo\Documents\GitHub\AIML-LIGHT_GCN\data\facebook_book\train.tsv - Loaded
2024-01-10 13:07:58.899177: I Test Fold 0 - Validation Fold 0
2024-01-10 13:07:59.682968: I Statistics	Users:	1369	Items:	786	Transactions:	9187	Sparsity:	0.9914621656936491
2024-01-10 13:08:20.415424: I Training begun for LightGCN

2024-01-10 13:08:20.416426: I Hyperparameters:
2024-01-10 13:08:20.416426: I meta set to namespace(kpca_sizes=[2, 4, 8, 16, 32, 64], pca_sizes=[2, 4, 8, 16, 32, 64], save_recs=True, tsne_sizes=[2, 4, 8, 16, 32, 64], validation_rate=2, verbose=True)
2024-01-10 13:08:20.416426: I lr set to 0.0028462729478462134
2024-01-10 13:08:20.416426: I epochs set to 2
2024-01-10 13:08:20.416426: I factors set to 64
2024-01-10 13:08:20.416426: I batch_size set to 64
2024-01-10 13:08:20.417931: I l_w set to 0.06184015598288455
2024-01-10 13:08:20.419936: I n_layers set to 3
2024-01-10 13:08:20.419936: I seed set to 123
2024-01-10 13:08:20.419936: I Exploration: Test Fold exploration number 1
2024-01-10 13:08:20.420941: I Exploration: Train-Validation Fold exploration number 1
2024-01-10 13:08:24.349245: I 
2024-01-10 13:08:24.363765: I Validation Evaluation results
2024-01-10 13:08:24.364767: I Cut-off: 10
2024-01-10 13:08:24.364767: I Eval Time: 0.04305291175842285
2024-01-10 13:08:24.368271: I Results
2024-01-10 13:08:24.372284: I nDCGRendle2020	0.08051
2024-01-10 13:08:24.375282: I 
2024-01-10 13:08:24.378786: I Test Evaluation results
2024-01-10 13:08:24.382791: I Cut-off: 10
2024-01-10 13:08:24.385794: I Eval Time: 0.044065237045288086
2024-01-10 13:08:24.389302: I Results
2024-01-10 13:08:24.392308: I nDCGRendle2020	0.09689
2024-01-10 13:08:46.679931: I Training ended for LightGCN
2024-01-10 19:32:04.771241: I Start experiment
2024-01-10 19:32:04.805788: I C:\Users\zanzo\Documents\GitHub\AIML-LIGHT_GCN\data\facebook_book\train.tsv - Loaded
2024-01-10 19:32:04.817306: I Test Fold 0 - Validation Fold 0
2024-01-10 19:32:05.595249: I Statistics	Users:	1369	Items:	786	Transactions:	9187	Sparsity:	0.9914621656936491
2024-01-10 19:32:26.829250: I Training begun for LightGCN

2024-01-10 19:32:26.829250: I Hyperparameters:
2024-01-10 19:32:26.830252: I meta set to namespace(kpca_sizes=[2, 4, 8, 16, 32, 64], pca_sizes=[2, 4, 8, 16, 32, 64], save_recs=True, tsne_sizes=[2, 4, 8, 16, 32, 64], validation_rate=2, verbose=True)
2024-01-10 19:32:26.830252: I lr set to 0.0028462729478462134
2024-01-10 19:32:26.830757: I epochs set to 2
2024-01-10 19:32:26.830757: I factors set to 64
2024-01-10 19:32:26.830757: I batch_size set to 64
2024-01-10 19:32:26.832769: I l_w set to 0.06184015598288455
2024-01-10 19:32:26.832769: I n_layers set to 3
2024-01-10 19:32:26.833767: I seed set to 123
2024-01-10 19:32:26.833767: I Exploration: Test Fold exploration number 1
2024-01-10 19:32:26.833767: I Exploration: Train-Validation Fold exploration number 1
2024-01-10 19:32:31.118544: I 
2024-01-10 19:32:31.134570: I Validation Evaluation results
2024-01-10 19:32:31.141082: I Cut-off: 10
2024-01-10 19:32:31.142082: I Eval Time: 0.04456496238708496
2024-01-10 19:32:31.142082: I Results
2024-01-10 19:32:31.142082: I nDCGRendle2020	0.08051
2024-01-10 19:32:31.146087: I 
2024-01-10 19:32:31.149087: I Test Evaluation results
2024-01-10 19:32:31.153605: I Cut-off: 10
2024-01-10 19:32:31.156605: I Eval Time: 0.04555773735046387
2024-01-10 19:32:31.160112: I Results
2024-01-10 19:32:31.163121: I nDCGRendle2020	0.09689
2024-01-10 19:33:12.616721: I Training ended for LightGCN
2024-01-12 16:28:40.573764: I Start experiment
2024-01-12 16:28:40.631864: I C:\Users\zanzo\Documents\GitHub\AIML-LIGHT_GCN\data\facebook_book\train.tsv - Loaded
2024-01-12 16:28:40.650903: I Test Fold 0 - Validation Fold 0
2024-01-12 16:28:41.565093: I Statistics	Users:	1369	Items:	786	Transactions:	9187	Sparsity:	0.9914621656936491
2024-01-12 16:29:11.693121: I Training begun for LightGCN

2024-01-12 16:29:11.694123: I Hyperparameters:
2024-01-12 16:29:11.694123: I meta set to namespace(kpca_sizes=[2, 4, 8, 16, 32, 64], pca_sizes=[2, 4, 8, 16, 32, 64], save_recs=True, tsne_sizes=[2, 4, 8, 16, 32, 64], validation_rate=2, verbose=True)
2024-01-12 16:29:11.694123: I lr set to 0.0028462729478462134
2024-01-12 16:29:11.694123: I epochs set to 2
2024-01-12 16:29:11.695123: I factors set to 64
2024-01-12 16:29:11.695123: I batch_size set to 64
2024-01-12 16:29:11.698121: I l_w set to 0.06184015598288455
2024-01-12 16:29:11.698121: I n_layers set to 3
2024-01-12 16:29:11.698121: I seed set to 123
2024-01-12 16:29:11.699122: I Exploration: Test Fold exploration number 1
2024-01-12 16:29:11.699122: I Exploration: Train-Validation Fold exploration number 1
2024-01-12 16:29:16.097677: I 
2024-01-12 16:29:16.113683: I Validation Evaluation results
2024-01-12 16:29:16.113683: I Cut-off: 10
2024-01-12 16:29:16.113683: I Eval Time: 0.04500293731689453
2024-01-12 16:29:16.114682: I Results
2024-01-12 16:29:16.117682: I nDCGRendle2020	0.08051
2024-01-12 16:29:16.121683: I 
2024-01-12 16:29:16.124682: I Test Evaluation results
2024-01-12 16:29:16.128192: I Cut-off: 10
2024-01-12 16:29:16.132192: I Eval Time: 0.04000401496887207
2024-01-12 16:29:16.135192: I Results
2024-01-12 16:29:16.139192: I nDCGRendle2020	0.09689
2024-01-12 16:29:40.802048: I Training ended for LightGCN
2024-01-12 16:29:40.804053: I Loss:	-0.08051053814848416
2024-01-15 11:14:07.605481: I Start experiment
2024-01-15 11:14:07.624019: I C:\Users\zanzo\Documents\GitHub\AIML-LIGHT_GCN\data\facebook_book\train.tsv - Loaded
2024-01-15 11:14:07.635535: I Test Fold 0 - Validation Fold 0
2024-01-15 11:14:07.840315: I Statistics	Users:	1369	Items:	786	Transactions:	9187	Sparsity:	0.9914621656936491
2024-01-15 11:14:23.741389: I Training begun for LightGCN

2024-01-15 11:14:23.742389: I Hyperparameters:
2024-01-15 11:14:23.742389: I meta set to namespace(kpca_sizes=[2, 4, 8, 16, 32, 64], pca_sizes=[2, 4, 8, 16, 32, 64], save_recs=True, tsne_sizes=[2, 4, 8, 16, 32, 64], validation_rate=2, verbose=True)
2024-01-15 11:14:23.742389: I lr set to 0.0028462729478462134
2024-01-15 11:14:23.742389: I epochs set to 2
2024-01-15 11:14:23.743390: I factors set to 64
2024-01-15 11:14:23.745388: I batch_size set to 64
2024-01-15 11:14:23.745388: I l_w set to 0.06184015598288455
2024-01-15 11:14:23.745388: I n_layers set to 3
2024-01-15 11:14:23.746390: I seed set to 123
2024-01-15 11:14:23.746390: I Exploration: Test Fold exploration number 1
2024-01-15 11:14:23.746390: I Exploration: Train-Validation Fold exploration number 1
2024-01-15 11:14:27.454406: I 
2024-01-15 11:14:27.454406: I Validation Evaluation results
2024-01-15 11:14:27.454406: I Cut-off: 10
2024-01-15 11:14:27.454406: I Eval Time: 0.012013435363769531
2024-01-15 11:14:27.457405: I Results
2024-01-15 11:14:27.458912: I nDCGRendle2020	0.08051
2024-01-15 11:14:27.460918: I 
2024-01-15 11:14:27.463917: I Test Evaluation results
2024-01-15 11:14:27.465918: I Cut-off: 10
2024-01-15 11:14:27.468428: I Eval Time: 0.016518592834472656
2024-01-15 11:14:27.470432: I Results
2024-01-15 11:14:27.472431: I nDCGRendle2020	0.09689
2024-01-15 11:14:38.101514: I Training ended for LightGCN
2024-01-15 11:14:38.101514: I Loss:	-0.08051053814848416
2024-01-15 11:14:38.101514: I Best Model params:	{'meta': namespace(kpca_sizes=[2, 4, 8, 16, 32, 64], pca_sizes=[2, 4, 8, 16, 32, 64], save_recs=True, tsne_sizes=[2, 4, 8, 16, 32, 64], validation_rate=2, verbose=True), 'lr': 0.0028462729478462134, 'epochs': 2, 'factors': 64, 'batch_size': 64, 'l_w': 0.06184015598288455, 'n_layers': 3, 'seed': 123, 'name': 'LightGCN_seed=123_e=2_bs=64_lr=0$0028462729478462134_factors=64_l_w=0$06184015598288455_n_layers=3', 'best_iteration': 2}
2024-01-15 11:14:38.103516: I Best Model results:	{10: {'nDCGRendle2020': 0.09688732002576719}}
2024-01-15 11:14:38.105516: I End experiment
2024-01-15 11:14:38.363354: I Start experiment
2024-01-15 11:14:38.379377: I C:\Users\zanzo\Documents\GitHub\AIML-LIGHT_GCN\data\facebook_book\train.tsv - Loaded
2024-01-15 11:14:38.391896: I Test Fold 0 - Validation Fold 0
2024-01-15 11:14:38.599655: I Statistics	Users:	1369	Items:	786	Transactions:	9187	Sparsity:	0.9914621656936491
2024-01-15 11:14:38.884519: I Training begun for ProxyRecommender

2024-01-15 11:14:38.884519: I Hyperparameters:
2024-01-15 11:14:38.884519: I folder set to C:\Users\zanzo\Documents\GitHub\AIML-LIGHT_GCN\data_dz\facebook\umap
2024-01-15 11:14:38.885518: I meta set to namespace()
2024-01-15 11:14:38.885518: I path set to C:\Users\zanzo\Documents\GitHub\AIML-LIGHT_GCN\data_dz\facebook\umap\umap@2.tsv
2024-01-15 11:14:38.885518: I Exploration: Test Fold exploration number 1
2024-01-15 11:14:38.885518: I Exploration: Train-Validation Fold exploration number 1
2024-01-15 11:14:41.052478: I 
2024-01-15 11:14:41.083524: I Validation Evaluation results
2024-01-15 11:14:41.096034: I Cut-off: 10
2024-01-15 11:14:41.097539: I Eval Time: 0.07007861137390137
2024-01-15 11:14:41.100554: I Results
2024-01-15 11:14:41.100554: I nDCGRendle2020	0.60876
2024-01-15 11:14:41.101554: I HR	0.9328
2024-01-15 11:14:41.101554: I Precision	0.52542
2024-01-15 11:14:41.101554: I Recall	0.52542
2024-01-15 11:14:41.102558: I 
2024-01-15 11:14:41.103555: I Test Evaluation results
2024-01-15 11:14:41.104554: I Cut-off: 10
2024-01-15 11:14:41.104554: I Eval Time: 0.07208991050720215
2024-01-15 11:14:41.104554: I Results
2024-01-15 11:14:41.104554: I nDCGRendle2020	0.60876
2024-01-15 11:14:41.104554: I HR	0.9328
2024-01-15 11:14:41.104554: I Precision	0.52542
2024-01-15 11:14:41.104554: I Recall	0.52542
2024-01-15 11:14:41.104554: I Training ended for ProxyRecommender
2024-01-15 11:14:41.105554: I Loss:	-0.6087570676569389
2024-01-15 11:14:41.105554: I Best Model params:	{'folder': 'C:\\Users\\zanzo\\Documents\\GitHub\\AIML-LIGHT_GCN\\data_dz\\facebook\\umap', 'meta': namespace(), 'path': 'C:\\Users\\zanzo\\Documents\\GitHub\\AIML-LIGHT_GCN\\data_dz\\facebook\\umap\\umap@2.tsv', 'name': 'umap@2'}
2024-01-15 11:14:41.105554: I Best Model results:	{10: {'nDCGRendle2020': 0.6087570676569389, 'HR': 0.9327976625273923, 'Precision': 0.5254200146092037, 'Recall': 0.5254200146092037}}
2024-01-15 11:14:41.105554: I End experiment
