2024-02-12 13:49:19.977321: I Loading parameters
2024-02-12 13:49:19.978320: I Parameter lr set to 0.002411993489896946
2024-02-12 13:49:19.978320: I Parameter factors set to 256
2024-02-12 13:49:19.979320: I Parameter l_w set to 0.003023263429458794
2024-02-12 13:49:19.979320: I Parameter n_layers set to 3
2024-02-12 13:49:26.045038: I Epoch 1/200 loss 15681.01214
2024-02-12 13:49:26.045038: I ******************************************
2024-02-12 13:49:32.298261: I Epoch 2/200 loss 1598.62513
2024-02-12 13:49:32.298261: I ******************************************
2024-02-12 13:49:38.690377: I Epoch 3/200 loss 396.89348
2024-02-12 13:49:38.690377: I ******************************************
2024-02-12 13:49:45.139035: I Epoch 4/200 loss 155.41227
2024-02-12 13:49:45.139035: I ******************************************
2024-02-12 13:49:51.547127: I Epoch 5/200 loss 75.36689
2024-02-12 13:49:51.548127: I ******************************************
2024-02-12 13:49:57.744181: I Epoch 6/200 loss 41.10555
2024-02-12 13:49:57.745181: I Analyzed pair: (0.1093, 0.13932): False
2024-02-12 13:49:57.745181: I Analyzed pair: (0.1093, 0.15418): False
2024-02-12 13:49:57.745181: I Analyzed pair: (0.1093, 0.16148): False
2024-02-12 13:49:57.746179: I Analyzed pair: (0.1093, 0.16518): False
2024-02-12 13:49:57.746179: I Analyzed pair: (0.1093, 0.16415): False
2024-02-12 13:49:57.746179: I Check List: [False, False, False, False, False]
2024-02-12 13:50:04.015281: I Epoch 7/200 loss 24.65314
2024-02-12 13:50:04.015281: I Analyzed pair: (0.13932, 0.15418): False
2024-02-12 13:50:04.015281: I Analyzed pair: (0.13932, 0.16148): False
2024-02-12 13:50:04.016281: I Analyzed pair: (0.13932, 0.16518): False
2024-02-12 13:50:04.016281: I Analyzed pair: (0.13932, 0.16415): False
2024-02-12 13:50:04.016281: I Analyzed pair: (0.13932, 0.16189): False
2024-02-12 13:50:04.016281: I Check List: [False, False, False, False, False]
2024-02-12 13:50:10.327466: I Epoch 8/200 loss 16.74278
2024-02-12 13:50:10.327466: I ******************************************
2024-02-12 13:50:10.328466: I Analyzed pair: (0.15418, 0.16148): False
2024-02-12 13:50:10.328466: I Analyzed pair: (0.15418, 0.16518): False
2024-02-12 13:50:10.328466: I Analyzed pair: (0.15418, 0.16415): False
2024-02-12 13:50:10.329466: I Analyzed pair: (0.15418, 0.16189): False
2024-02-12 13:50:10.329466: I Analyzed pair: (0.15418, 0.16752): False
2024-02-12 13:50:10.329466: I Check List: [False, False, False, False, False]
2024-02-12 13:50:16.788628: I Epoch 9/200 loss 11.25891
2024-02-12 13:50:16.789627: I Analyzed pair: (0.16148, 0.16518): False
2024-02-12 13:50:16.789627: I Analyzed pair: (0.16148, 0.16415): False
2024-02-12 13:50:16.789627: I Analyzed pair: (0.16148, 0.16189): False
2024-02-12 13:50:16.790627: I Analyzed pair: (0.16148, 0.16752): False
2024-02-12 13:50:16.790627: I Analyzed pair: (0.16148, 0.16682): False
2024-02-12 13:50:16.790627: I Check List: [False, False, False, False, False]
2024-02-12 13:50:22.821822: I Epoch 10/200 loss 8.42967
2024-02-12 13:50:22.821822: I ******************************************
2024-02-12 13:50:22.822823: I Analyzed pair: (0.16518, 0.16415): True
2024-02-12 13:50:22.822823: I Analyzed pair: (0.16518, 0.16189): True
2024-02-12 13:50:22.822823: I Analyzed pair: (0.16518, 0.16752): False
2024-02-12 13:50:22.823822: I Analyzed pair: (0.16518, 0.16682): False
2024-02-12 13:50:22.823822: I Analyzed pair: (0.16518, 0.1715): False
2024-02-12 13:50:22.823822: I Check List: [True, True, False, False, False]
2024-02-12 13:50:29.052619: I Epoch 11/200 loss 6.39217
2024-02-12 13:50:29.052619: I ******************************************
2024-02-12 13:50:29.053620: I Analyzed pair: (0.16415, 0.16189): True
2024-02-12 13:50:29.053620: I Analyzed pair: (0.16415, 0.16752): False
2024-02-12 13:50:29.053620: I Analyzed pair: (0.16415, 0.16682): False
2024-02-12 13:50:29.053620: I Analyzed pair: (0.16415, 0.1715): False
2024-02-12 13:50:29.054618: I Analyzed pair: (0.16415, 0.17212): False
2024-02-12 13:50:29.054618: I Check List: [True, False, False, False, False]
2024-02-12 13:50:35.579354: I Epoch 12/200 loss 4.93657
2024-02-12 13:50:35.579354: I ******************************************
2024-02-12 13:50:35.580355: I Analyzed pair: (0.16189, 0.16752): False
2024-02-12 13:50:35.580355: I Analyzed pair: (0.16189, 0.16682): False
2024-02-12 13:50:35.580355: I Analyzed pair: (0.16189, 0.1715): False
2024-02-12 13:50:35.580355: I Analyzed pair: (0.16189, 0.17212): False
2024-02-12 13:50:35.581354: I Analyzed pair: (0.16189, 0.17379): False
2024-02-12 13:50:35.581354: I Check List: [False, False, False, False, False]
2024-02-12 13:50:41.486065: I Epoch 13/200 loss 3.93777
2024-02-12 13:50:41.486065: I Analyzed pair: (0.16752, 0.16682): True
2024-02-12 13:50:41.487067: I Analyzed pair: (0.16752, 0.1715): False
2024-02-12 13:50:41.487067: I Analyzed pair: (0.16752, 0.17212): False
2024-02-12 13:50:41.487067: I Analyzed pair: (0.16752, 0.17379): False
2024-02-12 13:50:41.488066: I Analyzed pair: (0.16752, 0.17145): False
2024-02-12 13:50:41.488066: I Check List: [True, False, False, False, False]
2024-02-12 13:50:47.562749: I Epoch 14/200 loss 3.30192
2024-02-12 13:50:47.562749: I ******************************************
2024-02-12 13:50:47.562749: I Analyzed pair: (0.16682, 0.1715): False
2024-02-12 13:50:47.563750: I Analyzed pair: (0.16682, 0.17212): False
2024-02-12 13:50:47.563750: I Analyzed pair: (0.16682, 0.17379): False
2024-02-12 13:50:47.563750: I Analyzed pair: (0.16682, 0.17145): False
2024-02-12 13:50:47.563750: I Analyzed pair: (0.16682, 0.17418): False
2024-02-12 13:50:47.564750: I Check List: [False, False, False, False, False]
2024-02-12 13:50:54.057389: I Epoch 15/200 loss 2.59254
2024-02-12 13:50:54.057389: I Analyzed pair: (0.1715, 0.17212): False
2024-02-12 13:50:54.058389: I Analyzed pair: (0.1715, 0.17379): False
2024-02-12 13:50:54.058389: I Analyzed pair: (0.1715, 0.17145): True
2024-02-12 13:50:54.058389: I Analyzed pair: (0.1715, 0.17418): False
2024-02-12 13:50:54.059390: I Analyzed pair: (0.1715, 0.16804): True
2024-02-12 13:50:54.059390: I Check List: [False, False, True, False, True]
2024-02-12 13:51:00.147012: I Epoch 16/200 loss 2.19482
2024-02-12 13:51:00.148013: I Analyzed pair: (0.17212, 0.17379): False
2024-02-12 13:51:00.148013: I Analyzed pair: (0.17212, 0.17145): True
2024-02-12 13:51:00.148013: I Analyzed pair: (0.17212, 0.17418): False
2024-02-12 13:51:00.148013: I Analyzed pair: (0.17212, 0.16804): True
2024-02-12 13:51:00.149014: I Analyzed pair: (0.17212, 0.17141): True
2024-02-12 13:51:00.149014: I Check List: [False, True, False, True, True]
2024-02-12 13:51:06.075711: I Epoch 17/200 loss 1.74943
2024-02-12 13:51:06.076710: I Analyzed pair: (0.17379, 0.17145): True
2024-02-12 13:51:06.076710: I Analyzed pair: (0.17379, 0.17418): False
2024-02-12 13:51:06.077709: I Analyzed pair: (0.17379, 0.16804): True
2024-02-12 13:51:06.077709: I Analyzed pair: (0.17379, 0.17141): True
2024-02-12 13:51:06.077709: I Analyzed pair: (0.17379, 0.16867): True
2024-02-12 13:51:06.077709: I Check List: [True, False, True, True, True]
2024-02-12 13:51:12.367414: I Epoch 18/200 loss 1.44449
2024-02-12 13:51:12.368413: I Analyzed pair: (0.17145, 0.17418): False
2024-02-12 13:51:12.368413: I Analyzed pair: (0.17145, 0.16804): True
2024-02-12 13:51:12.368413: I Analyzed pair: (0.17145, 0.17141): True
2024-02-12 13:51:12.368413: I Analyzed pair: (0.17145, 0.16867): True
2024-02-12 13:51:12.369412: I Analyzed pair: (0.17145, 0.17298): False
2024-02-12 13:51:12.369412: I Check List: [False, True, True, True, False]
2024-02-12 13:51:18.380582: I Epoch 19/200 loss 1.24246
2024-02-12 13:51:18.381584: I Analyzed pair: (0.17418, 0.16804): True
2024-02-12 13:51:18.381584: I Analyzed pair: (0.17418, 0.17141): True
2024-02-12 13:51:18.381584: I Analyzed pair: (0.17418, 0.16867): True
2024-02-12 13:51:18.382583: I Analyzed pair: (0.17418, 0.17298): True
2024-02-12 13:51:18.382583: I Analyzed pair: (0.17418, 0.17275): True
2024-02-12 13:51:18.382583: I Check List: [True, True, True, True, True]
2024-02-12 13:51:18.382583: I Met Early Stopping conditions: logger: <Logger EarlyStopping (DEBUG)>, validation_metric: nDCGRendle2020, validation_k: 10, cutoffs: [10], simple_metrics: ['nDCGRendle2020'], monitor: nDCGRendle2020@10, patience: 5, mode: max, metric_k: 10, metric: nDCGRendle2020, verbose: True, active: True
