2024-02-21 19:13:41.113029: I Loading parameters
2024-02-21 19:13:41.113029: I Parameter factors set to 512
2024-02-21 19:13:41.114029: I Parameter lr set to 0.002411993489896946
2024-02-21 19:13:41.114029: I Parameter l_w set to 0.003023263429458794
2024-02-21 19:13:42.292153: I Epoch 1/200 loss 98.25244
2024-02-21 19:13:42.292656: I ******************************************
2024-02-21 19:13:43.207015: I Epoch 2/200 loss 17.52779
2024-02-21 19:13:43.207015: I ******************************************
2024-02-21 19:13:44.253990: I Epoch 3/200 loss 4.59654
2024-02-21 19:13:44.254994: I ******************************************
2024-02-21 19:13:45.187287: I Epoch 4/200 loss 1.59545
2024-02-21 19:13:45.188286: I ******************************************
2024-02-21 19:13:46.176860: I Epoch 5/200 loss 0.69011
2024-02-21 19:13:46.177861: I ******************************************
2024-02-21 19:13:47.127849: I Epoch 6/200 loss 0.37533
2024-02-21 19:13:47.128848: I ******************************************
2024-02-21 19:13:47.129845: I Analyzed pair: (0.01833, 0.05513): False
2024-02-21 19:13:47.129845: I Analyzed pair: (0.01833, 0.06152): False
2024-02-21 19:13:47.129845: I Analyzed pair: (0.01833, 0.06808): False
2024-02-21 19:13:47.129845: I Analyzed pair: (0.01833, 0.0688): False
2024-02-21 19:13:47.130844: I Analyzed pair: (0.01833, 0.07133): False
2024-02-21 19:13:47.130844: I Check List: [False, False, False, False, False]
2024-02-21 19:13:48.106382: I Epoch 7/200 loss 0.24103
2024-02-21 19:13:48.106382: I Analyzed pair: (0.05513, 0.06152): False
2024-02-21 19:13:48.107384: I Analyzed pair: (0.05513, 0.06808): False
2024-02-21 19:13:48.107384: I Analyzed pair: (0.05513, 0.0688): False
2024-02-21 19:13:48.107384: I Analyzed pair: (0.05513, 0.07133): False
2024-02-21 19:13:48.108383: I Analyzed pair: (0.05513, 0.06956): False
2024-02-21 19:13:48.108383: I Check List: [False, False, False, False, False]
2024-02-21 19:13:49.012631: I Epoch 8/200 loss 0.16304
2024-02-21 19:13:49.014642: I Analyzed pair: (0.06152, 0.06808): False
2024-02-21 19:13:49.014642: I Analyzed pair: (0.06152, 0.0688): False
2024-02-21 19:13:49.014642: I Analyzed pair: (0.06152, 0.07133): False
2024-02-21 19:13:49.015642: I Analyzed pair: (0.06152, 0.06956): False
2024-02-21 19:13:49.015642: I Analyzed pair: (0.06152, 0.0695): False
2024-02-21 19:13:49.015642: I Check List: [False, False, False, False, False]
2024-02-21 19:13:49.920905: I Epoch 9/200 loss 0.12162
2024-02-21 19:13:49.920905: I Analyzed pair: (0.06808, 0.0688): False
2024-02-21 19:13:49.921905: I Analyzed pair: (0.06808, 0.07133): False
2024-02-21 19:13:49.921905: I Analyzed pair: (0.06808, 0.06956): False
2024-02-21 19:13:49.922408: I Analyzed pair: (0.06808, 0.0695): False
2024-02-21 19:13:49.922408: I Analyzed pair: (0.06808, 0.06782): True
2024-02-21 19:13:49.922408: I Check List: [False, False, False, False, True]
2024-02-21 19:13:50.891860: I Epoch 10/200 loss 0.09345
2024-02-21 19:13:50.891860: I Analyzed pair: (0.0688, 0.07133): False
2024-02-21 19:13:50.892867: I Analyzed pair: (0.0688, 0.06956): False
2024-02-21 19:13:50.892867: I Analyzed pair: (0.0688, 0.0695): False
2024-02-21 19:13:50.893370: I Analyzed pair: (0.0688, 0.06782): True
2024-02-21 19:13:50.893370: I Analyzed pair: (0.0688, 0.06716): True
2024-02-21 19:13:50.893370: I Check List: [False, False, False, True, True]
2024-02-21 19:13:52.158108: I Epoch 11/200 loss 0.07609
2024-02-21 19:13:52.159109: I Analyzed pair: (0.07133, 0.06956): True
2024-02-21 19:13:52.159109: I Analyzed pair: (0.07133, 0.0695): True
2024-02-21 19:13:52.159109: I Analyzed pair: (0.07133, 0.06782): True
2024-02-21 19:13:52.160108: I Analyzed pair: (0.07133, 0.06716): True
2024-02-21 19:13:52.160108: I Analyzed pair: (0.07133, 0.06782): True
2024-02-21 19:13:52.161108: I Check List: [True, True, True, True, True]
2024-02-21 19:13:52.161108: I Met Early Stopping conditions: logger: <Logger EarlyStopping (DEBUG)>, validation_metric: nDCGRendle2020, validation_k: 10, cutoffs: [10], simple_metrics: ['nDCGRendle2020'], monitor: nDCGRendle2020@10, patience: 5, mode: max, metric_k: 10, metric: nDCGRendle2020, verbose: True, active: True
