2024-02-22 13:45:29.966236: I Loading parameters
2024-02-22 13:45:29.967236: I Parameter factors set to 512
2024-02-22 13:45:29.967236: I Parameter lr set to 0.002411993489896946
2024-02-22 13:45:29.968237: I Parameter l_w set to 0.003023263429458794
2024-02-22 13:45:31.099905: I Epoch 1/200 loss 98.25244
2024-02-22 13:45:31.099905: I ******************************************
2024-02-22 13:45:31.976558: I Epoch 2/200 loss 17.52779
2024-02-22 13:45:31.977559: I ******************************************
2024-02-22 13:45:32.978703: I Epoch 3/200 loss 4.59654
2024-02-22 13:45:32.979703: I ******************************************
2024-02-22 13:45:33.844342: I Epoch 4/200 loss 1.59545
2024-02-22 13:45:33.844342: I ******************************************
2024-02-22 13:45:34.705467: I Epoch 5/200 loss 0.69011
2024-02-22 13:45:34.706467: I ******************************************
2024-02-22 13:45:35.592110: I Epoch 6/200 loss 0.37533
2024-02-22 13:45:35.592110: I ******************************************
2024-02-22 13:45:35.593111: I Analyzed pair: (0.01833, 0.05513): False
2024-02-22 13:45:35.593111: I Analyzed pair: (0.01833, 0.06152): False
2024-02-22 13:45:35.593111: I Analyzed pair: (0.01833, 0.06808): False
2024-02-22 13:45:35.594110: I Analyzed pair: (0.01833, 0.0688): False
2024-02-22 13:45:35.594110: I Analyzed pair: (0.01833, 0.07133): False
2024-02-22 13:45:35.594110: I Check List: [False, False, False, False, False]
