2024-02-21 16:52:41.665866: I Loading parameters
2024-02-21 16:52:41.665866: I Parameter factors set to 512
2024-02-21 16:52:41.665866: I Parameter lr set to 0.002411993489896946
2024-02-21 16:52:41.665866: I Parameter l_w set to 0.003023263429458794
2024-02-21 16:52:42.852925: I Epoch 1/200 loss 98.25244
2024-02-21 16:52:42.854102: I ******************************************
2024-02-21 16:52:43.759763: I Epoch 2/200 loss 17.52779
2024-02-21 16:52:43.759964: I ******************************************
2024-02-21 16:52:44.853865: I Epoch 3/200 loss 4.59654
2024-02-21 16:52:44.854903: I ******************************************
2024-02-21 16:52:45.846974: I Epoch 4/200 loss 1.59545
2024-02-21 16:52:45.847973: I ******************************************
2024-02-21 16:52:46.757984: I Epoch 5/200 loss 0.69011
2024-02-21 16:52:46.763045: I ******************************************
2024-02-21 16:52:47.679273: I Epoch 6/200 loss 0.37533
2024-02-21 16:52:47.681358: I ******************************************
2024-02-21 16:52:47.683864: I Analyzed pair: (0.01833, 0.05513): False
2024-02-21 16:52:47.683864: I Analyzed pair: (0.01833, 0.06152): False
2024-02-21 16:52:47.683864: I Analyzed pair: (0.01833, 0.06808): False
2024-02-21 16:52:47.683864: I Analyzed pair: (0.01833, 0.0688): False
2024-02-21 16:52:47.683864: I Analyzed pair: (0.01833, 0.07133): False
2024-02-21 16:52:47.683864: I Check List: [False, False, False, False, False]
2024-02-21 16:52:48.603669: I Epoch 7/200 loss 0.24103
2024-02-21 16:52:48.603669: I Analyzed pair: (0.05513, 0.06152): False
2024-02-21 16:52:48.603669: I Analyzed pair: (0.05513, 0.06808): False
2024-02-21 16:52:48.603669: I Analyzed pair: (0.05513, 0.0688): False
2024-02-21 16:52:48.603669: I Analyzed pair: (0.05513, 0.07133): False
2024-02-21 16:52:48.603669: I Analyzed pair: (0.05513, 0.06956): False
2024-02-21 16:52:48.603669: I Check List: [False, False, False, False, False]
2024-02-21 16:52:49.596327: I Epoch 8/200 loss 0.16304
2024-02-21 16:52:49.597331: I Analyzed pair: (0.06152, 0.06808): False
2024-02-21 16:52:49.597331: I Analyzed pair: (0.06152, 0.0688): False
2024-02-21 16:52:49.597331: I Analyzed pair: (0.06152, 0.07133): False
2024-02-21 16:52:49.597331: I Analyzed pair: (0.06152, 0.06956): False
2024-02-21 16:52:49.598331: I Analyzed pair: (0.06152, 0.0695): False
2024-02-21 16:52:49.598331: I Check List: [False, False, False, False, False]
2024-02-21 16:52:50.550464: I Epoch 9/200 loss 0.12162
2024-02-21 16:52:50.556967: I Analyzed pair: (0.06808, 0.0688): False
2024-02-21 16:52:50.556967: I Analyzed pair: (0.06808, 0.07133): False
2024-02-21 16:52:50.556967: I Analyzed pair: (0.06808, 0.06956): False
2024-02-21 16:52:50.556967: I Analyzed pair: (0.06808, 0.0695): False
2024-02-21 16:52:50.556967: I Analyzed pair: (0.06808, 0.06782): True
2024-02-21 16:52:50.556967: I Check List: [False, False, False, False, True]
2024-02-21 16:52:51.518813: I Epoch 10/200 loss 0.09345
2024-02-21 16:52:51.518813: I Analyzed pair: (0.0688, 0.07133): False
2024-02-21 16:52:51.518813: I Analyzed pair: (0.0688, 0.06956): False
2024-02-21 16:52:51.518813: I Analyzed pair: (0.0688, 0.0695): False
2024-02-21 16:52:51.518813: I Analyzed pair: (0.0688, 0.06782): True
2024-02-21 16:52:51.518813: I Analyzed pair: (0.0688, 0.06716): True
2024-02-21 16:52:51.518813: I Check List: [False, False, False, True, True]
2024-02-21 16:52:52.460516: I Epoch 11/200 loss 0.07609
2024-02-21 16:52:52.460516: I Analyzed pair: (0.07133, 0.06956): True
2024-02-21 16:52:52.460516: I Analyzed pair: (0.07133, 0.0695): True
2024-02-21 16:52:52.464021: I Analyzed pair: (0.07133, 0.06782): True
2024-02-21 16:52:52.464021: I Analyzed pair: (0.07133, 0.06716): True
2024-02-21 16:52:52.464021: I Analyzed pair: (0.07133, 0.06782): True
2024-02-21 16:52:52.464021: I Check List: [True, True, True, True, True]
2024-02-21 16:52:52.464021: I Met Early Stopping conditions: logger: <Logger EarlyStopping (DEBUG)>, validation_metric: nDCGRendle2020, validation_k: 10, cutoffs: [10], simple_metrics: ['nDCGRendle2020'], monitor: nDCGRendle2020@10, patience: 5, mode: max, metric_k: 10, metric: nDCGRendle2020, verbose: True, active: True
