2024-02-12 14:19:53.124740: I Loading parameters
2024-02-12 14:19:53.125740: I Parameter lr set to 0.002411993489896946
2024-02-12 14:19:53.125740: I Parameter factors set to 256
2024-02-12 14:19:53.125740: I Parameter l_w set to 0.003023263429458794
2024-02-12 14:19:53.126741: I Parameter n_layers set to 3
2024-02-12 14:19:59.886452: I Epoch 1/200 loss 15681.01220
2024-02-12 14:19:59.887453: I ******************************************
2024-02-12 14:20:05.839688: I Epoch 2/200 loss 1598.62512
2024-02-12 14:20:05.840688: I ******************************************
2024-02-12 14:20:12.395893: I Epoch 3/200 loss 396.89348
2024-02-12 14:20:12.396897: I ******************************************
2024-02-12 14:20:18.916470: I Epoch 4/200 loss 155.41226
2024-02-12 14:20:18.916470: I ******************************************
2024-02-12 14:20:24.854128: I Epoch 5/200 loss 75.36689
2024-02-12 14:20:24.854128: I ******************************************
2024-02-12 14:20:31.401225: I Epoch 6/200 loss 41.10555
2024-02-12 14:20:31.401225: I Analyzed pair: (0.1093, 0.13932): False
2024-02-12 14:20:31.402228: I Analyzed pair: (0.1093, 0.15418): False
2024-02-12 14:20:31.402228: I Analyzed pair: (0.1093, 0.16148): False
2024-02-12 14:20:31.402228: I Analyzed pair: (0.1093, 0.16518): False
2024-02-12 14:20:31.403227: I Analyzed pair: (0.1093, 0.16415): False
2024-02-12 14:20:31.403227: I Check List: [False, False, False, False, False]
2024-02-12 14:20:37.518929: I Epoch 7/200 loss 24.65314
2024-02-12 14:20:37.519932: I Analyzed pair: (0.13932, 0.15418): False
2024-02-12 14:20:37.519932: I Analyzed pair: (0.13932, 0.16148): False
2024-02-12 14:20:37.519932: I Analyzed pair: (0.13932, 0.16518): False
2024-02-12 14:20:37.520931: I Analyzed pair: (0.13932, 0.16415): False
2024-02-12 14:20:37.520931: I Analyzed pair: (0.13932, 0.16189): False
2024-02-12 14:20:37.520931: I Check List: [False, False, False, False, False]
2024-02-12 14:20:43.608608: I Epoch 8/200 loss 16.74278
2024-02-12 14:20:43.609609: I ******************************************
2024-02-12 14:20:43.609609: I Analyzed pair: (0.15418, 0.16148): False
2024-02-12 14:20:43.609609: I Analyzed pair: (0.15418, 0.16518): False
2024-02-12 14:20:43.610609: I Analyzed pair: (0.15418, 0.16415): False
2024-02-12 14:20:43.610609: I Analyzed pair: (0.15418, 0.16189): False
2024-02-12 14:20:43.610609: I Analyzed pair: (0.15418, 0.16752): False
2024-02-12 14:20:43.610609: I Check List: [False, False, False, False, False]
2024-02-12 14:20:49.540410: I Epoch 9/200 loss 11.25891
2024-02-12 14:20:49.540410: I Analyzed pair: (0.16148, 0.16518): False
2024-02-12 14:20:49.540410: I Analyzed pair: (0.16148, 0.16415): False
2024-02-12 14:20:49.541411: I Analyzed pair: (0.16148, 0.16189): False
2024-02-12 14:20:49.541411: I Analyzed pair: (0.16148, 0.16752): False
2024-02-12 14:20:49.541411: I Analyzed pair: (0.16148, 0.16682): False
2024-02-12 14:20:49.541411: I Check List: [False, False, False, False, False]
2024-02-12 14:20:56.095256: I Epoch 10/200 loss 8.42967
2024-02-12 14:20:56.095256: I ******************************************
2024-02-12 14:20:56.096257: I Analyzed pair: (0.16518, 0.16415): True
2024-02-12 14:20:56.096257: I Analyzed pair: (0.16518, 0.16189): True
2024-02-12 14:20:56.096257: I Analyzed pair: (0.16518, 0.16752): False
2024-02-12 14:20:56.097256: I Analyzed pair: (0.16518, 0.16682): False
2024-02-12 14:20:56.097256: I Analyzed pair: (0.16518, 0.1715): False
2024-02-12 14:20:56.097256: I Check List: [True, True, False, False, False]
2024-02-12 14:21:02.439638: I Epoch 11/200 loss 6.39217
2024-02-12 14:21:02.439638: I ******************************************
2024-02-12 14:21:02.440639: I Analyzed pair: (0.16415, 0.16189): True
2024-02-12 14:21:02.440639: I Analyzed pair: (0.16415, 0.16752): False
2024-02-12 14:21:02.440639: I Analyzed pair: (0.16415, 0.16682): False
2024-02-12 14:21:02.440639: I Analyzed pair: (0.16415, 0.1715): False
2024-02-12 14:21:02.441638: I Analyzed pair: (0.16415, 0.17212): False
2024-02-12 14:21:02.441638: I Check List: [True, False, False, False, False]
2024-02-12 14:21:09.132404: I Epoch 12/200 loss 4.93657
2024-02-12 14:21:09.132404: I ******************************************
2024-02-12 14:21:09.133406: I Analyzed pair: (0.16189, 0.16752): False
2024-02-12 14:21:09.133406: I Analyzed pair: (0.16189, 0.16682): False
2024-02-12 14:21:09.133406: I Analyzed pair: (0.16189, 0.1715): False
2024-02-12 14:21:09.134405: I Analyzed pair: (0.16189, 0.17212): False
2024-02-12 14:21:09.134405: I Analyzed pair: (0.16189, 0.17379): False
2024-02-12 14:21:09.134405: I Check List: [False, False, False, False, False]
2024-02-12 14:21:15.747798: I Epoch 13/200 loss 3.93777
2024-02-12 14:21:15.747798: I Analyzed pair: (0.16752, 0.16682): True
2024-02-12 14:21:15.748798: I Analyzed pair: (0.16752, 0.1715): False
2024-02-12 14:21:15.748798: I Analyzed pair: (0.16752, 0.17212): False
2024-02-12 14:21:15.748798: I Analyzed pair: (0.16752, 0.17379): False
2024-02-12 14:21:15.748798: I Analyzed pair: (0.16752, 0.17145): False
2024-02-12 14:21:15.749797: I Check List: [True, False, False, False, False]
2024-02-12 14:21:22.155967: I Epoch 14/200 loss 3.30192
2024-02-12 14:21:22.155967: I ******************************************
2024-02-12 14:21:22.156967: I Analyzed pair: (0.16682, 0.1715): False
2024-02-12 14:21:22.156967: I Analyzed pair: (0.16682, 0.17212): False
2024-02-12 14:21:22.156967: I Analyzed pair: (0.16682, 0.17379): False
2024-02-12 14:21:22.156967: I Analyzed pair: (0.16682, 0.17145): False
2024-02-12 14:21:22.157966: I Analyzed pair: (0.16682, 0.17418): False
2024-02-12 14:21:22.157966: I Check List: [False, False, False, False, False]
2024-02-12 14:21:28.032609: I Epoch 15/200 loss 2.59254
2024-02-12 14:21:28.033610: I Analyzed pair: (0.1715, 0.17212): False
2024-02-12 14:21:28.033610: I Analyzed pair: (0.1715, 0.17379): False
2024-02-12 14:21:28.033610: I Analyzed pair: (0.1715, 0.17145): True
2024-02-12 14:21:28.033610: I Analyzed pair: (0.1715, 0.17418): False
2024-02-12 14:21:28.034609: I Analyzed pair: (0.1715, 0.16804): True
2024-02-12 14:21:28.034609: I Check List: [False, False, True, False, True]
2024-02-12 14:21:33.986199: I Epoch 16/200 loss 2.19482
2024-02-12 14:21:33.987201: I Analyzed pair: (0.17212, 0.17379): False
2024-02-12 14:21:33.987201: I Analyzed pair: (0.17212, 0.17145): True
2024-02-12 14:21:33.987201: I Analyzed pair: (0.17212, 0.17418): False
2024-02-12 14:21:33.987201: I Analyzed pair: (0.17212, 0.16804): True
2024-02-12 14:21:33.988198: I Analyzed pair: (0.17212, 0.17141): True
2024-02-12 14:21:33.988198: I Check List: [False, True, False, True, True]
2024-02-12 14:21:40.471830: I Epoch 17/200 loss 1.74943
2024-02-12 14:21:40.471830: I Analyzed pair: (0.17379, 0.17145): True
2024-02-12 14:21:40.471830: I Analyzed pair: (0.17379, 0.17418): False
2024-02-12 14:21:40.472830: I Analyzed pair: (0.17379, 0.16804): True
2024-02-12 14:21:40.472830: I Analyzed pair: (0.17379, 0.17141): True
2024-02-12 14:21:40.472830: I Analyzed pair: (0.17379, 0.16867): True
2024-02-12 14:21:40.472830: I Check List: [True, False, True, True, True]
2024-02-12 14:21:46.580455: I Epoch 18/200 loss 1.44449
2024-02-12 14:21:46.580455: I Analyzed pair: (0.17145, 0.17418): False
2024-02-12 14:21:46.581455: I Analyzed pair: (0.17145, 0.16804): True
2024-02-12 14:21:46.581455: I Analyzed pair: (0.17145, 0.17141): True
2024-02-12 14:21:46.581455: I Analyzed pair: (0.17145, 0.16867): True
2024-02-12 14:21:46.581455: I Analyzed pair: (0.17145, 0.17298): False
2024-02-12 14:21:46.582456: I Check List: [False, True, True, True, False]
2024-02-12 14:21:52.702107: I Epoch 19/200 loss 1.24246
2024-02-12 14:21:52.702107: I Analyzed pair: (0.17418, 0.16804): True
2024-02-12 14:21:52.703102: I Analyzed pair: (0.17418, 0.17141): True
2024-02-12 14:21:52.703102: I Analyzed pair: (0.17418, 0.16867): True
2024-02-12 14:21:52.703102: I Analyzed pair: (0.17418, 0.17298): True
2024-02-12 14:21:52.704101: I Analyzed pair: (0.17418, 0.17275): True
2024-02-12 14:21:52.704101: I Check List: [True, True, True, True, True]
2024-02-12 14:21:52.704101: I Met Early Stopping conditions: logger: <Logger EarlyStopping (DEBUG)>, validation_metric: nDCGRendle2020, validation_k: 10, cutoffs: [10], simple_metrics: ['nDCGRendle2020'], monitor: nDCGRendle2020@10, patience: 5, mode: max, metric_k: 10, metric: nDCGRendle2020, verbose: True, active: True
