2024-02-22 13:55:33.671254: I Loading parameters
2024-02-22 13:55:33.671254: I Parameter factors set to 512
2024-02-22 13:55:33.672253: I Parameter lr set to 0.00024828109391337706
2024-02-22 13:55:33.672253: I Parameter l_w set to 0.041968799109630556
2024-02-22 13:55:34.825414: I Epoch 1/200 loss 112.41590
2024-02-22 13:55:34.825414: I ******************************************
2024-02-22 13:55:35.721053: I Epoch 2/200 loss 27.60174
2024-02-22 13:55:35.722050: I ******************************************
2024-02-22 13:55:36.781195: I Epoch 3/200 loss 12.05746
2024-02-22 13:55:36.783196: I ******************************************
2024-02-22 13:55:37.612832: I Epoch 4/200 loss 6.67629
2024-02-22 13:55:37.612832: I ******************************************
2024-02-22 13:55:38.460941: I Epoch 5/200 loss 4.20475
2024-02-22 13:55:38.460941: I ******************************************
2024-02-22 13:55:39.322563: I Epoch 6/200 loss 2.87286
2024-02-22 13:55:39.323564: I ******************************************
2024-02-22 13:55:39.323564: I Analyzed pair: (0.00374, 0.00378): False
2024-02-22 13:55:39.324564: I Analyzed pair: (0.00374, 0.00428): False
2024-02-22 13:55:39.324564: I Analyzed pair: (0.00374, 0.00474): False
2024-02-22 13:55:39.324564: I Analyzed pair: (0.00374, 0.00593): False
2024-02-22 13:55:39.324564: I Analyzed pair: (0.00374, 0.00778): False
2024-02-22 13:55:39.325564: I Check List: [False, False, False, False, False]
2024-02-22 13:55:40.178681: I Epoch 7/200 loss 2.07957
2024-02-22 13:55:40.179681: I ******************************************
2024-02-22 13:55:40.179681: I Analyzed pair: (0.00378, 0.00428): False
2024-02-22 13:55:40.179681: I Analyzed pair: (0.00378, 0.00474): False
2024-02-22 13:55:40.180682: I Analyzed pair: (0.00378, 0.00593): False
2024-02-22 13:55:40.180682: I Analyzed pair: (0.00378, 0.00778): False
2024-02-22 13:55:40.180682: I Analyzed pair: (0.00378, 0.01242): False
2024-02-22 13:55:40.180682: I Check List: [False, False, False, False, False]
2024-02-22 13:55:41.042303: I Epoch 8/200 loss 1.56319
2024-02-22 13:55:41.043304: I ******************************************
2024-02-22 13:55:41.043304: I Analyzed pair: (0.00428, 0.00474): False
2024-02-22 13:55:41.043304: I Analyzed pair: (0.00428, 0.00593): False
2024-02-22 13:55:41.043304: I Analyzed pair: (0.00428, 0.00778): False
2024-02-22 13:55:41.044303: I Analyzed pair: (0.00428, 0.01242): False
2024-02-22 13:55:41.044303: I Analyzed pair: (0.00428, 0.01879): False
2024-02-22 13:55:41.044303: I Check List: [False, False, False, False, False]
2024-02-22 13:55:41.905410: I Epoch 9/200 loss 1.21233
2024-02-22 13:55:41.905913: I ******************************************
2024-02-22 13:55:41.905913: I Analyzed pair: (0.00474, 0.00593): False
2024-02-22 13:55:41.906918: I Analyzed pair: (0.00474, 0.00778): False
2024-02-22 13:55:41.906918: I Analyzed pair: (0.00474, 0.01242): False
2024-02-22 13:55:41.906918: I Analyzed pair: (0.00474, 0.01879): False
2024-02-22 13:55:41.906918: I Analyzed pair: (0.00474, 0.02739): False
2024-02-22 13:55:41.906918: I Check List: [False, False, False, False, False]
2024-02-22 13:55:42.786031: I Epoch 10/200 loss 0.96282
2024-02-22 13:55:42.787030: I ******************************************
2024-02-22 13:55:42.787030: I Analyzed pair: (0.00593, 0.00778): False
2024-02-22 13:55:42.787030: I Analyzed pair: (0.00593, 0.01242): False
2024-02-22 13:55:42.788030: I Analyzed pair: (0.00593, 0.01879): False
2024-02-22 13:55:42.788030: I Analyzed pair: (0.00593, 0.02739): False
2024-02-22 13:55:42.788030: I Analyzed pair: (0.00593, 0.03774): False
2024-02-22 13:55:42.788030: I Check List: [False, False, False, False, False]
2024-02-22 13:55:43.667645: I Epoch 11/200 loss 0.77925
2024-02-22 13:55:43.667645: I ******************************************
2024-02-22 13:55:43.668645: I Analyzed pair: (0.00778, 0.01242): False
2024-02-22 13:55:43.668645: I Analyzed pair: (0.00778, 0.01879): False
2024-02-22 13:55:43.669646: I Analyzed pair: (0.00778, 0.02739): False
2024-02-22 13:55:43.669646: I Analyzed pair: (0.00778, 0.03774): False
2024-02-22 13:55:43.669646: I Analyzed pair: (0.00778, 0.04957): False
2024-02-22 13:55:43.670647: I Check List: [False, False, False, False, False]
2024-02-22 13:55:44.560257: I Epoch 12/200 loss 0.63841
2024-02-22 13:55:44.561258: I ******************************************
2024-02-22 13:55:44.561258: I Analyzed pair: (0.01242, 0.01879): False
2024-02-22 13:55:44.562259: I Analyzed pair: (0.01242, 0.02739): False
2024-02-22 13:55:44.562259: I Analyzed pair: (0.01242, 0.03774): False
2024-02-22 13:55:44.562259: I Analyzed pair: (0.01242, 0.04957): False
2024-02-22 13:55:44.562259: I Analyzed pair: (0.01242, 0.05623): False
2024-02-22 13:55:44.563258: I Check List: [False, False, False, False, False]
2024-02-22 13:55:45.441878: I Epoch 13/200 loss 0.52926
2024-02-22 13:55:45.441878: I ******************************************
2024-02-22 13:55:45.442878: I Analyzed pair: (0.01879, 0.02739): False
2024-02-22 13:55:45.442878: I Analyzed pair: (0.01879, 0.03774): False
2024-02-22 13:55:45.442878: I Analyzed pair: (0.01879, 0.04957): False
2024-02-22 13:55:45.443878: I Analyzed pair: (0.01879, 0.05623): False
2024-02-22 13:55:45.443878: I Analyzed pair: (0.01879, 0.06272): False
2024-02-22 13:55:45.443878: I Check List: [False, False, False, False, False]
2024-02-22 13:55:46.336486: I Epoch 14/200 loss 0.44190
2024-02-22 13:55:46.337491: I ******************************************
2024-02-22 13:55:46.337491: I Analyzed pair: (0.02739, 0.03774): False
2024-02-22 13:55:46.337491: I Analyzed pair: (0.02739, 0.04957): False
2024-02-22 13:55:46.338487: I Analyzed pair: (0.02739, 0.05623): False
2024-02-22 13:55:46.338487: I Analyzed pair: (0.02739, 0.06272): False
2024-02-22 13:55:46.338487: I Analyzed pair: (0.02739, 0.06663): False
2024-02-22 13:55:46.339485: I Check List: [False, False, False, False, False]
2024-02-22 13:55:47.264096: I Epoch 15/200 loss 0.37526
2024-02-22 13:55:47.265097: I ******************************************
2024-02-22 13:55:47.265097: I Analyzed pair: (0.03774, 0.04957): False
2024-02-22 13:55:47.265097: I Analyzed pair: (0.03774, 0.05623): False
2024-02-22 13:55:47.266098: I Analyzed pair: (0.03774, 0.06272): False
2024-02-22 13:55:47.266098: I Analyzed pair: (0.03774, 0.06663): False
2024-02-22 13:55:47.266098: I Analyzed pair: (0.03774, 0.0692): False
2024-02-22 13:55:47.266098: I Check List: [False, False, False, False, False]
2024-02-22 13:55:48.175700: I Epoch 16/200 loss 0.31969
2024-02-22 13:55:48.175700: I ******************************************
2024-02-22 13:55:48.176700: I Analyzed pair: (0.04957, 0.05623): False
2024-02-22 13:55:48.176700: I Analyzed pair: (0.04957, 0.06272): False
2024-02-22 13:55:48.176700: I Analyzed pair: (0.04957, 0.06663): False
2024-02-22 13:55:48.176700: I Analyzed pair: (0.04957, 0.0692): False
2024-02-22 13:55:48.177700: I Analyzed pair: (0.04957, 0.07233): False
2024-02-22 13:55:48.177700: I Check List: [False, False, False, False, False]
2024-02-22 13:55:49.101315: I Epoch 17/200 loss 0.27497
2024-02-22 13:55:49.101315: I ******************************************
2024-02-22 13:55:49.102317: I Analyzed pair: (0.05623, 0.06272): False
2024-02-22 13:55:49.102317: I Analyzed pair: (0.05623, 0.06663): False
2024-02-22 13:55:49.103318: I Analyzed pair: (0.05623, 0.0692): False
2024-02-22 13:55:49.103318: I Analyzed pair: (0.05623, 0.07233): False
2024-02-22 13:55:49.104317: I Analyzed pair: (0.05623, 0.07555): False
2024-02-22 13:55:49.104317: I Check List: [False, False, False, False, False]
2024-02-22 13:55:50.010426: I Epoch 18/200 loss 0.23763
2024-02-22 13:55:50.010426: I ******************************************
2024-02-22 13:55:50.011426: I Analyzed pair: (0.06272, 0.06663): False
2024-02-22 13:55:50.011426: I Analyzed pair: (0.06272, 0.0692): False
2024-02-22 13:55:50.011426: I Analyzed pair: (0.06272, 0.07233): False
2024-02-22 13:55:50.012426: I Analyzed pair: (0.06272, 0.07555): False
2024-02-22 13:55:50.012426: I Analyzed pair: (0.06272, 0.07754): False
2024-02-22 13:55:50.012426: I Check List: [False, False, False, False, False]
2024-02-22 13:55:50.922024: I Epoch 19/200 loss 0.20745
2024-02-22 13:55:50.922024: I ******************************************
2024-02-22 13:55:50.923025: I Analyzed pair: (0.06663, 0.0692): False
2024-02-22 13:55:50.923025: I Analyzed pair: (0.06663, 0.07233): False
2024-02-22 13:55:50.924024: I Analyzed pair: (0.06663, 0.07555): False
2024-02-22 13:55:50.924024: I Analyzed pair: (0.06663, 0.07754): False
2024-02-22 13:55:50.924024: I Analyzed pair: (0.06663, 0.07923): False
2024-02-22 13:55:50.924024: I Check List: [False, False, False, False, False]
2024-02-22 13:55:51.827632: I Epoch 20/200 loss 0.18319
2024-02-22 13:55:51.828632: I Analyzed pair: (0.0692, 0.07233): False
2024-02-22 13:55:51.828632: I Analyzed pair: (0.0692, 0.07555): False
2024-02-22 13:55:51.828632: I Analyzed pair: (0.0692, 0.07754): False
2024-02-22 13:55:51.828632: I Analyzed pair: (0.0692, 0.07923): False
2024-02-22 13:55:51.829632: I Analyzed pair: (0.0692, 0.07876): False
2024-02-22 13:55:51.829632: I Check List: [False, False, False, False, False]
2024-02-22 13:55:52.742230: I Epoch 21/200 loss 0.16051
2024-02-22 13:55:52.743229: I ******************************************
2024-02-22 13:55:52.743229: I Analyzed pair: (0.07233, 0.07555): False
2024-02-22 13:55:52.744230: I Analyzed pair: (0.07233, 0.07754): False
2024-02-22 13:55:52.744230: I Analyzed pair: (0.07233, 0.07923): False
2024-02-22 13:55:52.744230: I Analyzed pair: (0.07233, 0.07876): False
2024-02-22 13:55:52.744230: I Analyzed pair: (0.07233, 0.07972): False
2024-02-22 13:55:52.745230: I Check List: [False, False, False, False, False]
2024-02-22 13:55:53.692843: I Epoch 22/200 loss 0.14289
2024-02-22 13:55:53.693843: I ******************************************
2024-02-22 13:55:53.693843: I Analyzed pair: (0.07555, 0.07754): False
2024-02-22 13:55:53.693843: I Analyzed pair: (0.07555, 0.07923): False
2024-02-22 13:55:53.694843: I Analyzed pair: (0.07555, 0.07876): False
2024-02-22 13:55:53.694843: I Analyzed pair: (0.07555, 0.07972): False
2024-02-22 13:55:53.694843: I Analyzed pair: (0.07555, 0.0803): False
2024-02-22 13:55:53.694843: I Check List: [False, False, False, False, False]
2024-02-22 13:55:54.611953: I Epoch 23/200 loss 0.12800
2024-02-22 13:55:54.611953: I ******************************************
2024-02-22 13:55:54.612955: I Analyzed pair: (0.07754, 0.07923): False
2024-02-22 13:55:54.612955: I Analyzed pair: (0.07754, 0.07876): False
2024-02-22 13:55:54.612955: I Analyzed pair: (0.07754, 0.07972): False
2024-02-22 13:55:54.612955: I Analyzed pair: (0.07754, 0.0803): False
2024-02-22 13:55:54.613954: I Analyzed pair: (0.07754, 0.08065): False
2024-02-22 13:55:54.613954: I Check List: [False, False, False, False, False]
2024-02-22 13:55:55.523561: I Epoch 24/200 loss 0.11474
2024-02-22 13:55:55.524561: I Analyzed pair: (0.07923, 0.07876): True
2024-02-22 13:55:55.524561: I Analyzed pair: (0.07923, 0.07972): False
2024-02-22 13:55:55.524561: I Analyzed pair: (0.07923, 0.0803): False
2024-02-22 13:55:55.524561: I Analyzed pair: (0.07923, 0.08065): False
2024-02-22 13:55:55.525561: I Analyzed pair: (0.07923, 0.07945): False
2024-02-22 13:55:55.525561: I Check List: [True, False, False, False, False]
2024-02-22 13:55:56.430157: I Epoch 25/200 loss 0.10414
2024-02-22 13:55:56.430157: I ******************************************
2024-02-22 13:55:56.431158: I Analyzed pair: (0.07876, 0.07972): False
2024-02-22 13:55:56.431158: I Analyzed pair: (0.07876, 0.0803): False
2024-02-22 13:55:56.431158: I Analyzed pair: (0.07876, 0.08065): False
2024-02-22 13:55:56.431158: I Analyzed pair: (0.07876, 0.07945): False
2024-02-22 13:55:56.432157: I Analyzed pair: (0.07876, 0.08184): False
2024-02-22 13:55:56.432157: I Check List: [False, False, False, False, False]
2024-02-22 13:55:57.340751: I Epoch 26/200 loss 0.09395
2024-02-22 13:55:57.341752: I ******************************************
2024-02-22 13:55:57.341752: I Analyzed pair: (0.07972, 0.0803): False
2024-02-22 13:55:57.342752: I Analyzed pair: (0.07972, 0.08065): False
2024-02-22 13:55:57.342752: I Analyzed pair: (0.07972, 0.07945): True
2024-02-22 13:55:57.342752: I Analyzed pair: (0.07972, 0.08184): False
2024-02-22 13:55:57.342752: I Analyzed pair: (0.07972, 0.08209): False
2024-02-22 13:55:57.342752: I Check List: [False, False, True, False, False]
2024-02-22 13:55:58.260357: I Epoch 27/200 loss 0.08544
2024-02-22 13:55:58.261357: I Analyzed pair: (0.0803, 0.08065): False
2024-02-22 13:55:58.261357: I Analyzed pair: (0.0803, 0.07945): True
2024-02-22 13:55:58.261357: I Analyzed pair: (0.0803, 0.08184): False
2024-02-22 13:55:58.261357: I Analyzed pair: (0.0803, 0.08209): False
2024-02-22 13:55:58.262357: I Analyzed pair: (0.0803, 0.08174): False
2024-02-22 13:55:58.262357: I Check List: [False, True, False, False, False]
2024-02-22 13:55:59.161959: I Epoch 28/200 loss 0.07870
2024-02-22 13:55:59.162961: I Analyzed pair: (0.08065, 0.07945): True
2024-02-22 13:55:59.162961: I Analyzed pair: (0.08065, 0.08184): False
2024-02-22 13:55:59.162961: I Analyzed pair: (0.08065, 0.08209): False
2024-02-22 13:55:59.162961: I Analyzed pair: (0.08065, 0.08174): False
2024-02-22 13:55:59.163961: I Analyzed pair: (0.08065, 0.08204): False
2024-02-22 13:55:59.163961: I Check List: [True, False, False, False, False]
2024-02-22 13:56:00.080574: I Epoch 29/200 loss 0.07211
2024-02-22 13:56:00.080574: I Analyzed pair: (0.07945, 0.08184): False
2024-02-22 13:56:00.081574: I Analyzed pair: (0.07945, 0.08209): False
2024-02-22 13:56:00.081574: I Analyzed pair: (0.07945, 0.08174): False
2024-02-22 13:56:00.081574: I Analyzed pair: (0.07945, 0.08204): False
2024-02-22 13:56:00.081574: I Analyzed pair: (0.07945, 0.08059): False
2024-02-22 13:56:00.082574: I Check List: [False, False, False, False, False]
2024-02-22 13:56:01.003188: I Epoch 30/200 loss 0.06650
2024-02-22 13:56:01.004188: I Analyzed pair: (0.08184, 0.08209): False
2024-02-22 13:56:01.004188: I Analyzed pair: (0.08184, 0.08174): True
2024-02-22 13:56:01.004188: I Analyzed pair: (0.08184, 0.08204): False
2024-02-22 13:56:01.004188: I Analyzed pair: (0.08184, 0.08059): True
2024-02-22 13:56:01.005187: I Analyzed pair: (0.08184, 0.08074): True
2024-02-22 13:56:01.005187: I Check List: [False, True, False, True, True]
2024-02-22 13:56:01.920301: I Epoch 31/200 loss 0.06184
2024-02-22 13:56:01.921301: I Analyzed pair: (0.08209, 0.08174): True
2024-02-22 13:56:01.921301: I Analyzed pair: (0.08209, 0.08204): True
2024-02-22 13:56:01.922301: I Analyzed pair: (0.08209, 0.08059): True
2024-02-22 13:56:01.922301: I Analyzed pair: (0.08209, 0.08074): True
2024-02-22 13:56:01.922301: I Analyzed pair: (0.08209, 0.07965): True
2024-02-22 13:56:01.922301: I Check List: [True, True, True, True, True]
2024-02-22 13:56:01.923301: I Met Early Stopping conditions: logger: <Logger EarlyStopping (DEBUG)>, validation_metric: nDCGRendle2020, validation_k: 10, cutoffs: [10], simple_metrics: ['nDCGRendle2020'], monitor: nDCGRendle2020@10, patience: 5, mode: max, metric_k: 10, metric: nDCGRendle2020, verbose: True, active: True
