2024-02-12 13:42:15.600416: I Loading parameters
2024-02-12 13:42:15.601418: I Parameter lr set to 0.002411993489896946
2024-02-12 13:42:15.601418: I Parameter factors set to 256
2024-02-12 13:42:15.601418: I Parameter l_w set to 0.003023263429458794
2024-02-12 13:42:15.602418: I Parameter n_layers set to 3
2024-02-12 13:42:21.997716: I Epoch 1/200 loss 15681.01210
2024-02-12 13:42:21.997716: I ******************************************
2024-02-12 13:42:28.661124: I Epoch 2/200 loss 1598.62514
2024-02-12 13:42:28.662126: I ******************************************
2024-02-12 13:42:35.154793: I Epoch 3/200 loss 396.89348
2024-02-12 13:42:35.154793: I ******************************************
2024-02-12 13:42:41.414493: I Epoch 4/200 loss 155.41227
2024-02-12 13:42:41.414493: I ******************************************
2024-02-12 13:42:47.530179: I Epoch 5/200 loss 75.36689
2024-02-12 13:42:47.531179: I ******************************************
2024-02-12 13:42:53.644857: I Epoch 6/200 loss 41.10555
2024-02-12 13:42:53.644857: I Analyzed pair: (0.1093, 0.13932): False
2024-02-12 13:42:53.645856: I Analyzed pair: (0.1093, 0.15418): False
2024-02-12 13:42:53.645856: I Analyzed pair: (0.1093, 0.16148): False
2024-02-12 13:42:53.645856: I Analyzed pair: (0.1093, 0.16518): False
2024-02-12 13:42:53.645856: I Analyzed pair: (0.1093, 0.16415): False
2024-02-12 13:42:53.646855: I Check List: [False, False, False, False, False]
2024-02-12 13:42:59.787003: I Epoch 7/200 loss 24.65314
2024-02-12 13:42:59.788002: I Analyzed pair: (0.13932, 0.15418): False
2024-02-12 13:42:59.788002: I Analyzed pair: (0.13932, 0.16148): False
2024-02-12 13:42:59.788002: I Analyzed pair: (0.13932, 0.16518): False
2024-02-12 13:42:59.788002: I Analyzed pair: (0.13932, 0.16415): False
2024-02-12 13:42:59.788002: I Analyzed pair: (0.13932, 0.16189): False
2024-02-12 13:42:59.789002: I Check List: [False, False, False, False, False]
2024-02-12 13:43:05.817215: I Epoch 8/200 loss 16.74278
2024-02-12 13:43:05.818216: I ******************************************
2024-02-12 13:43:05.818216: I Analyzed pair: (0.15418, 0.16148): False
2024-02-12 13:43:05.818216: I Analyzed pair: (0.15418, 0.16518): False
2024-02-12 13:43:05.818216: I Analyzed pair: (0.15418, 0.16415): False
2024-02-12 13:43:05.819216: I Analyzed pair: (0.15418, 0.16189): False
2024-02-12 13:43:05.819216: I Analyzed pair: (0.15418, 0.16752): False
2024-02-12 13:43:05.819216: I Check List: [False, False, False, False, False]
2024-02-12 13:43:12.282812: I Epoch 9/200 loss 11.25891
2024-02-12 13:43:12.283811: I Analyzed pair: (0.16148, 0.16518): False
2024-02-12 13:43:12.283811: I Analyzed pair: (0.16148, 0.16415): False
2024-02-12 13:43:12.284812: I Analyzed pair: (0.16148, 0.16189): False
2024-02-12 13:43:12.284812: I Analyzed pair: (0.16148, 0.16752): False
2024-02-12 13:43:12.284812: I Analyzed pair: (0.16148, 0.16682): False
2024-02-12 13:43:12.284812: I Check List: [False, False, False, False, False]
2024-02-12 13:43:18.234497: I Epoch 10/200 loss 8.42967
2024-02-12 13:43:18.235499: I ******************************************
2024-02-12 13:43:18.235499: I Analyzed pair: (0.16518, 0.16415): True
2024-02-12 13:43:18.235499: I Analyzed pair: (0.16518, 0.16189): True
2024-02-12 13:43:18.236498: I Analyzed pair: (0.16518, 0.16752): False
2024-02-12 13:43:18.236498: I Analyzed pair: (0.16518, 0.16682): False
2024-02-12 13:43:18.236498: I Analyzed pair: (0.16518, 0.1715): False
2024-02-12 13:43:18.236498: I Check List: [True, True, False, False, False]
2024-02-12 13:43:24.135184: I Epoch 11/200 loss 6.39217
2024-02-12 13:43:24.135184: I ******************************************
2024-02-12 13:43:24.136184: I Analyzed pair: (0.16415, 0.16189): True
2024-02-12 13:43:24.136184: I Analyzed pair: (0.16415, 0.16752): False
2024-02-12 13:43:24.136184: I Analyzed pair: (0.16415, 0.16682): False
2024-02-12 13:43:24.136184: I Analyzed pair: (0.16415, 0.1715): False
2024-02-12 13:43:24.137184: I Analyzed pair: (0.16415, 0.17212): False
2024-02-12 13:43:24.137184: I Check List: [True, False, False, False, False]
2024-02-12 13:43:30.337399: I Epoch 12/200 loss 4.93657
2024-02-12 13:43:30.338400: I ******************************************
2024-02-12 13:43:30.338400: I Analyzed pair: (0.16189, 0.16752): False
2024-02-12 13:43:30.338400: I Analyzed pair: (0.16189, 0.16682): False
2024-02-12 13:43:30.339399: I Analyzed pair: (0.16189, 0.1715): False
2024-02-12 13:43:30.339399: I Analyzed pair: (0.16189, 0.17212): False
2024-02-12 13:43:30.339399: I Analyzed pair: (0.16189, 0.17379): False
2024-02-12 13:43:30.339399: I Check List: [False, False, False, False, False]
2024-02-12 13:43:36.534634: I Epoch 13/200 loss 3.93777
2024-02-12 13:43:36.534634: I Analyzed pair: (0.16752, 0.16682): True
2024-02-12 13:43:36.535634: I Analyzed pair: (0.16752, 0.1715): False
2024-02-12 13:43:36.535634: I Analyzed pair: (0.16752, 0.17212): False
2024-02-12 13:43:36.535634: I Analyzed pair: (0.16752, 0.17379): False
2024-02-12 13:43:36.535634: I Analyzed pair: (0.16752, 0.17145): False
2024-02-12 13:43:36.536633: I Check List: [True, False, False, False, False]
2024-02-12 13:43:42.952962: I Epoch 14/200 loss 3.30192
2024-02-12 13:43:42.952962: I ******************************************
2024-02-12 13:43:42.953962: I Analyzed pair: (0.16682, 0.1715): False
2024-02-12 13:43:42.953962: I Analyzed pair: (0.16682, 0.17212): False
2024-02-12 13:43:42.953962: I Analyzed pair: (0.16682, 0.17379): False
2024-02-12 13:43:42.953962: I Analyzed pair: (0.16682, 0.17145): False
2024-02-12 13:43:42.954962: I Analyzed pair: (0.16682, 0.17418): False
2024-02-12 13:43:42.954962: I Check List: [False, False, False, False, False]
2024-02-12 13:43:49.252757: I Epoch 15/200 loss 2.59254
2024-02-12 13:43:49.253756: I Analyzed pair: (0.1715, 0.17212): False
2024-02-12 13:43:49.253756: I Analyzed pair: (0.1715, 0.17379): False
2024-02-12 13:43:49.253756: I Analyzed pair: (0.1715, 0.17145): True
2024-02-12 13:43:49.254758: I Analyzed pair: (0.1715, 0.17418): False
2024-02-12 13:43:49.254758: I Analyzed pair: (0.1715, 0.16804): True
2024-02-12 13:43:49.254758: I Check List: [False, False, True, False, True]
2024-02-12 13:43:55.193053: I Epoch 16/200 loss 2.19482
2024-02-12 13:43:55.194055: I Analyzed pair: (0.17212, 0.17379): False
2024-02-12 13:43:55.194055: I Analyzed pair: (0.17212, 0.17145): True
2024-02-12 13:43:55.195056: I Analyzed pair: (0.17212, 0.17418): False
2024-02-12 13:43:55.195056: I Analyzed pair: (0.17212, 0.16804): True
2024-02-12 13:43:55.195056: I Analyzed pair: (0.17212, 0.17141): True
2024-02-12 13:43:55.195056: I Check List: [False, True, False, True, True]
2024-02-12 13:44:01.676285: I Epoch 17/200 loss 1.74943
2024-02-12 13:44:01.676285: I Analyzed pair: (0.17379, 0.17145): True
2024-02-12 13:44:01.676285: I Analyzed pair: (0.17379, 0.17418): False
2024-02-12 13:44:01.677287: I Analyzed pair: (0.17379, 0.16804): True
2024-02-12 13:44:01.677287: I Analyzed pair: (0.17379, 0.17141): True
2024-02-12 13:44:01.677287: I Analyzed pair: (0.17379, 0.16867): True
2024-02-12 13:44:01.678287: I Check List: [True, False, True, True, True]
2024-02-12 13:44:07.908001: I Epoch 18/200 loss 1.44449
2024-02-12 13:44:07.909001: I Analyzed pair: (0.17145, 0.17418): False
2024-02-12 13:44:07.909001: I Analyzed pair: (0.17145, 0.16804): True
2024-02-12 13:44:07.909001: I Analyzed pair: (0.17145, 0.17141): True
2024-02-12 13:44:07.909001: I Analyzed pair: (0.17145, 0.16867): True
2024-02-12 13:44:07.910001: I Analyzed pair: (0.17145, 0.17298): False
2024-02-12 13:44:07.910001: I Check List: [False, True, True, True, False]
2024-02-12 13:44:14.098149: I Epoch 19/200 loss 1.24246
2024-02-12 13:44:14.099149: I Analyzed pair: (0.17418, 0.16804): True
2024-02-12 13:44:14.099149: I Analyzed pair: (0.17418, 0.17141): True
2024-02-12 13:44:14.099149: I Analyzed pair: (0.17418, 0.16867): True
2024-02-12 13:44:14.100150: I Analyzed pair: (0.17418, 0.17298): True
2024-02-12 13:44:14.100150: I Analyzed pair: (0.17418, 0.17275): True
2024-02-12 13:44:14.100150: I Check List: [True, True, True, True, True]
2024-02-12 13:44:14.100150: I Met Early Stopping conditions: logger: <Logger EarlyStopping (DEBUG)>, validation_metric: nDCGRendle2020, validation_k: 10, cutoffs: [10], simple_metrics: ['nDCGRendle2020'], monitor: nDCGRendle2020@10, patience: 5, mode: max, metric_k: 10, metric: nDCGRendle2020, verbose: True, active: True
