2024-02-12 12:18:51.023927: I Loading parameters
2024-02-12 12:18:51.024927: I Parameter lr set to 0.002411993489896946
2024-02-12 12:18:51.024927: I Parameter factors set to 256
2024-02-12 12:18:51.024927: I Parameter l_w set to 0.003023263429458794
2024-02-12 12:18:51.025935: I Parameter n_layers set to 3
2024-02-12 12:18:57.384041: I Epoch 1/200 loss 15681.01214
2024-02-12 12:18:57.385044: I ******************************************
2024-02-12 12:19:03.219221: I Epoch 2/200 loss 1598.62512
2024-02-12 12:19:03.220219: I ******************************************
2024-02-12 12:19:09.617376: I Epoch 3/200 loss 396.89347
2024-02-12 12:19:09.618376: I ******************************************
2024-02-12 12:19:15.988485: I Epoch 4/200 loss 155.41226
2024-02-12 12:19:15.988485: I ******************************************
2024-02-12 12:19:22.117076: I Epoch 5/200 loss 75.36689
2024-02-12 12:19:22.117076: I ******************************************
2024-02-12 12:19:28.459111: I Epoch 6/200 loss 41.10555
2024-02-12 12:19:28.459111: I Analyzed pair: (0.1093, 0.13932): False
2024-02-12 12:19:28.459111: I Analyzed pair: (0.1093, 0.15418): False
2024-02-12 12:19:28.460111: I Analyzed pair: (0.1093, 0.16148): False
2024-02-12 12:19:28.460111: I Analyzed pair: (0.1093, 0.16518): False
2024-02-12 12:19:28.460111: I Analyzed pair: (0.1093, 0.16415): False
2024-02-12 12:19:28.461112: I Check List: [False, False, False, False, False]
2024-02-12 12:19:34.679137: I Epoch 7/200 loss 24.65314
2024-02-12 12:19:34.680138: I Analyzed pair: (0.13932, 0.15418): False
2024-02-12 12:19:34.680138: I Analyzed pair: (0.13932, 0.16148): False
2024-02-12 12:19:34.680138: I Analyzed pair: (0.13932, 0.16518): False
2024-02-12 12:19:34.681138: I Analyzed pair: (0.13932, 0.16415): False
2024-02-12 12:19:34.681138: I Analyzed pair: (0.13932, 0.16189): False
2024-02-12 12:19:34.681138: I Check List: [False, False, False, False, False]
2024-02-12 12:19:40.429797: I Epoch 8/200 loss 16.74278
2024-02-12 12:19:40.429797: I ******************************************
2024-02-12 12:19:40.430797: I Analyzed pair: (0.15418, 0.16148): False
2024-02-12 12:19:40.430797: I Analyzed pair: (0.15418, 0.16518): False
2024-02-12 12:19:40.430797: I Analyzed pair: (0.15418, 0.16415): False
2024-02-12 12:19:40.431797: I Analyzed pair: (0.15418, 0.16189): False
2024-02-12 12:19:40.431797: I Analyzed pair: (0.15418, 0.16752): False
2024-02-12 12:19:40.431797: I Check List: [False, False, False, False, False]
2024-02-12 12:19:46.335484: I Epoch 9/200 loss 11.25891
2024-02-12 12:19:46.336488: I Analyzed pair: (0.16148, 0.16518): False
2024-02-12 12:19:46.336488: I Analyzed pair: (0.16148, 0.16415): False
2024-02-12 12:19:46.336488: I Analyzed pair: (0.16148, 0.16189): False
2024-02-12 12:19:46.337488: I Analyzed pair: (0.16148, 0.16752): False
2024-02-12 12:19:46.337488: I Analyzed pair: (0.16148, 0.16682): False
2024-02-12 12:19:46.337488: I Check List: [False, False, False, False, False]
2024-02-12 12:19:52.499741: I Epoch 10/200 loss 8.42967
2024-02-12 12:19:52.499741: I ******************************************
2024-02-12 12:19:52.500743: I Analyzed pair: (0.16518, 0.16415): True
2024-02-12 12:19:52.500743: I Analyzed pair: (0.16518, 0.16189): True
2024-02-12 12:19:52.501744: I Analyzed pair: (0.16518, 0.16752): False
2024-02-12 12:19:52.501744: I Analyzed pair: (0.16518, 0.16682): False
2024-02-12 12:19:52.501744: I Analyzed pair: (0.16518, 0.1715): False
2024-02-12 12:19:52.501744: I Check List: [True, True, False, False, False]
2024-02-12 12:19:58.460968: I Epoch 11/200 loss 6.39217
2024-02-12 12:19:58.461968: I ******************************************
2024-02-12 12:19:58.461968: I Analyzed pair: (0.16415, 0.16189): True
2024-02-12 12:19:58.461968: I Analyzed pair: (0.16415, 0.16752): False
2024-02-12 12:19:58.462969: I Analyzed pair: (0.16415, 0.16682): False
2024-02-12 12:19:58.462969: I Analyzed pair: (0.16415, 0.1715): False
2024-02-12 12:19:58.462969: I Analyzed pair: (0.16415, 0.17212): False
2024-02-12 12:19:58.462969: I Check List: [True, False, False, False, False]
2024-02-12 12:20:04.653696: I Epoch 12/200 loss 4.93657
2024-02-12 12:20:04.653696: I ******************************************
2024-02-12 12:20:04.654696: I Analyzed pair: (0.16189, 0.16752): False
2024-02-12 12:20:04.655200: I Analyzed pair: (0.16189, 0.16682): False
2024-02-12 12:20:04.655200: I Analyzed pair: (0.16189, 0.1715): False
2024-02-12 12:20:04.655200: I Analyzed pair: (0.16189, 0.17212): False
2024-02-12 12:20:04.655200: I Analyzed pair: (0.16189, 0.17379): False
2024-02-12 12:20:04.656203: I Check List: [False, False, False, False, False]
2024-02-12 12:20:10.828900: I Epoch 13/200 loss 3.93777
2024-02-12 12:20:10.828900: I Analyzed pair: (0.16752, 0.16682): True
2024-02-12 12:20:10.828900: I Analyzed pair: (0.16752, 0.1715): False
2024-02-12 12:20:10.829903: I Analyzed pair: (0.16752, 0.17212): False
2024-02-12 12:20:10.829903: I Analyzed pair: (0.16752, 0.17379): False
2024-02-12 12:20:10.829903: I Analyzed pair: (0.16752, 0.17145): False
2024-02-12 12:20:10.829903: I Check List: [True, False, False, False, False]
2024-02-12 12:20:16.702629: I Epoch 14/200 loss 3.30192
2024-02-12 12:20:16.702629: I ******************************************
2024-02-12 12:20:16.702629: I Analyzed pair: (0.16682, 0.1715): False
2024-02-12 12:20:16.703629: I Analyzed pair: (0.16682, 0.17212): False
2024-02-12 12:20:16.703629: I Analyzed pair: (0.16682, 0.17379): False
2024-02-12 12:20:16.703629: I Analyzed pair: (0.16682, 0.17145): False
2024-02-12 12:20:16.704629: I Analyzed pair: (0.16682, 0.17418): False
2024-02-12 12:20:16.704629: I Check List: [False, False, False, False, False]
2024-02-12 12:20:22.482824: I Epoch 15/200 loss 2.59254
2024-02-12 12:20:22.482824: I Analyzed pair: (0.1715, 0.17212): False
2024-02-12 12:20:22.483826: I Analyzed pair: (0.1715, 0.17379): False
2024-02-12 12:20:22.483826: I Analyzed pair: (0.1715, 0.17145): True
2024-02-12 12:20:22.483826: I Analyzed pair: (0.1715, 0.17418): False
2024-02-12 12:20:22.484826: I Analyzed pair: (0.1715, 0.16804): True
2024-02-12 12:20:22.484826: I Check List: [False, False, True, False, True]
2024-02-12 12:20:28.736902: I Epoch 16/200 loss 2.19482
2024-02-12 12:20:28.737902: I Analyzed pair: (0.17212, 0.17379): False
2024-02-12 12:20:28.737902: I Analyzed pair: (0.17212, 0.17145): True
2024-02-12 12:20:28.737902: I Analyzed pair: (0.17212, 0.17418): False
2024-02-12 12:20:28.737902: I Analyzed pair: (0.17212, 0.16804): True
2024-02-12 12:20:28.738902: I Analyzed pair: (0.17212, 0.17141): True
2024-02-12 12:20:28.738902: I Check List: [False, True, False, True, True]
2024-02-12 12:20:35.125969: I Epoch 17/200 loss 1.74943
2024-02-12 12:20:35.126970: I Analyzed pair: (0.17379, 0.17145): True
2024-02-12 12:20:35.126970: I Analyzed pair: (0.17379, 0.17418): False
2024-02-12 12:20:35.126970: I Analyzed pair: (0.17379, 0.16804): True
2024-02-12 12:20:35.127970: I Analyzed pair: (0.17379, 0.17141): True
2024-02-12 12:20:35.127970: I Analyzed pair: (0.17379, 0.16867): True
2024-02-12 12:20:35.127970: I Check List: [True, False, True, True, True]
2024-02-12 12:20:41.355086: I Epoch 18/200 loss 1.44449
2024-02-12 12:20:41.355086: I Analyzed pair: (0.17145, 0.17418): False
2024-02-12 12:20:41.355086: I Analyzed pair: (0.17145, 0.16804): True
2024-02-12 12:20:41.356086: I Analyzed pair: (0.17145, 0.17141): True
2024-02-12 12:20:41.356086: I Analyzed pair: (0.17145, 0.16867): True
2024-02-12 12:20:41.356086: I Analyzed pair: (0.17145, 0.17298): False
2024-02-12 12:20:41.356086: I Check List: [False, True, True, True, False]
2024-02-12 12:20:47.149241: I Epoch 19/200 loss 1.24246
2024-02-12 12:20:47.150242: I Analyzed pair: (0.17418, 0.16804): True
2024-02-12 12:20:47.150242: I Analyzed pair: (0.17418, 0.17141): True
2024-02-12 12:20:47.151243: I Analyzed pair: (0.17418, 0.16867): True
2024-02-12 12:20:47.151243: I Analyzed pair: (0.17418, 0.17298): True
2024-02-12 12:20:47.151243: I Analyzed pair: (0.17418, 0.17275): True
2024-02-12 12:20:47.151243: I Check List: [True, True, True, True, True]
2024-02-12 12:20:47.152242: I Met Early Stopping conditions: logger: <Logger EarlyStopping (DEBUG)>, validation_metric: nDCGRendle2020, validation_k: 10, cutoffs: [10], simple_metrics: ['nDCGRendle2020'], monitor: nDCGRendle2020@10, patience: 5, mode: max, metric_k: 10, metric: nDCGRendle2020, verbose: True, active: True
