2024-02-22 12:04:46.018175: I Loading parameters
2024-02-22 12:04:46.019176: I Parameter factors set to 512
2024-02-22 12:04:46.019176: I Parameter lr set to 0.002411993489896946
2024-02-22 12:04:46.019176: I Parameter l_w set to 0.003023263429458794
2024-02-22 12:04:47.175803: I Epoch 1/200 loss 98.25244
2024-02-22 12:04:47.176803: I ******************************************
2024-02-22 12:04:48.007397: I Epoch 2/200 loss 17.52779
2024-02-22 12:04:48.007397: I ******************************************
2024-02-22 12:04:48.992506: I Epoch 3/200 loss 4.59654
2024-02-22 12:04:48.993506: I ******************************************
2024-02-22 12:04:49.834597: I Epoch 4/200 loss 1.59545
2024-02-22 12:04:49.834597: I ******************************************
2024-02-22 12:04:50.652684: I Epoch 5/200 loss 0.69011
2024-02-22 12:04:50.653683: I ******************************************
2024-02-22 12:04:51.494276: I Epoch 6/200 loss 0.37533
2024-02-22 12:04:51.495278: I ******************************************
2024-02-22 12:04:51.495278: I Analyzed pair: (0.01833, 0.05513): False
2024-02-22 12:04:51.495278: I Analyzed pair: (0.01833, 0.06152): False
2024-02-22 12:04:51.496278: I Analyzed pair: (0.01833, 0.06808): False
2024-02-22 12:04:51.496278: I Analyzed pair: (0.01833, 0.0688): False
2024-02-22 12:04:51.496278: I Analyzed pair: (0.01833, 0.07133): False
2024-02-22 12:04:51.496278: I Check List: [False, False, False, False, False]
2024-02-22 12:04:52.329361: I Epoch 7/200 loss 0.24103
2024-02-22 12:04:52.329361: I Analyzed pair: (0.05513, 0.06152): False
2024-02-22 12:04:52.330361: I Analyzed pair: (0.05513, 0.06808): False
2024-02-22 12:04:52.330361: I Analyzed pair: (0.05513, 0.0688): False
2024-02-22 12:04:52.330361: I Analyzed pair: (0.05513, 0.07133): False
2024-02-22 12:04:52.330361: I Analyzed pair: (0.05513, 0.06956): False
2024-02-22 12:04:52.331361: I Check List: [False, False, False, False, False]
2024-02-22 12:04:53.148443: I Epoch 8/200 loss 0.16304
2024-02-22 12:04:53.149442: I Analyzed pair: (0.06152, 0.06808): False
2024-02-22 12:04:53.149442: I Analyzed pair: (0.06152, 0.0688): False
2024-02-22 12:04:53.149442: I Analyzed pair: (0.06152, 0.07133): False
2024-02-22 12:04:53.149442: I Analyzed pair: (0.06152, 0.06956): False
2024-02-22 12:04:53.150442: I Analyzed pair: (0.06152, 0.0695): False
2024-02-22 12:04:53.150442: I Check List: [False, False, False, False, False]
2024-02-22 12:04:54.005039: I Epoch 9/200 loss 0.12162
2024-02-22 12:04:54.006039: I Analyzed pair: (0.06808, 0.0688): False
2024-02-22 12:04:54.006039: I Analyzed pair: (0.06808, 0.07133): False
2024-02-22 12:04:54.007040: I Analyzed pair: (0.06808, 0.06956): False
2024-02-22 12:04:54.007040: I Analyzed pair: (0.06808, 0.0695): False
2024-02-22 12:04:54.007040: I Analyzed pair: (0.06808, 0.06782): True
2024-02-22 12:04:54.007040: I Check List: [False, False, False, False, True]
2024-02-22 12:04:54.866130: I Epoch 10/200 loss 0.09345
2024-02-22 12:04:54.867127: I Analyzed pair: (0.0688, 0.07133): False
2024-02-22 12:04:54.867127: I Analyzed pair: (0.0688, 0.06956): False
2024-02-22 12:04:54.867127: I Analyzed pair: (0.0688, 0.0695): False
2024-02-22 12:04:54.867127: I Analyzed pair: (0.0688, 0.06782): True
2024-02-22 12:04:54.868127: I Analyzed pair: (0.0688, 0.06716): True
2024-02-22 12:04:54.868127: I Check List: [False, False, False, True, True]
2024-02-22 12:04:55.699711: I Epoch 11/200 loss 0.07609
2024-02-22 12:04:55.699711: I Analyzed pair: (0.07133, 0.06956): True
2024-02-22 12:04:55.699711: I Analyzed pair: (0.07133, 0.0695): True
2024-02-22 12:04:55.700710: I Analyzed pair: (0.07133, 0.06782): True
2024-02-22 12:04:55.700710: I Analyzed pair: (0.07133, 0.06716): True
2024-02-22 12:04:55.700710: I Analyzed pair: (0.07133, 0.06782): True
2024-02-22 12:04:55.700710: I Check List: [True, True, True, True, True]
2024-02-22 12:04:55.701710: I Met Early Stopping conditions: logger: <Logger EarlyStopping (DEBUG)>, validation_metric: nDCGRendle2020, validation_k: 10, cutoffs: [10], simple_metrics: ['nDCGRendle2020'], monitor: nDCGRendle2020@10, patience: 5, mode: max, metric_k: 10, metric: nDCGRendle2020, verbose: True, active: True
