2024-02-12 12:29:09.124678: I Loading parameters
2024-02-12 12:29:09.125679: I Parameter lr set to 0.002411993489896946
2024-02-12 12:29:09.125679: I Parameter factors set to 256
2024-02-12 12:29:09.126678: I Parameter l_w set to 0.003023263429458794
2024-02-12 12:29:09.126678: I Parameter n_layers set to 3
2024-02-12 12:29:15.632486: I Epoch 1/200 loss 15681.01214
2024-02-12 12:29:15.632486: I ******************************************
2024-02-12 12:29:21.907716: I Epoch 2/200 loss 1598.62514
2024-02-12 12:29:21.908716: I ******************************************
2024-02-12 12:29:28.527476: I Epoch 3/200 loss 396.89348
2024-02-12 12:29:28.527476: I ******************************************
2024-02-12 12:29:34.375662: I Epoch 4/200 loss 155.41227
2024-02-12 12:29:34.376667: I ******************************************
2024-02-12 12:29:40.493301: I Epoch 5/200 loss 75.36689
2024-02-12 12:29:40.493301: I ******************************************
2024-02-12 12:29:46.199924: I Epoch 6/200 loss 41.10555
2024-02-12 12:29:46.199924: I Analyzed pair: (0.1093, 0.13932): False
2024-02-12 12:29:46.200923: I Analyzed pair: (0.1093, 0.15418): False
2024-02-12 12:29:46.200923: I Analyzed pair: (0.1093, 0.16148): False
2024-02-12 12:29:46.200923: I Analyzed pair: (0.1093, 0.16518): False
2024-02-12 12:29:46.200923: I Analyzed pair: (0.1093, 0.16415): False
2024-02-12 12:29:46.200923: I Check List: [False, False, False, False, False]
2024-02-12 12:29:52.366270: I Epoch 7/200 loss 24.65314
2024-02-12 12:29:52.367270: I Analyzed pair: (0.13932, 0.15418): False
2024-02-12 12:29:52.367270: I Analyzed pair: (0.13932, 0.16148): False
2024-02-12 12:29:52.367270: I Analyzed pair: (0.13932, 0.16518): False
2024-02-12 12:29:52.367270: I Analyzed pair: (0.13932, 0.16415): False
2024-02-12 12:29:52.368269: I Analyzed pair: (0.13932, 0.16189): False
2024-02-12 12:29:52.368269: I Check List: [False, False, False, False, False]
2024-02-12 12:29:59.239029: I Epoch 8/200 loss 16.74278
2024-02-12 12:29:59.240028: I ******************************************
2024-02-12 12:29:59.240028: I Analyzed pair: (0.15418, 0.16148): False
2024-02-12 12:29:59.240028: I Analyzed pair: (0.15418, 0.16518): False
2024-02-12 12:29:59.240028: I Analyzed pair: (0.15418, 0.16415): False
2024-02-12 12:29:59.241028: I Analyzed pair: (0.15418, 0.16189): False
2024-02-12 12:29:59.241028: I Analyzed pair: (0.15418, 0.16752): False
2024-02-12 12:29:59.241028: I Check List: [False, False, False, False, False]
2024-02-12 12:30:05.766693: I Epoch 9/200 loss 11.25891
2024-02-12 12:30:05.766693: I Analyzed pair: (0.16148, 0.16518): False
2024-02-12 12:30:05.767692: I Analyzed pair: (0.16148, 0.16415): False
2024-02-12 12:30:05.767692: I Analyzed pair: (0.16148, 0.16189): False
2024-02-12 12:30:05.767692: I Analyzed pair: (0.16148, 0.16752): False
2024-02-12 12:30:05.767692: I Analyzed pair: (0.16148, 0.16682): False
2024-02-12 12:30:05.768692: I Check List: [False, False, False, False, False]
2024-02-12 12:30:12.129955: I Epoch 10/200 loss 8.42967
2024-02-12 12:30:12.129955: I ******************************************
2024-02-12 12:30:12.130959: I Analyzed pair: (0.16518, 0.16415): True
2024-02-12 12:30:12.130959: I Analyzed pair: (0.16518, 0.16189): True
2024-02-12 12:30:12.130959: I Analyzed pair: (0.16518, 0.16752): False
2024-02-12 12:30:12.131961: I Analyzed pair: (0.16518, 0.16682): False
2024-02-12 12:30:12.131961: I Analyzed pair: (0.16518, 0.1715): False
2024-02-12 12:30:12.131961: I Check List: [True, True, False, False, False]
2024-02-12 12:30:18.278675: I Epoch 11/200 loss 6.39217
2024-02-12 12:30:18.278675: I ******************************************
2024-02-12 12:30:18.279676: I Analyzed pair: (0.16415, 0.16189): True
2024-02-12 12:30:18.279676: I Analyzed pair: (0.16415, 0.16752): False
2024-02-12 12:30:18.279676: I Analyzed pair: (0.16415, 0.16682): False
2024-02-12 12:30:18.280675: I Analyzed pair: (0.16415, 0.1715): False
2024-02-12 12:30:18.280675: I Analyzed pair: (0.16415, 0.17212): False
2024-02-12 12:30:18.280675: I Check List: [True, False, False, False, False]
2024-02-12 12:30:24.135414: I Epoch 12/200 loss 4.93657
2024-02-12 12:30:24.135414: I ******************************************
2024-02-12 12:30:24.136415: I Analyzed pair: (0.16189, 0.16752): False
2024-02-12 12:30:24.136415: I Analyzed pair: (0.16189, 0.16682): False
2024-02-12 12:30:24.136415: I Analyzed pair: (0.16189, 0.1715): False
2024-02-12 12:30:24.137414: I Analyzed pair: (0.16189, 0.17212): False
2024-02-12 12:30:24.137414: I Analyzed pair: (0.16189, 0.17379): False
2024-02-12 12:30:24.137414: I Check List: [False, False, False, False, False]
2024-02-12 12:30:29.877169: I Epoch 13/200 loss 3.93777
2024-02-12 12:30:29.878170: I Analyzed pair: (0.16752, 0.16682): True
2024-02-12 12:30:29.878170: I Analyzed pair: (0.16752, 0.1715): False
2024-02-12 12:30:29.878170: I Analyzed pair: (0.16752, 0.17212): False
2024-02-12 12:30:29.878170: I Analyzed pair: (0.16752, 0.17379): False
2024-02-12 12:30:29.879169: I Analyzed pair: (0.16752, 0.17145): False
2024-02-12 12:30:29.879169: I Check List: [True, False, False, False, False]
2024-02-12 12:30:35.583906: I Epoch 14/200 loss 3.30192
2024-02-12 12:30:35.583906: I ******************************************
2024-02-12 12:30:35.584907: I Analyzed pair: (0.16682, 0.1715): False
2024-02-12 12:30:35.584907: I Analyzed pair: (0.16682, 0.17212): False
2024-02-12 12:30:35.584907: I Analyzed pair: (0.16682, 0.17379): False
2024-02-12 12:30:35.585906: I Analyzed pair: (0.16682, 0.17145): False
2024-02-12 12:30:35.585906: I Analyzed pair: (0.16682, 0.17418): False
2024-02-12 12:30:35.585906: I Check List: [False, False, False, False, False]
2024-02-12 12:30:41.349195: I Epoch 15/200 loss 2.59254
2024-02-12 12:30:41.349195: I Analyzed pair: (0.1715, 0.17212): False
2024-02-12 12:30:41.350195: I Analyzed pair: (0.1715, 0.17379): False
2024-02-12 12:30:41.350195: I Analyzed pair: (0.1715, 0.17145): True
2024-02-12 12:30:41.350195: I Analyzed pair: (0.1715, 0.17418): False
2024-02-12 12:30:41.350195: I Analyzed pair: (0.1715, 0.16804): True
2024-02-12 12:30:41.351194: I Check List: [False, False, True, False, True]
2024-02-12 12:30:47.559370: I Epoch 16/200 loss 2.19482
2024-02-12 12:30:47.559370: I Analyzed pair: (0.17212, 0.17379): False
2024-02-12 12:30:47.560369: I Analyzed pair: (0.17212, 0.17145): True
2024-02-12 12:30:47.560369: I Analyzed pair: (0.17212, 0.17418): False
2024-02-12 12:30:47.560369: I Analyzed pair: (0.17212, 0.16804): True
2024-02-12 12:30:47.560369: I Analyzed pair: (0.17212, 0.17141): True
2024-02-12 12:30:47.561369: I Check List: [False, True, False, True, True]
2024-02-12 12:30:53.354565: I Epoch 17/200 loss 1.74943
2024-02-12 12:30:53.354565: I Analyzed pair: (0.17379, 0.17145): True
2024-02-12 12:30:53.355565: I Analyzed pair: (0.17379, 0.17418): False
2024-02-12 12:30:53.355565: I Analyzed pair: (0.17379, 0.16804): True
2024-02-12 12:30:53.355565: I Analyzed pair: (0.17379, 0.17141): True
2024-02-12 12:30:53.355565: I Analyzed pair: (0.17379, 0.16867): True
2024-02-12 12:30:53.356565: I Check List: [True, False, True, True, True]
2024-02-12 12:30:59.322214: I Epoch 18/200 loss 1.44449
2024-02-12 12:30:59.323214: I Analyzed pair: (0.17145, 0.17418): False
2024-02-12 12:30:59.323214: I Analyzed pair: (0.17145, 0.16804): True
2024-02-12 12:30:59.324215: I Analyzed pair: (0.17145, 0.17141): True
2024-02-12 12:30:59.324215: I Analyzed pair: (0.17145, 0.16867): True
2024-02-12 12:30:59.324215: I Analyzed pair: (0.17145, 0.17298): False
2024-02-12 12:30:59.324215: I Check List: [False, True, True, True, False]
2024-02-12 12:31:05.109442: I Epoch 19/200 loss 1.24246
2024-02-12 12:31:05.109442: I Analyzed pair: (0.17418, 0.16804): True
2024-02-12 12:31:05.110448: I Analyzed pair: (0.17418, 0.17141): True
2024-02-12 12:31:05.110448: I Analyzed pair: (0.17418, 0.16867): True
2024-02-12 12:31:05.110448: I Analyzed pair: (0.17418, 0.17298): True
2024-02-12 12:31:05.110448: I Analyzed pair: (0.17418, 0.17275): True
2024-02-12 12:31:05.111441: I Check List: [True, True, True, True, True]
2024-02-12 12:31:05.111441: I Met Early Stopping conditions: logger: <Logger EarlyStopping (DEBUG)>, validation_metric: nDCGRendle2020, validation_k: 10, cutoffs: [10], simple_metrics: ['nDCGRendle2020'], monitor: nDCGRendle2020@10, patience: 5, mode: max, metric_k: 10, metric: nDCGRendle2020, verbose: True, active: True
