2024-02-12 14:22:45.203962: I Loading parameters
2024-02-12 14:22:45.204963: I Parameter lr set to 0.002411993489896946
2024-02-12 14:22:45.204963: I Parameter factors set to 256
2024-02-12 14:22:45.204963: I Parameter l_w set to 0.003023263429458794
2024-02-12 14:22:45.205967: I Parameter n_layers set to 3
2024-02-12 14:22:51.944350: I Epoch 1/200 loss 15681.01214
2024-02-12 14:22:51.945350: I ******************************************
2024-02-12 14:22:58.303182: I Epoch 2/200 loss 1598.62513
2024-02-12 14:22:58.303182: I ******************************************
2024-02-12 14:23:04.426484: I Epoch 3/200 loss 396.89348
2024-02-12 14:23:04.426484: I ******************************************
2024-02-12 14:23:10.862611: I Epoch 4/200 loss 155.41227
2024-02-12 14:23:10.862611: I ******************************************
2024-02-12 14:23:16.857773: I Epoch 5/200 loss 75.36689
2024-02-12 14:23:16.857773: I ******************************************
2024-02-12 14:23:22.815521: I Epoch 6/200 loss 41.10555
2024-02-12 14:23:22.816521: I Analyzed pair: (0.1093, 0.13932): False
2024-02-12 14:23:22.816521: I Analyzed pair: (0.1093, 0.15418): False
2024-02-12 14:23:22.816521: I Analyzed pair: (0.1093, 0.16148): False
2024-02-12 14:23:22.816521: I Analyzed pair: (0.1093, 0.16518): False
2024-02-12 14:23:22.817521: I Analyzed pair: (0.1093, 0.16415): False
2024-02-12 14:23:22.817521: I Check List: [False, False, False, False, False]
2024-02-12 14:23:29.287115: I Epoch 7/200 loss 24.65314
2024-02-12 14:23:29.288115: I Analyzed pair: (0.13932, 0.15418): False
2024-02-12 14:23:29.288115: I Analyzed pair: (0.13932, 0.16148): False
2024-02-12 14:23:29.288115: I Analyzed pair: (0.13932, 0.16518): False
2024-02-12 14:23:29.289115: I Analyzed pair: (0.13932, 0.16415): False
2024-02-12 14:23:29.289115: I Analyzed pair: (0.13932, 0.16189): False
2024-02-12 14:23:29.289115: I Check List: [False, False, False, False, False]
2024-02-12 14:23:35.224910: I Epoch 8/200 loss 16.74278
2024-02-12 14:23:35.224910: I ******************************************
2024-02-12 14:23:35.225911: I Analyzed pair: (0.15418, 0.16148): False
2024-02-12 14:23:35.225911: I Analyzed pair: (0.15418, 0.16518): False
2024-02-12 14:23:35.225911: I Analyzed pair: (0.15418, 0.16415): False
2024-02-12 14:23:35.225911: I Analyzed pair: (0.15418, 0.16189): False
2024-02-12 14:23:35.226911: I Analyzed pair: (0.15418, 0.16752): False
2024-02-12 14:23:35.226911: I Check List: [False, False, False, False, False]
2024-02-12 14:23:41.262526: I Epoch 9/200 loss 11.25891
2024-02-12 14:23:41.263525: I Analyzed pair: (0.16148, 0.16518): False
2024-02-12 14:23:41.263525: I Analyzed pair: (0.16148, 0.16415): False
2024-02-12 14:23:41.263525: I Analyzed pair: (0.16148, 0.16189): False
2024-02-12 14:23:41.264526: I Analyzed pair: (0.16148, 0.16752): False
2024-02-12 14:23:41.264526: I Analyzed pair: (0.16148, 0.16682): False
2024-02-12 14:23:41.264526: I Check List: [False, False, False, False, False]
2024-02-12 14:23:47.650758: I Epoch 10/200 loss 8.42967
2024-02-12 14:23:47.650758: I ******************************************
2024-02-12 14:23:47.651759: I Analyzed pair: (0.16518, 0.16415): True
2024-02-12 14:23:47.651759: I Analyzed pair: (0.16518, 0.16189): True
2024-02-12 14:23:47.651759: I Analyzed pair: (0.16518, 0.16752): False
2024-02-12 14:23:47.652760: I Analyzed pair: (0.16518, 0.16682): False
2024-02-12 14:23:47.652760: I Analyzed pair: (0.16518, 0.1715): False
2024-02-12 14:23:47.652760: I Check List: [True, True, False, False, False]
2024-02-12 14:23:54.212354: I Epoch 11/200 loss 6.39217
2024-02-12 14:23:54.212354: I ******************************************
2024-02-12 14:23:54.213356: I Analyzed pair: (0.16415, 0.16189): True
2024-02-12 14:23:54.213356: I Analyzed pair: (0.16415, 0.16752): False
2024-02-12 14:23:54.213356: I Analyzed pair: (0.16415, 0.16682): False
2024-02-12 14:23:54.213356: I Analyzed pair: (0.16415, 0.1715): False
2024-02-12 14:23:54.214354: I Analyzed pair: (0.16415, 0.17212): False
2024-02-12 14:23:54.214354: I Check List: [True, False, False, False, False]
2024-02-12 14:24:00.174595: I Epoch 12/200 loss 4.93657
2024-02-12 14:24:00.175594: I ******************************************
2024-02-12 14:24:00.175594: I Analyzed pair: (0.16189, 0.16752): False
2024-02-12 14:24:00.175594: I Analyzed pair: (0.16189, 0.16682): False
2024-02-12 14:24:00.175594: I Analyzed pair: (0.16189, 0.1715): False
2024-02-12 14:24:00.176594: I Analyzed pair: (0.16189, 0.17212): False
2024-02-12 14:24:00.176594: I Analyzed pair: (0.16189, 0.17379): False
2024-02-12 14:24:00.176594: I Check List: [False, False, False, False, False]
2024-02-12 14:24:06.610850: I Epoch 13/200 loss 3.93777
2024-02-12 14:24:06.610850: I Analyzed pair: (0.16752, 0.16682): True
2024-02-12 14:24:06.611850: I Analyzed pair: (0.16752, 0.1715): False
2024-02-12 14:24:06.611850: I Analyzed pair: (0.16752, 0.17212): False
2024-02-12 14:24:06.611850: I Analyzed pair: (0.16752, 0.17379): False
2024-02-12 14:24:06.612850: I Analyzed pair: (0.16752, 0.17145): False
2024-02-12 14:24:06.612850: I Check List: [True, False, False, False, False]
2024-02-12 14:24:13.101657: I Epoch 14/200 loss 3.30192
2024-02-12 14:24:13.101657: I ******************************************
2024-02-12 14:24:13.102661: I Analyzed pair: (0.16682, 0.1715): False
2024-02-12 14:24:13.102661: I Analyzed pair: (0.16682, 0.17212): False
2024-02-12 14:24:13.103658: I Analyzed pair: (0.16682, 0.17379): False
2024-02-12 14:24:13.103658: I Analyzed pair: (0.16682, 0.17145): False
2024-02-12 14:24:13.103658: I Analyzed pair: (0.16682, 0.17418): False
2024-02-12 14:24:13.103658: I Check List: [False, False, False, False, False]
2024-02-12 14:24:19.388420: I Epoch 15/200 loss 2.59254
2024-02-12 14:24:19.388420: I Analyzed pair: (0.1715, 0.17212): False
2024-02-12 14:24:19.389419: I Analyzed pair: (0.1715, 0.17379): False
2024-02-12 14:24:19.389419: I Analyzed pair: (0.1715, 0.17145): True
2024-02-12 14:24:19.389419: I Analyzed pair: (0.1715, 0.17418): False
2024-02-12 14:24:19.389419: I Analyzed pair: (0.1715, 0.16804): True
2024-02-12 14:24:19.390419: I Check List: [False, False, True, False, True]
2024-02-12 14:24:25.310146: I Epoch 16/200 loss 2.19482
2024-02-12 14:24:25.311147: I Analyzed pair: (0.17212, 0.17379): False
2024-02-12 14:24:25.311147: I Analyzed pair: (0.17212, 0.17145): True
2024-02-12 14:24:25.311147: I Analyzed pair: (0.17212, 0.17418): False
2024-02-12 14:24:25.312146: I Analyzed pair: (0.17212, 0.16804): True
2024-02-12 14:24:25.312146: I Analyzed pair: (0.17212, 0.17141): True
2024-02-12 14:24:25.312146: I Check List: [False, True, False, True, True]
2024-02-12 14:24:31.585928: I Epoch 17/200 loss 1.74943
2024-02-12 14:24:31.585928: I Analyzed pair: (0.17379, 0.17145): True
2024-02-12 14:24:31.585928: I Analyzed pair: (0.17379, 0.17418): False
2024-02-12 14:24:31.586927: I Analyzed pair: (0.17379, 0.16804): True
2024-02-12 14:24:31.586927: I Analyzed pair: (0.17379, 0.17141): True
2024-02-12 14:24:31.586927: I Analyzed pair: (0.17379, 0.16867): True
2024-02-12 14:24:31.586927: I Check List: [True, False, True, True, True]
2024-02-12 14:24:38.117544: I Epoch 18/200 loss 1.44449
2024-02-12 14:24:38.118546: I Analyzed pair: (0.17145, 0.17418): False
2024-02-12 14:24:38.118546: I Analyzed pair: (0.17145, 0.16804): True
2024-02-12 14:24:38.119546: I Analyzed pair: (0.17145, 0.17141): True
2024-02-12 14:24:38.119546: I Analyzed pair: (0.17145, 0.16867): True
2024-02-12 14:24:38.119546: I Analyzed pair: (0.17145, 0.17298): False
2024-02-12 14:24:38.120545: I Check List: [False, True, True, True, False]
2024-02-12 14:24:44.226157: I Epoch 19/200 loss 1.24246
2024-02-12 14:24:44.226157: I Analyzed pair: (0.17418, 0.16804): True
2024-02-12 14:24:44.226157: I Analyzed pair: (0.17418, 0.17141): True
2024-02-12 14:24:44.226157: I Analyzed pair: (0.17418, 0.16867): True
2024-02-12 14:24:44.227158: I Analyzed pair: (0.17418, 0.17298): True
2024-02-12 14:24:44.227158: I Analyzed pair: (0.17418, 0.17275): True
2024-02-12 14:24:44.227158: I Check List: [True, True, True, True, True]
2024-02-12 14:24:44.228160: I Met Early Stopping conditions: logger: <Logger EarlyStopping (DEBUG)>, validation_metric: nDCGRendle2020, validation_k: 10, cutoffs: [10], simple_metrics: ['nDCGRendle2020'], monitor: nDCGRendle2020@10, patience: 5, mode: max, metric_k: 10, metric: nDCGRendle2020, verbose: True, active: True
