2024-02-22 15:42:30.965367: I Loading parameters
2024-02-22 15:42:30.966368: I Parameter factors set to 512
2024-02-22 15:42:30.966368: I Parameter lr set to 0.00024828109391337706
2024-02-22 15:42:30.966368: I Parameter l_w set to 0.041968799109630556
2024-02-22 15:42:32.102516: I Epoch 1/200 loss 112.41590
2024-02-22 15:42:32.102516: I ******************************************
2024-02-22 15:42:32.939614: I Epoch 2/200 loss 27.60174
2024-02-22 15:42:32.940614: I ******************************************
2024-02-22 15:42:33.916733: I Epoch 3/200 loss 12.05746
2024-02-22 15:42:33.916733: I ******************************************
2024-02-22 15:42:34.714398: I Epoch 4/200 loss 6.67629
2024-02-22 15:42:34.715399: I ******************************************
2024-02-22 15:42:35.551495: I Epoch 5/200 loss 4.20475
2024-02-22 15:42:35.551495: I ******************************************
2024-02-22 15:42:36.395668: I Epoch 6/200 loss 2.87286
2024-02-22 15:42:36.396669: I ******************************************
2024-02-22 15:42:36.396669: I Analyzed pair: (0.00374, 0.00378): False
2024-02-22 15:42:36.396669: I Analyzed pair: (0.00374, 0.00428): False
2024-02-22 15:42:36.397669: I Analyzed pair: (0.00374, 0.00474): False
2024-02-22 15:42:36.397669: I Analyzed pair: (0.00374, 0.00593): False
2024-02-22 15:42:36.397669: I Analyzed pair: (0.00374, 0.00778): False
2024-02-22 15:42:36.397669: I Check List: [False, False, False, False, False]
2024-02-22 15:42:37.247766: I Epoch 7/200 loss 2.07957
2024-02-22 15:42:37.248766: I ******************************************
2024-02-22 15:42:37.248766: I Analyzed pair: (0.00378, 0.00428): False
2024-02-22 15:42:37.248766: I Analyzed pair: (0.00378, 0.00474): False
2024-02-22 15:42:37.249766: I Analyzed pair: (0.00378, 0.00593): False
2024-02-22 15:42:37.249766: I Analyzed pair: (0.00378, 0.00778): False
2024-02-22 15:42:37.249766: I Analyzed pair: (0.00378, 0.01242): False
2024-02-22 15:42:37.249766: I Check List: [False, False, False, False, False]
2024-02-22 15:42:38.086371: I Epoch 8/200 loss 1.56319
2024-02-22 15:42:38.086371: I ******************************************
2024-02-22 15:42:38.087372: I Analyzed pair: (0.00428, 0.00474): False
2024-02-22 15:42:38.087372: I Analyzed pair: (0.00428, 0.00593): False
2024-02-22 15:42:38.087372: I Analyzed pair: (0.00428, 0.00778): False
2024-02-22 15:42:38.087372: I Analyzed pair: (0.00428, 0.01242): False
2024-02-22 15:42:38.087372: I Analyzed pair: (0.00428, 0.01879): False
2024-02-22 15:42:38.088371: I Check List: [False, False, False, False, False]
2024-02-22 15:42:38.934459: I Epoch 9/200 loss 1.21233
2024-02-22 15:42:38.934459: I ******************************************
2024-02-22 15:42:38.935460: I Analyzed pair: (0.00474, 0.00593): False
2024-02-22 15:42:38.935460: I Analyzed pair: (0.00474, 0.00778): False
2024-02-22 15:42:38.935460: I Analyzed pair: (0.00474, 0.01242): False
2024-02-22 15:42:38.935460: I Analyzed pair: (0.00474, 0.01879): False
2024-02-22 15:42:38.936460: I Analyzed pair: (0.00474, 0.02739): False
2024-02-22 15:42:38.936460: I Check List: [False, False, False, False, False]
2024-02-22 15:42:39.794582: I Epoch 10/200 loss 0.96282
2024-02-22 15:42:39.795583: I ******************************************
2024-02-22 15:42:39.795583: I Analyzed pair: (0.00593, 0.00778): False
2024-02-22 15:42:39.795583: I Analyzed pair: (0.00593, 0.01242): False
2024-02-22 15:42:39.795583: I Analyzed pair: (0.00593, 0.01879): False
2024-02-22 15:42:39.796583: I Analyzed pair: (0.00593, 0.02739): False
2024-02-22 15:42:39.796583: I Analyzed pair: (0.00593, 0.03774): False
2024-02-22 15:42:39.796583: I Check List: [False, False, False, False, False]
2024-02-22 15:42:40.658678: I Epoch 11/200 loss 0.77925
2024-02-22 15:42:40.658678: I ******************************************
2024-02-22 15:42:40.659677: I Analyzed pair: (0.00778, 0.01242): False
2024-02-22 15:42:40.659677: I Analyzed pair: (0.00778, 0.01879): False
2024-02-22 15:42:40.659677: I Analyzed pair: (0.00778, 0.02739): False
2024-02-22 15:42:40.659677: I Analyzed pair: (0.00778, 0.03774): False
2024-02-22 15:42:40.660676: I Analyzed pair: (0.00778, 0.04957): False
2024-02-22 15:42:40.660676: I Check List: [False, False, False, False, False]
2024-02-22 15:42:41.514274: I Epoch 12/200 loss 0.63841
2024-02-22 15:42:41.515274: I ******************************************
2024-02-22 15:42:41.515274: I Analyzed pair: (0.01242, 0.01879): False
2024-02-22 15:42:41.515274: I Analyzed pair: (0.01242, 0.02739): False
2024-02-22 15:42:41.516275: I Analyzed pair: (0.01242, 0.03774): False
2024-02-22 15:42:41.516275: I Analyzed pair: (0.01242, 0.04957): False
2024-02-22 15:42:41.516275: I Analyzed pair: (0.01242, 0.05623): False
2024-02-22 15:42:41.516275: I Check List: [False, False, False, False, False]
2024-02-22 15:42:42.375365: I Epoch 13/200 loss 0.52926
2024-02-22 15:42:42.375365: I ******************************************
2024-02-22 15:42:42.376364: I Analyzed pair: (0.01879, 0.02739): False
2024-02-22 15:42:42.376364: I Analyzed pair: (0.01879, 0.03774): False
2024-02-22 15:42:42.376364: I Analyzed pair: (0.01879, 0.04957): False
2024-02-22 15:42:42.376364: I Analyzed pair: (0.01879, 0.05623): False
2024-02-22 15:42:42.376364: I Analyzed pair: (0.01879, 0.06272): False
2024-02-22 15:42:42.377363: I Check List: [False, False, False, False, False]
2024-02-22 15:42:43.243954: I Epoch 14/200 loss 0.44190
2024-02-22 15:42:43.243954: I ******************************************
2024-02-22 15:42:43.243954: I Analyzed pair: (0.02739, 0.03774): False
2024-02-22 15:42:43.244955: I Analyzed pair: (0.02739, 0.04957): False
2024-02-22 15:42:43.244955: I Analyzed pair: (0.02739, 0.05623): False
2024-02-22 15:42:43.244955: I Analyzed pair: (0.02739, 0.06272): False
2024-02-22 15:42:43.244955: I Analyzed pair: (0.02739, 0.06663): False
2024-02-22 15:42:43.245955: I Check List: [False, False, False, False, False]
2024-02-22 15:42:44.144078: I Epoch 15/200 loss 0.37526
2024-02-22 15:42:44.145078: I ******************************************
2024-02-22 15:42:44.146080: I Analyzed pair: (0.03774, 0.04957): False
2024-02-22 15:42:44.146080: I Analyzed pair: (0.03774, 0.05623): False
2024-02-22 15:42:44.146080: I Analyzed pair: (0.03774, 0.06272): False
2024-02-22 15:42:44.147080: I Analyzed pair: (0.03774, 0.06663): False
2024-02-22 15:42:44.147080: I Analyzed pair: (0.03774, 0.0692): False
2024-02-22 15:42:44.147080: I Check List: [False, False, False, False, False]
2024-02-22 15:42:45.039672: I Epoch 16/200 loss 0.31969
2024-02-22 15:42:45.039672: I ******************************************
2024-02-22 15:42:45.040674: I Analyzed pair: (0.04957, 0.05623): False
2024-02-22 15:42:45.040674: I Analyzed pair: (0.04957, 0.06272): False
2024-02-22 15:42:45.040674: I Analyzed pair: (0.04957, 0.06663): False
2024-02-22 15:42:45.041675: I Analyzed pair: (0.04957, 0.0692): False
2024-02-22 15:42:45.041675: I Analyzed pair: (0.04957, 0.07233): False
2024-02-22 15:42:45.041675: I Check List: [False, False, False, False, False]
2024-02-22 15:42:45.942275: I Epoch 17/200 loss 0.27497
2024-02-22 15:42:45.942275: I ******************************************
2024-02-22 15:42:45.943274: I Analyzed pair: (0.05623, 0.06272): False
2024-02-22 15:42:45.943274: I Analyzed pair: (0.05623, 0.06663): False
2024-02-22 15:42:45.943274: I Analyzed pair: (0.05623, 0.0692): False
2024-02-22 15:42:45.944274: I Analyzed pair: (0.05623, 0.07233): False
2024-02-22 15:42:45.944274: I Analyzed pair: (0.05623, 0.07555): False
2024-02-22 15:42:45.944274: I Check List: [False, False, False, False, False]
2024-02-22 15:42:46.826870: I Epoch 18/200 loss 0.23763
2024-02-22 15:42:46.827870: I ******************************************
2024-02-22 15:42:46.827870: I Analyzed pair: (0.06272, 0.06663): False
2024-02-22 15:42:46.827870: I Analyzed pair: (0.06272, 0.0692): False
2024-02-22 15:42:46.828870: I Analyzed pair: (0.06272, 0.07233): False
2024-02-22 15:42:46.828870: I Analyzed pair: (0.06272, 0.07555): False
2024-02-22 15:42:46.828870: I Analyzed pair: (0.06272, 0.07754): False
2024-02-22 15:42:46.828870: I Check List: [False, False, False, False, False]
2024-02-22 15:42:47.677966: I Epoch 19/200 loss 0.20745
2024-02-22 15:42:47.678964: I ******************************************
2024-02-22 15:42:47.678964: I Analyzed pair: (0.06663, 0.0692): False
2024-02-22 15:42:47.679468: I Analyzed pair: (0.06663, 0.07233): False
2024-02-22 15:42:47.679468: I Analyzed pair: (0.06663, 0.07555): False
2024-02-22 15:42:47.679468: I Analyzed pair: (0.06663, 0.07754): False
2024-02-22 15:42:47.679468: I Analyzed pair: (0.06663, 0.07923): False
2024-02-22 15:42:47.680471: I Check List: [False, False, False, False, False]
2024-02-22 15:42:48.532573: I Epoch 20/200 loss 0.18319
2024-02-22 15:42:48.532573: I Analyzed pair: (0.0692, 0.07233): False
2024-02-22 15:42:48.533574: I Analyzed pair: (0.0692, 0.07555): False
2024-02-22 15:42:48.533574: I Analyzed pair: (0.0692, 0.07754): False
2024-02-22 15:42:48.533574: I Analyzed pair: (0.0692, 0.07923): False
2024-02-22 15:42:48.533574: I Analyzed pair: (0.0692, 0.07876): False
2024-02-22 15:42:48.534574: I Check List: [False, False, False, False, False]
2024-02-22 15:42:49.379755: I Epoch 21/200 loss 0.16051
2024-02-22 15:42:49.380758: I ******************************************
2024-02-22 15:42:49.380758: I Analyzed pair: (0.07233, 0.07555): False
2024-02-22 15:42:49.380758: I Analyzed pair: (0.07233, 0.07754): False
2024-02-22 15:42:49.381759: I Analyzed pair: (0.07233, 0.07923): False
2024-02-22 15:42:49.381759: I Analyzed pair: (0.07233, 0.07876): False
2024-02-22 15:42:49.381759: I Analyzed pair: (0.07233, 0.07972): False
2024-02-22 15:42:49.381759: I Check List: [False, False, False, False, False]
2024-02-22 15:42:50.200837: I Epoch 22/200 loss 0.14289
2024-02-22 15:42:50.200837: I ******************************************
2024-02-22 15:42:50.201839: I Analyzed pair: (0.07555, 0.07754): False
2024-02-22 15:42:50.201839: I Analyzed pair: (0.07555, 0.07923): False
2024-02-22 15:42:50.201839: I Analyzed pair: (0.07555, 0.07876): False
2024-02-22 15:42:50.202839: I Analyzed pair: (0.07555, 0.07972): False
2024-02-22 15:42:50.202839: I Analyzed pair: (0.07555, 0.0803): False
2024-02-22 15:42:50.202839: I Check List: [False, False, False, False, False]
2024-02-22 15:42:51.041930: I Epoch 23/200 loss 0.12800
2024-02-22 15:42:51.042929: I ******************************************
2024-02-22 15:42:51.042929: I Analyzed pair: (0.07754, 0.07923): False
2024-02-22 15:42:51.043929: I Analyzed pair: (0.07754, 0.07876): False
2024-02-22 15:42:51.043929: I Analyzed pair: (0.07754, 0.07972): False
2024-02-22 15:42:51.043929: I Analyzed pair: (0.07754, 0.0803): False
2024-02-22 15:42:51.043929: I Analyzed pair: (0.07754, 0.08065): False
2024-02-22 15:42:51.043929: I Check List: [False, False, False, False, False]
2024-02-22 15:42:51.898152: I Epoch 24/200 loss 0.11474
2024-02-22 15:42:51.899153: I Analyzed pair: (0.07923, 0.07876): True
2024-02-22 15:42:51.899153: I Analyzed pair: (0.07923, 0.07972): False
2024-02-22 15:42:51.899153: I Analyzed pair: (0.07923, 0.0803): False
2024-02-22 15:42:51.899153: I Analyzed pair: (0.07923, 0.08065): False
2024-02-22 15:42:51.900153: I Analyzed pair: (0.07923, 0.07945): False
2024-02-22 15:42:51.900153: I Check List: [True, False, False, False, False]
2024-02-22 15:42:52.769244: I Epoch 25/200 loss 0.10414
2024-02-22 15:42:52.769244: I ******************************************
2024-02-22 15:42:52.769244: I Analyzed pair: (0.07876, 0.07972): False
2024-02-22 15:42:52.770246: I Analyzed pair: (0.07876, 0.0803): False
2024-02-22 15:42:52.770246: I Analyzed pair: (0.07876, 0.08065): False
2024-02-22 15:42:52.770246: I Analyzed pair: (0.07876, 0.07945): False
2024-02-22 15:42:52.770246: I Analyzed pair: (0.07876, 0.08184): False
2024-02-22 15:42:52.771245: I Check List: [False, False, False, False, False]
2024-02-22 15:42:53.633834: I Epoch 26/200 loss 0.09395
2024-02-22 15:42:53.634834: I ******************************************
2024-02-22 15:42:53.634834: I Analyzed pair: (0.07972, 0.0803): False
2024-02-22 15:42:53.634834: I Analyzed pair: (0.07972, 0.08065): False
2024-02-22 15:42:53.634834: I Analyzed pair: (0.07972, 0.07945): True
2024-02-22 15:42:53.635834: I Analyzed pair: (0.07972, 0.08184): False
2024-02-22 15:42:53.635834: I Analyzed pair: (0.07972, 0.08209): False
2024-02-22 15:42:53.635834: I Check List: [False, False, True, False, False]
2024-02-22 15:42:54.518042: I Epoch 27/200 loss 0.08544
2024-02-22 15:42:54.519043: I Analyzed pair: (0.0803, 0.08065): False
2024-02-22 15:42:54.519043: I Analyzed pair: (0.0803, 0.07945): True
2024-02-22 15:42:54.520044: I Analyzed pair: (0.0803, 0.08184): False
2024-02-22 15:42:54.520044: I Analyzed pair: (0.0803, 0.08209): False
2024-02-22 15:42:54.520044: I Analyzed pair: (0.0803, 0.08174): False
2024-02-22 15:42:54.520044: I Check List: [False, True, False, False, False]
2024-02-22 15:42:55.417643: I Epoch 28/200 loss 0.07870
2024-02-22 15:42:55.418644: I Analyzed pair: (0.08065, 0.07945): True
2024-02-22 15:42:55.418644: I Analyzed pair: (0.08065, 0.08184): False
2024-02-22 15:42:55.418644: I Analyzed pair: (0.08065, 0.08209): False
2024-02-22 15:42:55.418644: I Analyzed pair: (0.08065, 0.08174): False
2024-02-22 15:42:55.419643: I Analyzed pair: (0.08065, 0.08204): False
2024-02-22 15:42:55.419643: I Check List: [True, False, False, False, False]
2024-02-22 15:42:56.303228: I Epoch 29/200 loss 0.07211
2024-02-22 15:42:56.304230: I Analyzed pair: (0.07945, 0.08184): False
2024-02-22 15:42:56.304230: I Analyzed pair: (0.07945, 0.08209): False
2024-02-22 15:42:56.304230: I Analyzed pair: (0.07945, 0.08174): False
2024-02-22 15:42:56.304230: I Analyzed pair: (0.07945, 0.08204): False
2024-02-22 15:42:56.305229: I Analyzed pair: (0.07945, 0.08059): False
2024-02-22 15:42:56.305229: I Check List: [False, False, False, False, False]
2024-02-22 15:42:57.187828: I Epoch 30/200 loss 0.06650
2024-02-22 15:42:57.187828: I Analyzed pair: (0.08184, 0.08209): False
2024-02-22 15:42:57.187828: I Analyzed pair: (0.08184, 0.08174): True
2024-02-22 15:42:57.188826: I Analyzed pair: (0.08184, 0.08204): False
2024-02-22 15:42:57.188826: I Analyzed pair: (0.08184, 0.08059): True
2024-02-22 15:42:57.188826: I Analyzed pair: (0.08184, 0.08074): True
2024-02-22 15:42:57.188826: I Check List: [False, True, False, True, True]
2024-02-22 15:42:58.071914: I Epoch 31/200 loss 0.06184
2024-02-22 15:42:58.072914: I Analyzed pair: (0.08209, 0.08174): True
2024-02-22 15:42:58.072914: I Analyzed pair: (0.08209, 0.08204): True
2024-02-22 15:42:58.073915: I Analyzed pair: (0.08209, 0.08059): True
2024-02-22 15:42:58.073915: I Analyzed pair: (0.08209, 0.08074): True
2024-02-22 15:42:58.073915: I Analyzed pair: (0.08209, 0.07965): True
2024-02-22 15:42:58.074915: I Check List: [True, True, True, True, True]
2024-02-22 15:42:58.074915: I Met Early Stopping conditions: logger: <Logger EarlyStopping (DEBUG)>, validation_metric: nDCGRendle2020, validation_k: 10, cutoffs: [10], simple_metrics: ['nDCGRendle2020'], monitor: nDCGRendle2020@10, patience: 5, mode: max, metric_k: 10, metric: nDCGRendle2020, verbose: True, active: True
