2024-02-12 13:11:44.564151: I Loading parameters
2024-02-12 13:11:44.564151: I Parameter lr set to 0.002411993489896946
2024-02-12 13:11:44.565153: I Parameter factors set to 256
2024-02-12 13:11:44.565153: I Parameter l_w set to 0.003023263429458794
2024-02-12 13:11:44.565153: I Parameter n_layers set to 3
2024-02-12 13:11:51.125769: I Epoch 1/200 loss 15681.01208
2024-02-12 13:11:51.125769: I ******************************************
2024-02-12 13:11:56.956350: I Epoch 2/200 loss 1598.62514
2024-02-12 13:11:56.957349: I ******************************************
2024-02-12 13:12:02.806507: I Epoch 3/200 loss 396.89348
2024-02-12 13:12:02.806507: I ******************************************
2024-02-12 13:12:08.890108: I Epoch 4/200 loss 155.41227
2024-02-12 13:12:08.890108: I ******************************************
2024-02-12 13:12:15.329265: I Epoch 5/200 loss 75.36689
2024-02-12 13:12:15.329265: I ******************************************
2024-02-12 13:12:21.156918: I Epoch 6/200 loss 41.10555
2024-02-12 13:12:21.157918: I Analyzed pair: (0.1093, 0.13932): False
2024-02-12 13:12:21.157918: I Analyzed pair: (0.1093, 0.15418): False
2024-02-12 13:12:21.157918: I Analyzed pair: (0.1093, 0.16148): False
2024-02-12 13:12:21.157918: I Analyzed pair: (0.1093, 0.16518): False
2024-02-12 13:12:21.158918: I Analyzed pair: (0.1093, 0.16415): False
2024-02-12 13:12:21.158918: I Check List: [False, False, False, False, False]
2024-02-12 13:12:26.977982: I Epoch 7/200 loss 24.65314
2024-02-12 13:12:26.978982: I Analyzed pair: (0.13932, 0.15418): False
2024-02-12 13:12:26.978982: I Analyzed pair: (0.13932, 0.16148): False
2024-02-12 13:12:26.978982: I Analyzed pair: (0.13932, 0.16518): False
2024-02-12 13:12:26.979982: I Analyzed pair: (0.13932, 0.16415): False
2024-02-12 13:12:26.979982: I Analyzed pair: (0.13932, 0.16189): False
2024-02-12 13:12:26.979982: I Check List: [False, False, False, False, False]
2024-02-12 13:12:32.901662: I Epoch 8/200 loss 16.74278
2024-02-12 13:12:32.901662: I ******************************************
2024-02-12 13:12:32.902662: I Analyzed pair: (0.15418, 0.16148): False
2024-02-12 13:12:32.902662: I Analyzed pair: (0.15418, 0.16518): False
2024-02-12 13:12:32.902662: I Analyzed pair: (0.15418, 0.16415): False
2024-02-12 13:12:32.902662: I Analyzed pair: (0.15418, 0.16189): False
2024-02-12 13:12:32.903665: I Analyzed pair: (0.15418, 0.16752): False
2024-02-12 13:12:32.903665: I Check List: [False, False, False, False, False]
2024-02-12 13:12:39.243918: I Epoch 9/200 loss 11.25891
2024-02-12 13:12:39.243918: I Analyzed pair: (0.16148, 0.16518): False
2024-02-12 13:12:39.244919: I Analyzed pair: (0.16148, 0.16415): False
2024-02-12 13:12:39.244919: I Analyzed pair: (0.16148, 0.16189): False
2024-02-12 13:12:39.244919: I Analyzed pair: (0.16148, 0.16752): False
2024-02-12 13:12:39.244919: I Analyzed pair: (0.16148, 0.16682): False
2024-02-12 13:12:39.245918: I Check List: [False, False, False, False, False]
2024-02-12 13:12:45.337202: I Epoch 10/200 loss 8.42967
2024-02-12 13:12:45.337202: I ******************************************
2024-02-12 13:12:45.338201: I Analyzed pair: (0.16518, 0.16415): True
2024-02-12 13:12:45.338704: I Analyzed pair: (0.16518, 0.16189): True
2024-02-12 13:12:45.338704: I Analyzed pair: (0.16518, 0.16752): False
2024-02-12 13:12:45.338704: I Analyzed pair: (0.16518, 0.16682): False
2024-02-12 13:12:45.338704: I Analyzed pair: (0.16518, 0.1715): False
2024-02-12 13:12:45.338704: I Check List: [True, True, False, False, False]
2024-02-12 13:12:51.775039: I Epoch 11/200 loss 6.39217
2024-02-12 13:12:51.776038: I ******************************************
2024-02-12 13:12:51.776038: I Analyzed pair: (0.16415, 0.16189): True
2024-02-12 13:12:51.777040: I Analyzed pair: (0.16415, 0.16752): False
2024-02-12 13:12:51.777040: I Analyzed pair: (0.16415, 0.16682): False
2024-02-12 13:12:51.777040: I Analyzed pair: (0.16415, 0.1715): False
2024-02-12 13:12:51.777040: I Analyzed pair: (0.16415, 0.17212): False
2024-02-12 13:12:51.778040: I Check List: [True, False, False, False, False]
2024-02-12 13:12:57.659743: I Epoch 12/200 loss 4.93657
2024-02-12 13:12:57.659743: I ******************************************
2024-02-12 13:12:57.660744: I Analyzed pair: (0.16189, 0.16752): False
2024-02-12 13:12:57.660744: I Analyzed pair: (0.16189, 0.16682): False
2024-02-12 13:12:57.660744: I Analyzed pair: (0.16189, 0.1715): False
2024-02-12 13:12:57.661742: I Analyzed pair: (0.16189, 0.17212): False
2024-02-12 13:12:57.661742: I Analyzed pair: (0.16189, 0.17379): False
2024-02-12 13:12:57.661742: I Check List: [False, False, False, False, False]
2024-02-12 13:13:04.025416: I Epoch 13/200 loss 3.93777
2024-02-12 13:13:04.025416: I Analyzed pair: (0.16752, 0.16682): True
2024-02-12 13:13:04.026423: I Analyzed pair: (0.16752, 0.1715): False
2024-02-12 13:13:04.026423: I Analyzed pair: (0.16752, 0.17212): False
2024-02-12 13:13:04.026423: I Analyzed pair: (0.16752, 0.17379): False
2024-02-12 13:13:04.026423: I Analyzed pair: (0.16752, 0.17145): False
2024-02-12 13:13:04.027416: I Check List: [True, False, False, False, False]
2024-02-12 13:13:10.365557: I Epoch 14/200 loss 3.30192
2024-02-12 13:13:10.365557: I ******************************************
2024-02-12 13:13:10.366559: I Analyzed pair: (0.16682, 0.1715): False
2024-02-12 13:13:10.366559: I Analyzed pair: (0.16682, 0.17212): False
2024-02-12 13:13:10.366559: I Analyzed pair: (0.16682, 0.17379): False
2024-02-12 13:13:10.366559: I Analyzed pair: (0.16682, 0.17145): False
2024-02-12 13:13:10.367557: I Analyzed pair: (0.16682, 0.17418): False
2024-02-12 13:13:10.367557: I Check List: [False, False, False, False, False]
2024-02-12 13:13:16.742169: I Epoch 15/200 loss 2.59254
2024-02-12 13:13:16.743169: I Analyzed pair: (0.1715, 0.17212): False
2024-02-12 13:13:16.743169: I Analyzed pair: (0.1715, 0.17379): False
2024-02-12 13:13:16.743169: I Analyzed pair: (0.1715, 0.17145): True
2024-02-12 13:13:16.743169: I Analyzed pair: (0.1715, 0.17418): False
2024-02-12 13:13:16.743169: I Analyzed pair: (0.1715, 0.16804): True
2024-02-12 13:13:16.744671: I Check List: [False, False, True, False, True]
2024-02-12 13:13:22.950763: I Epoch 16/200 loss 2.19482
2024-02-12 13:13:22.951762: I Analyzed pair: (0.17212, 0.17379): False
2024-02-12 13:13:22.951762: I Analyzed pair: (0.17212, 0.17145): True
2024-02-12 13:13:22.952764: I Analyzed pair: (0.17212, 0.17418): False
2024-02-12 13:13:22.952764: I Analyzed pair: (0.17212, 0.16804): True
2024-02-12 13:13:22.952764: I Analyzed pair: (0.17212, 0.17141): True
2024-02-12 13:13:22.952764: I Check List: [False, True, False, True, True]
2024-02-12 13:13:29.185917: I Epoch 17/200 loss 1.74943
2024-02-12 13:13:29.186917: I Analyzed pair: (0.17379, 0.17145): True
2024-02-12 13:13:29.186917: I Analyzed pair: (0.17379, 0.17418): False
2024-02-12 13:13:29.186917: I Analyzed pair: (0.17379, 0.16804): True
2024-02-12 13:13:29.186917: I Analyzed pair: (0.17379, 0.17141): True
2024-02-12 13:13:29.187918: I Analyzed pair: (0.17379, 0.16867): True
2024-02-12 13:13:29.187918: I Check List: [True, False, True, True, True]
2024-02-12 13:13:35.642020: I Epoch 18/200 loss 1.44449
2024-02-12 13:13:35.642020: I Analyzed pair: (0.17145, 0.17418): False
2024-02-12 13:13:35.642020: I Analyzed pair: (0.17145, 0.16804): True
2024-02-12 13:13:35.643019: I Analyzed pair: (0.17145, 0.17141): True
2024-02-12 13:13:35.643019: I Analyzed pair: (0.17145, 0.16867): True
2024-02-12 13:13:35.643019: I Analyzed pair: (0.17145, 0.17298): False
2024-02-12 13:13:35.643019: I Check List: [False, True, True, True, False]
2024-02-12 13:13:41.934657: I Epoch 19/200 loss 1.24246
2024-02-12 13:13:41.934657: I Analyzed pair: (0.17418, 0.16804): True
2024-02-12 13:13:41.935658: I Analyzed pair: (0.17418, 0.17141): True
2024-02-12 13:13:41.935658: I Analyzed pair: (0.17418, 0.16867): True
2024-02-12 13:13:41.935658: I Analyzed pair: (0.17418, 0.17298): True
2024-02-12 13:13:41.936660: I Analyzed pair: (0.17418, 0.17275): True
2024-02-12 13:13:41.936660: I Check List: [True, True, True, True, True]
2024-02-12 13:13:41.936660: I Met Early Stopping conditions: logger: <Logger EarlyStopping (DEBUG)>, validation_metric: nDCGRendle2020, validation_k: 10, cutoffs: [10], simple_metrics: ['nDCGRendle2020'], monitor: nDCGRendle2020@10, patience: 5, mode: max, metric_k: 10, metric: nDCGRendle2020, verbose: True, active: True
