2024-02-12 13:15:45.818631: I Loading parameters
2024-02-12 13:15:45.818631: I Parameter lr set to 0.002411993489896946
2024-02-12 13:15:45.819632: I Parameter factors set to 256
2024-02-12 13:15:45.819632: I Parameter l_w set to 0.003023263429458794
2024-02-12 13:15:45.820631: I Parameter n_layers set to 3
2024-02-12 13:15:52.756377: I Epoch 1/200 loss 15681.01217
2024-02-12 13:15:52.756377: I ******************************************
2024-02-12 13:15:58.856047: I Epoch 2/200 loss 1598.62513
2024-02-12 13:15:58.857047: I ******************************************
2024-02-12 13:16:04.710698: I Epoch 3/200 loss 396.89348
2024-02-12 13:16:04.711699: I ******************************************
2024-02-12 13:16:10.548889: I Epoch 4/200 loss 155.41227
2024-02-12 13:16:10.549890: I ******************************************
2024-02-12 13:16:16.759088: I Epoch 5/200 loss 75.36689
2024-02-12 13:16:16.759088: I ******************************************
2024-02-12 13:16:22.655902: I Epoch 6/200 loss 41.10555
2024-02-12 13:16:22.656902: I Analyzed pair: (0.1093, 0.13932): False
2024-02-12 13:16:22.656902: I Analyzed pair: (0.1093, 0.15418): False
2024-02-12 13:16:22.656902: I Analyzed pair: (0.1093, 0.16148): False
2024-02-12 13:16:22.656902: I Analyzed pair: (0.1093, 0.16518): False
2024-02-12 13:16:22.657904: I Analyzed pair: (0.1093, 0.16415): False
2024-02-12 13:16:22.657904: I Check List: [False, False, False, False, False]
2024-02-12 13:16:28.728643: I Epoch 7/200 loss 24.65314
2024-02-12 13:16:28.728643: I Analyzed pair: (0.13932, 0.15418): False
2024-02-12 13:16:28.729644: I Analyzed pair: (0.13932, 0.16148): False
2024-02-12 13:16:28.729644: I Analyzed pair: (0.13932, 0.16518): False
2024-02-12 13:16:28.729644: I Analyzed pair: (0.13932, 0.16415): False
2024-02-12 13:16:28.729644: I Analyzed pair: (0.13932, 0.16189): False
2024-02-12 13:16:28.730643: I Check List: [False, False, False, False, False]
2024-02-12 13:16:34.944926: I Epoch 8/200 loss 16.74278
2024-02-12 13:16:34.944926: I ******************************************
2024-02-12 13:16:34.945927: I Analyzed pair: (0.15418, 0.16148): False
2024-02-12 13:16:34.945927: I Analyzed pair: (0.15418, 0.16518): False
2024-02-12 13:16:34.945927: I Analyzed pair: (0.15418, 0.16415): False
2024-02-12 13:16:34.946927: I Analyzed pair: (0.15418, 0.16189): False
2024-02-12 13:16:34.946927: I Analyzed pair: (0.15418, 0.16752): False
2024-02-12 13:16:34.946927: I Check List: [False, False, False, False, False]
2024-02-12 13:16:41.408606: I Epoch 9/200 loss 11.25891
2024-02-12 13:16:41.408606: I Analyzed pair: (0.16148, 0.16518): False
2024-02-12 13:16:41.409606: I Analyzed pair: (0.16148, 0.16415): False
2024-02-12 13:16:41.409606: I Analyzed pair: (0.16148, 0.16189): False
2024-02-12 13:16:41.409606: I Analyzed pair: (0.16148, 0.16752): False
2024-02-12 13:16:41.409606: I Analyzed pair: (0.16148, 0.16682): False
2024-02-12 13:16:41.410606: I Check List: [False, False, False, False, False]
2024-02-12 13:16:47.296317: I Epoch 10/200 loss 8.42967
2024-02-12 13:16:47.296317: I ******************************************
2024-02-12 13:16:47.297318: I Analyzed pair: (0.16518, 0.16415): True
2024-02-12 13:16:47.297318: I Analyzed pair: (0.16518, 0.16189): True
2024-02-12 13:16:47.297318: I Analyzed pair: (0.16518, 0.16752): False
2024-02-12 13:16:47.298317: I Analyzed pair: (0.16518, 0.16682): False
2024-02-12 13:16:47.298317: I Analyzed pair: (0.16518, 0.1715): False
2024-02-12 13:16:47.298317: I Check List: [True, True, False, False, False]
2024-02-12 13:16:53.235987: I Epoch 11/200 loss 6.39217
2024-02-12 13:16:53.235987: I ******************************************
2024-02-12 13:16:53.236989: I Analyzed pair: (0.16415, 0.16189): True
2024-02-12 13:16:53.236989: I Analyzed pair: (0.16415, 0.16752): False
2024-02-12 13:16:53.236989: I Analyzed pair: (0.16415, 0.16682): False
2024-02-12 13:16:53.237988: I Analyzed pair: (0.16415, 0.1715): False
2024-02-12 13:16:53.237988: I Analyzed pair: (0.16415, 0.17212): False
2024-02-12 13:16:53.237988: I Check List: [True, False, False, False, False]
2024-02-12 13:16:59.084684: I Epoch 12/200 loss 4.93657
2024-02-12 13:16:59.085686: I ******************************************
2024-02-12 13:16:59.085686: I Analyzed pair: (0.16189, 0.16752): False
2024-02-12 13:16:59.085686: I Analyzed pair: (0.16189, 0.16682): False
2024-02-12 13:16:59.086685: I Analyzed pair: (0.16189, 0.1715): False
2024-02-12 13:16:59.086685: I Analyzed pair: (0.16189, 0.17212): False
2024-02-12 13:16:59.086685: I Analyzed pair: (0.16189, 0.17379): False
2024-02-12 13:16:59.086685: I Check List: [False, False, False, False, False]
2024-02-12 13:17:05.419342: I Epoch 13/200 loss 3.93777
2024-02-12 13:17:05.419342: I Analyzed pair: (0.16752, 0.16682): True
2024-02-12 13:17:05.420341: I Analyzed pair: (0.16752, 0.1715): False
2024-02-12 13:17:05.420341: I Analyzed pair: (0.16752, 0.17212): False
2024-02-12 13:17:05.420341: I Analyzed pair: (0.16752, 0.17379): False
2024-02-12 13:17:05.420341: I Analyzed pair: (0.16752, 0.17145): False
2024-02-12 13:17:05.421340: I Check List: [True, False, False, False, False]
2024-02-12 13:17:11.749958: I Epoch 14/200 loss 3.30192
2024-02-12 13:17:11.750957: I ******************************************
2024-02-12 13:17:11.751959: I Analyzed pair: (0.16682, 0.1715): False
2024-02-12 13:17:11.751959: I Analyzed pair: (0.16682, 0.17212): False
2024-02-12 13:17:11.751959: I Analyzed pair: (0.16682, 0.17379): False
2024-02-12 13:17:11.751959: I Analyzed pair: (0.16682, 0.17145): False
2024-02-12 13:17:11.752959: I Analyzed pair: (0.16682, 0.17418): False
2024-02-12 13:17:11.752959: I Check List: [False, False, False, False, False]
2024-02-12 13:17:17.902091: I Epoch 15/200 loss 2.59254
2024-02-12 13:17:17.903090: I Analyzed pair: (0.1715, 0.17212): False
2024-02-12 13:17:17.903090: I Analyzed pair: (0.1715, 0.17379): False
2024-02-12 13:17:17.903090: I Analyzed pair: (0.1715, 0.17145): True
2024-02-12 13:17:17.903090: I Analyzed pair: (0.1715, 0.17418): False
2024-02-12 13:17:17.904089: I Analyzed pair: (0.1715, 0.16804): True
2024-02-12 13:17:17.904089: I Check List: [False, False, True, False, True]
2024-02-12 13:17:24.379217: I Epoch 16/200 loss 2.19482
2024-02-12 13:17:24.380217: I Analyzed pair: (0.17212, 0.17379): False
2024-02-12 13:17:24.380217: I Analyzed pair: (0.17212, 0.17145): True
2024-02-12 13:17:24.380217: I Analyzed pair: (0.17212, 0.17418): False
2024-02-12 13:17:24.381217: I Analyzed pair: (0.17212, 0.16804): True
2024-02-12 13:17:24.381217: I Analyzed pair: (0.17212, 0.17141): True
2024-02-12 13:17:24.381217: I Check List: [False, True, False, True, True]
2024-02-12 13:17:30.300418: I Epoch 17/200 loss 1.74943
2024-02-12 13:17:30.301418: I Analyzed pair: (0.17379, 0.17145): True
2024-02-12 13:17:30.301418: I Analyzed pair: (0.17379, 0.17418): False
2024-02-12 13:17:30.302419: I Analyzed pair: (0.17379, 0.16804): True
2024-02-12 13:17:30.302419: I Analyzed pair: (0.17379, 0.17141): True
2024-02-12 13:17:30.302419: I Analyzed pair: (0.17379, 0.16867): True
2024-02-12 13:17:30.303419: I Check List: [True, False, True, True, True]
2024-02-12 13:17:36.311655: I Epoch 18/200 loss 1.44449
2024-02-12 13:17:36.312655: I Analyzed pair: (0.17145, 0.17418): False
2024-02-12 13:17:36.312655: I Analyzed pair: (0.17145, 0.16804): True
2024-02-12 13:17:36.313656: I Analyzed pair: (0.17145, 0.17141): True
2024-02-12 13:17:36.313656: I Analyzed pair: (0.17145, 0.16867): True
2024-02-12 13:17:36.313656: I Analyzed pair: (0.17145, 0.17298): False
2024-02-12 13:17:36.313656: I Check List: [False, True, True, True, False]
2024-02-12 13:17:42.676444: I Epoch 19/200 loss 1.24246
2024-02-12 13:17:42.677444: I Analyzed pair: (0.17418, 0.16804): True
2024-02-12 13:17:42.677444: I Analyzed pair: (0.17418, 0.17141): True
2024-02-12 13:17:42.677444: I Analyzed pair: (0.17418, 0.16867): True
2024-02-12 13:17:42.677444: I Analyzed pair: (0.17418, 0.17298): True
2024-02-12 13:17:42.678445: I Analyzed pair: (0.17418, 0.17275): True
2024-02-12 13:17:42.678445: I Check List: [True, True, True, True, True]
2024-02-12 13:17:42.678445: I Met Early Stopping conditions: logger: <Logger EarlyStopping (DEBUG)>, validation_metric: nDCGRendle2020, validation_k: 10, cutoffs: [10], simple_metrics: ['nDCGRendle2020'], monitor: nDCGRendle2020@10, patience: 5, mode: max, metric_k: 10, metric: nDCGRendle2020, verbose: True, active: True
