2024-02-12 13:05:45.672283: I Loading parameters
2024-02-12 13:05:45.672283: I Parameter lr set to 0.002411993489896946
2024-02-12 13:05:45.672283: I Parameter factors set to 256
2024-02-12 13:05:45.673285: I Parameter l_w set to 0.003023263429458794
2024-02-12 13:05:45.673285: I Parameter n_layers set to 3
2024-02-12 13:05:51.619406: I Epoch 1/200 loss 15681.01216
2024-02-12 13:05:51.619406: I ******************************************
2024-02-12 13:05:58.036512: I Epoch 2/200 loss 1598.62513
2024-02-12 13:05:58.037513: I ******************************************
2024-02-12 13:06:04.171110: I Epoch 3/200 loss 396.89348
2024-02-12 13:06:04.172110: I ******************************************
2024-02-12 13:06:09.974313: I Epoch 4/200 loss 155.41227
2024-02-12 13:06:09.974313: I ******************************************
2024-02-12 13:06:16.397894: I Epoch 5/200 loss 75.36689
2024-02-12 13:06:16.397894: I ******************************************
2024-02-12 13:06:22.574516: I Epoch 6/200 loss 41.10555
2024-02-12 13:06:22.574516: I Analyzed pair: (0.1093, 0.13932): False
2024-02-12 13:06:22.574516: I Analyzed pair: (0.1093, 0.15418): False
2024-02-12 13:06:22.575516: I Analyzed pair: (0.1093, 0.16148): False
2024-02-12 13:06:22.575516: I Analyzed pair: (0.1093, 0.16518): False
2024-02-12 13:06:22.575516: I Analyzed pair: (0.1093, 0.16415): False
2024-02-12 13:06:22.575516: I Check List: [False, False, False, False, False]
2024-02-12 13:06:28.781730: I Epoch 7/200 loss 24.65314
2024-02-12 13:06:28.782731: I Analyzed pair: (0.13932, 0.15418): False
2024-02-12 13:06:28.782731: I Analyzed pair: (0.13932, 0.16148): False
2024-02-12 13:06:28.782731: I Analyzed pair: (0.13932, 0.16518): False
2024-02-12 13:06:28.783731: I Analyzed pair: (0.13932, 0.16415): False
2024-02-12 13:06:28.783731: I Analyzed pair: (0.13932, 0.16189): False
2024-02-12 13:06:28.783731: I Check List: [False, False, False, False, False]
2024-02-12 13:06:35.207623: I Epoch 8/200 loss 16.74278
2024-02-12 13:06:35.208623: I ******************************************
2024-02-12 13:06:35.208623: I Analyzed pair: (0.15418, 0.16148): False
2024-02-12 13:06:35.209624: I Analyzed pair: (0.15418, 0.16518): False
2024-02-12 13:06:35.209624: I Analyzed pair: (0.15418, 0.16415): False
2024-02-12 13:06:35.209624: I Analyzed pair: (0.15418, 0.16189): False
2024-02-12 13:06:35.209624: I Analyzed pair: (0.15418, 0.16752): False
2024-02-12 13:06:35.209624: I Check List: [False, False, False, False, False]
2024-02-12 13:06:41.187343: I Epoch 9/200 loss 11.25891
2024-02-12 13:06:41.188345: I Analyzed pair: (0.16148, 0.16518): False
2024-02-12 13:06:41.188345: I Analyzed pair: (0.16148, 0.16415): False
2024-02-12 13:06:41.188345: I Analyzed pair: (0.16148, 0.16189): False
2024-02-12 13:06:41.189345: I Analyzed pair: (0.16148, 0.16752): False
2024-02-12 13:06:41.189345: I Analyzed pair: (0.16148, 0.16682): False
2024-02-12 13:06:41.189345: I Check List: [False, False, False, False, False]
2024-02-12 13:06:47.454055: I Epoch 10/200 loss 8.42967
2024-02-12 13:06:47.454055: I ******************************************
2024-02-12 13:06:47.455056: I Analyzed pair: (0.16518, 0.16415): True
2024-02-12 13:06:47.455056: I Analyzed pair: (0.16518, 0.16189): True
2024-02-12 13:06:47.456055: I Analyzed pair: (0.16518, 0.16752): False
2024-02-12 13:06:47.456055: I Analyzed pair: (0.16518, 0.16682): False
2024-02-12 13:06:47.456055: I Analyzed pair: (0.16518, 0.1715): False
2024-02-12 13:06:47.456055: I Check List: [True, True, False, False, False]
2024-02-12 13:06:53.518760: I Epoch 11/200 loss 6.39217
2024-02-12 13:06:53.519762: I ******************************************
2024-02-12 13:06:53.519762: I Analyzed pair: (0.16415, 0.16189): True
2024-02-12 13:06:53.519762: I Analyzed pair: (0.16415, 0.16752): False
2024-02-12 13:06:53.520761: I Analyzed pair: (0.16415, 0.16682): False
2024-02-12 13:06:53.520761: I Analyzed pair: (0.16415, 0.1715): False
2024-02-12 13:06:53.520761: I Analyzed pair: (0.16415, 0.17212): False
2024-02-12 13:06:53.521763: I Check List: [True, False, False, False, False]
2024-02-12 13:06:59.787947: I Epoch 12/200 loss 4.93657
2024-02-12 13:06:59.788947: I ******************************************
2024-02-12 13:06:59.788947: I Analyzed pair: (0.16189, 0.16752): False
2024-02-12 13:06:59.788947: I Analyzed pair: (0.16189, 0.16682): False
2024-02-12 13:06:59.788947: I Analyzed pair: (0.16189, 0.1715): False
2024-02-12 13:06:59.789948: I Analyzed pair: (0.16189, 0.17212): False
2024-02-12 13:06:59.789948: I Analyzed pair: (0.16189, 0.17379): False
2024-02-12 13:06:59.789948: I Check List: [False, False, False, False, False]
2024-02-12 13:07:06.232599: I Epoch 13/200 loss 3.93777
2024-02-12 13:07:06.233600: I Analyzed pair: (0.16752, 0.16682): True
2024-02-12 13:07:06.233600: I Analyzed pair: (0.16752, 0.1715): False
2024-02-12 13:07:06.233600: I Analyzed pair: (0.16752, 0.17212): False
2024-02-12 13:07:06.233600: I Analyzed pair: (0.16752, 0.17379): False
2024-02-12 13:07:06.234600: I Analyzed pair: (0.16752, 0.17145): False
2024-02-12 13:07:06.234600: I Check List: [True, False, False, False, False]
2024-02-12 13:07:12.481731: I Epoch 14/200 loss 3.30192
2024-02-12 13:07:12.482734: I ******************************************
2024-02-12 13:07:12.482734: I Analyzed pair: (0.16682, 0.1715): False
2024-02-12 13:07:12.482734: I Analyzed pair: (0.16682, 0.17212): False
2024-02-12 13:07:12.483735: I Analyzed pair: (0.16682, 0.17379): False
2024-02-12 13:07:12.483735: I Analyzed pair: (0.16682, 0.17145): False
2024-02-12 13:07:12.483735: I Analyzed pair: (0.16682, 0.17418): False
2024-02-12 13:07:12.483735: I Check List: [False, False, False, False, False]
2024-02-12 13:07:18.587435: I Epoch 15/200 loss 2.59254
2024-02-12 13:07:18.588438: I Analyzed pair: (0.1715, 0.17212): False
2024-02-12 13:07:18.588438: I Analyzed pair: (0.1715, 0.17379): False
2024-02-12 13:07:18.589435: I Analyzed pair: (0.1715, 0.17145): True
2024-02-12 13:07:18.589435: I Analyzed pair: (0.1715, 0.17418): False
2024-02-12 13:07:18.589435: I Analyzed pair: (0.1715, 0.16804): True
2024-02-12 13:07:18.589435: I Check List: [False, False, True, False, True]
2024-02-12 13:07:25.029138: I Epoch 16/200 loss 2.19482
2024-02-12 13:07:25.029138: I Analyzed pair: (0.17212, 0.17379): False
2024-02-12 13:07:25.030137: I Analyzed pair: (0.17212, 0.17145): True
2024-02-12 13:07:25.030137: I Analyzed pair: (0.17212, 0.17418): False
2024-02-12 13:07:25.030137: I Analyzed pair: (0.17212, 0.16804): True
2024-02-12 13:07:25.030137: I Analyzed pair: (0.17212, 0.17141): True
2024-02-12 13:07:25.031138: I Check List: [False, True, False, True, True]
2024-02-12 13:07:30.834339: I Epoch 17/200 loss 1.74943
2024-02-12 13:07:30.834339: I Analyzed pair: (0.17379, 0.17145): True
2024-02-12 13:07:30.834339: I Analyzed pair: (0.17379, 0.17418): False
2024-02-12 13:07:30.835341: I Analyzed pair: (0.17379, 0.16804): True
2024-02-12 13:07:30.835341: I Analyzed pair: (0.17379, 0.17141): True
2024-02-12 13:07:30.835341: I Analyzed pair: (0.17379, 0.16867): True
2024-02-12 13:07:30.835341: I Check List: [True, False, True, True, True]
2024-02-12 13:07:36.959946: I Epoch 18/200 loss 1.44449
2024-02-12 13:07:36.959946: I Analyzed pair: (0.17145, 0.17418): False
2024-02-12 13:07:36.959946: I Analyzed pair: (0.17145, 0.16804): True
2024-02-12 13:07:36.960948: I Analyzed pair: (0.17145, 0.17141): True
2024-02-12 13:07:36.960948: I Analyzed pair: (0.17145, 0.16867): True
2024-02-12 13:07:36.960948: I Analyzed pair: (0.17145, 0.17298): False
2024-02-12 13:07:36.961947: I Check List: [False, True, True, True, False]
2024-02-12 13:07:43.588436: I Epoch 19/200 loss 1.24246
2024-02-12 13:07:43.588436: I Analyzed pair: (0.17418, 0.16804): True
2024-02-12 13:07:43.589434: I Analyzed pair: (0.17418, 0.17141): True
2024-02-12 13:07:43.589434: I Analyzed pair: (0.17418, 0.16867): True
2024-02-12 13:07:43.589434: I Analyzed pair: (0.17418, 0.17298): True
2024-02-12 13:07:43.589434: I Analyzed pair: (0.17418, 0.17275): True
2024-02-12 13:07:43.589434: I Check List: [True, True, True, True, True]
2024-02-12 13:07:43.590435: I Met Early Stopping conditions: logger: <Logger EarlyStopping (DEBUG)>, validation_metric: nDCGRendle2020, validation_k: 10, cutoffs: [10], simple_metrics: ['nDCGRendle2020'], monitor: nDCGRendle2020@10, patience: 5, mode: max, metric_k: 10, metric: nDCGRendle2020, verbose: True, active: True
