2024-02-12 12:13:22.803855: I Loading parameters
2024-02-12 12:13:22.804854: I Parameter lr set to 0.002411993489896946
2024-02-12 12:13:22.804854: I Parameter factors set to 256
2024-02-12 12:13:22.804854: I Parameter l_w set to 0.003023263429458794
2024-02-12 12:13:22.805856: I Parameter n_layers set to 3
2024-02-12 12:13:29.012148: I Epoch 1/200 loss 15681.01209
2024-02-12 12:13:29.013149: I ******************************************
2024-02-12 12:13:35.184776: I Epoch 2/200 loss 1598.62513
2024-02-12 12:13:35.185778: I ******************************************
2024-02-12 12:13:41.569878: I Epoch 3/200 loss 396.89348
2024-02-12 12:13:41.569878: I ******************************************
2024-02-12 12:13:47.686479: I Epoch 4/200 loss 155.41227
2024-02-12 12:13:47.686479: I ******************************************
2024-02-12 12:13:53.564121: I Epoch 5/200 loss 75.36689
2024-02-12 12:13:53.564121: I ******************************************
2024-02-12 12:13:59.338332: I Epoch 6/200 loss 41.10555
2024-02-12 12:13:59.338332: I Analyzed pair: (0.1093, 0.13932): False
2024-02-12 12:13:59.338332: I Analyzed pair: (0.1093, 0.15418): False
2024-02-12 12:13:59.339331: I Analyzed pair: (0.1093, 0.16148): False
2024-02-12 12:13:59.339331: I Analyzed pair: (0.1093, 0.16518): False
2024-02-12 12:13:59.339331: I Analyzed pair: (0.1093, 0.16415): False
2024-02-12 12:13:59.340332: I Check List: [False, False, False, False, False]
2024-02-12 12:14:05.497069: I Epoch 7/200 loss 24.65314
2024-02-12 12:14:05.498070: I Analyzed pair: (0.13932, 0.15418): False
2024-02-12 12:14:05.498070: I Analyzed pair: (0.13932, 0.16148): False
2024-02-12 12:14:05.498070: I Analyzed pair: (0.13932, 0.16518): False
2024-02-12 12:14:05.499070: I Analyzed pair: (0.13932, 0.16415): False
2024-02-12 12:14:05.499070: I Analyzed pair: (0.13932, 0.16189): False
2024-02-12 12:14:05.499070: I Check List: [False, False, False, False, False]
2024-02-12 12:14:11.485366: I Epoch 8/200 loss 16.74278
2024-02-12 12:14:11.485366: I ******************************************
2024-02-12 12:14:11.486368: I Analyzed pair: (0.15418, 0.16148): False
2024-02-12 12:14:11.486368: I Analyzed pair: (0.15418, 0.16518): False
2024-02-12 12:14:11.486368: I Analyzed pair: (0.15418, 0.16415): False
2024-02-12 12:14:11.487367: I Analyzed pair: (0.15418, 0.16189): False
2024-02-12 12:14:11.487367: I Analyzed pair: (0.15418, 0.16752): False
2024-02-12 12:14:11.487367: I Check List: [False, False, False, False, False]
2024-02-12 12:14:17.309140: I Epoch 9/200 loss 11.25891
2024-02-12 12:14:17.309140: I Analyzed pair: (0.16148, 0.16518): False
2024-02-12 12:14:17.309140: I Analyzed pair: (0.16148, 0.16415): False
2024-02-12 12:14:17.310139: I Analyzed pair: (0.16148, 0.16189): False
2024-02-12 12:14:17.310139: I Analyzed pair: (0.16148, 0.16752): False
2024-02-12 12:14:17.310139: I Analyzed pair: (0.16148, 0.16682): False
2024-02-12 12:14:17.310139: I Check List: [False, False, False, False, False]
2024-02-12 12:14:23.047917: I Epoch 10/200 loss 8.42967
2024-02-12 12:14:23.048918: I ******************************************
2024-02-12 12:14:23.048918: I Analyzed pair: (0.16518, 0.16415): True
2024-02-12 12:14:23.048918: I Analyzed pair: (0.16518, 0.16189): True
2024-02-12 12:14:23.049917: I Analyzed pair: (0.16518, 0.16752): False
2024-02-12 12:14:23.049917: I Analyzed pair: (0.16518, 0.16682): False
2024-02-12 12:14:23.049917: I Analyzed pair: (0.16518, 0.1715): False
2024-02-12 12:14:23.049917: I Check List: [True, True, False, False, False]
2024-02-12 12:14:29.467119: I Epoch 11/200 loss 6.39217
2024-02-12 12:14:29.467119: I ******************************************
2024-02-12 12:14:29.468120: I Analyzed pair: (0.16415, 0.16189): True
2024-02-12 12:14:29.468120: I Analyzed pair: (0.16415, 0.16752): False
2024-02-12 12:14:29.468120: I Analyzed pair: (0.16415, 0.16682): False
2024-02-12 12:14:29.469120: I Analyzed pair: (0.16415, 0.1715): False
2024-02-12 12:14:29.469120: I Analyzed pair: (0.16415, 0.17212): False
2024-02-12 12:14:29.469120: I Check List: [True, False, False, False, False]
2024-02-12 12:14:35.584745: I Epoch 12/200 loss 4.93657
2024-02-12 12:14:35.584745: I ******************************************
2024-02-12 12:14:35.584745: I Analyzed pair: (0.16189, 0.16752): False
2024-02-12 12:14:35.585748: I Analyzed pair: (0.16189, 0.16682): False
2024-02-12 12:14:35.585748: I Analyzed pair: (0.16189, 0.1715): False
2024-02-12 12:14:35.585748: I Analyzed pair: (0.16189, 0.17212): False
2024-02-12 12:14:35.586748: I Analyzed pair: (0.16189, 0.17379): False
2024-02-12 12:14:35.586748: I Check List: [False, False, False, False, False]
2024-02-12 12:14:41.720936: I Epoch 13/200 loss 3.93777
2024-02-12 12:14:41.720936: I Analyzed pair: (0.16752, 0.16682): True
2024-02-12 12:14:41.721936: I Analyzed pair: (0.16752, 0.1715): False
2024-02-12 12:14:41.721936: I Analyzed pair: (0.16752, 0.17212): False
2024-02-12 12:14:41.721936: I Analyzed pair: (0.16752, 0.17379): False
2024-02-12 12:14:41.721936: I Analyzed pair: (0.16752, 0.17145): False
2024-02-12 12:14:41.722935: I Check List: [True, False, False, False, False]
2024-02-12 12:14:47.563137: I Epoch 14/200 loss 3.30192
2024-02-12 12:14:47.563137: I ******************************************
2024-02-12 12:14:47.564139: I Analyzed pair: (0.16682, 0.1715): False
2024-02-12 12:14:47.564139: I Analyzed pair: (0.16682, 0.17212): False
2024-02-12 12:14:47.564139: I Analyzed pair: (0.16682, 0.17379): False
2024-02-12 12:14:47.565139: I Analyzed pair: (0.16682, 0.17145): False
2024-02-12 12:14:47.565139: I Analyzed pair: (0.16682, 0.17418): False
2024-02-12 12:14:47.565139: I Check List: [False, False, False, False, False]
2024-02-12 12:14:53.499773: I Epoch 15/200 loss 2.59254
2024-02-12 12:14:53.499773: I Analyzed pair: (0.1715, 0.17212): False
2024-02-12 12:14:53.500774: I Analyzed pair: (0.1715, 0.17379): False
2024-02-12 12:14:53.500774: I Analyzed pair: (0.1715, 0.17145): True
2024-02-12 12:14:53.500774: I Analyzed pair: (0.1715, 0.17418): False
2024-02-12 12:14:53.501775: I Analyzed pair: (0.1715, 0.16804): True
2024-02-12 12:14:53.501775: I Check List: [False, False, True, False, True]
2024-02-12 12:14:59.334442: I Epoch 16/200 loss 2.19482
2024-02-12 12:14:59.334442: I Analyzed pair: (0.17212, 0.17379): False
2024-02-12 12:14:59.335445: I Analyzed pair: (0.17212, 0.17145): True
2024-02-12 12:14:59.335445: I Analyzed pair: (0.17212, 0.17418): False
2024-02-12 12:14:59.335445: I Analyzed pair: (0.17212, 0.16804): True
2024-02-12 12:14:59.336445: I Analyzed pair: (0.17212, 0.17141): True
2024-02-12 12:14:59.336445: I Check List: [False, True, False, True, True]
2024-02-12 12:15:05.716125: I Epoch 17/200 loss 1.74943
2024-02-12 12:15:05.716628: I Analyzed pair: (0.17379, 0.17145): True
2024-02-12 12:15:05.716628: I Analyzed pair: (0.17379, 0.17418): False
2024-02-12 12:15:05.716628: I Analyzed pair: (0.17379, 0.16804): True
2024-02-12 12:15:05.716628: I Analyzed pair: (0.17379, 0.17141): True
2024-02-12 12:15:05.717631: I Analyzed pair: (0.17379, 0.16867): True
2024-02-12 12:15:05.717631: I Check List: [True, False, True, True, True]
2024-02-12 12:15:11.843309: I Epoch 18/200 loss 1.44449
2024-02-12 12:15:11.843309: I Analyzed pair: (0.17145, 0.17418): False
2024-02-12 12:15:11.844310: I Analyzed pair: (0.17145, 0.16804): True
2024-02-12 12:15:11.844310: I Analyzed pair: (0.17145, 0.17141): True
2024-02-12 12:15:11.844310: I Analyzed pair: (0.17145, 0.16867): True
2024-02-12 12:15:11.844310: I Analyzed pair: (0.17145, 0.17298): False
2024-02-12 12:15:11.844310: I Check List: [False, True, True, True, False]
2024-02-12 12:15:18.157999: I Epoch 19/200 loss 1.24246
2024-02-12 12:15:18.157999: I Analyzed pair: (0.17418, 0.16804): True
2024-02-12 12:15:18.157999: I Analyzed pair: (0.17418, 0.17141): True
2024-02-12 12:15:18.159000: I Analyzed pair: (0.17418, 0.16867): True
2024-02-12 12:15:18.159000: I Analyzed pair: (0.17418, 0.17298): True
2024-02-12 12:15:18.159000: I Analyzed pair: (0.17418, 0.17275): True
2024-02-12 12:15:18.159000: I Check List: [True, True, True, True, True]
2024-02-12 12:15:18.160000: I Met Early Stopping conditions: logger: <Logger EarlyStopping (DEBUG)>, validation_metric: nDCGRendle2020, validation_k: 10, cutoffs: [10], simple_metrics: ['nDCGRendle2020'], monitor: nDCGRendle2020@10, patience: 5, mode: max, metric_k: 10, metric: nDCGRendle2020, verbose: True, active: True
