2024-02-24 15:43:02.850302: I Loading parameters
2024-02-24 15:43:02.850302: I Parameter factors set to 512
2024-02-24 15:43:02.851306: I Parameter lr set to 0.00024828109391337706
2024-02-24 15:43:02.851306: I Parameter l_w set to 0.041968799109630556
2024-02-24 15:43:06.012224: I Epoch 1/200 loss 113.18832
2024-02-24 15:43:06.013224: I ******************************************
2024-02-24 15:43:09.033085: I Epoch 2/200 loss 27.73127
2024-02-24 15:43:09.033085: I ******************************************
2024-02-24 15:43:12.075742: I Epoch 3/200 loss 12.09025
2024-02-24 15:43:12.075742: I ******************************************
2024-02-24 15:43:15.071158: I Epoch 4/200 loss 6.65139
2024-02-24 15:43:15.072158: I ******************************************
2024-02-24 15:43:18.169997: I Epoch 5/200 loss 4.13091
2024-02-24 15:43:18.169997: I ******************************************
2024-02-24 15:43:21.209920: I Epoch 6/200 loss 2.74681
2024-02-24 15:43:21.210925: I ******************************************
2024-02-24 15:43:21.211926: I Analyzed pair: (0.00277, 0.00456): False
2024-02-24 15:43:21.211926: I Analyzed pair: (0.00277, 0.02456): False
2024-02-24 15:43:21.211926: I Analyzed pair: (0.00277, 0.06767): False
2024-02-24 15:43:21.211926: I Analyzed pair: (0.00277, 0.09561): False
2024-02-24 15:43:21.213431: I Analyzed pair: (0.00277, 0.11296): False
2024-02-24 15:43:21.213431: I Check List: [False, False, False, False, False]
2024-02-24 15:43:24.251831: I Epoch 7/200 loss 1.90555
2024-02-24 15:43:24.251831: I ******************************************
2024-02-24 15:43:24.252833: I Analyzed pair: (0.00456, 0.02456): False
2024-02-24 15:43:24.252833: I Analyzed pair: (0.00456, 0.06767): False
2024-02-24 15:43:24.252833: I Analyzed pair: (0.00456, 0.09561): False
2024-02-24 15:43:24.253833: I Analyzed pair: (0.00456, 0.11296): False
2024-02-24 15:43:24.253833: I Analyzed pair: (0.00456, 0.11982): False
2024-02-24 15:43:24.253833: I Check List: [False, False, False, False, False]
2024-02-24 15:43:27.294964: I Epoch 8/200 loss 1.36807
2024-02-24 15:43:27.295964: I ******************************************
2024-02-24 15:43:27.295964: I Analyzed pair: (0.02456, 0.06767): False
2024-02-24 15:43:27.295964: I Analyzed pair: (0.02456, 0.09561): False
2024-02-24 15:43:27.296965: I Analyzed pair: (0.02456, 0.11296): False
2024-02-24 15:43:27.296965: I Analyzed pair: (0.02456, 0.11982): False
2024-02-24 15:43:27.296965: I Analyzed pair: (0.02456, 0.12339): False
2024-02-24 15:43:27.296965: I Check List: [False, False, False, False, False]
2024-02-24 15:43:30.323058: I Epoch 9/200 loss 1.01021
2024-02-24 15:43:30.324058: I ******************************************
2024-02-24 15:43:30.325060: I Analyzed pair: (0.06767, 0.09561): False
2024-02-24 15:43:30.325060: I Analyzed pair: (0.06767, 0.11296): False
2024-02-24 15:43:30.325060: I Analyzed pair: (0.06767, 0.11982): False
2024-02-24 15:43:30.326060: I Analyzed pair: (0.06767, 0.12339): False
2024-02-24 15:43:30.326060: I Analyzed pair: (0.06767, 0.12656): False
2024-02-24 15:43:30.326060: I Check List: [False, False, False, False, False]
2024-02-24 15:43:33.394651: I Epoch 10/200 loss 0.76736
2024-02-24 15:43:33.395654: I ******************************************
2024-02-24 15:43:33.395654: I Analyzed pair: (0.09561, 0.11296): False
2024-02-24 15:43:33.396652: I Analyzed pair: (0.09561, 0.11982): False
2024-02-24 15:43:33.396652: I Analyzed pair: (0.09561, 0.12339): False
2024-02-24 15:43:33.396652: I Analyzed pair: (0.09561, 0.12656): False
2024-02-24 15:43:33.396652: I Analyzed pair: (0.09561, 0.13076): False
2024-02-24 15:43:33.396652: I Check List: [False, False, False, False, False]
2024-02-24 15:43:36.414101: I Epoch 11/200 loss 0.59930
2024-02-24 15:43:36.415103: I ******************************************
2024-02-24 15:43:36.415103: I Analyzed pair: (0.11296, 0.11982): False
2024-02-24 15:43:36.416102: I Analyzed pair: (0.11296, 0.12339): False
2024-02-24 15:43:36.416102: I Analyzed pair: (0.11296, 0.12656): False
2024-02-24 15:43:36.416102: I Analyzed pair: (0.11296, 0.13076): False
2024-02-24 15:43:36.416102: I Analyzed pair: (0.11296, 0.13543): False
2024-02-24 15:43:36.417101: I Check List: [False, False, False, False, False]
2024-02-24 15:43:39.521091: I Epoch 12/200 loss 0.47717
2024-02-24 15:43:39.522090: I ******************************************
2024-02-24 15:43:39.522090: I Analyzed pair: (0.11982, 0.12339): False
2024-02-24 15:43:39.523093: I Analyzed pair: (0.11982, 0.12656): False
2024-02-24 15:43:39.523093: I Analyzed pair: (0.11982, 0.13076): False
2024-02-24 15:43:39.523093: I Analyzed pair: (0.11982, 0.13543): False
2024-02-24 15:43:39.524092: I Analyzed pair: (0.11982, 0.13888): False
2024-02-24 15:43:39.524092: I Check List: [False, False, False, False, False]
2024-02-24 15:43:42.512676: I Epoch 13/200 loss 0.39069
2024-02-24 15:43:42.512676: I ******************************************
2024-02-24 15:43:42.513676: I Analyzed pair: (0.12339, 0.12656): False
2024-02-24 15:43:42.513676: I Analyzed pair: (0.12339, 0.13076): False
2024-02-24 15:43:42.513676: I Analyzed pair: (0.12339, 0.13543): False
2024-02-24 15:43:42.514677: I Analyzed pair: (0.12339, 0.13888): False
2024-02-24 15:43:42.514677: I Analyzed pair: (0.12339, 0.14196): False
2024-02-24 15:43:42.514677: I Check List: [False, False, False, False, False]
2024-02-24 15:43:45.566293: I Epoch 14/200 loss 0.32449
2024-02-24 15:43:45.567799: I ******************************************
2024-02-24 15:43:45.568805: I Analyzed pair: (0.12656, 0.13076): False
2024-02-24 15:43:45.568805: I Analyzed pair: (0.12656, 0.13543): False
2024-02-24 15:43:45.568805: I Analyzed pair: (0.12656, 0.13888): False
2024-02-24 15:43:45.569806: I Analyzed pair: (0.12656, 0.14196): False
2024-02-24 15:43:45.569806: I Analyzed pair: (0.12656, 0.14517): False
2024-02-24 15:43:45.570811: I Check List: [False, False, False, False, False]
2024-02-24 15:43:48.576110: I Epoch 15/200 loss 0.27394
2024-02-24 15:43:48.576110: I ******************************************
2024-02-24 15:43:48.577110: I Analyzed pair: (0.13076, 0.13543): False
2024-02-24 15:43:48.577110: I Analyzed pair: (0.13076, 0.13888): False
2024-02-24 15:43:48.578112: I Analyzed pair: (0.13076, 0.14196): False
2024-02-24 15:43:48.578112: I Analyzed pair: (0.13076, 0.14517): False
2024-02-24 15:43:48.578617: I Analyzed pair: (0.13076, 0.14868): False
2024-02-24 15:43:48.578617: I Check List: [False, False, False, False, False]
2024-02-24 15:43:51.577684: I Epoch 16/200 loss 0.23509
2024-02-24 15:43:51.578690: I ******************************************
2024-02-24 15:43:51.578690: I Analyzed pair: (0.13543, 0.13888): False
2024-02-24 15:43:51.579689: I Analyzed pair: (0.13543, 0.14196): False
2024-02-24 15:43:51.579689: I Analyzed pair: (0.13543, 0.14517): False
2024-02-24 15:43:51.579689: I Analyzed pair: (0.13543, 0.14868): False
2024-02-24 15:43:51.579689: I Analyzed pair: (0.13543, 0.14989): False
2024-02-24 15:43:51.580693: I Check List: [False, False, False, False, False]
2024-02-24 15:43:54.639669: I Epoch 17/200 loss 0.20333
2024-02-24 15:43:54.639669: I ******************************************
2024-02-24 15:43:54.640673: I Analyzed pair: (0.13888, 0.14196): False
2024-02-24 15:43:54.640673: I Analyzed pair: (0.13888, 0.14517): False
2024-02-24 15:43:54.640673: I Analyzed pair: (0.13888, 0.14868): False
2024-02-24 15:43:54.641674: I Analyzed pair: (0.13888, 0.14989): False
2024-02-24 15:43:54.641674: I Analyzed pair: (0.13888, 0.15104): False
2024-02-24 15:43:54.641674: I Check List: [False, False, False, False, False]
2024-02-24 15:43:57.636357: I Epoch 18/200 loss 0.17817
2024-02-24 15:43:57.636357: I ******************************************
2024-02-24 15:43:57.636357: I Analyzed pair: (0.14196, 0.14517): False
2024-02-24 15:43:57.636357: I Analyzed pair: (0.14196, 0.14868): False
2024-02-24 15:43:57.637862: I Analyzed pair: (0.14196, 0.14989): False
2024-02-24 15:43:57.637862: I Analyzed pair: (0.14196, 0.15104): False
2024-02-24 15:43:57.637862: I Analyzed pair: (0.14196, 0.15286): False
2024-02-24 15:43:57.637862: I Check List: [False, False, False, False, False]
2024-02-24 15:44:00.641128: I Epoch 19/200 loss 0.15732
2024-02-24 15:44:00.642128: I ******************************************
2024-02-24 15:44:00.642128: I Analyzed pair: (0.14517, 0.14868): False
2024-02-24 15:44:00.643128: I Analyzed pair: (0.14517, 0.14989): False
2024-02-24 15:44:00.643128: I Analyzed pair: (0.14517, 0.15104): False
2024-02-24 15:44:00.643128: I Analyzed pair: (0.14517, 0.15286): False
2024-02-24 15:44:00.643128: I Analyzed pair: (0.14517, 0.1542): False
2024-02-24 15:44:00.644127: I Check List: [False, False, False, False, False]
2024-02-24 15:44:03.720447: I Epoch 20/200 loss 0.14023
2024-02-24 15:44:03.720447: I ******************************************
2024-02-24 15:44:03.721447: I Analyzed pair: (0.14868, 0.14989): False
2024-02-24 15:44:03.721447: I Analyzed pair: (0.14868, 0.15104): False
2024-02-24 15:44:03.721447: I Analyzed pair: (0.14868, 0.15286): False
2024-02-24 15:44:03.722447: I Analyzed pair: (0.14868, 0.1542): False
2024-02-24 15:44:03.722447: I Analyzed pair: (0.14868, 0.15604): False
2024-02-24 15:44:03.722447: I Check List: [False, False, False, False, False]
2024-02-24 15:44:06.726871: I Epoch 21/200 loss 0.12549
2024-02-24 15:44:06.726871: I Analyzed pair: (0.14989, 0.15104): False
2024-02-24 15:44:06.727871: I Analyzed pair: (0.14989, 0.15286): False
2024-02-24 15:44:06.727871: I Analyzed pair: (0.14989, 0.1542): False
2024-02-24 15:44:06.728374: I Analyzed pair: (0.14989, 0.15604): False
2024-02-24 15:44:06.728374: I Analyzed pair: (0.14989, 0.15502): False
2024-02-24 15:44:06.728374: I Check List: [False, False, False, False, False]
2024-02-24 15:44:09.752798: I Epoch 22/200 loss 0.11372
2024-02-24 15:44:09.752798: I Analyzed pair: (0.15104, 0.15286): False
2024-02-24 15:44:09.752798: I Analyzed pair: (0.15104, 0.1542): False
2024-02-24 15:44:09.753799: I Analyzed pair: (0.15104, 0.15604): False
2024-02-24 15:44:09.753799: I Analyzed pair: (0.15104, 0.15502): False
2024-02-24 15:44:09.753799: I Analyzed pair: (0.15104, 0.15391): False
2024-02-24 15:44:09.753799: I Check List: [False, False, False, False, False]
2024-02-24 15:44:12.789183: I Epoch 23/200 loss 0.10291
2024-02-24 15:44:12.789183: I ******************************************
2024-02-24 15:44:12.790184: I Analyzed pair: (0.15286, 0.1542): False
2024-02-24 15:44:12.790184: I Analyzed pair: (0.15286, 0.15604): False
2024-02-24 15:44:12.790184: I Analyzed pair: (0.15286, 0.15502): False
2024-02-24 15:44:12.791190: I Analyzed pair: (0.15286, 0.15391): False
2024-02-24 15:44:12.791190: I Analyzed pair: (0.15286, 0.15663): False
2024-02-24 15:44:12.791190: I Check List: [False, False, False, False, False]
2024-02-24 15:44:15.797730: I Epoch 24/200 loss 0.09389
2024-02-24 15:44:15.798236: I Analyzed pair: (0.1542, 0.15604): False
2024-02-24 15:44:15.798236: I Analyzed pair: (0.1542, 0.15502): False
2024-02-24 15:44:15.799241: I Analyzed pair: (0.1542, 0.15391): True
2024-02-24 15:44:15.799241: I Analyzed pair: (0.1542, 0.15663): False
2024-02-24 15:44:15.799241: I Analyzed pair: (0.1542, 0.15643): False
2024-02-24 15:44:15.799241: I Check List: [False, False, True, False, False]
2024-02-24 15:44:18.801088: I Epoch 25/200 loss 0.08557
2024-02-24 15:44:18.802088: I ******************************************
2024-02-24 15:44:18.802088: I Analyzed pair: (0.15604, 0.15502): True
2024-02-24 15:44:18.802088: I Analyzed pair: (0.15604, 0.15391): True
2024-02-24 15:44:18.803089: I Analyzed pair: (0.15604, 0.15663): False
2024-02-24 15:44:18.803089: I Analyzed pair: (0.15604, 0.15643): False
2024-02-24 15:44:18.803089: I Analyzed pair: (0.15604, 0.15781): False
2024-02-24 15:44:18.804090: I Check List: [True, True, False, False, False]
2024-02-24 15:44:21.841235: I Epoch 26/200 loss 0.07849
2024-02-24 15:44:21.842234: I ******************************************
2024-02-24 15:44:21.842234: I Analyzed pair: (0.15502, 0.15391): True
2024-02-24 15:44:21.843235: I Analyzed pair: (0.15502, 0.15663): False
2024-02-24 15:44:21.843235: I Analyzed pair: (0.15502, 0.15643): False
2024-02-24 15:44:21.843235: I Analyzed pair: (0.15502, 0.15781): False
2024-02-24 15:44:21.843235: I Analyzed pair: (0.15502, 0.15966): False
2024-02-24 15:44:21.844234: I Check List: [True, False, False, False, False]
2024-02-24 15:44:24.858457: I Epoch 27/200 loss 0.07212
2024-02-24 15:44:24.858457: I Analyzed pair: (0.15391, 0.15663): False
2024-02-24 15:44:24.859461: I Analyzed pair: (0.15391, 0.15643): False
2024-02-24 15:44:24.859461: I Analyzed pair: (0.15391, 0.15781): False
2024-02-24 15:44:24.860466: I Analyzed pair: (0.15391, 0.15966): False
2024-02-24 15:44:24.860466: I Analyzed pair: (0.15391, 0.15928): False
2024-02-24 15:44:24.860466: I Check List: [False, False, False, False, False]
2024-02-24 15:44:27.876483: I Epoch 28/200 loss 0.06679
2024-02-24 15:44:27.876483: I Analyzed pair: (0.15663, 0.15643): True
2024-02-24 15:44:27.876483: I Analyzed pair: (0.15663, 0.15781): False
2024-02-24 15:44:27.876483: I Analyzed pair: (0.15663, 0.15966): False
2024-02-24 15:44:27.876483: I Analyzed pair: (0.15663, 0.15928): False
2024-02-24 15:44:27.877988: I Analyzed pair: (0.15663, 0.1591): False
2024-02-24 15:44:27.877988: I Check List: [True, False, False, False, False]
2024-02-24 15:44:30.894916: I Epoch 29/200 loss 0.06266
2024-02-24 15:44:30.894916: I Analyzed pair: (0.15643, 0.15781): False
2024-02-24 15:44:30.895917: I Analyzed pair: (0.15643, 0.15966): False
2024-02-24 15:44:30.895917: I Analyzed pair: (0.15643, 0.15928): False
2024-02-24 15:44:30.895917: I Analyzed pair: (0.15643, 0.1591): False
2024-02-24 15:44:30.896918: I Analyzed pair: (0.15643, 0.15907): False
2024-02-24 15:44:30.896918: I Check List: [False, False, False, False, False]
2024-02-24 15:44:33.965909: I Epoch 30/200 loss 0.05764
2024-02-24 15:44:33.966911: I ******************************************
2024-02-24 15:44:33.966911: I Analyzed pair: (0.15781, 0.15966): False
2024-02-24 15:44:33.966911: I Analyzed pair: (0.15781, 0.15928): False
2024-02-24 15:44:33.966911: I Analyzed pair: (0.15781, 0.1591): False
2024-02-24 15:44:33.967910: I Analyzed pair: (0.15781, 0.15907): False
2024-02-24 15:44:33.967910: I Analyzed pair: (0.15781, 0.15981): False
2024-02-24 15:44:33.968413: I Check List: [False, False, False, False, False]
2024-02-24 15:44:37.054089: I Epoch 31/200 loss 0.05379
2024-02-24 15:44:37.054089: I ******************************************
2024-02-24 15:44:37.055090: I Analyzed pair: (0.15966, 0.15928): True
2024-02-24 15:44:37.055090: I Analyzed pair: (0.15966, 0.1591): True
2024-02-24 15:44:37.055090: I Analyzed pair: (0.15966, 0.15907): True
2024-02-24 15:44:37.056090: I Analyzed pair: (0.15966, 0.15981): False
2024-02-24 15:44:37.056090: I Analyzed pair: (0.15966, 0.16088): False
2024-02-24 15:44:37.056090: I Check List: [True, True, True, False, False]
2024-02-24 15:44:40.108717: I Epoch 32/200 loss 0.05032
2024-02-24 15:44:40.108717: I ******************************************
2024-02-24 15:44:40.109720: I Analyzed pair: (0.15928, 0.1591): True
2024-02-24 15:44:40.109720: I Analyzed pair: (0.15928, 0.15907): True
2024-02-24 15:44:40.109720: I Analyzed pair: (0.15928, 0.15981): False
2024-02-24 15:44:40.110722: I Analyzed pair: (0.15928, 0.16088): False
2024-02-24 15:44:40.110722: I Analyzed pair: (0.15928, 0.1618): False
2024-02-24 15:44:40.110722: I Check List: [True, True, False, False, False]
2024-02-24 15:44:43.246773: I Epoch 33/200 loss 0.04727
2024-02-24 15:44:43.246773: I Analyzed pair: (0.1591, 0.15907): True
2024-02-24 15:44:43.247775: I Analyzed pair: (0.1591, 0.15981): False
2024-02-24 15:44:43.248279: I Analyzed pair: (0.1591, 0.16088): False
2024-02-24 15:44:43.248279: I Analyzed pair: (0.1591, 0.1618): False
2024-02-24 15:44:43.248279: I Analyzed pair: (0.1591, 0.16162): False
2024-02-24 15:44:43.248279: I Check List: [True, False, False, False, False]
2024-02-24 15:44:46.287924: I Epoch 34/200 loss 0.04432
2024-02-24 15:44:46.288427: I Analyzed pair: (0.15907, 0.15981): False
2024-02-24 15:44:46.288427: I Analyzed pair: (0.15907, 0.16088): False
2024-02-24 15:44:46.289433: I Analyzed pair: (0.15907, 0.1618): False
2024-02-24 15:44:46.289433: I Analyzed pair: (0.15907, 0.16162): False
2024-02-24 15:44:46.289433: I Analyzed pair: (0.15907, 0.16077): False
2024-02-24 15:44:46.289433: I Check List: [False, False, False, False, False]
2024-02-24 15:44:49.322351: I Epoch 35/200 loss 0.04178
2024-02-24 15:44:49.323350: I Analyzed pair: (0.15981, 0.16088): False
2024-02-24 15:44:49.323350: I Analyzed pair: (0.15981, 0.1618): False
2024-02-24 15:44:49.323350: I Analyzed pair: (0.15981, 0.16162): False
2024-02-24 15:44:49.324351: I Analyzed pair: (0.15981, 0.16077): False
2024-02-24 15:44:49.324351: I Analyzed pair: (0.15981, 0.16177): False
2024-02-24 15:44:49.324351: I Check List: [False, False, False, False, False]
2024-02-24 15:44:52.331483: I Epoch 36/200 loss 0.03923
2024-02-24 15:44:52.332485: I Analyzed pair: (0.16088, 0.1618): False
2024-02-24 15:44:52.333485: I Analyzed pair: (0.16088, 0.16162): False
2024-02-24 15:44:52.333485: I Analyzed pair: (0.16088, 0.16077): True
2024-02-24 15:44:52.333485: I Analyzed pair: (0.16088, 0.16177): False
2024-02-24 15:44:52.333485: I Analyzed pair: (0.16088, 0.16128): False
2024-02-24 15:44:52.334484: I Check List: [False, False, True, False, False]
2024-02-24 15:44:55.359315: I Epoch 37/200 loss 0.03719
2024-02-24 15:44:55.359315: I ******************************************
2024-02-24 15:44:55.360320: I Analyzed pair: (0.1618, 0.16162): True
2024-02-24 15:44:55.360320: I Analyzed pair: (0.1618, 0.16077): True
2024-02-24 15:44:55.360320: I Analyzed pair: (0.1618, 0.16177): True
2024-02-24 15:44:55.360320: I Analyzed pair: (0.1618, 0.16128): True
2024-02-24 15:44:55.361320: I Analyzed pair: (0.1618, 0.1629): False
2024-02-24 15:44:55.361320: I Check List: [True, True, True, True, False]
2024-02-24 15:44:58.391149: I Epoch 38/200 loss 0.03514
2024-02-24 15:44:58.392149: I ******************************************
2024-02-24 15:44:58.392149: I Analyzed pair: (0.16162, 0.16077): True
2024-02-24 15:44:58.392149: I Analyzed pair: (0.16162, 0.16177): False
2024-02-24 15:44:58.393148: I Analyzed pair: (0.16162, 0.16128): True
2024-02-24 15:44:58.393148: I Analyzed pair: (0.16162, 0.1629): False
2024-02-24 15:44:58.393148: I Analyzed pair: (0.16162, 0.16315): False
2024-02-24 15:44:58.393148: I Check List: [True, False, True, False, False]
2024-02-24 15:45:01.491945: I Epoch 39/200 loss 0.03317
2024-02-24 15:45:01.491945: I Analyzed pair: (0.16077, 0.16177): False
2024-02-24 15:45:01.492945: I Analyzed pair: (0.16077, 0.16128): False
2024-02-24 15:45:01.492945: I Analyzed pair: (0.16077, 0.1629): False
2024-02-24 15:45:01.492945: I Analyzed pair: (0.16077, 0.16315): False
2024-02-24 15:45:01.493947: I Analyzed pair: (0.16077, 0.16244): False
2024-02-24 15:45:01.493947: I Check List: [False, False, False, False, False]
2024-02-24 15:45:04.501379: I Epoch 40/200 loss 0.03145
2024-02-24 15:45:04.501379: I ******************************************
2024-02-24 15:45:04.502381: I Analyzed pair: (0.16177, 0.16128): True
2024-02-24 15:45:04.502381: I Analyzed pair: (0.16177, 0.1629): False
2024-02-24 15:45:04.502381: I Analyzed pair: (0.16177, 0.16315): False
2024-02-24 15:45:04.503380: I Analyzed pair: (0.16177, 0.16244): False
2024-02-24 15:45:04.503380: I Analyzed pair: (0.16177, 0.16474): False
2024-02-24 15:45:04.503380: I Check List: [True, False, False, False, False]
2024-02-24 15:45:07.561332: I Epoch 41/200 loss 0.02996
2024-02-24 15:45:07.562333: I ******************************************
2024-02-24 15:45:07.562333: I Analyzed pair: (0.16128, 0.1629): False
2024-02-24 15:45:07.563334: I Analyzed pair: (0.16128, 0.16315): False
2024-02-24 15:45:07.563334: I Analyzed pair: (0.16128, 0.16244): False
2024-02-24 15:45:07.563334: I Analyzed pair: (0.16128, 0.16474): False
2024-02-24 15:45:07.564335: I Analyzed pair: (0.16128, 0.16499): False
2024-02-24 15:45:07.564335: I Check List: [False, False, False, False, False]
2024-02-24 15:45:10.645490: I Epoch 42/200 loss 0.02856
2024-02-24 15:45:10.645490: I ******************************************
2024-02-24 15:45:10.646489: I Analyzed pair: (0.1629, 0.16315): False
2024-02-24 15:45:10.646489: I Analyzed pair: (0.1629, 0.16244): True
2024-02-24 15:45:10.646489: I Analyzed pair: (0.1629, 0.16474): False
2024-02-24 15:45:10.646489: I Analyzed pair: (0.1629, 0.16499): False
2024-02-24 15:45:10.647489: I Analyzed pair: (0.1629, 0.16643): False
2024-02-24 15:45:10.647489: I Check List: [False, True, False, False, False]
2024-02-24 15:45:13.667741: I Epoch 43/200 loss 0.02703
2024-02-24 15:45:13.668745: I Analyzed pair: (0.16315, 0.16244): True
2024-02-24 15:45:13.668745: I Analyzed pair: (0.16315, 0.16474): False
2024-02-24 15:45:13.668745: I Analyzed pair: (0.16315, 0.16499): False
2024-02-24 15:45:13.669745: I Analyzed pair: (0.16315, 0.16643): False
2024-02-24 15:45:13.669745: I Analyzed pair: (0.16315, 0.1658): False
2024-02-24 15:45:13.669745: I Check List: [True, False, False, False, False]
2024-02-24 15:45:16.745591: I Epoch 44/200 loss 0.02578
2024-02-24 15:45:16.745591: I Analyzed pair: (0.16244, 0.16474): False
2024-02-24 15:45:16.745591: I Analyzed pair: (0.16244, 0.16499): False
2024-02-24 15:45:16.746591: I Analyzed pair: (0.16244, 0.16643): False
2024-02-24 15:45:16.746591: I Analyzed pair: (0.16244, 0.1658): False
2024-02-24 15:45:16.746591: I Analyzed pair: (0.16244, 0.16527): False
2024-02-24 15:45:16.746591: I Check List: [False, False, False, False, False]
2024-02-24 15:45:19.774551: I Epoch 45/200 loss 0.02469
2024-02-24 15:45:19.775550: I Analyzed pair: (0.16474, 0.16499): False
2024-02-24 15:45:19.775550: I Analyzed pair: (0.16474, 0.16643): False
2024-02-24 15:45:19.776552: I Analyzed pair: (0.16474, 0.1658): False
2024-02-24 15:45:19.776552: I Analyzed pair: (0.16474, 0.16527): False
2024-02-24 15:45:19.776552: I Analyzed pair: (0.16474, 0.16538): False
2024-02-24 15:45:19.776552: I Check List: [False, False, False, False, False]
2024-02-24 15:45:22.780593: I Epoch 46/200 loss 0.02366
2024-02-24 15:45:22.780593: I ******************************************
2024-02-24 15:45:22.780593: I Analyzed pair: (0.16499, 0.16643): False
2024-02-24 15:45:22.781593: I Analyzed pair: (0.16499, 0.1658): False
2024-02-24 15:45:22.781593: I Analyzed pair: (0.16499, 0.16527): False
2024-02-24 15:45:22.781593: I Analyzed pair: (0.16499, 0.16538): False
2024-02-24 15:45:22.782592: I Analyzed pair: (0.16499, 0.16717): False
2024-02-24 15:45:22.782592: I Check List: [False, False, False, False, False]
2024-02-24 15:45:25.856376: I Epoch 47/200 loss 0.02255
2024-02-24 15:45:25.857378: I Analyzed pair: (0.16643, 0.1658): True
2024-02-24 15:45:25.857881: I Analyzed pair: (0.16643, 0.16527): True
2024-02-24 15:45:25.857881: I Analyzed pair: (0.16643, 0.16538): True
2024-02-24 15:45:25.857881: I Analyzed pair: (0.16643, 0.16717): False
2024-02-24 15:45:25.857881: I Analyzed pair: (0.16643, 0.16601): True
2024-02-24 15:45:25.858892: I Check List: [True, True, True, False, True]
2024-02-24 15:45:28.873947: I Epoch 48/200 loss 0.02158
2024-02-24 15:45:28.873947: I ******************************************
2024-02-24 15:45:28.874946: I Analyzed pair: (0.1658, 0.16527): True
2024-02-24 15:45:28.874946: I Analyzed pair: (0.1658, 0.16538): True
2024-02-24 15:45:28.874946: I Analyzed pair: (0.1658, 0.16717): False
2024-02-24 15:45:28.874946: I Analyzed pair: (0.1658, 0.16601): False
2024-02-24 15:45:28.875948: I Analyzed pair: (0.1658, 0.16776): False
2024-02-24 15:45:28.875948: I Check List: [True, True, False, False, False]
2024-02-24 15:45:31.950641: I Epoch 49/200 loss 0.02071
2024-02-24 15:45:31.951641: I ******************************************
2024-02-24 15:45:31.951641: I Analyzed pair: (0.16527, 0.16538): False
2024-02-24 15:45:31.951641: I Analyzed pair: (0.16527, 0.16717): False
2024-02-24 15:45:31.951641: I Analyzed pair: (0.16527, 0.16601): False
2024-02-24 15:45:31.952641: I Analyzed pair: (0.16527, 0.16776): False
2024-02-24 15:45:31.952641: I Analyzed pair: (0.16527, 0.17005): False
2024-02-24 15:45:31.952641: I Check List: [False, False, False, False, False]
2024-02-24 15:45:34.999560: I Epoch 50/200 loss 0.01985
2024-02-24 15:45:34.999560: I ******************************************
2024-02-24 15:45:35.000562: I Analyzed pair: (0.16538, 0.16717): False
2024-02-24 15:45:35.000562: I Analyzed pair: (0.16538, 0.16601): False
2024-02-24 15:45:35.000562: I Analyzed pair: (0.16538, 0.16776): False
2024-02-24 15:45:35.001564: I Analyzed pair: (0.16538, 0.17005): False
2024-02-24 15:45:35.001564: I Analyzed pair: (0.16538, 0.17153): False
2024-02-24 15:45:35.001564: I Check List: [False, False, False, False, False]
2024-02-24 15:45:38.010129: I Epoch 51/200 loss 0.01909
2024-02-24 15:45:38.011130: I Analyzed pair: (0.16717, 0.16601): True
2024-02-24 15:45:38.011130: I Analyzed pair: (0.16717, 0.16776): False
2024-02-24 15:45:38.011130: I Analyzed pair: (0.16717, 0.17005): False
2024-02-24 15:45:38.012130: I Analyzed pair: (0.16717, 0.17153): False
2024-02-24 15:45:38.012130: I Analyzed pair: (0.16717, 0.17087): False
2024-02-24 15:45:38.012130: I Check List: [True, False, False, False, False]
2024-02-24 15:45:41.077871: I Epoch 52/200 loss 0.01836
2024-02-24 15:45:41.078877: I Analyzed pair: (0.16601, 0.16776): False
2024-02-24 15:45:41.078877: I Analyzed pair: (0.16601, 0.17005): False
2024-02-24 15:45:41.078877: I Analyzed pair: (0.16601, 0.17153): False
2024-02-24 15:45:41.078877: I Analyzed pair: (0.16601, 0.17087): False
2024-02-24 15:45:41.079882: I Analyzed pair: (0.16601, 0.17013): False
2024-02-24 15:45:41.079882: I Check List: [False, False, False, False, False]
2024-02-24 15:45:44.094860: I Epoch 53/200 loss 0.01760
2024-02-24 15:45:44.094860: I Analyzed pair: (0.16776, 0.17005): False
2024-02-24 15:45:44.094860: I Analyzed pair: (0.16776, 0.17153): False
2024-02-24 15:45:44.095860: I Analyzed pair: (0.16776, 0.17087): False
2024-02-24 15:45:44.095860: I Analyzed pair: (0.16776, 0.17013): False
2024-02-24 15:45:44.095860: I Analyzed pair: (0.16776, 0.16852): False
2024-02-24 15:45:44.095860: I Check List: [False, False, False, False, False]
2024-02-24 15:45:47.132626: I Epoch 54/200 loss 0.01692
2024-02-24 15:45:47.133626: I Analyzed pair: (0.17005, 0.17153): False
2024-02-24 15:45:47.133626: I Analyzed pair: (0.17005, 0.17087): False
2024-02-24 15:45:47.133626: I Analyzed pair: (0.17005, 0.17013): False
2024-02-24 15:45:47.134628: I Analyzed pair: (0.17005, 0.16852): True
2024-02-24 15:45:47.134628: I Analyzed pair: (0.17005, 0.17153): False
2024-02-24 15:45:47.134628: I Check List: [False, False, False, True, False]
2024-02-24 15:45:50.161652: I Epoch 55/200 loss 0.01626
2024-02-24 15:45:50.161652: I ******************************************
2024-02-24 15:45:50.162654: I Analyzed pair: (0.17153, 0.17087): True
2024-02-24 15:45:50.162654: I Analyzed pair: (0.17153, 0.17013): True
2024-02-24 15:45:50.162654: I Analyzed pair: (0.17153, 0.16852): True
2024-02-24 15:45:50.163654: I Analyzed pair: (0.17153, 0.17153): True
2024-02-24 15:45:50.163654: I Analyzed pair: (0.17153, 0.17318): False
2024-02-24 15:45:50.163654: I Check List: [True, True, True, True, False]
2024-02-24 15:45:53.149587: I Epoch 56/200 loss 0.01572
2024-02-24 15:45:53.150591: I Analyzed pair: (0.17087, 0.17013): True
2024-02-24 15:45:53.150591: I Analyzed pair: (0.17087, 0.16852): True
2024-02-24 15:45:53.150591: I Analyzed pair: (0.17087, 0.17153): False
2024-02-24 15:45:53.150591: I Analyzed pair: (0.17087, 0.17318): False
2024-02-24 15:45:53.151592: I Analyzed pair: (0.17087, 0.17182): False
2024-02-24 15:45:53.151592: I Check List: [True, True, False, False, False]
2024-02-24 15:45:56.159196: I Epoch 57/200 loss 0.01522
2024-02-24 15:45:56.160200: I Analyzed pair: (0.17013, 0.16852): True
2024-02-24 15:45:56.160200: I Analyzed pair: (0.17013, 0.17153): False
2024-02-24 15:45:56.160200: I Analyzed pair: (0.17013, 0.17318): False
2024-02-24 15:45:56.161200: I Analyzed pair: (0.17013, 0.17182): False
2024-02-24 15:45:56.161200: I Analyzed pair: (0.17013, 0.17078): False
2024-02-24 15:45:56.161200: I Check List: [True, False, False, False, False]
2024-02-24 15:45:59.197895: I Epoch 58/200 loss 0.01461
2024-02-24 15:45:59.197895: I Analyzed pair: (0.16852, 0.17153): False
2024-02-24 15:45:59.198899: I Analyzed pair: (0.16852, 0.17318): False
2024-02-24 15:45:59.198899: I Analyzed pair: (0.16852, 0.17182): False
2024-02-24 15:45:59.198899: I Analyzed pair: (0.16852, 0.17078): False
2024-02-24 15:45:59.198899: I Analyzed pair: (0.16852, 0.17124): False
2024-02-24 15:45:59.199903: I Check List: [False, False, False, False, False]
2024-02-24 15:46:02.306062: I Epoch 59/200 loss 0.01411
2024-02-24 15:46:02.306062: I Analyzed pair: (0.17153, 0.17318): False
2024-02-24 15:46:02.306062: I Analyzed pair: (0.17153, 0.17182): False
2024-02-24 15:46:02.306062: I Analyzed pair: (0.17153, 0.17078): True
2024-02-24 15:46:02.307567: I Analyzed pair: (0.17153, 0.17124): True
2024-02-24 15:46:02.307567: I Analyzed pair: (0.17153, 0.17231): False
2024-02-24 15:46:02.307567: I Check List: [False, False, True, True, False]
2024-02-24 15:46:05.303330: I Epoch 60/200 loss 0.01370
2024-02-24 15:46:05.303330: I Analyzed pair: (0.17318, 0.17182): True
2024-02-24 15:46:05.304334: I Analyzed pair: (0.17318, 0.17078): True
2024-02-24 15:46:05.304334: I Analyzed pair: (0.17318, 0.17124): True
2024-02-24 15:46:05.304334: I Analyzed pair: (0.17318, 0.17231): True
2024-02-24 15:46:05.305334: I Analyzed pair: (0.17318, 0.17236): True
2024-02-24 15:46:05.305334: I Check List: [True, True, True, True, True]
2024-02-24 15:46:05.305334: I Met Early Stopping conditions: logger: <Logger EarlyStopping (DEBUG)>, validation_metric: nDCGRendle2020, validation_k: 10, cutoffs: [10], simple_metrics: ['nDCGRendle2020'], monitor: nDCGRendle2020@10, patience: 5, mode: max, metric_k: 10, metric: nDCGRendle2020, verbose: True, active: True
