2024-02-22 13:51:36.268535: I Loading parameters
2024-02-22 13:51:36.268535: I Parameter factors set to 512
2024-02-22 13:51:36.269537: I Parameter lr set to 0.00024828109391337706
2024-02-22 13:51:36.269537: I Parameter l_w set to 0.041968799109630556
2024-02-22 13:51:37.421659: I Epoch 1/200 loss 112.41590
2024-02-22 13:51:37.422657: I ******************************************
2024-02-22 13:51:38.283251: I Epoch 2/200 loss 27.60174
2024-02-22 13:51:38.284252: I ******************************************
2024-02-22 13:51:39.287364: I Epoch 3/200 loss 12.05746
2024-02-22 13:51:39.287364: I ******************************************
2024-02-22 13:51:40.126448: I Epoch 4/200 loss 6.67629
2024-02-22 13:51:40.127447: I ******************************************
2024-02-22 13:51:40.997039: I Epoch 5/200 loss 4.20475
2024-02-22 13:51:40.998039: I ******************************************
2024-02-22 13:51:41.851124: I Epoch 6/200 loss 2.87286
2024-02-22 13:51:41.851124: I ******************************************
2024-02-22 13:51:41.852124: I Analyzed pair: (0.00374, 0.00378): False
2024-02-22 13:51:41.852124: I Analyzed pair: (0.00374, 0.00428): False
2024-02-22 13:51:41.852124: I Analyzed pair: (0.00374, 0.00474): False
2024-02-22 13:51:41.852124: I Analyzed pair: (0.00374, 0.00593): False
2024-02-22 13:51:41.853123: I Analyzed pair: (0.00374, 0.00778): False
2024-02-22 13:51:41.853123: I Check List: [False, False, False, False, False]
2024-02-22 13:51:42.726725: I Epoch 7/200 loss 2.07957
2024-02-22 13:51:42.727724: I ******************************************
2024-02-22 13:51:42.727724: I Analyzed pair: (0.00378, 0.00428): False
2024-02-22 13:51:42.727724: I Analyzed pair: (0.00378, 0.00474): False
2024-02-22 13:51:42.728725: I Analyzed pair: (0.00378, 0.00593): False
2024-02-22 13:51:42.728725: I Analyzed pair: (0.00378, 0.00778): False
2024-02-22 13:51:42.728725: I Analyzed pair: (0.00378, 0.01242): False
2024-02-22 13:51:42.728725: I Check List: [False, False, False, False, False]
2024-02-22 13:51:43.581314: I Epoch 8/200 loss 1.56319
2024-02-22 13:51:43.581314: I ******************************************
2024-02-22 13:51:43.582316: I Analyzed pair: (0.00428, 0.00474): False
2024-02-22 13:51:43.582316: I Analyzed pair: (0.00428, 0.00593): False
2024-02-22 13:51:43.582316: I Analyzed pair: (0.00428, 0.00778): False
2024-02-22 13:51:43.582316: I Analyzed pair: (0.00428, 0.01242): False
2024-02-22 13:51:43.582316: I Analyzed pair: (0.00428, 0.01879): False
2024-02-22 13:51:43.583315: I Check List: [False, False, False, False, False]
2024-02-22 13:51:44.471412: I Epoch 9/200 loss 1.21233
2024-02-22 13:51:44.471412: I ******************************************
2024-02-22 13:51:44.472412: I Analyzed pair: (0.00474, 0.00593): False
2024-02-22 13:51:44.472412: I Analyzed pair: (0.00474, 0.00778): False
2024-02-22 13:51:44.472412: I Analyzed pair: (0.00474, 0.01242): False
2024-02-22 13:51:44.473411: I Analyzed pair: (0.00474, 0.01879): False
2024-02-22 13:51:44.473411: I Analyzed pair: (0.00474, 0.02739): False
2024-02-22 13:51:44.473411: I Check List: [False, False, False, False, False]
2024-02-22 13:51:45.352001: I Epoch 10/200 loss 0.96282
2024-02-22 13:51:45.352001: I ******************************************
2024-02-22 13:51:45.354003: I Analyzed pair: (0.00593, 0.00778): False
2024-02-22 13:51:45.354003: I Analyzed pair: (0.00593, 0.01242): False
2024-02-22 13:51:45.354003: I Analyzed pair: (0.00593, 0.01879): False
2024-02-22 13:51:45.355003: I Analyzed pair: (0.00593, 0.02739): False
2024-02-22 13:51:45.355003: I Analyzed pair: (0.00593, 0.03774): False
2024-02-22 13:51:45.355003: I Check List: [False, False, False, False, False]
2024-02-22 13:51:46.235604: I Epoch 11/200 loss 0.77925
2024-02-22 13:51:46.237606: I ******************************************
2024-02-22 13:51:46.237606: I Analyzed pair: (0.00778, 0.01242): False
2024-02-22 13:51:46.238605: I Analyzed pair: (0.00778, 0.01879): False
2024-02-22 13:51:46.238605: I Analyzed pair: (0.00778, 0.02739): False
2024-02-22 13:51:46.238605: I Analyzed pair: (0.00778, 0.03774): False
2024-02-22 13:51:46.239604: I Analyzed pair: (0.00778, 0.04957): False
2024-02-22 13:51:46.239604: I Check List: [False, False, False, False, False]
2024-02-22 13:51:47.133205: I Epoch 12/200 loss 0.63841
2024-02-22 13:51:47.134206: I ******************************************
2024-02-22 13:51:47.134206: I Analyzed pair: (0.01242, 0.01879): False
2024-02-22 13:51:47.134206: I Analyzed pair: (0.01242, 0.02739): False
2024-02-22 13:51:47.134206: I Analyzed pair: (0.01242, 0.03774): False
2024-02-22 13:51:47.135207: I Analyzed pair: (0.01242, 0.04957): False
2024-02-22 13:51:47.135207: I Analyzed pair: (0.01242, 0.05623): False
2024-02-22 13:51:47.135207: I Check List: [False, False, False, False, False]
2024-02-22 13:51:48.030803: I Epoch 13/200 loss 0.52926
2024-02-22 13:51:48.039801: I ******************************************
2024-02-22 13:51:48.042801: I Analyzed pair: (0.01879, 0.02739): False
2024-02-22 13:51:48.042801: I Analyzed pair: (0.01879, 0.03774): False
2024-02-22 13:51:48.042801: I Analyzed pair: (0.01879, 0.04957): False
2024-02-22 13:51:48.043802: I Analyzed pair: (0.01879, 0.05623): False
2024-02-22 13:51:48.043802: I Analyzed pair: (0.01879, 0.06272): False
2024-02-22 13:51:48.043802: I Check List: [False, False, False, False, False]
2024-02-22 13:51:48.955401: I Epoch 14/200 loss 0.44190
2024-02-22 13:51:48.955401: I ******************************************
2024-02-22 13:51:48.955401: I Analyzed pair: (0.02739, 0.03774): False
2024-02-22 13:51:48.956401: I Analyzed pair: (0.02739, 0.04957): False
2024-02-22 13:51:48.956401: I Analyzed pair: (0.02739, 0.05623): False
2024-02-22 13:51:48.956401: I Analyzed pair: (0.02739, 0.06272): False
2024-02-22 13:51:48.956401: I Analyzed pair: (0.02739, 0.06663): False
2024-02-22 13:51:48.957401: I Check List: [False, False, False, False, False]
2024-02-22 13:51:49.852000: I Epoch 15/200 loss 0.37526
2024-02-22 13:51:49.852000: I ******************************************
2024-02-22 13:51:49.853002: I Analyzed pair: (0.03774, 0.04957): False
2024-02-22 13:51:49.853002: I Analyzed pair: (0.03774, 0.05623): False
2024-02-22 13:51:49.853002: I Analyzed pair: (0.03774, 0.06272): False
2024-02-22 13:51:49.854004: I Analyzed pair: (0.03774, 0.06663): False
2024-02-22 13:51:49.854004: I Analyzed pair: (0.03774, 0.0692): False
2024-02-22 13:51:49.855003: I Check List: [False, False, False, False, False]
2024-02-22 13:51:50.807118: I Epoch 16/200 loss 0.31969
2024-02-22 13:51:50.807118: I ******************************************
2024-02-22 13:51:50.807118: I Analyzed pair: (0.04957, 0.05623): False
2024-02-22 13:51:50.808117: I Analyzed pair: (0.04957, 0.06272): False
2024-02-22 13:51:50.808117: I Analyzed pair: (0.04957, 0.06663): False
2024-02-22 13:51:50.808117: I Analyzed pair: (0.04957, 0.0692): False
2024-02-22 13:51:50.808117: I Analyzed pair: (0.04957, 0.07233): False
2024-02-22 13:51:50.809116: I Check List: [False, False, False, False, False]
2024-02-22 13:51:51.715711: I Epoch 17/200 loss 0.27497
2024-02-22 13:51:51.715711: I ******************************************
2024-02-22 13:51:51.716712: I Analyzed pair: (0.05623, 0.06272): False
2024-02-22 13:51:51.716712: I Analyzed pair: (0.05623, 0.06663): False
2024-02-22 13:51:51.716712: I Analyzed pair: (0.05623, 0.0692): False
2024-02-22 13:51:51.716712: I Analyzed pair: (0.05623, 0.07233): False
2024-02-22 13:51:51.717711: I Analyzed pair: (0.05623, 0.07555): False
2024-02-22 13:51:51.717711: I Check List: [False, False, False, False, False]
2024-02-22 13:51:52.632302: I Epoch 18/200 loss 0.23763
2024-02-22 13:51:52.633303: I ******************************************
2024-02-22 13:51:52.633303: I Analyzed pair: (0.06272, 0.06663): False
2024-02-22 13:51:52.633303: I Analyzed pair: (0.06272, 0.0692): False
2024-02-22 13:51:52.634304: I Analyzed pair: (0.06272, 0.07233): False
2024-02-22 13:51:52.634304: I Analyzed pair: (0.06272, 0.07555): False
2024-02-22 13:51:52.634304: I Analyzed pair: (0.06272, 0.07754): False
2024-02-22 13:51:52.635303: I Check List: [False, False, False, False, False]
2024-02-22 13:51:53.562896: I Epoch 19/200 loss 0.20745
2024-02-22 13:51:53.562896: I ******************************************
2024-02-22 13:51:53.563898: I Analyzed pair: (0.06663, 0.0692): False
2024-02-22 13:51:53.563898: I Analyzed pair: (0.06663, 0.07233): False
2024-02-22 13:51:53.563898: I Analyzed pair: (0.06663, 0.07555): False
2024-02-22 13:51:53.563898: I Analyzed pair: (0.06663, 0.07754): False
2024-02-22 13:51:53.564897: I Analyzed pair: (0.06663, 0.07923): False
2024-02-22 13:51:53.564897: I Check List: [False, False, False, False, False]
2024-02-22 13:51:54.485002: I Epoch 20/200 loss 0.18319
2024-02-22 13:51:54.485002: I Analyzed pair: (0.0692, 0.07233): False
2024-02-22 13:51:54.485002: I Analyzed pair: (0.0692, 0.07555): False
2024-02-22 13:51:54.486002: I Analyzed pair: (0.0692, 0.07754): False
2024-02-22 13:51:54.486002: I Analyzed pair: (0.0692, 0.07923): False
2024-02-22 13:51:54.486002: I Analyzed pair: (0.0692, 0.07876): False
2024-02-22 13:51:54.487004: I Check List: [False, False, False, False, False]
2024-02-22 13:51:55.416603: I Epoch 21/200 loss 0.16051
2024-02-22 13:51:55.417603: I ******************************************
2024-02-22 13:51:55.417603: I Analyzed pair: (0.07233, 0.07555): False
2024-02-22 13:51:55.418605: I Analyzed pair: (0.07233, 0.07754): False
2024-02-22 13:51:55.418605: I Analyzed pair: (0.07233, 0.07923): False
2024-02-22 13:51:55.418605: I Analyzed pair: (0.07233, 0.07876): False
2024-02-22 13:51:55.419604: I Analyzed pair: (0.07233, 0.07972): False
2024-02-22 13:51:55.419604: I Check List: [False, False, False, False, False]
2024-02-22 13:51:56.356208: I Epoch 22/200 loss 0.14289
2024-02-22 13:51:56.357207: I ******************************************
2024-02-22 13:51:56.357207: I Analyzed pair: (0.07555, 0.07754): False
2024-02-22 13:51:56.357207: I Analyzed pair: (0.07555, 0.07923): False
2024-02-22 13:51:56.358207: I Analyzed pair: (0.07555, 0.07876): False
2024-02-22 13:51:56.358207: I Analyzed pair: (0.07555, 0.07972): False
2024-02-22 13:51:56.358207: I Analyzed pair: (0.07555, 0.0803): False
2024-02-22 13:51:56.358207: I Check List: [False, False, False, False, False]
2024-02-22 13:51:57.332310: I Epoch 23/200 loss 0.12800
2024-02-22 13:51:57.333310: I ******************************************
2024-02-22 13:51:57.333310: I Analyzed pair: (0.07754, 0.07923): False
2024-02-22 13:51:57.333310: I Analyzed pair: (0.07754, 0.07876): False
2024-02-22 13:51:57.334312: I Analyzed pair: (0.07754, 0.07972): False
2024-02-22 13:51:57.334312: I Analyzed pair: (0.07754, 0.0803): False
2024-02-22 13:51:57.334312: I Analyzed pair: (0.07754, 0.08065): False
2024-02-22 13:51:57.334312: I Check List: [False, False, False, False, False]
2024-02-22 13:51:58.271906: I Epoch 24/200 loss 0.11474
2024-02-22 13:51:58.271906: I Analyzed pair: (0.07923, 0.07876): True
2024-02-22 13:51:58.271906: I Analyzed pair: (0.07923, 0.07972): False
2024-02-22 13:51:58.272906: I Analyzed pair: (0.07923, 0.0803): False
2024-02-22 13:51:58.272906: I Analyzed pair: (0.07923, 0.08065): False
2024-02-22 13:51:58.272906: I Analyzed pair: (0.07923, 0.07945): False
2024-02-22 13:51:58.272906: I Check List: [True, False, False, False, False]
2024-02-22 13:51:59.172499: I Epoch 25/200 loss 0.10414
2024-02-22 13:51:59.172499: I ******************************************
2024-02-22 13:51:59.172499: I Analyzed pair: (0.07876, 0.07972): False
2024-02-22 13:51:59.173500: I Analyzed pair: (0.07876, 0.0803): False
2024-02-22 13:51:59.173500: I Analyzed pair: (0.07876, 0.08065): False
2024-02-22 13:51:59.173500: I Analyzed pair: (0.07876, 0.07945): False
2024-02-22 13:51:59.174501: I Analyzed pair: (0.07876, 0.08184): False
2024-02-22 13:51:59.174501: I Check List: [False, False, False, False, False]
2024-02-22 13:52:00.083611: I Epoch 26/200 loss 0.09395
2024-02-22 13:52:00.083611: I ******************************************
2024-02-22 13:52:00.083611: I Analyzed pair: (0.07972, 0.0803): False
2024-02-22 13:52:00.084611: I Analyzed pair: (0.07972, 0.08065): False
2024-02-22 13:52:00.084611: I Analyzed pair: (0.07972, 0.07945): True
2024-02-22 13:52:00.084611: I Analyzed pair: (0.07972, 0.08184): False
2024-02-22 13:52:00.084611: I Analyzed pair: (0.07972, 0.08209): False
2024-02-22 13:52:00.085610: I Check List: [False, False, True, False, False]
2024-02-22 13:52:01.033205: I Epoch 27/200 loss 0.08544
2024-02-22 13:52:01.033205: I Analyzed pair: (0.0803, 0.08065): False
2024-02-22 13:52:01.033205: I Analyzed pair: (0.0803, 0.07945): True
2024-02-22 13:52:01.034207: I Analyzed pair: (0.0803, 0.08184): False
2024-02-22 13:52:01.034207: I Analyzed pair: (0.0803, 0.08209): False
2024-02-22 13:52:01.034207: I Analyzed pair: (0.0803, 0.08174): False
2024-02-22 13:52:01.034207: I Check List: [False, True, False, False, False]
2024-02-22 13:52:01.962802: I Epoch 28/200 loss 0.07870
2024-02-22 13:52:01.963802: I Analyzed pair: (0.08065, 0.07945): True
2024-02-22 13:52:01.963802: I Analyzed pair: (0.08065, 0.08184): False
2024-02-22 13:52:01.963802: I Analyzed pair: (0.08065, 0.08209): False
2024-02-22 13:52:01.964803: I Analyzed pair: (0.08065, 0.08174): False
2024-02-22 13:52:01.964803: I Analyzed pair: (0.08065, 0.08204): False
2024-02-22 13:52:01.964803: I Check List: [True, False, False, False, False]
2024-02-22 13:52:02.888908: I Epoch 29/200 loss 0.07211
2024-02-22 13:52:02.888908: I Analyzed pair: (0.07945, 0.08184): False
2024-02-22 13:52:02.888908: I Analyzed pair: (0.07945, 0.08209): False
2024-02-22 13:52:02.889908: I Analyzed pair: (0.07945, 0.08174): False
2024-02-22 13:52:02.889908: I Analyzed pair: (0.07945, 0.08204): False
2024-02-22 13:52:02.889908: I Analyzed pair: (0.07945, 0.08059): False
2024-02-22 13:52:02.889908: I Check List: [False, False, False, False, False]
2024-02-22 13:52:03.840504: I Epoch 30/200 loss 0.06650
2024-02-22 13:52:03.841503: I Analyzed pair: (0.08184, 0.08209): False
2024-02-22 13:52:03.841503: I Analyzed pair: (0.08184, 0.08174): True
2024-02-22 13:52:03.841503: I Analyzed pair: (0.08184, 0.08204): False
2024-02-22 13:52:03.842505: I Analyzed pair: (0.08184, 0.08059): True
2024-02-22 13:52:03.842505: I Analyzed pair: (0.08184, 0.08074): True
2024-02-22 13:52:03.842505: I Check List: [False, True, False, True, True]
2024-02-22 13:52:04.768102: I Epoch 31/200 loss 0.06184
2024-02-22 13:52:04.768102: I Analyzed pair: (0.08209, 0.08174): True
2024-02-22 13:52:04.768102: I Analyzed pair: (0.08209, 0.08204): True
2024-02-22 13:52:04.769103: I Analyzed pair: (0.08209, 0.08059): True
2024-02-22 13:52:04.769103: I Analyzed pair: (0.08209, 0.08074): True
2024-02-22 13:52:04.769103: I Analyzed pair: (0.08209, 0.07965): True
2024-02-22 13:52:04.770104: I Check List: [True, True, True, True, True]
2024-02-22 13:52:04.770104: I Met Early Stopping conditions: logger: <Logger EarlyStopping (DEBUG)>, validation_metric: nDCGRendle2020, validation_k: 10, cutoffs: [10], simple_metrics: ['nDCGRendle2020'], monitor: nDCGRendle2020@10, patience: 5, mode: max, metric_k: 10, metric: nDCGRendle2020, verbose: True, active: True
