2024-02-22 13:48:24.766465: I Loading parameters
2024-02-22 13:48:24.767466: I Parameter factors set to 512
2024-02-22 13:48:24.767466: I Parameter lr set to 0.00024828109391337706
2024-02-22 13:48:24.767466: I Parameter l_w set to 0.041968799109630556
2024-02-22 13:48:25.927104: I Epoch 1/200 loss 112.41590
2024-02-22 13:48:25.928105: I ******************************************
2024-02-22 13:48:26.808727: I Epoch 2/200 loss 27.60174
2024-02-22 13:48:26.809729: I ******************************************
2024-02-22 13:48:27.829867: I Epoch 3/200 loss 12.05746
2024-02-22 13:48:27.830866: I ******************************************
2024-02-22 13:48:28.666483: I Epoch 4/200 loss 6.67629
2024-02-22 13:48:28.667482: I ******************************************
2024-02-22 13:48:29.531583: I Epoch 5/200 loss 4.20475
2024-02-22 13:48:29.531583: I ******************************************
2024-02-22 13:48:30.531747: I Epoch 6/200 loss 2.87286
2024-02-22 13:48:30.531747: I ******************************************
2024-02-22 13:48:30.532748: I Analyzed pair: (0.00374, 0.00378): False
2024-02-22 13:48:30.532748: I Analyzed pair: (0.00374, 0.00428): False
2024-02-22 13:48:30.532748: I Analyzed pair: (0.00374, 0.00474): False
2024-02-22 13:48:30.532748: I Analyzed pair: (0.00374, 0.00593): False
2024-02-22 13:48:30.533747: I Analyzed pair: (0.00374, 0.00778): False
2024-02-22 13:48:30.533747: I Check List: [False, False, False, False, False]
2024-02-22 13:48:31.547905: I Epoch 7/200 loss 2.07957
2024-02-22 13:48:31.548907: I ******************************************
2024-02-22 13:48:31.548907: I Analyzed pair: (0.00378, 0.00428): False
2024-02-22 13:48:31.549906: I Analyzed pair: (0.00378, 0.00474): False
2024-02-22 13:48:31.549906: I Analyzed pair: (0.00378, 0.00593): False
2024-02-22 13:48:31.549906: I Analyzed pair: (0.00378, 0.00778): False
2024-02-22 13:48:31.549906: I Analyzed pair: (0.00378, 0.01242): False
2024-02-22 13:48:31.550906: I Check List: [False, False, False, False, False]
2024-02-22 13:48:32.500049: I Epoch 8/200 loss 1.56319
2024-02-22 13:48:32.501049: I ******************************************
2024-02-22 13:48:32.501049: I Analyzed pair: (0.00428, 0.00474): False
2024-02-22 13:48:32.502050: I Analyzed pair: (0.00428, 0.00593): False
2024-02-22 13:48:32.502050: I Analyzed pair: (0.00428, 0.00778): False
2024-02-22 13:48:32.502050: I Analyzed pair: (0.00428, 0.01242): False
2024-02-22 13:48:32.502050: I Analyzed pair: (0.00428, 0.01879): False
2024-02-22 13:48:32.503050: I Check List: [False, False, False, False, False]
2024-02-22 13:48:33.447679: I Epoch 9/200 loss 1.21233
2024-02-22 13:48:33.447679: I ******************************************
2024-02-22 13:48:33.448680: I Analyzed pair: (0.00474, 0.00593): False
2024-02-22 13:48:33.448680: I Analyzed pair: (0.00474, 0.00778): False
2024-02-22 13:48:33.448680: I Analyzed pair: (0.00474, 0.01242): False
2024-02-22 13:48:33.449679: I Analyzed pair: (0.00474, 0.01879): False
2024-02-22 13:48:33.449679: I Analyzed pair: (0.00474, 0.02739): False
2024-02-22 13:48:33.449679: I Check List: [False, False, False, False, False]
2024-02-22 13:48:34.376791: I Epoch 10/200 loss 0.96282
2024-02-22 13:48:34.377792: I ******************************************
2024-02-22 13:48:34.377792: I Analyzed pair: (0.00593, 0.00778): False
2024-02-22 13:48:34.377792: I Analyzed pair: (0.00593, 0.01242): False
2024-02-22 13:48:34.377792: I Analyzed pair: (0.00593, 0.01879): False
2024-02-22 13:48:34.378792: I Analyzed pair: (0.00593, 0.02739): False
2024-02-22 13:48:34.378792: I Analyzed pair: (0.00593, 0.03774): False
2024-02-22 13:48:34.378792: I Check List: [False, False, False, False, False]
2024-02-22 13:48:35.279395: I Epoch 11/200 loss 0.77925
2024-02-22 13:48:35.279395: I ******************************************
2024-02-22 13:48:35.280395: I Analyzed pair: (0.00778, 0.01242): False
2024-02-22 13:48:35.280395: I Analyzed pair: (0.00778, 0.01879): False
2024-02-22 13:48:35.280395: I Analyzed pair: (0.00778, 0.02739): False
2024-02-22 13:48:35.280395: I Analyzed pair: (0.00778, 0.03774): False
2024-02-22 13:48:35.281395: I Analyzed pair: (0.00778, 0.04957): False
2024-02-22 13:48:35.281395: I Check List: [False, False, False, False, False]
2024-02-22 13:48:36.177990: I Epoch 12/200 loss 0.63841
2024-02-22 13:48:36.177990: I ******************************************
2024-02-22 13:48:36.177990: I Analyzed pair: (0.01242, 0.01879): False
2024-02-22 13:48:36.178990: I Analyzed pair: (0.01242, 0.02739): False
2024-02-22 13:48:36.178990: I Analyzed pair: (0.01242, 0.03774): False
2024-02-22 13:48:36.178990: I Analyzed pair: (0.01242, 0.04957): False
2024-02-22 13:48:36.178990: I Analyzed pair: (0.01242, 0.05623): False
2024-02-22 13:48:36.179990: I Check List: [False, False, False, False, False]
2024-02-22 13:48:37.110588: I Epoch 13/200 loss 0.52926
2024-02-22 13:48:37.110588: I ******************************************
2024-02-22 13:48:37.110588: I Analyzed pair: (0.01879, 0.02739): False
2024-02-22 13:48:37.111588: I Analyzed pair: (0.01879, 0.03774): False
2024-02-22 13:48:37.111588: I Analyzed pair: (0.01879, 0.04957): False
2024-02-22 13:48:37.111588: I Analyzed pair: (0.01879, 0.05623): False
2024-02-22 13:48:37.111588: I Analyzed pair: (0.01879, 0.06272): False
2024-02-22 13:48:37.112588: I Check List: [False, False, False, False, False]
2024-02-22 13:48:38.046200: I Epoch 14/200 loss 0.44190
2024-02-22 13:48:38.046200: I ******************************************
2024-02-22 13:48:38.047201: I Analyzed pair: (0.02739, 0.03774): False
2024-02-22 13:48:38.047201: I Analyzed pair: (0.02739, 0.04957): False
2024-02-22 13:48:38.047201: I Analyzed pair: (0.02739, 0.05623): False
2024-02-22 13:48:38.047201: I Analyzed pair: (0.02739, 0.06272): False
2024-02-22 13:48:38.048200: I Analyzed pair: (0.02739, 0.06663): False
2024-02-22 13:48:38.048200: I Check List: [False, False, False, False, False]
2024-02-22 13:48:38.974323: I Epoch 15/200 loss 0.37526
2024-02-22 13:48:38.975323: I ******************************************
2024-02-22 13:48:38.975323: I Analyzed pair: (0.03774, 0.04957): False
2024-02-22 13:48:38.975323: I Analyzed pair: (0.03774, 0.05623): False
2024-02-22 13:48:38.976322: I Analyzed pair: (0.03774, 0.06272): False
2024-02-22 13:48:38.976322: I Analyzed pair: (0.03774, 0.06663): False
2024-02-22 13:48:38.976322: I Analyzed pair: (0.03774, 0.0692): False
2024-02-22 13:48:38.976322: I Check List: [False, False, False, False, False]
2024-02-22 13:48:39.912923: I Epoch 16/200 loss 0.31969
2024-02-22 13:48:39.912923: I ******************************************
2024-02-22 13:48:39.913924: I Analyzed pair: (0.04957, 0.05623): False
2024-02-22 13:48:39.913924: I Analyzed pair: (0.04957, 0.06272): False
2024-02-22 13:48:39.913924: I Analyzed pair: (0.04957, 0.06663): False
2024-02-22 13:48:39.913924: I Analyzed pair: (0.04957, 0.0692): False
2024-02-22 13:48:39.914924: I Analyzed pair: (0.04957, 0.07233): False
2024-02-22 13:48:39.914924: I Check List: [False, False, False, False, False]
2024-02-22 13:48:40.956063: I Epoch 17/200 loss 0.27497
2024-02-22 13:48:40.956063: I ******************************************
2024-02-22 13:48:40.957062: I Analyzed pair: (0.05623, 0.06272): False
2024-02-22 13:48:40.957062: I Analyzed pair: (0.05623, 0.06663): False
2024-02-22 13:48:40.957062: I Analyzed pair: (0.05623, 0.0692): False
2024-02-22 13:48:40.958062: I Analyzed pair: (0.05623, 0.07233): False
2024-02-22 13:48:40.958062: I Analyzed pair: (0.05623, 0.07555): False
2024-02-22 13:48:40.958062: I Check List: [False, False, False, False, False]
2024-02-22 13:48:41.937170: I Epoch 18/200 loss 0.23763
2024-02-22 13:48:41.937170: I ******************************************
2024-02-22 13:48:41.938172: I Analyzed pair: (0.06272, 0.06663): False
2024-02-22 13:48:41.939171: I Analyzed pair: (0.06272, 0.0692): False
2024-02-22 13:48:41.939171: I Analyzed pair: (0.06272, 0.07233): False
2024-02-22 13:48:41.939171: I Analyzed pair: (0.06272, 0.07555): False
2024-02-22 13:48:41.939171: I Analyzed pair: (0.06272, 0.07754): False
2024-02-22 13:48:41.940170: I Check List: [False, False, False, False, False]
2024-02-22 13:48:42.922287: I Epoch 19/200 loss 0.20745
2024-02-22 13:48:42.922287: I ******************************************
2024-02-22 13:48:42.923288: I Analyzed pair: (0.06663, 0.0692): False
2024-02-22 13:48:42.923288: I Analyzed pair: (0.06663, 0.07233): False
2024-02-22 13:48:42.923288: I Analyzed pair: (0.06663, 0.07555): False
2024-02-22 13:48:42.923288: I Analyzed pair: (0.06663, 0.07754): False
2024-02-22 13:48:42.923288: I Analyzed pair: (0.06663, 0.07923): False
2024-02-22 13:48:42.924285: I Check List: [False, False, False, False, False]
2024-02-22 13:48:43.895394: I Epoch 20/200 loss 0.18319
2024-02-22 13:48:43.895394: I Analyzed pair: (0.0692, 0.07233): False
2024-02-22 13:48:43.896395: I Analyzed pair: (0.0692, 0.07555): False
2024-02-22 13:48:43.896395: I Analyzed pair: (0.0692, 0.07754): False
2024-02-22 13:48:43.896395: I Analyzed pair: (0.0692, 0.07923): False
2024-02-22 13:48:43.896395: I Analyzed pair: (0.0692, 0.07876): False
2024-02-22 13:48:43.897395: I Check List: [False, False, False, False, False]
2024-02-22 13:48:44.856009: I Epoch 21/200 loss 0.16051
2024-02-22 13:48:44.856009: I ******************************************
2024-02-22 13:48:44.856009: I Analyzed pair: (0.07233, 0.07555): False
2024-02-22 13:48:44.857009: I Analyzed pair: (0.07233, 0.07754): False
2024-02-22 13:48:44.857009: I Analyzed pair: (0.07233, 0.07923): False
2024-02-22 13:48:44.857009: I Analyzed pair: (0.07233, 0.07876): False
2024-02-22 13:48:44.858009: I Analyzed pair: (0.07233, 0.07972): False
2024-02-22 13:48:44.858009: I Check List: [False, False, False, False, False]
2024-02-22 13:48:45.769112: I Epoch 22/200 loss 0.14289
2024-02-22 13:48:45.769112: I ******************************************
2024-02-22 13:48:45.770113: I Analyzed pair: (0.07555, 0.07754): False
2024-02-22 13:48:45.770113: I Analyzed pair: (0.07555, 0.07923): False
2024-02-22 13:48:45.771114: I Analyzed pair: (0.07555, 0.07876): False
2024-02-22 13:48:45.771114: I Analyzed pair: (0.07555, 0.07972): False
2024-02-22 13:48:45.771114: I Analyzed pair: (0.07555, 0.0803): False
2024-02-22 13:48:45.771114: I Check List: [False, False, False, False, False]
2024-02-22 13:48:46.716714: I Epoch 23/200 loss 0.12800
2024-02-22 13:48:46.717713: I ******************************************
2024-02-22 13:48:46.717713: I Analyzed pair: (0.07754, 0.07923): False
2024-02-22 13:48:46.717713: I Analyzed pair: (0.07754, 0.07876): False
2024-02-22 13:48:46.718714: I Analyzed pair: (0.07754, 0.07972): False
2024-02-22 13:48:46.718714: I Analyzed pair: (0.07754, 0.0803): False
2024-02-22 13:48:46.718714: I Analyzed pair: (0.07754, 0.08065): False
2024-02-22 13:48:46.718714: I Check List: [False, False, False, False, False]
2024-02-22 13:48:47.643321: I Epoch 24/200 loss 0.11474
2024-02-22 13:48:47.643321: I Analyzed pair: (0.07923, 0.07876): True
2024-02-22 13:48:47.644323: I Analyzed pair: (0.07923, 0.07972): False
2024-02-22 13:48:47.644323: I Analyzed pair: (0.07923, 0.0803): False
2024-02-22 13:48:47.644323: I Analyzed pair: (0.07923, 0.08065): False
2024-02-22 13:48:47.644323: I Analyzed pair: (0.07923, 0.07945): False
2024-02-22 13:48:47.644323: I Check List: [True, False, False, False, False]
2024-02-22 13:48:48.584431: I Epoch 25/200 loss 0.10414
2024-02-22 13:48:48.585432: I ******************************************
2024-02-22 13:48:48.585432: I Analyzed pair: (0.07876, 0.07972): False
2024-02-22 13:48:48.585432: I Analyzed pair: (0.07876, 0.0803): False
2024-02-22 13:48:48.586432: I Analyzed pair: (0.07876, 0.08065): False
2024-02-22 13:48:48.586432: I Analyzed pair: (0.07876, 0.07945): False
2024-02-22 13:48:48.586432: I Analyzed pair: (0.07876, 0.08184): False
2024-02-22 13:48:48.586432: I Check List: [False, False, False, False, False]
2024-02-22 13:48:49.509037: I Epoch 26/200 loss 0.09395
2024-02-22 13:48:49.509037: I ******************************************
2024-02-22 13:48:49.510038: I Analyzed pair: (0.07972, 0.0803): False
2024-02-22 13:48:49.510038: I Analyzed pair: (0.07972, 0.08065): False
2024-02-22 13:48:49.510038: I Analyzed pair: (0.07972, 0.07945): True
2024-02-22 13:48:49.510038: I Analyzed pair: (0.07972, 0.08184): False
2024-02-22 13:48:49.510038: I Analyzed pair: (0.07972, 0.08209): False
2024-02-22 13:48:49.511037: I Check List: [False, False, True, False, False]
2024-02-22 13:48:50.446641: I Epoch 27/200 loss 0.08544
2024-02-22 13:48:50.447642: I Analyzed pair: (0.0803, 0.08065): False
2024-02-22 13:48:50.447642: I Analyzed pair: (0.0803, 0.07945): True
2024-02-22 13:48:50.447642: I Analyzed pair: (0.0803, 0.08184): False
2024-02-22 13:48:50.447642: I Analyzed pair: (0.0803, 0.08209): False
2024-02-22 13:48:50.448642: I Analyzed pair: (0.0803, 0.08174): False
2024-02-22 13:48:50.448642: I Check List: [False, True, False, False, False]
2024-02-22 13:48:51.446755: I Epoch 28/200 loss 0.07870
2024-02-22 13:48:51.446755: I Analyzed pair: (0.08065, 0.07945): True
2024-02-22 13:48:51.446755: I Analyzed pair: (0.08065, 0.08184): False
2024-02-22 13:48:51.447757: I Analyzed pair: (0.08065, 0.08209): False
2024-02-22 13:48:51.447757: I Analyzed pair: (0.08065, 0.08174): False
2024-02-22 13:48:51.447757: I Analyzed pair: (0.08065, 0.08204): False
2024-02-22 13:48:51.447757: I Check List: [True, False, False, False, False]
2024-02-22 13:48:52.425858: I Epoch 29/200 loss 0.07211
2024-02-22 13:48:52.425858: I Analyzed pair: (0.07945, 0.08184): False
2024-02-22 13:48:52.425858: I Analyzed pair: (0.07945, 0.08209): False
2024-02-22 13:48:52.426857: I Analyzed pair: (0.07945, 0.08174): False
2024-02-22 13:48:52.426857: I Analyzed pair: (0.07945, 0.08204): False
2024-02-22 13:48:52.426857: I Analyzed pair: (0.07945, 0.08059): False
2024-02-22 13:48:52.426857: I Check List: [False, False, False, False, False]
2024-02-22 13:48:53.441972: I Epoch 30/200 loss 0.06650
2024-02-22 13:48:53.441972: I Analyzed pair: (0.08184, 0.08209): False
2024-02-22 13:48:53.441972: I Analyzed pair: (0.08184, 0.08174): True
2024-02-22 13:48:53.442972: I Analyzed pair: (0.08184, 0.08204): False
2024-02-22 13:48:53.442972: I Analyzed pair: (0.08184, 0.08059): True
2024-02-22 13:48:53.442972: I Analyzed pair: (0.08184, 0.08074): True
2024-02-22 13:48:53.442972: I Check List: [False, True, False, True, True]
2024-02-22 13:48:54.424083: I Epoch 31/200 loss 0.06184
2024-02-22 13:48:54.424083: I Analyzed pair: (0.08209, 0.08174): True
2024-02-22 13:48:54.425083: I Analyzed pair: (0.08209, 0.08204): True
2024-02-22 13:48:54.425083: I Analyzed pair: (0.08209, 0.08059): True
2024-02-22 13:48:54.425083: I Analyzed pair: (0.08209, 0.08074): True
2024-02-22 13:48:54.425083: I Analyzed pair: (0.08209, 0.07965): True
2024-02-22 13:48:54.426083: I Check List: [True, True, True, True, True]
2024-02-22 13:48:54.426083: I Met Early Stopping conditions: logger: <Logger EarlyStopping (DEBUG)>, validation_metric: nDCGRendle2020, validation_k: 10, cutoffs: [10], simple_metrics: ['nDCGRendle2020'], monitor: nDCGRendle2020@10, patience: 5, mode: max, metric_k: 10, metric: nDCGRendle2020, verbose: True, active: True
