2024-02-12 14:31:11.482680: I Loading parameters
2024-02-12 14:31:11.483682: I Parameter lr set to 0.002411993489896946
2024-02-12 14:31:11.483682: I Parameter factors set to 256
2024-02-12 14:31:11.483682: I Parameter l_w set to 0.003023263429458794
2024-02-12 14:31:11.484682: I Parameter n_layers set to 3
2024-02-12 14:31:18.022079: I Epoch 1/200 loss 15681.01212
2024-02-12 14:31:18.022079: I ******************************************
2024-02-12 14:31:24.128757: I Epoch 2/200 loss 1598.62515
2024-02-12 14:31:24.128757: I ******************************************
2024-02-12 14:31:30.439350: I Epoch 3/200 loss 396.89348
2024-02-12 14:31:30.439350: I ******************************************
2024-02-12 14:31:37.100059: I Epoch 4/200 loss 155.41227
2024-02-12 14:31:37.101062: I ******************************************
2024-02-12 14:31:43.948314: I Epoch 5/200 loss 75.36689
2024-02-12 14:31:43.948314: I ******************************************
2024-02-12 14:31:50.474040: I Epoch 6/200 loss 41.10555
2024-02-12 14:31:50.474040: I Analyzed pair: (0.1093, 0.13932): False
2024-02-12 14:31:50.475040: I Analyzed pair: (0.1093, 0.15418): False
2024-02-12 14:31:50.475040: I Analyzed pair: (0.1093, 0.16148): False
2024-02-12 14:31:50.475040: I Analyzed pair: (0.1093, 0.16518): False
2024-02-12 14:31:50.475040: I Analyzed pair: (0.1093, 0.16415): False
2024-02-12 14:31:50.476040: I Check List: [False, False, False, False, False]
2024-02-12 14:31:56.384708: I Epoch 7/200 loss 24.65314
2024-02-12 14:31:56.385710: I Analyzed pair: (0.13932, 0.15418): False
2024-02-12 14:31:56.385710: I Analyzed pair: (0.13932, 0.16148): False
2024-02-12 14:31:56.385710: I Analyzed pair: (0.13932, 0.16518): False
2024-02-12 14:31:56.386708: I Analyzed pair: (0.13932, 0.16415): False
2024-02-12 14:31:56.386708: I Analyzed pair: (0.13932, 0.16189): False
2024-02-12 14:31:56.386708: I Check List: [False, False, False, False, False]
2024-02-12 14:32:02.636412: I Epoch 8/200 loss 16.74278
2024-02-12 14:32:02.636412: I ******************************************
2024-02-12 14:32:02.636412: I Analyzed pair: (0.15418, 0.16148): False
2024-02-12 14:32:02.637412: I Analyzed pair: (0.15418, 0.16518): False
2024-02-12 14:32:02.637412: I Analyzed pair: (0.15418, 0.16415): False
2024-02-12 14:32:02.637412: I Analyzed pair: (0.15418, 0.16189): False
2024-02-12 14:32:02.637412: I Analyzed pair: (0.15418, 0.16752): False
2024-02-12 14:32:02.638411: I Check List: [False, False, False, False, False]
2024-02-12 14:32:08.923163: I Epoch 9/200 loss 11.25891
2024-02-12 14:32:08.923163: I Analyzed pair: (0.16148, 0.16518): False
2024-02-12 14:32:08.923163: I Analyzed pair: (0.16148, 0.16415): False
2024-02-12 14:32:08.924163: I Analyzed pair: (0.16148, 0.16189): False
2024-02-12 14:32:08.924163: I Analyzed pair: (0.16148, 0.16752): False
2024-02-12 14:32:08.924163: I Analyzed pair: (0.16148, 0.16682): False
2024-02-12 14:32:08.924163: I Check List: [False, False, False, False, False]
2024-02-12 14:32:15.454932: I Epoch 10/200 loss 8.42967
2024-02-12 14:32:15.454932: I ******************************************
2024-02-12 14:32:15.455932: I Analyzed pair: (0.16518, 0.16415): True
2024-02-12 14:32:15.455932: I Analyzed pair: (0.16518, 0.16189): True
2024-02-12 14:32:15.455932: I Analyzed pair: (0.16518, 0.16752): False
2024-02-12 14:32:15.455932: I Analyzed pair: (0.16518, 0.16682): False
2024-02-12 14:32:15.456932: I Analyzed pair: (0.16518, 0.1715): False
2024-02-12 14:32:15.456932: I Check List: [True, True, False, False, False]
2024-02-12 14:32:21.837250: I Epoch 11/200 loss 6.39217
2024-02-12 14:32:21.837250: I ******************************************
2024-02-12 14:32:21.838250: I Analyzed pair: (0.16415, 0.16189): True
2024-02-12 14:32:21.838250: I Analyzed pair: (0.16415, 0.16752): False
2024-02-12 14:32:21.838250: I Analyzed pair: (0.16415, 0.16682): False
2024-02-12 14:32:21.839251: I Analyzed pair: (0.16415, 0.1715): False
2024-02-12 14:32:21.839251: I Analyzed pair: (0.16415, 0.17212): False
2024-02-12 14:32:21.839251: I Check List: [True, False, False, False, False]
2024-02-12 14:32:28.153124: I Epoch 12/200 loss 4.93657
2024-02-12 14:32:28.154123: I ******************************************
2024-02-12 14:32:28.154123: I Analyzed pair: (0.16189, 0.16752): False
2024-02-12 14:32:28.154123: I Analyzed pair: (0.16189, 0.16682): False
2024-02-12 14:32:28.155123: I Analyzed pair: (0.16189, 0.1715): False
2024-02-12 14:32:28.155123: I Analyzed pair: (0.16189, 0.17212): False
2024-02-12 14:32:28.155123: I Analyzed pair: (0.16189, 0.17379): False
2024-02-12 14:32:28.155123: I Check List: [False, False, False, False, False]
2024-02-12 14:32:34.394482: I Epoch 13/200 loss 3.93777
2024-02-12 14:32:34.394482: I Analyzed pair: (0.16752, 0.16682): True
2024-02-12 14:32:34.395482: I Analyzed pair: (0.16752, 0.1715): False
2024-02-12 14:32:34.395482: I Analyzed pair: (0.16752, 0.17212): False
2024-02-12 14:32:34.395482: I Analyzed pair: (0.16752, 0.17379): False
2024-02-12 14:32:34.395482: I Analyzed pair: (0.16752, 0.17145): False
2024-02-12 14:32:34.396481: I Check List: [True, False, False, False, False]
2024-02-12 14:32:40.689106: I Epoch 14/200 loss 3.30192
2024-02-12 14:32:40.689106: I ******************************************
2024-02-12 14:32:40.690107: I Analyzed pair: (0.16682, 0.1715): False
2024-02-12 14:32:40.690107: I Analyzed pair: (0.16682, 0.17212): False
2024-02-12 14:32:40.690107: I Analyzed pair: (0.16682, 0.17379): False
2024-02-12 14:32:40.691111: I Analyzed pair: (0.16682, 0.17145): False
2024-02-12 14:32:40.691111: I Analyzed pair: (0.16682, 0.17418): False
2024-02-12 14:32:40.691111: I Check List: [False, False, False, False, False]
2024-02-12 14:32:48.155038: I Epoch 15/200 loss 2.59254
2024-02-12 14:32:48.156040: I Analyzed pair: (0.1715, 0.17212): False
2024-02-12 14:32:48.156040: I Analyzed pair: (0.1715, 0.17379): False
2024-02-12 14:32:48.156040: I Analyzed pair: (0.1715, 0.17145): True
2024-02-12 14:32:48.156040: I Analyzed pair: (0.1715, 0.17418): False
2024-02-12 14:32:48.157038: I Analyzed pair: (0.1715, 0.16804): True
2024-02-12 14:32:48.157038: I Check List: [False, False, True, False, True]
2024-02-12 14:32:54.479756: I Epoch 16/200 loss 2.19482
2024-02-12 14:32:54.479756: I Analyzed pair: (0.17212, 0.17379): False
2024-02-12 14:32:54.480756: I Analyzed pair: (0.17212, 0.17145): True
2024-02-12 14:32:54.480756: I Analyzed pair: (0.17212, 0.17418): False
2024-02-12 14:32:54.480756: I Analyzed pair: (0.17212, 0.16804): True
2024-02-12 14:32:54.480756: I Analyzed pair: (0.17212, 0.17141): True
2024-02-12 14:32:54.481755: I Check List: [False, True, False, True, True]
2024-02-12 14:33:00.722498: I Epoch 17/200 loss 1.74943
2024-02-12 14:33:00.722498: I Analyzed pair: (0.17379, 0.17145): True
2024-02-12 14:33:00.723500: I Analyzed pair: (0.17379, 0.17418): False
2024-02-12 14:33:00.723500: I Analyzed pair: (0.17379, 0.16804): True
2024-02-12 14:33:00.723500: I Analyzed pair: (0.17379, 0.17141): True
2024-02-12 14:33:00.723500: I Analyzed pair: (0.17379, 0.16867): True
2024-02-12 14:33:00.724499: I Check List: [True, False, True, True, True]
2024-02-12 14:33:07.261197: I Epoch 18/200 loss 1.44449
2024-02-12 14:33:07.262195: I Analyzed pair: (0.17145, 0.17418): False
2024-02-12 14:33:07.262195: I Analyzed pair: (0.17145, 0.16804): True
2024-02-12 14:33:07.263197: I Analyzed pair: (0.17145, 0.17141): True
2024-02-12 14:33:07.263197: I Analyzed pair: (0.17145, 0.16867): True
2024-02-12 14:33:07.263197: I Analyzed pair: (0.17145, 0.17298): False
2024-02-12 14:33:07.263197: I Check List: [False, True, True, True, False]
2024-02-12 14:33:14.885589: I Epoch 19/200 loss 1.24246
2024-02-12 14:33:14.886590: I Analyzed pair: (0.17418, 0.16804): True
2024-02-12 14:33:14.886590: I Analyzed pair: (0.17418, 0.17141): True
2024-02-12 14:33:14.886590: I Analyzed pair: (0.17418, 0.16867): True
2024-02-12 14:33:14.887590: I Analyzed pair: (0.17418, 0.17298): True
2024-02-12 14:33:14.887590: I Analyzed pair: (0.17418, 0.17275): True
2024-02-12 14:33:14.887590: I Check List: [True, True, True, True, True]
2024-02-12 14:33:14.887590: I Met Early Stopping conditions: logger: <Logger EarlyStopping (DEBUG)>, validation_metric: nDCGRendle2020, validation_k: 10, cutoffs: [10], simple_metrics: ['nDCGRendle2020'], monitor: nDCGRendle2020@10, patience: 5, mode: max, metric_k: 10, metric: nDCGRendle2020, verbose: True, active: True
2024-02-12 14:38:35.178892: I Loading parameters
2024-02-12 14:38:35.179892: I Parameter lr set to 0.00032389695889150017
2024-02-12 14:38:35.179892: I Parameter factors set to 256
2024-02-12 14:38:35.179892: I Parameter l_w set to 0.0027101707182406246
2024-02-12 14:38:35.180892: I Parameter n_layers set to 3
2024-02-12 14:38:41.894463: I Epoch 1/200 loss 27364.40230
2024-02-12 14:38:41.894463: I ******************************************
2024-02-12 14:38:48.241043: I Epoch 2/200 loss 6060.55042
2024-02-12 14:38:48.241043: I ******************************************
2024-02-12 14:38:54.972865: I Epoch 3/200 loss 2067.45740
2024-02-12 14:38:54.973867: I ******************************************
2024-02-12 14:39:02.259811: I Epoch 4/200 loss 927.99889
2024-02-12 14:39:02.260811: I ******************************************
2024-02-12 14:39:08.753581: I Epoch 5/200 loss 499.57247
2024-02-12 14:39:08.753581: I ******************************************
2024-02-12 14:39:15.396472: I Epoch 6/200 loss 304.23252
2024-02-12 14:39:15.396472: I ******************************************
2024-02-12 14:39:15.397472: I Analyzed pair: (0.08122, 0.09218): False
2024-02-12 14:39:15.398474: I Analyzed pair: (0.08122, 0.09762): False
2024-02-12 14:39:15.398474: I Analyzed pair: (0.08122, 0.09933): False
2024-02-12 14:39:15.398474: I Analyzed pair: (0.08122, 0.10162): False
2024-02-12 14:39:15.398474: I Analyzed pair: (0.08122, 0.10529): False
2024-02-12 14:39:15.399473: I Check List: [False, False, False, False, False]
2024-02-12 14:39:21.995912: I Epoch 7/200 loss 198.96999
2024-02-12 14:39:21.996912: I ******************************************
2024-02-12 14:39:21.996912: I Analyzed pair: (0.09218, 0.09762): False
2024-02-12 14:39:21.997913: I Analyzed pair: (0.09218, 0.09933): False
2024-02-12 14:39:21.997913: I Analyzed pair: (0.09218, 0.10162): False
2024-02-12 14:39:21.998914: I Analyzed pair: (0.09218, 0.10529): False
2024-02-12 14:39:21.998914: I Analyzed pair: (0.09218, 0.10923): False
2024-02-12 14:39:21.998914: I Check List: [False, False, False, False, False]
2024-02-12 14:39:28.627186: I Epoch 8/200 loss 135.84337
2024-02-12 14:39:28.627186: I ******************************************
2024-02-12 14:39:28.628186: I Analyzed pair: (0.09762, 0.09933): False
2024-02-12 14:39:28.628186: I Analyzed pair: (0.09762, 0.10162): False
2024-02-12 14:39:28.628186: I Analyzed pair: (0.09762, 0.10529): False
2024-02-12 14:39:28.629186: I Analyzed pair: (0.09762, 0.10923): False
2024-02-12 14:39:28.629186: I Analyzed pair: (0.09762, 0.11246): False
2024-02-12 14:39:28.629186: I Check List: [False, False, False, False, False]
2024-02-12 14:39:35.137902: I Epoch 9/200 loss 97.86194
2024-02-12 14:39:35.137902: I ******************************************
2024-02-12 14:39:35.138902: I Analyzed pair: (0.09933, 0.10162): False
2024-02-12 14:39:35.138902: I Analyzed pair: (0.09933, 0.10529): False
2024-02-12 14:39:35.138902: I Analyzed pair: (0.09933, 0.10923): False
2024-02-12 14:39:35.138902: I Analyzed pair: (0.09933, 0.11246): False
2024-02-12 14:39:35.139902: I Analyzed pair: (0.09933, 0.1169): False
2024-02-12 14:39:35.139902: I Check List: [False, False, False, False, False]
2024-02-12 14:39:41.974135: I Epoch 10/200 loss 71.19010
2024-02-12 14:39:41.974135: I ******************************************
2024-02-12 14:39:41.975135: I Analyzed pair: (0.10162, 0.10529): False
2024-02-12 14:39:41.975135: I Analyzed pair: (0.10162, 0.10923): False
2024-02-12 14:39:41.975135: I Analyzed pair: (0.10162, 0.11246): False
2024-02-12 14:39:41.976135: I Analyzed pair: (0.10162, 0.1169): False
2024-02-12 14:39:41.976135: I Analyzed pair: (0.10162, 0.12141): False
2024-02-12 14:39:41.976135: I Check List: [False, False, False, False, False]
2024-02-12 14:39:48.692370: I Epoch 11/200 loss 54.03427
2024-02-12 14:39:48.692370: I ******************************************
2024-02-12 14:39:48.693372: I Analyzed pair: (0.10529, 0.10923): False
2024-02-12 14:39:48.693372: I Analyzed pair: (0.10529, 0.11246): False
2024-02-12 14:39:48.693372: I Analyzed pair: (0.10529, 0.1169): False
2024-02-12 14:39:48.693372: I Analyzed pair: (0.10529, 0.12141): False
2024-02-12 14:39:48.694369: I Analyzed pair: (0.10529, 0.12579): False
2024-02-12 14:39:48.694369: I Check List: [False, False, False, False, False]
2024-02-12 14:39:55.327540: I Epoch 12/200 loss 40.34492
2024-02-12 14:39:55.327540: I ******************************************
2024-02-12 14:39:55.328540: I Analyzed pair: (0.10923, 0.11246): False
2024-02-12 14:39:55.328540: I Analyzed pair: (0.10923, 0.1169): False
2024-02-12 14:39:55.328540: I Analyzed pair: (0.10923, 0.12141): False
2024-02-12 14:39:55.329541: I Analyzed pair: (0.10923, 0.12579): False
2024-02-12 14:39:55.329541: I Analyzed pair: (0.10923, 0.13041): False
2024-02-12 14:39:55.329541: I Check List: [False, False, False, False, False]
2024-02-12 14:40:01.616262: I Epoch 13/200 loss 31.66310
2024-02-12 14:40:01.617262: I ******************************************
2024-02-12 14:40:01.617262: I Analyzed pair: (0.11246, 0.1169): False
2024-02-12 14:40:01.618262: I Analyzed pair: (0.11246, 0.12141): False
2024-02-12 14:40:01.618262: I Analyzed pair: (0.11246, 0.12579): False
2024-02-12 14:40:01.618262: I Analyzed pair: (0.11246, 0.13041): False
2024-02-12 14:40:01.618262: I Analyzed pair: (0.11246, 0.13365): False
2024-02-12 14:40:01.619261: I Check List: [False, False, False, False, False]
2024-02-12 14:40:08.005362: I Epoch 14/200 loss 25.15242
2024-02-12 14:40:08.006361: I ******************************************
2024-02-12 14:40:08.006361: I Analyzed pair: (0.1169, 0.12141): False
2024-02-12 14:40:08.007363: I Analyzed pair: (0.1169, 0.12579): False
2024-02-12 14:40:08.007363: I Analyzed pair: (0.1169, 0.13041): False
2024-02-12 14:40:08.007363: I Analyzed pair: (0.1169, 0.13365): False
2024-02-12 14:40:08.007363: I Analyzed pair: (0.1169, 0.13744): False
2024-02-12 14:40:08.008362: I Check List: [False, False, False, False, False]
2024-02-12 14:40:13.943016: I Epoch 15/200 loss 20.13241
2024-02-12 14:40:13.943016: I ******************************************
2024-02-12 14:40:13.944017: I Analyzed pair: (0.12141, 0.12579): False
2024-02-12 14:40:13.944017: I Analyzed pair: (0.12141, 0.13041): False
2024-02-12 14:40:13.944017: I Analyzed pair: (0.12141, 0.13365): False
2024-02-12 14:40:13.944017: I Analyzed pair: (0.12141, 0.13744): False
2024-02-12 14:40:13.945017: I Analyzed pair: (0.12141, 0.14339): False
2024-02-12 14:40:13.945017: I Check List: [False, False, False, False, False]
2024-02-12 14:40:20.420631: I Epoch 16/200 loss 16.41745
2024-02-12 14:40:20.420631: I ******************************************
2024-02-12 14:40:20.420631: I Analyzed pair: (0.12579, 0.13041): False
2024-02-12 14:40:20.421631: I Analyzed pair: (0.12579, 0.13365): False
2024-02-12 14:40:20.421631: I Analyzed pair: (0.12579, 0.13744): False
2024-02-12 14:40:20.421631: I Analyzed pair: (0.12579, 0.14339): False
2024-02-12 14:40:20.421631: I Analyzed pair: (0.12579, 0.14698): False
2024-02-12 14:40:20.422631: I Check List: [False, False, False, False, False]
2024-02-12 14:40:26.684711: I Epoch 17/200 loss 13.26247
2024-02-12 14:40:26.684711: I ******************************************
2024-02-12 14:40:26.685711: I Analyzed pair: (0.13041, 0.13365): False
2024-02-12 14:40:26.685711: I Analyzed pair: (0.13041, 0.13744): False
2024-02-12 14:40:26.685711: I Analyzed pair: (0.13041, 0.14339): False
2024-02-12 14:40:26.685711: I Analyzed pair: (0.13041, 0.14698): False
2024-02-12 14:40:26.686711: I Analyzed pair: (0.13041, 0.1506): False
2024-02-12 14:40:26.686711: I Check List: [False, False, False, False, False]
2024-02-12 14:40:32.901379: I Epoch 18/200 loss 11.09943
2024-02-12 14:40:32.902378: I ******************************************
2024-02-12 14:40:32.902378: I Analyzed pair: (0.13365, 0.13744): False
2024-02-12 14:40:32.903378: I Analyzed pair: (0.13365, 0.14339): False
2024-02-12 14:40:32.903378: I Analyzed pair: (0.13365, 0.14698): False
2024-02-12 14:40:32.903378: I Analyzed pair: (0.13365, 0.1506): False
2024-02-12 14:40:32.903378: I Analyzed pair: (0.13365, 0.15414): False
2024-02-12 14:40:32.904377: I Check List: [False, False, False, False, False]
2024-02-12 14:40:38.872055: I Epoch 19/200 loss 9.31371
2024-02-12 14:40:38.873055: I ******************************************
2024-02-12 14:40:38.873055: I Analyzed pair: (0.13744, 0.14339): False
2024-02-12 14:40:38.873055: I Analyzed pair: (0.13744, 0.14698): False
2024-02-12 14:40:38.874056: I Analyzed pair: (0.13744, 0.1506): False
2024-02-12 14:40:38.874056: I Analyzed pair: (0.13744, 0.15414): False
2024-02-12 14:40:38.874056: I Analyzed pair: (0.13744, 0.1572): False
2024-02-12 14:40:38.875056: I Check List: [False, False, False, False, False]
2024-02-12 14:40:45.378826: I Epoch 20/200 loss 7.97072
2024-02-12 14:40:45.379826: I ******************************************
2024-02-12 14:40:45.380827: I Analyzed pair: (0.14339, 0.14698): False
2024-02-12 14:40:45.380827: I Analyzed pair: (0.14339, 0.1506): False
2024-02-12 14:40:45.380827: I Analyzed pair: (0.14339, 0.15414): False
2024-02-12 14:40:45.381828: I Analyzed pair: (0.14339, 0.1572): False
2024-02-12 14:40:45.381828: I Analyzed pair: (0.14339, 0.16062): False
2024-02-12 14:40:45.381828: I Check List: [False, False, False, False, False]
2024-02-12 14:40:51.948201: I Epoch 21/200 loss 6.68538
2024-02-12 14:40:51.948201: I ******************************************
2024-02-12 14:40:51.949202: I Analyzed pair: (0.14698, 0.1506): False
2024-02-12 14:40:51.949202: I Analyzed pair: (0.14698, 0.15414): False
2024-02-12 14:40:51.949202: I Analyzed pair: (0.14698, 0.1572): False
2024-02-12 14:40:51.950201: I Analyzed pair: (0.14698, 0.16062): False
2024-02-12 14:40:51.950201: I Analyzed pair: (0.14698, 0.16338): False
2024-02-12 14:40:51.950201: I Check List: [False, False, False, False, False]
2024-02-12 14:40:58.578524: I Epoch 22/200 loss 5.91785
2024-02-12 14:40:58.578524: I ******************************************
2024-02-12 14:40:58.579526: I Analyzed pair: (0.1506, 0.15414): False
2024-02-12 14:40:58.579526: I Analyzed pair: (0.1506, 0.1572): False
2024-02-12 14:40:58.579526: I Analyzed pair: (0.1506, 0.16062): False
2024-02-12 14:40:58.579526: I Analyzed pair: (0.1506, 0.16338): False
2024-02-12 14:40:58.580526: I Analyzed pair: (0.1506, 0.16434): False
2024-02-12 14:40:58.580526: I Check List: [False, False, False, False, False]
2024-02-12 14:41:05.328752: I Epoch 23/200 loss 4.99879
2024-02-12 14:41:05.328752: I ******************************************
2024-02-12 14:41:05.328752: I Analyzed pair: (0.15414, 0.1572): False
2024-02-12 14:41:05.329752: I Analyzed pair: (0.15414, 0.16062): False
2024-02-12 14:41:05.329752: I Analyzed pair: (0.15414, 0.16338): False
2024-02-12 14:41:05.329752: I Analyzed pair: (0.15414, 0.16434): False
2024-02-12 14:41:05.329752: I Analyzed pair: (0.15414, 0.16595): False
2024-02-12 14:41:05.330753: I Check List: [False, False, False, False, False]
2024-02-12 14:41:11.529038: I Epoch 24/200 loss 4.37249
2024-02-12 14:41:11.529038: I ******************************************
2024-02-12 14:41:11.530038: I Analyzed pair: (0.1572, 0.16062): False
2024-02-12 14:41:11.530038: I Analyzed pair: (0.1572, 0.16338): False
2024-02-12 14:41:11.531039: I Analyzed pair: (0.1572, 0.16434): False
2024-02-12 14:41:11.531039: I Analyzed pair: (0.1572, 0.16595): False
2024-02-12 14:41:11.531039: I Analyzed pair: (0.1572, 0.16637): False
2024-02-12 14:41:11.532039: I Check List: [False, False, False, False, False]
2024-02-12 14:41:18.017681: I Epoch 25/200 loss 3.73907
2024-02-12 14:41:18.018682: I ******************************************
2024-02-12 14:41:18.020681: I Analyzed pair: (0.16062, 0.16338): False
2024-02-12 14:41:18.020681: I Analyzed pair: (0.16062, 0.16434): False
2024-02-12 14:41:18.020681: I Analyzed pair: (0.16062, 0.16595): False
2024-02-12 14:41:18.020681: I Analyzed pair: (0.16062, 0.16637): False
2024-02-12 14:41:18.021682: I Analyzed pair: (0.16062, 0.16863): False
2024-02-12 14:41:18.021682: I Check List: [False, False, False, False, False]
2024-02-12 14:41:24.009851: I Epoch 26/200 loss 3.31047
2024-02-12 14:41:24.009851: I ******************************************
2024-02-12 14:41:24.010851: I Analyzed pair: (0.16338, 0.16434): False
2024-02-12 14:41:24.010851: I Analyzed pair: (0.16338, 0.16595): False
2024-02-12 14:41:24.010851: I Analyzed pair: (0.16338, 0.16637): False
2024-02-12 14:41:24.011852: I Analyzed pair: (0.16338, 0.16863): False
2024-02-12 14:41:24.011852: I Analyzed pair: (0.16338, 0.16888): False
2024-02-12 14:41:24.011852: I Check List: [False, False, False, False, False]
2024-02-12 14:41:30.315516: I Epoch 27/200 loss 2.83389
2024-02-12 14:41:30.316517: I Analyzed pair: (0.16434, 0.16595): False
2024-02-12 14:41:30.316517: I Analyzed pair: (0.16434, 0.16637): False
2024-02-12 14:41:30.316517: I Analyzed pair: (0.16434, 0.16863): False
2024-02-12 14:41:30.317515: I Analyzed pair: (0.16434, 0.16888): False
2024-02-12 14:41:30.317515: I Analyzed pair: (0.16434, 0.1688): False
2024-02-12 14:41:30.317515: I Check List: [False, False, False, False, False]
2024-02-12 14:41:36.701129: I Epoch 28/200 loss 2.50073
2024-02-12 14:41:36.702130: I ******************************************
2024-02-12 14:41:36.702130: I Analyzed pair: (0.16595, 0.16637): False
2024-02-12 14:41:36.703129: I Analyzed pair: (0.16595, 0.16863): False
2024-02-12 14:41:36.703129: I Analyzed pair: (0.16595, 0.16888): False
2024-02-12 14:41:36.703129: I Analyzed pair: (0.16595, 0.1688): False
2024-02-12 14:41:36.703129: I Analyzed pair: (0.16595, 0.16973): False
2024-02-12 14:41:36.704129: I Check List: [False, False, False, False, False]
2024-02-12 14:41:42.715820: I Epoch 29/200 loss 2.39816
2024-02-12 14:41:42.715820: I ******************************************
2024-02-12 14:41:42.715820: I Analyzed pair: (0.16637, 0.16863): False
2024-02-12 14:41:42.716821: I Analyzed pair: (0.16637, 0.16888): False
2024-02-12 14:41:42.716821: I Analyzed pair: (0.16637, 0.1688): False
2024-02-12 14:41:42.716821: I Analyzed pair: (0.16637, 0.16973): False
2024-02-12 14:41:42.717822: I Analyzed pair: (0.16637, 0.17146): False
2024-02-12 14:41:42.717822: I Check List: [False, False, False, False, False]
2024-02-12 14:41:48.949000: I Epoch 30/200 loss 2.02099
2024-02-12 14:41:48.949000: I ******************************************
2024-02-12 14:41:48.949000: I Analyzed pair: (0.16863, 0.16888): False
2024-02-12 14:41:48.949999: I Analyzed pair: (0.16863, 0.1688): False
2024-02-12 14:41:48.949999: I Analyzed pair: (0.16863, 0.16973): False
2024-02-12 14:41:48.949999: I Analyzed pair: (0.16863, 0.17146): False
2024-02-12 14:41:48.950999: I Analyzed pair: (0.16863, 0.17241): False
2024-02-12 14:41:48.950999: I Check List: [False, False, False, False, False]
2024-02-12 14:41:55.208287: I Epoch 31/200 loss 1.84841
2024-02-12 14:41:55.209286: I ******************************************
2024-02-12 14:41:55.209286: I Analyzed pair: (0.16888, 0.1688): True
2024-02-12 14:41:55.209286: I Analyzed pair: (0.16888, 0.16973): False
2024-02-12 14:41:55.210287: I Analyzed pair: (0.16888, 0.17146): False
2024-02-12 14:41:55.210287: I Analyzed pair: (0.16888, 0.17241): False
2024-02-12 14:41:55.210287: I Analyzed pair: (0.16888, 0.17279): False
2024-02-12 14:41:55.210287: I Check List: [True, False, False, False, False]
2024-02-12 14:42:01.626175: I Epoch 32/200 loss 1.62941
2024-02-12 14:42:01.626175: I ******************************************
2024-02-12 14:42:01.627177: I Analyzed pair: (0.1688, 0.16973): False
2024-02-12 14:42:01.627177: I Analyzed pair: (0.1688, 0.17146): False
2024-02-12 14:42:01.627177: I Analyzed pair: (0.1688, 0.17241): False
2024-02-12 14:42:01.628176: I Analyzed pair: (0.1688, 0.17279): False
2024-02-12 14:42:01.628176: I Analyzed pair: (0.1688, 0.17368): False
2024-02-12 14:42:01.628176: I Check List: [False, False, False, False, False]
2024-02-12 14:42:08.131015: I Epoch 33/200 loss 1.49849
2024-02-12 14:42:08.131015: I ******************************************
2024-02-12 14:42:08.132014: I Analyzed pair: (0.16973, 0.17146): False
2024-02-12 14:42:08.132014: I Analyzed pair: (0.16973, 0.17241): False
2024-02-12 14:42:08.132014: I Analyzed pair: (0.16973, 0.17279): False
2024-02-12 14:42:08.133013: I Analyzed pair: (0.16973, 0.17368): False
2024-02-12 14:42:08.133013: I Analyzed pair: (0.16973, 0.17443): False
2024-02-12 14:42:08.133013: I Check List: [False, False, False, False, False]
2024-02-12 14:42:14.979364: I Epoch 34/200 loss 1.36124
2024-02-12 14:42:14.980365: I ******************************************
2024-02-12 14:42:14.980365: I Analyzed pair: (0.17146, 0.17241): False
2024-02-12 14:42:14.981367: I Analyzed pair: (0.17146, 0.17279): False
2024-02-12 14:42:14.981367: I Analyzed pair: (0.17146, 0.17368): False
2024-02-12 14:42:14.981367: I Analyzed pair: (0.17146, 0.17443): False
2024-02-12 14:42:14.981367: I Analyzed pair: (0.17146, 0.17564): False
2024-02-12 14:42:14.982366: I Check List: [False, False, False, False, False]
2024-02-12 14:42:21.066067: I Epoch 35/200 loss 1.24219
2024-02-12 14:42:21.066067: I ******************************************
2024-02-12 14:42:21.067068: I Analyzed pair: (0.17241, 0.17279): False
2024-02-12 14:42:21.067068: I Analyzed pair: (0.17241, 0.17368): False
2024-02-12 14:42:21.067068: I Analyzed pair: (0.17241, 0.17443): False
2024-02-12 14:42:21.068067: I Analyzed pair: (0.17241, 0.17564): False
2024-02-12 14:42:21.068067: I Analyzed pair: (0.17241, 0.17723): False
2024-02-12 14:42:21.068067: I Check List: [False, False, False, False, False]
2024-02-12 14:42:27.525760: I Epoch 36/200 loss 1.12687
2024-02-12 14:42:27.525760: I Analyzed pair: (0.17279, 0.17368): False
2024-02-12 14:42:27.526761: I Analyzed pair: (0.17279, 0.17443): False
2024-02-12 14:42:27.526761: I Analyzed pair: (0.17279, 0.17564): False
2024-02-12 14:42:27.526761: I Analyzed pair: (0.17279, 0.17723): False
2024-02-12 14:42:27.526761: I Analyzed pair: (0.17279, 0.17645): False
2024-02-12 14:42:27.527761: I Check List: [False, False, False, False, False]
2024-02-12 14:42:33.541062: I Epoch 37/200 loss 1.03260
2024-02-12 14:42:33.541062: I ******************************************
2024-02-12 14:42:33.542063: I Analyzed pair: (0.17368, 0.17443): False
2024-02-12 14:42:33.542063: I Analyzed pair: (0.17368, 0.17564): False
2024-02-12 14:42:33.542063: I Analyzed pair: (0.17368, 0.17723): False
2024-02-12 14:42:33.543063: I Analyzed pair: (0.17368, 0.17645): False
2024-02-12 14:42:33.543063: I Analyzed pair: (0.17368, 0.17779): False
2024-02-12 14:42:33.543063: I Check List: [False, False, False, False, False]
2024-02-12 14:42:39.643704: I Epoch 38/200 loss 0.91820
2024-02-12 14:42:39.643704: I ******************************************
2024-02-12 14:42:39.644705: I Analyzed pair: (0.17443, 0.17564): False
2024-02-12 14:42:39.644705: I Analyzed pair: (0.17443, 0.17723): False
2024-02-12 14:42:39.644705: I Analyzed pair: (0.17443, 0.17645): False
2024-02-12 14:42:39.644705: I Analyzed pair: (0.17443, 0.17779): False
2024-02-12 14:42:39.645704: I Analyzed pair: (0.17443, 0.17822): False
2024-02-12 14:42:39.645704: I Check List: [False, False, False, False, False]
2024-02-12 14:42:45.792391: I Epoch 39/200 loss 0.84784
2024-02-12 14:42:45.793391: I ******************************************
2024-02-12 14:42:45.793391: I Analyzed pair: (0.17564, 0.17723): False
2024-02-12 14:42:45.793391: I Analyzed pair: (0.17564, 0.17645): False
2024-02-12 14:42:45.793391: I Analyzed pair: (0.17564, 0.17779): False
2024-02-12 14:42:45.794391: I Analyzed pair: (0.17564, 0.17822): False
2024-02-12 14:42:45.794391: I Analyzed pair: (0.17564, 0.17922): False
2024-02-12 14:42:45.794391: I Check List: [False, False, False, False, False]
2024-02-12 14:42:52.077014: I Epoch 40/200 loss 0.75648
2024-02-12 14:42:52.078014: I Analyzed pair: (0.17723, 0.17645): True
2024-02-12 14:42:52.078014: I Analyzed pair: (0.17723, 0.17779): False
2024-02-12 14:42:52.078014: I Analyzed pair: (0.17723, 0.17822): False
2024-02-12 14:42:52.079015: I Analyzed pair: (0.17723, 0.17922): False
2024-02-12 14:42:52.079015: I Analyzed pair: (0.17723, 0.17886): False
2024-02-12 14:42:52.079015: I Check List: [True, False, False, False, False]
2024-02-12 14:42:57.990562: I Epoch 41/200 loss 0.69952
2024-02-12 14:42:57.990562: I Analyzed pair: (0.17645, 0.17779): False
2024-02-12 14:42:57.990562: I Analyzed pair: (0.17645, 0.17822): False
2024-02-12 14:42:57.991563: I Analyzed pair: (0.17645, 0.17922): False
2024-02-12 14:42:57.991563: I Analyzed pair: (0.17645, 0.17886): False
2024-02-12 14:42:57.991563: I Analyzed pair: (0.17645, 0.17912): False
2024-02-12 14:42:57.991563: I Check List: [False, False, False, False, False]
2024-02-12 14:43:04.406680: I Epoch 42/200 loss 0.67085
2024-02-12 14:43:04.406680: I ******************************************
2024-02-12 14:43:04.406680: I Analyzed pair: (0.17779, 0.17822): False
2024-02-12 14:43:04.407681: I Analyzed pair: (0.17779, 0.17922): False
2024-02-12 14:43:04.407681: I Analyzed pair: (0.17779, 0.17886): False
2024-02-12 14:43:04.407681: I Analyzed pair: (0.17779, 0.17912): False
2024-02-12 14:43:04.408681: I Analyzed pair: (0.17779, 0.18005): False
2024-02-12 14:43:04.408681: I Check List: [False, False, False, False, False]
2024-02-12 14:43:10.353843: I Epoch 43/200 loss 0.60959
2024-02-12 14:43:10.353843: I ******************************************
2024-02-12 14:43:10.354843: I Analyzed pair: (0.17822, 0.17922): False
2024-02-12 14:43:10.354843: I Analyzed pair: (0.17822, 0.17886): False
2024-02-12 14:43:10.354843: I Analyzed pair: (0.17822, 0.17912): False
2024-02-12 14:43:10.355845: I Analyzed pair: (0.17822, 0.18005): False
2024-02-12 14:43:10.355845: I Analyzed pair: (0.17822, 0.18112): False
2024-02-12 14:43:10.355845: I Check List: [False, False, False, False, False]
2024-02-12 14:43:16.323570: I Epoch 44/200 loss 0.56865
2024-02-12 14:43:16.323570: I Analyzed pair: (0.17922, 0.17886): True
2024-02-12 14:43:16.324570: I Analyzed pair: (0.17922, 0.17912): True
2024-02-12 14:43:16.324570: I Analyzed pair: (0.17922, 0.18005): False
2024-02-12 14:43:16.324570: I Analyzed pair: (0.17922, 0.18112): False
2024-02-12 14:43:16.324570: I Analyzed pair: (0.17922, 0.18079): False
2024-02-12 14:43:16.325570: I Check List: [True, True, False, False, False]
2024-02-12 14:43:22.248942: I Epoch 45/200 loss 0.54798
2024-02-12 14:43:22.249942: I Analyzed pair: (0.17886, 0.17912): False
2024-02-12 14:43:22.249942: I Analyzed pair: (0.17886, 0.18005): False
2024-02-12 14:43:22.249942: I Analyzed pair: (0.17886, 0.18112): False
2024-02-12 14:43:22.250941: I Analyzed pair: (0.17886, 0.18079): False
2024-02-12 14:43:22.250941: I Analyzed pair: (0.17886, 0.18062): False
2024-02-12 14:43:22.250941: I Check List: [False, False, False, False, False]
2024-02-12 14:43:28.415745: I Epoch 46/200 loss 0.51304
2024-02-12 14:43:28.415745: I Analyzed pair: (0.17912, 0.18005): False
2024-02-12 14:43:28.415745: I Analyzed pair: (0.17912, 0.18112): False
2024-02-12 14:43:28.416743: I Analyzed pair: (0.17912, 0.18079): False
2024-02-12 14:43:28.416743: I Analyzed pair: (0.17912, 0.18062): False
2024-02-12 14:43:28.416743: I Analyzed pair: (0.17912, 0.18045): False
2024-02-12 14:43:28.417744: I Check List: [False, False, False, False, False]
2024-02-12 14:43:34.943933: I Epoch 47/200 loss 0.46377
2024-02-12 14:43:34.944933: I Analyzed pair: (0.18005, 0.18112): False
2024-02-12 14:43:34.944933: I Analyzed pair: (0.18005, 0.18079): False
2024-02-12 14:43:34.944933: I Analyzed pair: (0.18005, 0.18062): False
2024-02-12 14:43:34.945933: I Analyzed pair: (0.18005, 0.18045): False
2024-02-12 14:43:34.945933: I Analyzed pair: (0.18005, 0.17998): True
2024-02-12 14:43:34.945933: I Check List: [False, False, False, False, True]
2024-02-12 14:43:41.635702: I Epoch 48/200 loss 0.42867
2024-02-12 14:43:41.635702: I Analyzed pair: (0.18112, 0.18079): True
2024-02-12 14:43:41.636707: I Analyzed pair: (0.18112, 0.18062): True
2024-02-12 14:43:41.636707: I Analyzed pair: (0.18112, 0.18045): True
2024-02-12 14:43:41.636707: I Analyzed pair: (0.18112, 0.17998): True
2024-02-12 14:43:41.636707: I Analyzed pair: (0.18112, 0.18045): True
2024-02-12 14:43:41.637707: I Check List: [True, True, True, True, True]
2024-02-12 14:43:41.637707: I Met Early Stopping conditions: logger: <Logger EarlyStopping (DEBUG)>, validation_metric: nDCGRendle2020, validation_k: 10, cutoffs: [10], simple_metrics: ['nDCGRendle2020'], monitor: nDCGRendle2020@10, patience: 5, mode: max, metric_k: 10, metric: nDCGRendle2020, verbose: True, active: True
2024-02-12 14:47:40.769468: I Loading parameters
2024-02-12 14:47:40.769468: I Parameter lr set to 0.00017769915691174588
2024-02-12 14:47:40.770468: I Parameter factors set to 256
2024-02-12 14:47:40.770468: I Parameter l_w set to 1.9708070255857435e-05
2024-02-12 14:47:40.771469: I Parameter n_layers set to 3
2024-02-12 14:47:47.561579: I Epoch 1/200 loss 27645.62167
2024-02-12 14:47:47.562581: I ******************************************
2024-02-12 14:47:54.108757: I Epoch 2/200 loss 6740.63847
2024-02-12 14:47:54.109758: I ******************************************
2024-02-12 14:48:00.661343: I Epoch 3/200 loss 2794.06453
2024-02-12 14:48:00.661343: I ******************************************
2024-02-12 14:48:07.445638: I Epoch 4/200 loss 1376.98085
2024-02-12 14:48:13.563312: I Epoch 5/200 loss 754.23367
2024-02-12 14:48:13.564312: I ******************************************
2024-02-12 14:48:19.671165: I Epoch 6/200 loss 458.03684
2024-02-12 14:48:19.672166: I ******************************************
2024-02-12 14:48:19.672166: I Analyzed pair: (0.02621, 0.08405): False
2024-02-12 14:48:19.673167: I Analyzed pair: (0.02621, 0.09338): False
2024-02-12 14:48:19.673167: I Analyzed pair: (0.02621, 0.09196): False
2024-02-12 14:48:19.673167: I Analyzed pair: (0.02621, 0.09479): False
2024-02-12 14:48:19.673167: I Analyzed pair: (0.02621, 0.09752): False
2024-02-12 14:48:19.674166: I Check List: [False, False, False, False, False]
2024-02-12 14:48:25.730125: I Epoch 7/200 loss 298.95735
2024-02-12 14:48:25.731126: I ******************************************
2024-02-12 14:48:25.731126: I Analyzed pair: (0.08405, 0.09338): False
2024-02-12 14:48:25.732124: I Analyzed pair: (0.08405, 0.09196): False
2024-02-12 14:48:25.732124: I Analyzed pair: (0.08405, 0.09479): False
2024-02-12 14:48:25.732124: I Analyzed pair: (0.08405, 0.09752): False
2024-02-12 14:48:25.732124: I Analyzed pair: (0.08405, 0.09843): False
2024-02-12 14:48:25.733125: I Check List: [False, False, False, False, False]
2024-02-12 14:48:32.424895: I Epoch 8/200 loss 206.30661
2024-02-12 14:48:32.424895: I ******************************************
2024-02-12 14:48:32.425895: I Analyzed pair: (0.09338, 0.09196): True
2024-02-12 14:48:32.425895: I Analyzed pair: (0.09338, 0.09479): False
2024-02-12 14:48:32.425895: I Analyzed pair: (0.09338, 0.09752): False
2024-02-12 14:48:32.425895: I Analyzed pair: (0.09338, 0.09843): False
2024-02-12 14:48:32.426895: I Analyzed pair: (0.09338, 0.10102): False
2024-02-12 14:48:32.426895: I Check List: [True, False, False, False, False]
2024-02-12 14:48:39.033124: I Epoch 9/200 loss 151.27410
2024-02-12 14:48:39.033124: I ******************************************
2024-02-12 14:48:39.033124: I Analyzed pair: (0.09196, 0.09479): False
2024-02-12 14:48:39.034124: I Analyzed pair: (0.09196, 0.09752): False
2024-02-12 14:48:39.034124: I Analyzed pair: (0.09196, 0.09843): False
2024-02-12 14:48:39.034124: I Analyzed pair: (0.09196, 0.10102): False
2024-02-12 14:48:39.035124: I Analyzed pair: (0.09196, 0.10243): False
2024-02-12 14:48:39.035124: I Check List: [False, False, False, False, False]
2024-02-12 14:48:45.136812: I Epoch 10/200 loss 113.20008
2024-02-12 14:48:45.136812: I ******************************************
2024-02-12 14:48:45.137813: I Analyzed pair: (0.09479, 0.09752): False
2024-02-12 14:48:45.137813: I Analyzed pair: (0.09479, 0.09843): False
2024-02-12 14:48:45.137813: I Analyzed pair: (0.09479, 0.10102): False
2024-02-12 14:48:45.137813: I Analyzed pair: (0.09479, 0.10243): False
2024-02-12 14:48:45.138812: I Analyzed pair: (0.09479, 0.10298): False
2024-02-12 14:48:45.138812: I Check List: [False, False, False, False, False]
2024-02-12 14:48:51.388481: I Epoch 11/200 loss 88.31654
2024-02-12 14:48:51.388481: I ******************************************
2024-02-12 14:48:51.388481: I Analyzed pair: (0.09752, 0.09843): False
2024-02-12 14:48:51.389481: I Analyzed pair: (0.09752, 0.10102): False
2024-02-12 14:48:51.389481: I Analyzed pair: (0.09752, 0.10243): False
2024-02-12 14:48:51.389481: I Analyzed pair: (0.09752, 0.10298): False
2024-02-12 14:48:51.389481: I Analyzed pair: (0.09752, 0.10418): False
2024-02-12 14:48:51.390481: I Check List: [False, False, False, False, False]
2024-02-12 14:48:57.830767: I Epoch 12/200 loss 68.34539
2024-02-12 14:48:57.830767: I ******************************************
2024-02-12 14:48:57.831766: I Analyzed pair: (0.09843, 0.10102): False
2024-02-12 14:48:57.831766: I Analyzed pair: (0.09843, 0.10243): False
2024-02-12 14:48:57.831766: I Analyzed pair: (0.09843, 0.10298): False
2024-02-12 14:48:57.831766: I Analyzed pair: (0.09843, 0.10418): False
2024-02-12 14:48:57.832766: I Analyzed pair: (0.09843, 0.10603): False
2024-02-12 14:48:57.832766: I Check List: [False, False, False, False, False]
2024-02-12 14:49:04.375385: I Epoch 13/200 loss 55.41989
2024-02-12 14:49:04.375385: I ******************************************
2024-02-12 14:49:04.376387: I Analyzed pair: (0.10102, 0.10243): False
2024-02-12 14:49:04.376387: I Analyzed pair: (0.10102, 0.10298): False
2024-02-12 14:49:04.377386: I Analyzed pair: (0.10102, 0.10418): False
2024-02-12 14:49:04.377386: I Analyzed pair: (0.10102, 0.10603): False
2024-02-12 14:49:04.377386: I Analyzed pair: (0.10102, 0.10832): False
2024-02-12 14:49:04.377386: I Check List: [False, False, False, False, False]
2024-02-12 14:49:10.805004: I Epoch 14/200 loss 44.98053
2024-02-12 14:49:10.805004: I ******************************************
2024-02-12 14:49:10.805004: I Analyzed pair: (0.10243, 0.10298): False
2024-02-12 14:49:10.806004: I Analyzed pair: (0.10243, 0.10418): False
2024-02-12 14:49:10.806004: I Analyzed pair: (0.10243, 0.10603): False
2024-02-12 14:49:10.806004: I Analyzed pair: (0.10243, 0.10832): False
2024-02-12 14:49:10.806004: I Analyzed pair: (0.10243, 0.11031): False
2024-02-12 14:49:10.807004: I Check List: [False, False, False, False, False]
2024-02-12 14:49:17.188623: I Epoch 15/200 loss 37.12473
2024-02-12 14:49:17.189624: I ******************************************
2024-02-12 14:49:17.189624: I Analyzed pair: (0.10298, 0.10418): False
2024-02-12 14:49:17.189624: I Analyzed pair: (0.10298, 0.10603): False
2024-02-12 14:49:17.190625: I Analyzed pair: (0.10298, 0.10832): False
2024-02-12 14:49:17.190625: I Analyzed pair: (0.10298, 0.11031): False
2024-02-12 14:49:17.190625: I Analyzed pair: (0.10298, 0.11285): False
2024-02-12 14:49:17.190625: I Check List: [False, False, False, False, False]
2024-02-12 14:49:23.854274: I Epoch 16/200 loss 30.88744
2024-02-12 14:49:23.854274: I ******************************************
2024-02-12 14:49:23.855275: I Analyzed pair: (0.10418, 0.10603): False
2024-02-12 14:49:23.855275: I Analyzed pair: (0.10418, 0.10832): False
2024-02-12 14:49:23.855275: I Analyzed pair: (0.10418, 0.11031): False
2024-02-12 14:49:23.856275: I Analyzed pair: (0.10418, 0.11285): False
2024-02-12 14:49:23.856275: I Analyzed pair: (0.10418, 0.115): False
2024-02-12 14:49:23.856275: I Check List: [False, False, False, False, False]
2024-02-12 14:49:29.962008: I Epoch 17/200 loss 25.60542
2024-02-12 14:49:29.963008: I ******************************************
2024-02-12 14:49:29.963008: I Analyzed pair: (0.10603, 0.10832): False
2024-02-12 14:49:29.964008: I Analyzed pair: (0.10603, 0.11031): False
2024-02-12 14:49:29.964008: I Analyzed pair: (0.10603, 0.11285): False
2024-02-12 14:49:29.964008: I Analyzed pair: (0.10603, 0.115): False
2024-02-12 14:49:29.965007: I Analyzed pair: (0.10603, 0.1166): False
2024-02-12 14:49:29.965007: I Check List: [False, False, False, False, False]
2024-02-12 14:49:35.939272: I Epoch 18/200 loss 21.84581
2024-02-12 14:49:35.939272: I ******************************************
2024-02-12 14:49:35.940272: I Analyzed pair: (0.10832, 0.11031): False
2024-02-12 14:49:35.940272: I Analyzed pair: (0.10832, 0.11285): False
2024-02-12 14:49:35.940272: I Analyzed pair: (0.10832, 0.115): False
2024-02-12 14:49:35.941272: I Analyzed pair: (0.10832, 0.1166): False
2024-02-12 14:49:35.941272: I Analyzed pair: (0.10832, 0.12088): False
2024-02-12 14:49:35.941272: I Check List: [False, False, False, False, False]
2024-02-12 14:49:42.523670: I Epoch 19/200 loss 18.64718
2024-02-12 14:49:42.523670: I ******************************************
2024-02-12 14:49:42.524670: I Analyzed pair: (0.11031, 0.11285): False
2024-02-12 14:49:42.524670: I Analyzed pair: (0.11031, 0.115): False
2024-02-12 14:49:42.524670: I Analyzed pair: (0.11031, 0.1166): False
2024-02-12 14:49:42.524670: I Analyzed pair: (0.11031, 0.12088): False
2024-02-12 14:49:42.525670: I Analyzed pair: (0.11031, 0.12306): False
2024-02-12 14:49:42.525670: I Check List: [False, False, False, False, False]
2024-02-12 14:49:49.083463: I Epoch 20/200 loss 15.94201
2024-02-12 14:49:49.083463: I ******************************************
2024-02-12 14:49:49.084463: I Analyzed pair: (0.11285, 0.115): False
2024-02-12 14:49:49.084463: I Analyzed pair: (0.11285, 0.1166): False
2024-02-12 14:49:49.084463: I Analyzed pair: (0.11285, 0.12088): False
2024-02-12 14:49:49.085462: I Analyzed pair: (0.11285, 0.12306): False
2024-02-12 14:49:49.085462: I Analyzed pair: (0.11285, 0.12556): False
2024-02-12 14:49:49.085462: I Check List: [False, False, False, False, False]
2024-02-12 14:49:55.569181: I Epoch 21/200 loss 13.61455
2024-02-12 14:49:55.570180: I ******************************************
2024-02-12 14:49:55.570180: I Analyzed pair: (0.115, 0.1166): False
2024-02-12 14:49:55.571181: I Analyzed pair: (0.115, 0.12088): False
2024-02-12 14:49:55.571181: I Analyzed pair: (0.115, 0.12306): False
2024-02-12 14:49:55.571181: I Analyzed pair: (0.115, 0.12556): False
2024-02-12 14:49:55.571181: I Analyzed pair: (0.115, 0.12764): False
2024-02-12 14:49:55.572181: I Check List: [False, False, False, False, False]
2024-02-12 14:50:01.587467: I Epoch 22/200 loss 12.04365
2024-02-12 14:50:01.587467: I ******************************************
2024-02-12 14:50:01.588468: I Analyzed pair: (0.1166, 0.12088): False
2024-02-12 14:50:01.588468: I Analyzed pair: (0.1166, 0.12306): False
2024-02-12 14:50:01.588468: I Analyzed pair: (0.1166, 0.12556): False
2024-02-12 14:50:01.588468: I Analyzed pair: (0.1166, 0.12764): False
2024-02-12 14:50:01.589468: I Analyzed pair: (0.1166, 0.13024): False
2024-02-12 14:50:01.589468: I Check List: [False, False, False, False, False]
2024-02-12 14:50:08.112698: I Epoch 23/200 loss 10.37872
2024-02-12 14:50:08.112698: I ******************************************
2024-02-12 14:50:08.113697: I Analyzed pair: (0.12088, 0.12306): False
2024-02-12 14:50:08.113697: I Analyzed pair: (0.12088, 0.12556): False
2024-02-12 14:50:08.113697: I Analyzed pair: (0.12088, 0.12764): False
2024-02-12 14:50:08.113697: I Analyzed pair: (0.12088, 0.13024): False
2024-02-12 14:50:08.114696: I Analyzed pair: (0.12088, 0.13277): False
2024-02-12 14:50:08.114696: I Check List: [False, False, False, False, False]
2024-02-12 14:50:14.639319: I Epoch 24/200 loss 9.06427
2024-02-12 14:50:14.640318: I ******************************************
2024-02-12 14:50:14.640318: I Analyzed pair: (0.12306, 0.12556): False
2024-02-12 14:50:14.640318: I Analyzed pair: (0.12306, 0.12764): False
2024-02-12 14:50:14.641319: I Analyzed pair: (0.12306, 0.13024): False
2024-02-12 14:50:14.641319: I Analyzed pair: (0.12306, 0.13277): False
2024-02-12 14:50:14.641319: I Analyzed pair: (0.12306, 0.13489): False
2024-02-12 14:50:14.642319: I Check List: [False, False, False, False, False]
2024-02-12 14:50:20.702506: I Epoch 25/200 loss 7.84439
2024-02-12 14:50:20.704009: I ******************************************
2024-02-12 14:50:20.704009: I Analyzed pair: (0.12556, 0.12764): False
2024-02-12 14:50:20.704009: I Analyzed pair: (0.12556, 0.13024): False
2024-02-12 14:50:20.705013: I Analyzed pair: (0.12556, 0.13277): False
2024-02-12 14:50:20.705013: I Analyzed pair: (0.12556, 0.13489): False
2024-02-12 14:50:20.705013: I Analyzed pair: (0.12556, 0.13795): False
2024-02-12 14:50:20.705013: I Check List: [False, False, False, False, False]
2024-02-12 14:50:26.838763: I Epoch 26/200 loss 6.92684
2024-02-12 14:50:26.839764: I ******************************************
2024-02-12 14:50:26.839764: I Analyzed pair: (0.12764, 0.13024): False
2024-02-12 14:50:26.839764: I Analyzed pair: (0.12764, 0.13277): False
2024-02-12 14:50:26.840764: I Analyzed pair: (0.12764, 0.13489): False
2024-02-12 14:50:26.840764: I Analyzed pair: (0.12764, 0.13795): False
2024-02-12 14:50:26.840764: I Analyzed pair: (0.12764, 0.13966): False
2024-02-12 14:50:26.840764: I Check List: [False, False, False, False, False]
2024-02-12 14:50:33.523466: I Epoch 27/200 loss 6.05181
2024-02-12 14:50:33.524467: I ******************************************
2024-02-12 14:50:33.524467: I Analyzed pair: (0.13024, 0.13277): False
2024-02-12 14:50:33.524467: I Analyzed pair: (0.13024, 0.13489): False
2024-02-12 14:50:33.525467: I Analyzed pair: (0.13024, 0.13795): False
2024-02-12 14:50:33.525467: I Analyzed pair: (0.13024, 0.13966): False
2024-02-12 14:50:33.525467: I Analyzed pair: (0.13024, 0.14317): False
2024-02-12 14:50:33.525467: I Check List: [False, False, False, False, False]
2024-02-12 14:50:40.408353: I Epoch 28/200 loss 5.34092
2024-02-12 14:50:40.410358: I ******************************************
2024-02-12 14:50:40.410358: I Analyzed pair: (0.13277, 0.13489): False
2024-02-12 14:50:40.411360: I Analyzed pair: (0.13277, 0.13795): False
2024-02-12 14:50:40.411360: I Analyzed pair: (0.13277, 0.13966): False
2024-02-12 14:50:40.411360: I Analyzed pair: (0.13277, 0.14317): False
2024-02-12 14:50:40.412359: I Analyzed pair: (0.13277, 0.14562): False
2024-02-12 14:50:40.412359: I Check List: [False, False, False, False, False]
2024-02-12 14:50:47.648822: I Epoch 29/200 loss 5.04363
2024-02-12 14:50:47.649822: I ******************************************
2024-02-12 14:50:47.649822: I Analyzed pair: (0.13489, 0.13795): False
2024-02-12 14:50:47.649822: I Analyzed pair: (0.13489, 0.13966): False
2024-02-12 14:50:47.650822: I Analyzed pair: (0.13489, 0.14317): False
2024-02-12 14:50:47.650822: I Analyzed pair: (0.13489, 0.14562): False
2024-02-12 14:50:47.650822: I Analyzed pair: (0.13489, 0.148): False
2024-02-12 14:50:47.651822: I Check List: [False, False, False, False, False]
2024-02-12 14:50:54.141466: I Epoch 30/200 loss 4.29381
2024-02-12 14:50:54.141466: I ******************************************
2024-02-12 14:50:54.141466: I Analyzed pair: (0.13795, 0.13966): False
2024-02-12 14:50:54.142466: I Analyzed pair: (0.13795, 0.14317): False
2024-02-12 14:50:54.142466: I Analyzed pair: (0.13795, 0.14562): False
2024-02-12 14:50:54.142466: I Analyzed pair: (0.13795, 0.148): False
2024-02-12 14:50:54.142466: I Analyzed pair: (0.13795, 0.14897): False
2024-02-12 14:50:54.143466: I Check List: [False, False, False, False, False]
2024-02-12 14:51:00.725805: I Epoch 31/200 loss 3.86940
2024-02-12 14:51:00.726804: I ******************************************
2024-02-12 14:51:00.726804: I Analyzed pair: (0.13966, 0.14317): False
2024-02-12 14:51:00.727806: I Analyzed pair: (0.13966, 0.14562): False
2024-02-12 14:51:00.727806: I Analyzed pair: (0.13966, 0.148): False
2024-02-12 14:51:00.728806: I Analyzed pair: (0.13966, 0.14897): False
2024-02-12 14:51:00.728806: I Analyzed pair: (0.13966, 0.15123): False
2024-02-12 14:51:00.728806: I Check List: [False, False, False, False, False]
2024-02-12 14:51:08.081915: I Epoch 32/200 loss 3.46824
2024-02-12 14:51:08.081915: I ******************************************
2024-02-12 14:51:08.082916: I Analyzed pair: (0.14317, 0.14562): False
2024-02-12 14:51:08.082916: I Analyzed pair: (0.14317, 0.148): False
2024-02-12 14:51:08.082916: I Analyzed pair: (0.14317, 0.14897): False
2024-02-12 14:51:08.082916: I Analyzed pair: (0.14317, 0.15123): False
2024-02-12 14:51:08.083915: I Analyzed pair: (0.14317, 0.15305): False
2024-02-12 14:51:08.083915: I Check List: [False, False, False, False, False]
2024-02-12 14:51:14.260090: I Epoch 33/200 loss 3.15455
2024-02-12 14:51:14.260090: I ******************************************
2024-02-12 14:51:14.261093: I Analyzed pair: (0.14562, 0.148): False
2024-02-12 14:51:14.262094: I Analyzed pair: (0.14562, 0.14897): False
2024-02-12 14:51:14.262094: I Analyzed pair: (0.14562, 0.15123): False
2024-02-12 14:51:14.262094: I Analyzed pair: (0.14562, 0.15305): False
2024-02-12 14:51:14.263093: I Analyzed pair: (0.14562, 0.15442): False
2024-02-12 14:51:14.263093: I Check List: [False, False, False, False, False]
2024-02-12 14:51:20.604763: I Epoch 34/200 loss 2.85395
2024-02-12 14:51:20.604763: I ******************************************
2024-02-12 14:51:20.605763: I Analyzed pair: (0.148, 0.14897): False
2024-02-12 14:51:20.605763: I Analyzed pair: (0.148, 0.15123): False
2024-02-12 14:51:20.605763: I Analyzed pair: (0.148, 0.15305): False
2024-02-12 14:51:20.606766: I Analyzed pair: (0.148, 0.15442): False
2024-02-12 14:51:20.606766: I Analyzed pair: (0.148, 0.1553): False
2024-02-12 14:51:20.606766: I Check List: [False, False, False, False, False]
2024-02-12 14:51:26.868522: I Epoch 35/200 loss 2.59494
2024-02-12 14:51:26.869524: I ******************************************
2024-02-12 14:51:26.869524: I Analyzed pair: (0.14897, 0.15123): False
2024-02-12 14:51:26.870523: I Analyzed pair: (0.14897, 0.15305): False
2024-02-12 14:51:26.870523: I Analyzed pair: (0.14897, 0.15442): False
2024-02-12 14:51:26.870523: I Analyzed pair: (0.14897, 0.1553): False
2024-02-12 14:51:26.870523: I Analyzed pair: (0.14897, 0.1565): False
2024-02-12 14:51:26.871522: I Check List: [False, False, False, False, False]
2024-02-12 14:51:33.590201: I Epoch 36/200 loss 2.33689
2024-02-12 14:51:33.591201: I ******************************************
2024-02-12 14:51:33.591201: I Analyzed pair: (0.15123, 0.15305): False
2024-02-12 14:51:33.591201: I Analyzed pair: (0.15123, 0.15442): False
2024-02-12 14:51:33.592201: I Analyzed pair: (0.15123, 0.1553): False
2024-02-12 14:51:33.592201: I Analyzed pair: (0.15123, 0.1565): False
2024-02-12 14:51:33.592201: I Analyzed pair: (0.15123, 0.15808): False
2024-02-12 14:51:33.593202: I Check List: [False, False, False, False, False]
2024-02-12 14:51:39.509875: I Epoch 37/200 loss 2.14946
2024-02-12 14:51:39.510876: I ******************************************
2024-02-12 14:51:39.510876: I Analyzed pair: (0.15305, 0.15442): False
2024-02-12 14:51:39.511876: I Analyzed pair: (0.15305, 0.1553): False
2024-02-12 14:51:39.511876: I Analyzed pair: (0.15305, 0.1565): False
2024-02-12 14:51:39.511876: I Analyzed pair: (0.15305, 0.15808): False
2024-02-12 14:51:39.512876: I Analyzed pair: (0.15305, 0.16035): False
2024-02-12 14:51:39.512876: I Check List: [False, False, False, False, False]
2024-02-12 14:51:45.860981: I Epoch 38/200 loss 1.94429
2024-02-12 14:51:45.861981: I Analyzed pair: (0.15442, 0.1553): False
2024-02-12 14:51:45.861981: I Analyzed pair: (0.15442, 0.1565): False
2024-02-12 14:51:45.862981: I Analyzed pair: (0.15442, 0.15808): False
2024-02-12 14:51:45.862981: I Analyzed pair: (0.15442, 0.16035): False
2024-02-12 14:51:45.862981: I Analyzed pair: (0.15442, 0.1603): False
2024-02-12 14:51:45.862981: I Check List: [False, False, False, False, False]
2024-02-12 14:51:52.595711: I Epoch 39/200 loss 1.75051
2024-02-12 14:51:52.596711: I ******************************************
2024-02-12 14:51:52.596711: I Analyzed pair: (0.1553, 0.1565): False
2024-02-12 14:51:52.596711: I Analyzed pair: (0.1553, 0.15808): False
2024-02-12 14:51:52.597710: I Analyzed pair: (0.1553, 0.16035): False
2024-02-12 14:51:52.597710: I Analyzed pair: (0.1553, 0.1603): False
2024-02-12 14:51:52.597710: I Analyzed pair: (0.1553, 0.16212): False
2024-02-12 14:51:52.597710: I Check List: [False, False, False, False, False]
2024-02-12 14:51:58.955837: I Epoch 40/200 loss 1.58765
2024-02-12 14:51:58.955837: I ******************************************
2024-02-12 14:51:58.955837: I Analyzed pair: (0.1565, 0.15808): False
2024-02-12 14:51:58.956837: I Analyzed pair: (0.1565, 0.16035): False
2024-02-12 14:51:58.956837: I Analyzed pair: (0.1565, 0.1603): False
2024-02-12 14:51:58.956837: I Analyzed pair: (0.1565, 0.16212): False
2024-02-12 14:51:58.956837: I Analyzed pair: (0.1565, 0.16316): False
2024-02-12 14:51:58.957837: I Check List: [False, False, False, False, False]
2024-02-12 14:52:05.397995: I Epoch 41/200 loss 1.47687
2024-02-12 14:52:05.397995: I ******************************************
2024-02-12 14:52:05.398996: I Analyzed pair: (0.15808, 0.16035): False
2024-02-12 14:52:05.398996: I Analyzed pair: (0.15808, 0.1603): False
2024-02-12 14:52:05.398996: I Analyzed pair: (0.15808, 0.16212): False
2024-02-12 14:52:05.398996: I Analyzed pair: (0.15808, 0.16316): False
2024-02-12 14:52:05.399996: I Analyzed pair: (0.15808, 0.16423): False
2024-02-12 14:52:05.399996: I Check List: [False, False, False, False, False]
2024-02-12 14:52:11.785077: I Epoch 42/200 loss 1.39609
2024-02-12 14:52:11.786078: I ******************************************
2024-02-12 14:52:11.786078: I Analyzed pair: (0.16035, 0.1603): True
2024-02-12 14:52:11.786078: I Analyzed pair: (0.16035, 0.16212): False
2024-02-12 14:52:11.787078: I Analyzed pair: (0.16035, 0.16316): False
2024-02-12 14:52:11.787078: I Analyzed pair: (0.16035, 0.16423): False
2024-02-12 14:52:11.787078: I Analyzed pair: (0.16035, 0.16474): False
2024-02-12 14:52:11.787078: I Check List: [True, False, False, False, False]
2024-02-12 14:52:18.123777: I Epoch 43/200 loss 1.25833
2024-02-12 14:52:18.123777: I ******************************************
2024-02-12 14:52:18.124778: I Analyzed pair: (0.1603, 0.16212): False
2024-02-12 14:52:18.124778: I Analyzed pair: (0.1603, 0.16316): False
2024-02-12 14:52:18.124778: I Analyzed pair: (0.1603, 0.16423): False
2024-02-12 14:52:18.125777: I Analyzed pair: (0.1603, 0.16474): False
2024-02-12 14:52:18.125777: I Analyzed pair: (0.1603, 0.16585): False
2024-02-12 14:52:18.125777: I Check List: [False, False, False, False, False]
2024-02-12 14:52:24.810660: I Epoch 44/200 loss 1.14572
2024-02-12 14:52:24.811660: I ******************************************
2024-02-12 14:52:24.812660: I Analyzed pair: (0.16212, 0.16316): False
2024-02-12 14:52:24.812660: I Analyzed pair: (0.16212, 0.16423): False
2024-02-12 14:52:24.812660: I Analyzed pair: (0.16212, 0.16474): False
2024-02-12 14:52:24.812660: I Analyzed pair: (0.16212, 0.16585): False
2024-02-12 14:52:24.813660: I Analyzed pair: (0.16212, 0.16662): False
2024-02-12 14:52:24.813660: I Check List: [False, False, False, False, False]
2024-02-12 14:52:30.799907: I Epoch 45/200 loss 1.10467
2024-02-12 14:52:30.800906: I ******************************************
2024-02-12 14:52:30.800906: I Analyzed pair: (0.16316, 0.16423): False
2024-02-12 14:52:30.800906: I Analyzed pair: (0.16316, 0.16474): False
2024-02-12 14:52:30.801906: I Analyzed pair: (0.16316, 0.16585): False
2024-02-12 14:52:30.801906: I Analyzed pair: (0.16316, 0.16662): False
2024-02-12 14:52:30.801906: I Analyzed pair: (0.16316, 0.16683): False
2024-02-12 14:52:30.801906: I Check List: [False, False, False, False, False]
2024-02-12 14:52:36.912689: I Epoch 46/200 loss 1.03558
2024-02-12 14:52:36.912689: I ******************************************
2024-02-12 14:52:36.913690: I Analyzed pair: (0.16423, 0.16474): False
2024-02-12 14:52:36.913690: I Analyzed pair: (0.16423, 0.16585): False
2024-02-12 14:52:36.913690: I Analyzed pair: (0.16423, 0.16662): False
2024-02-12 14:52:36.913690: I Analyzed pair: (0.16423, 0.16683): False
2024-02-12 14:52:36.914689: I Analyzed pair: (0.16423, 0.16755): False
2024-02-12 14:52:36.914689: I Check List: [False, False, False, False, False]
2024-02-12 14:52:43.338443: I Epoch 47/200 loss 0.94074
2024-02-12 14:52:43.338443: I ******************************************
2024-02-12 14:52:43.338443: I Analyzed pair: (0.16474, 0.16585): False
2024-02-12 14:52:43.339444: I Analyzed pair: (0.16474, 0.16662): False
2024-02-12 14:52:43.339444: I Analyzed pair: (0.16474, 0.16683): False
2024-02-12 14:52:43.339444: I Analyzed pair: (0.16474, 0.16755): False
2024-02-12 14:52:43.339444: I Analyzed pair: (0.16474, 0.16804): False
2024-02-12 14:52:43.340444: I Check List: [False, False, False, False, False]
2024-02-12 14:52:49.769631: I Epoch 48/200 loss 0.87233
2024-02-12 14:52:49.770631: I ******************************************
2024-02-12 14:52:49.770631: I Analyzed pair: (0.16585, 0.16662): False
2024-02-12 14:52:49.771633: I Analyzed pair: (0.16585, 0.16683): False
2024-02-12 14:52:49.771633: I Analyzed pair: (0.16585, 0.16755): False
2024-02-12 14:52:49.771633: I Analyzed pair: (0.16585, 0.16804): False
2024-02-12 14:52:49.771633: I Analyzed pair: (0.16585, 0.16843): False
2024-02-12 14:52:49.772632: I Check List: [False, False, False, False, False]
2024-02-12 14:52:56.165866: I Epoch 49/200 loss 0.80390
2024-02-12 14:52:56.166867: I ******************************************
2024-02-12 14:52:56.166867: I Analyzed pair: (0.16662, 0.16683): False
2024-02-12 14:52:56.166867: I Analyzed pair: (0.16662, 0.16755): False
2024-02-12 14:52:56.167867: I Analyzed pair: (0.16662, 0.16804): False
2024-02-12 14:52:56.167867: I Analyzed pair: (0.16662, 0.16843): False
2024-02-12 14:52:56.167867: I Analyzed pair: (0.16662, 0.16983): False
2024-02-12 14:52:56.167867: I Check List: [False, False, False, False, False]
2024-02-12 14:53:02.122555: I Epoch 50/200 loss 0.76594
2024-02-12 14:53:02.122555: I ******************************************
2024-02-12 14:53:02.123556: I Analyzed pair: (0.16683, 0.16755): False
2024-02-12 14:53:02.123556: I Analyzed pair: (0.16683, 0.16804): False
2024-02-12 14:53:02.123556: I Analyzed pair: (0.16683, 0.16843): False
2024-02-12 14:53:02.124556: I Analyzed pair: (0.16683, 0.16983): False
2024-02-12 14:53:02.124556: I Analyzed pair: (0.16683, 0.16987): False
2024-02-12 14:53:02.124556: I Check List: [False, False, False, False, False]
2024-02-12 14:53:08.529703: I Epoch 51/200 loss 0.70202
2024-02-12 14:53:08.530702: I ******************************************
2024-02-12 14:53:08.530702: I Analyzed pair: (0.16755, 0.16804): False
2024-02-12 14:53:08.531702: I Analyzed pair: (0.16755, 0.16843): False
2024-02-12 14:53:08.531702: I Analyzed pair: (0.16755, 0.16983): False
2024-02-12 14:53:08.531702: I Analyzed pair: (0.16755, 0.16987): False
2024-02-12 14:53:08.531702: I Analyzed pair: (0.16755, 0.17079): False
2024-02-12 14:53:08.532702: I Check List: [False, False, False, False, False]
2024-02-12 14:53:14.734785: I Epoch 52/200 loss 0.64662
2024-02-12 14:53:14.735784: I ******************************************
2024-02-12 14:53:14.735784: I Analyzed pair: (0.16804, 0.16843): False
2024-02-12 14:53:14.735784: I Analyzed pair: (0.16804, 0.16983): False
2024-02-12 14:53:14.736782: I Analyzed pair: (0.16804, 0.16987): False
2024-02-12 14:53:14.736782: I Analyzed pair: (0.16804, 0.17079): False
2024-02-12 14:53:14.736782: I Analyzed pair: (0.16804, 0.17129): False
2024-02-12 14:53:14.736782: I Check List: [False, False, False, False, False]
2024-02-12 14:53:21.673047: I Epoch 53/200 loss 0.61378
2024-02-12 14:53:21.674047: I ******************************************
2024-02-12 14:53:21.674047: I Analyzed pair: (0.16843, 0.16983): False
2024-02-12 14:53:21.674047: I Analyzed pair: (0.16843, 0.16987): False
2024-02-12 14:53:21.675047: I Analyzed pair: (0.16843, 0.17079): False
2024-02-12 14:53:21.675047: I Analyzed pair: (0.16843, 0.17129): False
2024-02-12 14:53:21.675047: I Analyzed pair: (0.16843, 0.17152): False
2024-02-12 14:53:21.675047: I Check List: [False, False, False, False, False]
2024-02-12 14:53:28.381693: I Epoch 54/200 loss 0.57387
2024-02-12 14:53:28.381693: I ******************************************
2024-02-12 14:53:28.382693: I Analyzed pair: (0.16983, 0.16987): False
2024-02-12 14:53:28.382693: I Analyzed pair: (0.16983, 0.17079): False
2024-02-12 14:53:28.383693: I Analyzed pair: (0.16983, 0.17129): False
2024-02-12 14:53:28.383693: I Analyzed pair: (0.16983, 0.17152): False
2024-02-12 14:53:28.383693: I Analyzed pair: (0.16983, 0.17242): False
2024-02-12 14:53:28.383693: I Check List: [False, False, False, False, False]
2024-02-12 14:53:34.784834: I Epoch 55/200 loss 0.53445
2024-02-12 14:53:34.785833: I Analyzed pair: (0.16987, 0.17079): False
2024-02-12 14:53:34.785833: I Analyzed pair: (0.16987, 0.17129): False
2024-02-12 14:53:34.786836: I Analyzed pair: (0.16987, 0.17152): False
2024-02-12 14:53:34.786836: I Analyzed pair: (0.16987, 0.17242): False
2024-02-12 14:53:34.786836: I Analyzed pair: (0.16987, 0.17223): False
2024-02-12 14:53:34.786836: I Check List: [False, False, False, False, False]
2024-02-12 14:53:40.962041: I Epoch 56/200 loss 0.51497
2024-02-12 14:53:40.962041: I ******************************************
2024-02-12 14:53:40.963040: I Analyzed pair: (0.17079, 0.17129): False
2024-02-12 14:53:40.963040: I Analyzed pair: (0.17079, 0.17152): False
2024-02-12 14:53:40.963040: I Analyzed pair: (0.17079, 0.17242): False
2024-02-12 14:53:40.964039: I Analyzed pair: (0.17079, 0.17223): False
2024-02-12 14:53:40.964039: I Analyzed pair: (0.17079, 0.173): False
2024-02-12 14:53:40.964039: I Check List: [False, False, False, False, False]
2024-02-12 14:53:47.052796: I Epoch 57/200 loss 0.48997
2024-02-12 14:53:47.053797: I ******************************************
2024-02-12 14:53:47.053797: I Analyzed pair: (0.17129, 0.17152): False
2024-02-12 14:53:47.053797: I Analyzed pair: (0.17129, 0.17242): False
2024-02-12 14:53:47.054797: I Analyzed pair: (0.17129, 0.17223): False
2024-02-12 14:53:47.054797: I Analyzed pair: (0.17129, 0.173): False
2024-02-12 14:53:47.054797: I Analyzed pair: (0.17129, 0.17377): False
2024-02-12 14:53:47.054797: I Check List: [False, False, False, False, False]
2024-02-12 14:53:53.022563: I Epoch 58/200 loss 0.44558
2024-02-12 14:53:53.023564: I ******************************************
2024-02-12 14:53:53.023564: I Analyzed pair: (0.17152, 0.17242): False
2024-02-12 14:53:53.023564: I Analyzed pair: (0.17152, 0.17223): False
2024-02-12 14:53:53.024563: I Analyzed pair: (0.17152, 0.173): False
2024-02-12 14:53:53.024563: I Analyzed pair: (0.17152, 0.17377): False
2024-02-12 14:53:53.024563: I Analyzed pair: (0.17152, 0.17455): False
2024-02-12 14:53:53.024563: I Check List: [False, False, False, False, False]
2024-02-12 14:53:59.451392: I Epoch 59/200 loss 0.40962
2024-02-12 14:53:59.451392: I Analyzed pair: (0.17242, 0.17223): True
2024-02-12 14:53:59.452393: I Analyzed pair: (0.17242, 0.173): False
2024-02-12 14:53:59.452393: I Analyzed pair: (0.17242, 0.17377): False
2024-02-12 14:53:59.452393: I Analyzed pair: (0.17242, 0.17455): False
2024-02-12 14:53:59.452393: I Analyzed pair: (0.17242, 0.17417): False
2024-02-12 14:53:59.453393: I Check List: [True, False, False, False, False]
2024-02-12 14:54:06.062771: I Epoch 60/200 loss 0.40659
2024-02-12 14:54:06.063771: I ******************************************
2024-02-12 14:54:06.063771: I Analyzed pair: (0.17223, 0.173): False
2024-02-12 14:54:06.063771: I Analyzed pair: (0.17223, 0.17377): False
2024-02-12 14:54:06.063771: I Analyzed pair: (0.17223, 0.17455): False
2024-02-12 14:54:06.064770: I Analyzed pair: (0.17223, 0.17417): False
2024-02-12 14:54:06.064770: I Analyzed pair: (0.17223, 0.17546): False
2024-02-12 14:54:06.064770: I Check List: [False, False, False, False, False]
2024-02-12 14:54:12.227545: I Epoch 61/200 loss 0.37467
2024-02-12 14:54:12.228543: I Analyzed pair: (0.173, 0.17377): False
2024-02-12 14:54:12.228543: I Analyzed pair: (0.173, 0.17455): False
2024-02-12 14:54:12.228543: I Analyzed pair: (0.173, 0.17417): False
2024-02-12 14:54:12.229543: I Analyzed pair: (0.173, 0.17546): False
2024-02-12 14:54:12.229543: I Analyzed pair: (0.173, 0.17539): False
2024-02-12 14:54:12.229543: I Check List: [False, False, False, False, False]
2024-02-12 14:54:18.226783: I Epoch 62/200 loss 0.36417
2024-02-12 14:54:18.226783: I ******************************************
2024-02-12 14:54:18.227785: I Analyzed pair: (0.17377, 0.17455): False
2024-02-12 14:54:18.227785: I Analyzed pair: (0.17377, 0.17417): False
2024-02-12 14:54:18.227785: I Analyzed pair: (0.17377, 0.17546): False
2024-02-12 14:54:18.228784: I Analyzed pair: (0.17377, 0.17539): False
2024-02-12 14:54:18.228784: I Analyzed pair: (0.17377, 0.17577): False
2024-02-12 14:54:18.228784: I Check List: [False, False, False, False, False]
2024-02-12 14:54:24.812007: I Epoch 63/200 loss 0.34558
2024-02-12 14:54:24.813008: I ******************************************
2024-02-12 14:54:24.813008: I Analyzed pair: (0.17455, 0.17417): True
2024-02-12 14:54:24.813008: I Analyzed pair: (0.17455, 0.17546): False
2024-02-12 14:54:24.814008: I Analyzed pair: (0.17455, 0.17539): False
2024-02-12 14:54:24.814008: I Analyzed pair: (0.17455, 0.17577): False
2024-02-12 14:54:24.814008: I Analyzed pair: (0.17455, 0.17606): False
2024-02-12 14:54:24.814008: I Check List: [True, False, False, False, False]
2024-02-12 14:54:30.832260: I Epoch 64/200 loss 0.32434
2024-02-12 14:54:30.832260: I ******************************************
2024-02-12 14:54:30.833260: I Analyzed pair: (0.17417, 0.17546): False
2024-02-12 14:54:30.833260: I Analyzed pair: (0.17417, 0.17539): False
2024-02-12 14:54:30.833260: I Analyzed pair: (0.17417, 0.17577): False
2024-02-12 14:54:30.834262: I Analyzed pair: (0.17417, 0.17606): False
2024-02-12 14:54:30.834262: I Analyzed pair: (0.17417, 0.17634): False
2024-02-12 14:54:30.834262: I Check List: [False, False, False, False, False]
2024-02-12 14:54:36.998533: I Epoch 65/200 loss 0.30185
2024-02-12 14:54:36.999533: I ******************************************
2024-02-12 14:54:36.999533: I Analyzed pair: (0.17546, 0.17539): True
2024-02-12 14:54:36.999533: I Analyzed pair: (0.17546, 0.17577): False
2024-02-12 14:54:36.999533: I Analyzed pair: (0.17546, 0.17606): False
2024-02-12 14:54:37.000534: I Analyzed pair: (0.17546, 0.17634): False
2024-02-12 14:54:37.000534: I Analyzed pair: (0.17546, 0.17705): False
2024-02-12 14:54:37.000534: I Check List: [True, False, False, False, False]
2024-02-12 14:54:43.328196: I Epoch 66/200 loss 0.28658
2024-02-12 14:54:43.329196: I ******************************************
2024-02-12 14:54:43.329196: I Analyzed pair: (0.17539, 0.17577): False
2024-02-12 14:54:43.329196: I Analyzed pair: (0.17539, 0.17606): False
2024-02-12 14:54:43.330195: I Analyzed pair: (0.17539, 0.17634): False
2024-02-12 14:54:43.330195: I Analyzed pair: (0.17539, 0.17705): False
2024-02-12 14:54:43.330195: I Analyzed pair: (0.17539, 0.17755): False
2024-02-12 14:54:43.330195: I Check List: [False, False, False, False, False]
2024-02-12 14:54:49.555265: I Epoch 67/200 loss 0.26942
2024-02-12 14:54:49.555265: I ******************************************
2024-02-12 14:54:49.555265: I Analyzed pair: (0.17577, 0.17606): False
2024-02-12 14:54:49.556768: I Analyzed pair: (0.17577, 0.17634): False
2024-02-12 14:54:49.556768: I Analyzed pair: (0.17577, 0.17705): False
2024-02-12 14:54:49.556768: I Analyzed pair: (0.17577, 0.17755): False
2024-02-12 14:54:49.557772: I Analyzed pair: (0.17577, 0.1779): False
2024-02-12 14:54:49.557772: I Check List: [False, False, False, False, False]
2024-02-12 14:54:55.823801: I Epoch 68/200 loss 0.25795
2024-02-12 14:54:55.824802: I Analyzed pair: (0.17606, 0.17634): False
2024-02-12 14:54:55.824802: I Analyzed pair: (0.17606, 0.17705): False
2024-02-12 14:54:55.824802: I Analyzed pair: (0.17606, 0.17755): False
2024-02-12 14:54:55.825801: I Analyzed pair: (0.17606, 0.1779): False
2024-02-12 14:54:55.825801: I Analyzed pair: (0.17606, 0.17734): False
2024-02-12 14:54:55.825801: I Check List: [False, False, False, False, False]
2024-02-12 14:55:02.288564: I Epoch 69/200 loss 0.24687
2024-02-12 14:55:02.289565: I Analyzed pair: (0.17634, 0.17705): False
2024-02-12 14:55:02.289565: I Analyzed pair: (0.17634, 0.17755): False
2024-02-12 14:55:02.289565: I Analyzed pair: (0.17634, 0.1779): False
2024-02-12 14:55:02.289565: I Analyzed pair: (0.17634, 0.17734): False
2024-02-12 14:55:02.290564: I Analyzed pair: (0.17634, 0.1778): False
2024-02-12 14:55:02.290564: I Check List: [False, False, False, False, False]
2024-02-12 14:55:08.737779: I Epoch 70/200 loss 0.24626
2024-02-12 14:55:08.737779: I ******************************************
2024-02-12 14:55:08.738779: I Analyzed pair: (0.17705, 0.17755): False
2024-02-12 14:55:08.738779: I Analyzed pair: (0.17705, 0.1779): False
2024-02-12 14:55:08.738779: I Analyzed pair: (0.17705, 0.17734): False
2024-02-12 14:55:08.738779: I Analyzed pair: (0.17705, 0.1778): False
2024-02-12 14:55:08.739779: I Analyzed pair: (0.17705, 0.17863): False
2024-02-12 14:55:08.739779: I Check List: [False, False, False, False, False]
2024-02-12 14:55:15.284085: I Epoch 71/200 loss 0.22837
2024-02-12 14:55:15.285087: I ******************************************
2024-02-12 14:55:15.285087: I Analyzed pair: (0.17755, 0.1779): False
2024-02-12 14:55:15.285087: I Analyzed pair: (0.17755, 0.17734): True
2024-02-12 14:55:15.286087: I Analyzed pair: (0.17755, 0.1778): False
2024-02-12 14:55:15.286087: I Analyzed pair: (0.17755, 0.17863): False
2024-02-12 14:55:15.286087: I Analyzed pair: (0.17755, 0.17995): False
2024-02-12 14:55:15.287087: I Check List: [False, True, False, False, False]
2024-02-12 14:55:21.882497: I Epoch 72/200 loss 0.21609
2024-02-12 14:55:21.883498: I ******************************************
2024-02-12 14:55:21.883498: I Analyzed pair: (0.1779, 0.17734): True
2024-02-12 14:55:21.883498: I Analyzed pair: (0.1779, 0.1778): True
2024-02-12 14:55:21.884499: I Analyzed pair: (0.1779, 0.17863): False
2024-02-12 14:55:21.884499: I Analyzed pair: (0.1779, 0.17995): False
2024-02-12 14:55:21.884499: I Analyzed pair: (0.1779, 0.17997): False
2024-02-12 14:55:21.884499: I Check List: [True, True, False, False, False]
2024-02-12 14:55:28.114721: I Epoch 73/200 loss 0.20053
2024-02-12 14:55:28.115723: I ******************************************
2024-02-12 14:55:28.115723: I Analyzed pair: (0.17734, 0.1778): False
2024-02-12 14:55:28.116723: I Analyzed pair: (0.17734, 0.17863): False
2024-02-12 14:55:28.116723: I Analyzed pair: (0.17734, 0.17995): False
2024-02-12 14:55:28.116723: I Analyzed pair: (0.17734, 0.17997): False
2024-02-12 14:55:28.117721: I Analyzed pair: (0.17734, 0.18055): False
2024-02-12 14:55:28.117721: I Check List: [False, False, False, False, False]
2024-02-12 14:55:34.168422: I Epoch 74/200 loss 0.19457
2024-02-12 14:55:34.168422: I ******************************************
2024-02-12 14:55:34.168422: I Analyzed pair: (0.1778, 0.17863): False
2024-02-12 14:55:34.169421: I Analyzed pair: (0.1778, 0.17995): False
2024-02-12 14:55:34.169421: I Analyzed pair: (0.1778, 0.17997): False
2024-02-12 14:55:34.169421: I Analyzed pair: (0.1778, 0.18055): False
2024-02-12 14:55:34.170421: I Analyzed pair: (0.1778, 0.18063): False
2024-02-12 14:55:34.170421: I Check List: [False, False, False, False, False]
2024-02-12 14:55:40.898170: I Epoch 75/200 loss 0.18068
2024-02-12 14:55:40.899170: I Analyzed pair: (0.17863, 0.17995): False
2024-02-12 14:55:40.899170: I Analyzed pair: (0.17863, 0.17997): False
2024-02-12 14:55:40.899170: I Analyzed pair: (0.17863, 0.18055): False
2024-02-12 14:55:40.900170: I Analyzed pair: (0.17863, 0.18063): False
2024-02-12 14:55:40.900170: I Analyzed pair: (0.17863, 0.18016): False
2024-02-12 14:55:40.900170: I Check List: [False, False, False, False, False]
2024-02-12 14:55:47.141398: I Epoch 76/200 loss 0.18139
2024-02-12 14:55:47.141398: I ******************************************
2024-02-12 14:55:47.142398: I Analyzed pair: (0.17995, 0.17997): False
2024-02-12 14:55:47.142398: I Analyzed pair: (0.17995, 0.18055): False
2024-02-12 14:55:47.142398: I Analyzed pair: (0.17995, 0.18063): False
2024-02-12 14:55:47.143401: I Analyzed pair: (0.17995, 0.18016): False
2024-02-12 14:55:47.143401: I Analyzed pair: (0.17995, 0.18068): False
2024-02-12 14:55:47.144398: I Check List: [False, False, False, False, False]
2024-02-12 14:55:53.818175: I Epoch 77/200 loss 0.16556
2024-02-12 14:55:53.819175: I ******************************************
2024-02-12 14:55:53.819175: I Analyzed pair: (0.17997, 0.18055): False
2024-02-12 14:55:53.819175: I Analyzed pair: (0.17997, 0.18063): False
2024-02-12 14:55:53.820175: I Analyzed pair: (0.17997, 0.18016): False
2024-02-12 14:55:53.820175: I Analyzed pair: (0.17997, 0.18068): False
2024-02-12 14:55:53.820175: I Analyzed pair: (0.17997, 0.18087): False
2024-02-12 14:55:53.820175: I Check List: [False, False, False, False, False]
2024-02-12 14:56:00.306794: I Epoch 78/200 loss 0.16043
2024-02-12 14:56:00.306794: I ******************************************
2024-02-12 14:56:00.307796: I Analyzed pair: (0.18055, 0.18063): False
2024-02-12 14:56:00.307796: I Analyzed pair: (0.18055, 0.18016): True
2024-02-12 14:56:00.307796: I Analyzed pair: (0.18055, 0.18068): False
2024-02-12 14:56:00.307796: I Analyzed pair: (0.18055, 0.18087): False
2024-02-12 14:56:00.308796: I Analyzed pair: (0.18055, 0.18114): False
2024-02-12 14:56:00.308796: I Check List: [False, True, False, False, False]
2024-02-12 14:56:06.905842: I Epoch 79/200 loss 0.15112
2024-02-12 14:56:06.906842: I ******************************************
2024-02-12 14:56:06.906842: I Analyzed pair: (0.18063, 0.18016): True
2024-02-12 14:56:06.906842: I Analyzed pair: (0.18063, 0.18068): False
2024-02-12 14:56:06.907844: I Analyzed pair: (0.18063, 0.18087): False
2024-02-12 14:56:06.907844: I Analyzed pair: (0.18063, 0.18114): False
2024-02-12 14:56:06.907844: I Analyzed pair: (0.18063, 0.18133): False
2024-02-12 14:56:06.907844: I Check List: [True, False, False, False, False]
2024-02-12 14:56:12.947029: I Epoch 80/200 loss 0.14515
2024-02-12 14:56:12.948028: I Analyzed pair: (0.18016, 0.18068): False
2024-02-12 14:56:12.948028: I Analyzed pair: (0.18016, 0.18087): False
2024-02-12 14:56:12.949028: I Analyzed pair: (0.18016, 0.18114): False
2024-02-12 14:56:12.949028: I Analyzed pair: (0.18016, 0.18133): False
2024-02-12 14:56:12.949028: I Analyzed pair: (0.18016, 0.18123): False
2024-02-12 14:56:12.949028: I Check List: [False, False, False, False, False]
2024-02-12 14:56:19.232626: I Epoch 81/200 loss 0.14390
2024-02-12 14:56:19.232626: I ******************************************
2024-02-12 14:56:19.233626: I Analyzed pair: (0.18068, 0.18087): False
2024-02-12 14:56:19.233626: I Analyzed pair: (0.18068, 0.18114): False
2024-02-12 14:56:19.233626: I Analyzed pair: (0.18068, 0.18133): False
2024-02-12 14:56:19.233626: I Analyzed pair: (0.18068, 0.18123): False
2024-02-12 14:56:19.234628: I Analyzed pair: (0.18068, 0.18227): False
2024-02-12 14:56:19.234628: I Check List: [False, False, False, False, False]
2024-02-12 14:56:25.181778: I Epoch 82/200 loss 0.13225
2024-02-12 14:56:25.182779: I ******************************************
2024-02-12 14:56:25.182779: I Analyzed pair: (0.18087, 0.18114): False
2024-02-12 14:56:25.182779: I Analyzed pair: (0.18087, 0.18133): False
2024-02-12 14:56:25.183778: I Analyzed pair: (0.18087, 0.18123): False
2024-02-12 14:56:25.183778: I Analyzed pair: (0.18087, 0.18227): False
2024-02-12 14:56:25.183778: I Analyzed pair: (0.18087, 0.18258): False
2024-02-12 14:56:25.184778: I Check List: [False, False, False, False, False]
2024-02-12 14:56:31.417057: I Epoch 83/200 loss 0.13585
2024-02-12 14:56:31.417057: I Analyzed pair: (0.18114, 0.18133): False
2024-02-12 14:56:31.418059: I Analyzed pair: (0.18114, 0.18123): False
2024-02-12 14:56:31.418059: I Analyzed pair: (0.18114, 0.18227): False
2024-02-12 14:56:31.418059: I Analyzed pair: (0.18114, 0.18258): False
2024-02-12 14:56:31.418059: I Analyzed pair: (0.18114, 0.18217): False
2024-02-12 14:56:31.419059: I Check List: [False, False, False, False, False]
2024-02-12 14:56:37.387418: I Epoch 84/200 loss 0.11957
2024-02-12 14:56:37.388419: I Analyzed pair: (0.18133, 0.18123): True
2024-02-12 14:56:37.388419: I Analyzed pair: (0.18133, 0.18227): False
2024-02-12 14:56:37.389418: I Analyzed pair: (0.18133, 0.18258): False
2024-02-12 14:56:37.389418: I Analyzed pair: (0.18133, 0.18217): False
2024-02-12 14:56:37.389418: I Analyzed pair: (0.18133, 0.18184): False
2024-02-12 14:56:37.389418: I Check List: [True, False, False, False, False]
2024-02-12 14:56:43.484148: I Epoch 85/200 loss 0.12260
2024-02-12 14:56:43.485148: I Analyzed pair: (0.18123, 0.18227): False
2024-02-12 14:56:43.485148: I Analyzed pair: (0.18123, 0.18258): False
2024-02-12 14:56:43.486149: I Analyzed pair: (0.18123, 0.18217): False
2024-02-12 14:56:43.486149: I Analyzed pair: (0.18123, 0.18184): False
2024-02-12 14:56:43.486149: I Analyzed pair: (0.18123, 0.18233): False
2024-02-12 14:56:43.486149: I Check List: [False, False, False, False, False]
2024-02-12 14:56:50.168483: I Epoch 86/200 loss 0.11241
2024-02-12 14:56:50.169482: I ******************************************
2024-02-12 14:56:50.169482: I Analyzed pair: (0.18227, 0.18258): False
2024-02-12 14:56:50.170484: I Analyzed pair: (0.18227, 0.18217): True
2024-02-12 14:56:50.170484: I Analyzed pair: (0.18227, 0.18184): True
2024-02-12 14:56:50.170484: I Analyzed pair: (0.18227, 0.18233): False
2024-02-12 14:56:50.170484: I Analyzed pair: (0.18227, 0.18293): False
2024-02-12 14:56:50.171484: I Check List: [False, True, True, False, False]
