2024-02-21 16:51:34.078784: I Loading parameters
2024-02-21 16:51:34.078784: I Parameter factors set to 512
2024-02-21 16:51:34.080288: I Parameter lr set to 0.002411993489896946
2024-02-21 16:51:34.080288: I Parameter l_w set to 0.003023263429458794
2024-02-21 16:51:35.284064: I Epoch 1/200 loss 98.25244
2024-02-21 16:51:35.285067: I ******************************************
2024-02-21 16:51:36.197013: I Epoch 2/200 loss 17.52779
2024-02-21 16:51:36.197013: I ******************************************
2024-02-21 16:51:37.191238: I Epoch 3/200 loss 4.59654
2024-02-21 16:51:37.192238: I ******************************************
2024-02-21 16:51:38.132177: I Epoch 4/200 loss 1.59545
2024-02-21 16:51:38.132177: I ******************************************
2024-02-21 16:51:39.087016: I Epoch 5/200 loss 0.69011
2024-02-21 16:51:39.087679: I ******************************************
2024-02-21 16:51:40.008571: I Epoch 6/200 loss 0.37533
2024-02-21 16:51:40.009566: I ******************************************
2024-02-21 16:51:40.009566: I Analyzed pair: (0.01833, 0.05513): False
2024-02-21 16:51:40.009566: I Analyzed pair: (0.01833, 0.06152): False
2024-02-21 16:51:40.009566: I Analyzed pair: (0.01833, 0.06808): False
2024-02-21 16:51:40.009566: I Analyzed pair: (0.01833, 0.0688): False
2024-02-21 16:51:40.009566: I Analyzed pair: (0.01833, 0.07133): False
2024-02-21 16:51:40.009566: I Check List: [False, False, False, False, False]
2024-02-21 16:51:40.939141: I Epoch 7/200 loss 0.24103
2024-02-21 16:51:40.939141: I Analyzed pair: (0.05513, 0.06152): False
2024-02-21 16:51:40.939141: I Analyzed pair: (0.05513, 0.06808): False
2024-02-21 16:51:40.939141: I Analyzed pair: (0.05513, 0.0688): False
2024-02-21 16:51:40.939141: I Analyzed pair: (0.05513, 0.07133): False
2024-02-21 16:51:40.939141: I Analyzed pair: (0.05513, 0.06956): False
2024-02-21 16:51:40.939141: I Check List: [False, False, False, False, False]
2024-02-21 16:51:41.880671: I Epoch 8/200 loss 0.16304
2024-02-21 16:51:41.880671: I Analyzed pair: (0.06152, 0.06808): False
2024-02-21 16:51:41.880671: I Analyzed pair: (0.06152, 0.0688): False
2024-02-21 16:51:41.880671: I Analyzed pair: (0.06152, 0.07133): False
2024-02-21 16:51:41.880671: I Analyzed pair: (0.06152, 0.06956): False
2024-02-21 16:51:41.880671: I Analyzed pair: (0.06152, 0.0695): False
2024-02-21 16:51:41.880671: I Check List: [False, False, False, False, False]
2024-02-21 16:51:43.064124: I Epoch 9/200 loss 0.12162
2024-02-21 16:51:43.064124: I Analyzed pair: (0.06808, 0.0688): False
2024-02-21 16:51:43.064124: I Analyzed pair: (0.06808, 0.07133): False
2024-02-21 16:51:43.064124: I Analyzed pair: (0.06808, 0.06956): False
2024-02-21 16:51:43.064124: I Analyzed pair: (0.06808, 0.0695): False
2024-02-21 16:51:43.064124: I Analyzed pair: (0.06808, 0.06782): True
2024-02-21 16:51:43.064124: I Check List: [False, False, False, False, True]
2024-02-21 16:51:43.996000: I Epoch 10/200 loss 0.09345
2024-02-21 16:51:44.003143: I Analyzed pair: (0.0688, 0.07133): False
2024-02-21 16:51:44.003143: I Analyzed pair: (0.0688, 0.06956): False
2024-02-21 16:51:44.003143: I Analyzed pair: (0.0688, 0.0695): False
2024-02-21 16:51:44.003143: I Analyzed pair: (0.0688, 0.06782): True
2024-02-21 16:51:44.004142: I Analyzed pair: (0.0688, 0.06716): True
2024-02-21 16:51:44.004142: I Check List: [False, False, False, True, True]
2024-02-21 16:51:45.010658: I Epoch 11/200 loss 0.07609
2024-02-21 16:51:45.012659: I Analyzed pair: (0.07133, 0.06956): True
2024-02-21 16:51:45.012659: I Analyzed pair: (0.07133, 0.0695): True
2024-02-21 16:51:45.012659: I Analyzed pair: (0.07133, 0.06782): True
2024-02-21 16:51:45.012659: I Analyzed pair: (0.07133, 0.06716): True
2024-02-21 16:51:45.014167: I Analyzed pair: (0.07133, 0.06782): True
2024-02-21 16:51:45.014167: I Check List: [True, True, True, True, True]
2024-02-21 16:51:45.014167: I Met Early Stopping conditions: logger: <Logger EarlyStopping (DEBUG)>, validation_metric: nDCGRendle2020, validation_k: 10, cutoffs: [10], simple_metrics: ['nDCGRendle2020'], monitor: nDCGRendle2020@10, patience: 5, mode: max, metric_k: 10, metric: nDCGRendle2020, verbose: True, active: True
