2024-02-22 14:02:58.613044: I Loading parameters
2024-02-22 14:02:58.613044: I Parameter factors set to 512
2024-02-22 14:02:58.613044: I Parameter lr set to 0.00024828109391337706
2024-02-22 14:02:58.614046: I Parameter l_w set to 0.041968799109630556
2024-02-22 14:02:59.766188: I Epoch 1/200 loss 112.41590
2024-02-22 14:02:59.766188: I ******************************************
2024-02-22 14:03:00.629286: I Epoch 2/200 loss 27.60174
2024-02-22 14:03:00.629286: I ******************************************
2024-02-22 14:03:01.644412: I Epoch 3/200 loss 12.05746
2024-02-22 14:03:01.645414: I ******************************************
2024-02-22 14:03:02.476009: I Epoch 4/200 loss 6.67629
2024-02-22 14:03:02.476009: I ******************************************
2024-02-22 14:03:03.329095: I Epoch 5/200 loss 4.20475
2024-02-22 14:03:03.329095: I ******************************************
2024-02-22 14:03:04.171692: I Epoch 6/200 loss 2.87286
2024-02-22 14:03:04.171692: I ******************************************
2024-02-22 14:03:04.172694: I Analyzed pair: (0.00374, 0.00378): False
2024-02-22 14:03:04.172694: I Analyzed pair: (0.00374, 0.00428): False
2024-02-22 14:03:04.172694: I Analyzed pair: (0.00374, 0.00474): False
2024-02-22 14:03:04.172694: I Analyzed pair: (0.00374, 0.00593): False
2024-02-22 14:03:04.173694: I Analyzed pair: (0.00374, 0.00778): False
2024-02-22 14:03:04.173694: I Check List: [False, False, False, False, False]
2024-02-22 14:03:05.043786: I Epoch 7/200 loss 2.07957
2024-02-22 14:03:05.043786: I ******************************************
2024-02-22 14:03:05.044787: I Analyzed pair: (0.00378, 0.00428): False
2024-02-22 14:03:05.044787: I Analyzed pair: (0.00378, 0.00474): False
2024-02-22 14:03:05.044787: I Analyzed pair: (0.00378, 0.00593): False
2024-02-22 14:03:05.044787: I Analyzed pair: (0.00378, 0.00778): False
2024-02-22 14:03:05.045786: I Analyzed pair: (0.00378, 0.01242): False
2024-02-22 14:03:05.045786: I Check List: [False, False, False, False, False]
2024-02-22 14:03:05.899382: I Epoch 8/200 loss 1.56319
2024-02-22 14:03:05.899382: I ******************************************
2024-02-22 14:03:05.900383: I Analyzed pair: (0.00428, 0.00474): False
2024-02-22 14:03:05.900383: I Analyzed pair: (0.00428, 0.00593): False
2024-02-22 14:03:05.900383: I Analyzed pair: (0.00428, 0.00778): False
2024-02-22 14:03:05.901384: I Analyzed pair: (0.00428, 0.01242): False
2024-02-22 14:03:05.901384: I Analyzed pair: (0.00428, 0.01879): False
2024-02-22 14:03:05.902385: I Check List: [False, False, False, False, False]
2024-02-22 14:03:06.767993: I Epoch 9/200 loss 1.21233
2024-02-22 14:03:06.768994: I ******************************************
2024-02-22 14:03:06.768994: I Analyzed pair: (0.00474, 0.00593): False
2024-02-22 14:03:06.769994: I Analyzed pair: (0.00474, 0.00778): False
2024-02-22 14:03:06.769994: I Analyzed pair: (0.00474, 0.01242): False
2024-02-22 14:03:06.769994: I Analyzed pair: (0.00474, 0.01879): False
2024-02-22 14:03:06.769994: I Analyzed pair: (0.00474, 0.02739): False
2024-02-22 14:03:06.770993: I Check List: [False, False, False, False, False]
2024-02-22 14:03:07.627082: I Epoch 10/200 loss 0.96282
2024-02-22 14:03:07.628082: I ******************************************
2024-02-22 14:03:07.628082: I Analyzed pair: (0.00593, 0.00778): False
2024-02-22 14:03:07.629083: I Analyzed pair: (0.00593, 0.01242): False
2024-02-22 14:03:07.629083: I Analyzed pair: (0.00593, 0.01879): False
2024-02-22 14:03:07.629083: I Analyzed pair: (0.00593, 0.02739): False
2024-02-22 14:03:07.629083: I Analyzed pair: (0.00593, 0.03774): False
2024-02-22 14:03:07.630083: I Check List: [False, False, False, False, False]
2024-02-22 14:03:08.497686: I Epoch 11/200 loss 0.77925
2024-02-22 14:03:08.497686: I ******************************************
2024-02-22 14:03:08.498687: I Analyzed pair: (0.00778, 0.01242): False
2024-02-22 14:03:08.498687: I Analyzed pair: (0.00778, 0.01879): False
2024-02-22 14:03:08.498687: I Analyzed pair: (0.00778, 0.02739): False
2024-02-22 14:03:08.498687: I Analyzed pair: (0.00778, 0.03774): False
2024-02-22 14:03:08.498687: I Analyzed pair: (0.00778, 0.04957): False
2024-02-22 14:03:08.499687: I Check List: [False, False, False, False, False]
2024-02-22 14:03:09.407284: I Epoch 12/200 loss 0.63841
2024-02-22 14:03:09.407284: I ******************************************
2024-02-22 14:03:09.408285: I Analyzed pair: (0.01242, 0.01879): False
2024-02-22 14:03:09.408285: I Analyzed pair: (0.01242, 0.02739): False
2024-02-22 14:03:09.408285: I Analyzed pair: (0.01242, 0.03774): False
2024-02-22 14:03:09.408285: I Analyzed pair: (0.01242, 0.04957): False
2024-02-22 14:03:09.409285: I Analyzed pair: (0.01242, 0.05623): False
2024-02-22 14:03:09.409285: I Check List: [False, False, False, False, False]
2024-02-22 14:03:10.279884: I Epoch 13/200 loss 0.52926
2024-02-22 14:03:10.280883: I ******************************************
2024-02-22 14:03:10.280883: I Analyzed pair: (0.01879, 0.02739): False
2024-02-22 14:03:10.280883: I Analyzed pair: (0.01879, 0.03774): False
2024-02-22 14:03:10.281885: I Analyzed pair: (0.01879, 0.04957): False
2024-02-22 14:03:10.281885: I Analyzed pair: (0.01879, 0.05623): False
2024-02-22 14:03:10.281885: I Analyzed pair: (0.01879, 0.06272): False
2024-02-22 14:03:10.281885: I Check List: [False, False, False, False, False]
2024-02-22 14:03:11.180483: I Epoch 14/200 loss 0.44190
2024-02-22 14:03:11.180483: I ******************************************
2024-02-22 14:03:11.181483: I Analyzed pair: (0.02739, 0.03774): False
2024-02-22 14:03:11.181483: I Analyzed pair: (0.02739, 0.04957): False
2024-02-22 14:03:11.181483: I Analyzed pair: (0.02739, 0.05623): False
2024-02-22 14:03:11.182483: I Analyzed pair: (0.02739, 0.06272): False
2024-02-22 14:03:11.182483: I Analyzed pair: (0.02739, 0.06663): False
2024-02-22 14:03:11.182483: I Check List: [False, False, False, False, False]
2024-02-22 14:03:12.128081: I Epoch 15/200 loss 0.37526
2024-02-22 14:03:12.129083: I ******************************************
2024-02-22 14:03:12.129083: I Analyzed pair: (0.03774, 0.04957): False
2024-02-22 14:03:12.129083: I Analyzed pair: (0.03774, 0.05623): False
2024-02-22 14:03:12.130082: I Analyzed pair: (0.03774, 0.06272): False
2024-02-22 14:03:12.130082: I Analyzed pair: (0.03774, 0.06663): False
2024-02-22 14:03:12.130082: I Analyzed pair: (0.03774, 0.0692): False
2024-02-22 14:03:12.130082: I Check List: [False, False, False, False, False]
2024-02-22 14:03:13.056685: I Epoch 16/200 loss 0.31969
2024-02-22 14:03:13.057189: I ******************************************
2024-02-22 14:03:13.057189: I Analyzed pair: (0.04957, 0.05623): False
2024-02-22 14:03:13.058193: I Analyzed pair: (0.04957, 0.06272): False
2024-02-22 14:03:13.058193: I Analyzed pair: (0.04957, 0.06663): False
2024-02-22 14:03:13.058193: I Analyzed pair: (0.04957, 0.0692): False
2024-02-22 14:03:13.058193: I Analyzed pair: (0.04957, 0.07233): False
2024-02-22 14:03:13.058193: I Check List: [False, False, False, False, False]
2024-02-22 14:03:13.978790: I Epoch 17/200 loss 0.27497
2024-02-22 14:03:13.978790: I ******************************************
2024-02-22 14:03:13.979790: I Analyzed pair: (0.05623, 0.06272): False
2024-02-22 14:03:13.979790: I Analyzed pair: (0.05623, 0.06663): False
2024-02-22 14:03:13.979790: I Analyzed pair: (0.05623, 0.0692): False
2024-02-22 14:03:13.979790: I Analyzed pair: (0.05623, 0.07233): False
2024-02-22 14:03:13.980790: I Analyzed pair: (0.05623, 0.07555): False
2024-02-22 14:03:13.980790: I Check List: [False, False, False, False, False]
2024-02-22 14:03:14.897395: I Epoch 18/200 loss 0.23763
2024-02-22 14:03:14.897395: I ******************************************
2024-02-22 14:03:14.898398: I Analyzed pair: (0.06272, 0.06663): False
2024-02-22 14:03:14.898398: I Analyzed pair: (0.06272, 0.0692): False
2024-02-22 14:03:14.898398: I Analyzed pair: (0.06272, 0.07233): False
2024-02-22 14:03:14.898398: I Analyzed pair: (0.06272, 0.07555): False
2024-02-22 14:03:14.899396: I Analyzed pair: (0.06272, 0.07754): False
2024-02-22 14:03:14.899396: I Check List: [False, False, False, False, False]
2024-02-22 14:03:15.830000: I Epoch 19/200 loss 0.20745
2024-02-22 14:03:15.831001: I ******************************************
2024-02-22 14:03:15.831001: I Analyzed pair: (0.06663, 0.0692): False
2024-02-22 14:03:15.831001: I Analyzed pair: (0.06663, 0.07233): False
2024-02-22 14:03:15.831001: I Analyzed pair: (0.06663, 0.07555): False
2024-02-22 14:03:15.832000: I Analyzed pair: (0.06663, 0.07754): False
2024-02-22 14:03:15.832000: I Analyzed pair: (0.06663, 0.07923): False
2024-02-22 14:03:15.832000: I Check List: [False, False, False, False, False]
2024-02-22 14:03:16.776108: I Epoch 20/200 loss 0.18319
2024-02-22 14:03:16.776108: I Analyzed pair: (0.0692, 0.07233): False
2024-02-22 14:03:16.777107: I Analyzed pair: (0.0692, 0.07555): False
2024-02-22 14:03:16.777107: I Analyzed pair: (0.0692, 0.07754): False
2024-02-22 14:03:16.777107: I Analyzed pair: (0.0692, 0.07923): False
2024-02-22 14:03:16.777107: I Analyzed pair: (0.0692, 0.07876): False
2024-02-22 14:03:16.778108: I Check List: [False, False, False, False, False]
2024-02-22 14:03:17.698706: I Epoch 21/200 loss 0.16051
2024-02-22 14:03:17.699708: I ******************************************
2024-02-22 14:03:17.699708: I Analyzed pair: (0.07233, 0.07555): False
2024-02-22 14:03:17.699708: I Analyzed pair: (0.07233, 0.07754): False
2024-02-22 14:03:17.700707: I Analyzed pair: (0.07233, 0.07923): False
2024-02-22 14:03:17.700707: I Analyzed pair: (0.07233, 0.07876): False
2024-02-22 14:03:17.701708: I Analyzed pair: (0.07233, 0.07972): False
2024-02-22 14:03:17.701708: I Check List: [False, False, False, False, False]
2024-02-22 14:03:18.616302: I Epoch 22/200 loss 0.14289
2024-02-22 14:03:18.616302: I ******************************************
2024-02-22 14:03:18.617303: I Analyzed pair: (0.07555, 0.07754): False
2024-02-22 14:03:18.617303: I Analyzed pair: (0.07555, 0.07923): False
2024-02-22 14:03:18.618306: I Analyzed pair: (0.07555, 0.07876): False
2024-02-22 14:03:18.618306: I Analyzed pair: (0.07555, 0.07972): False
2024-02-22 14:03:18.619304: I Analyzed pair: (0.07555, 0.0803): False
2024-02-22 14:03:18.619304: I Check List: [False, False, False, False, False]
2024-02-22 14:03:19.535902: I Epoch 23/200 loss 0.12800
2024-02-22 14:03:19.536902: I ******************************************
2024-02-22 14:03:19.536902: I Analyzed pair: (0.07754, 0.07923): False
2024-02-22 14:03:19.537902: I Analyzed pair: (0.07754, 0.07876): False
2024-02-22 14:03:19.537902: I Analyzed pair: (0.07754, 0.07972): False
2024-02-22 14:03:19.537902: I Analyzed pair: (0.07754, 0.0803): False
2024-02-22 14:03:19.537902: I Analyzed pair: (0.07754, 0.08065): False
2024-02-22 14:03:19.538902: I Check List: [False, False, False, False, False]
2024-02-22 14:03:20.454512: I Epoch 24/200 loss 0.11474
2024-02-22 14:03:20.454512: I Analyzed pair: (0.07923, 0.07876): True
2024-02-22 14:03:20.455511: I Analyzed pair: (0.07923, 0.07972): False
2024-02-22 14:03:20.455511: I Analyzed pair: (0.07923, 0.0803): False
2024-02-22 14:03:20.455511: I Analyzed pair: (0.07923, 0.08065): False
2024-02-22 14:03:20.455511: I Analyzed pair: (0.07923, 0.07945): False
2024-02-22 14:03:20.456511: I Check List: [True, False, False, False, False]
2024-02-22 14:03:21.375607: I Epoch 25/200 loss 0.10414
2024-02-22 14:03:21.376608: I ******************************************
2024-02-22 14:03:21.376608: I Analyzed pair: (0.07876, 0.07972): False
2024-02-22 14:03:21.376608: I Analyzed pair: (0.07876, 0.0803): False
2024-02-22 14:03:21.376608: I Analyzed pair: (0.07876, 0.08065): False
2024-02-22 14:03:21.377608: I Analyzed pair: (0.07876, 0.07945): False
2024-02-22 14:03:21.377608: I Analyzed pair: (0.07876, 0.08184): False
2024-02-22 14:03:21.377608: I Check List: [False, False, False, False, False]
2024-02-22 14:03:22.345211: I Epoch 26/200 loss 0.09395
2024-02-22 14:03:22.345211: I ******************************************
2024-02-22 14:03:22.345211: I Analyzed pair: (0.07972, 0.0803): False
2024-02-22 14:03:22.346213: I Analyzed pair: (0.07972, 0.08065): False
2024-02-22 14:03:22.346213: I Analyzed pair: (0.07972, 0.07945): True
2024-02-22 14:03:22.346213: I Analyzed pair: (0.07972, 0.08184): False
2024-02-22 14:03:22.346213: I Analyzed pair: (0.07972, 0.08209): False
2024-02-22 14:03:22.347212: I Check List: [False, False, True, False, False]
2024-02-22 14:03:23.293317: I Epoch 27/200 loss 0.08544
2024-02-22 14:03:23.294318: I Analyzed pair: (0.0803, 0.08065): False
2024-02-22 14:03:23.294318: I Analyzed pair: (0.0803, 0.07945): True
2024-02-22 14:03:23.294318: I Analyzed pair: (0.0803, 0.08184): False
2024-02-22 14:03:23.295319: I Analyzed pair: (0.0803, 0.08209): False
2024-02-22 14:03:23.295319: I Analyzed pair: (0.0803, 0.08174): False
2024-02-22 14:03:23.295319: I Check List: [False, True, False, False, False]
2024-02-22 14:03:24.259434: I Epoch 28/200 loss 0.07870
2024-02-22 14:03:24.259434: I Analyzed pair: (0.08065, 0.07945): True
2024-02-22 14:03:24.259434: I Analyzed pair: (0.08065, 0.08184): False
2024-02-22 14:03:24.260436: I Analyzed pair: (0.08065, 0.08209): False
2024-02-22 14:03:24.260436: I Analyzed pair: (0.08065, 0.08174): False
2024-02-22 14:03:24.260436: I Analyzed pair: (0.08065, 0.08204): False
2024-02-22 14:03:24.260436: I Check List: [True, False, False, False, False]
2024-02-22 14:03:25.199024: I Epoch 29/200 loss 0.07211
2024-02-22 14:03:25.199024: I Analyzed pair: (0.07945, 0.08184): False
2024-02-22 14:03:25.199024: I Analyzed pair: (0.07945, 0.08209): False
2024-02-22 14:03:25.200026: I Analyzed pair: (0.07945, 0.08174): False
2024-02-22 14:03:25.200026: I Analyzed pair: (0.07945, 0.08204): False
2024-02-22 14:03:25.200026: I Analyzed pair: (0.07945, 0.08059): False
2024-02-22 14:03:25.200026: I Check List: [False, False, False, False, False]
2024-02-22 14:03:26.118624: I Epoch 30/200 loss 0.06650
2024-02-22 14:03:26.119622: I Analyzed pair: (0.08184, 0.08209): False
2024-02-22 14:03:26.119622: I Analyzed pair: (0.08184, 0.08174): True
2024-02-22 14:03:26.119622: I Analyzed pair: (0.08184, 0.08204): False
2024-02-22 14:03:26.119622: I Analyzed pair: (0.08184, 0.08059): True
2024-02-22 14:03:26.120621: I Analyzed pair: (0.08184, 0.08074): True
2024-02-22 14:03:26.120621: I Check List: [False, True, False, True, True]
2024-02-22 14:03:27.072729: I Epoch 31/200 loss 0.06184
2024-02-22 14:03:27.073730: I Analyzed pair: (0.08209, 0.08174): True
2024-02-22 14:03:27.073730: I Analyzed pair: (0.08209, 0.08204): True
2024-02-22 14:03:27.073730: I Analyzed pair: (0.08209, 0.08059): True
2024-02-22 14:03:27.073730: I Analyzed pair: (0.08209, 0.08074): True
2024-02-22 14:03:27.074729: I Analyzed pair: (0.08209, 0.07965): True
2024-02-22 14:03:27.074729: I Check List: [True, True, True, True, True]
2024-02-22 14:03:27.074729: I Met Early Stopping conditions: logger: <Logger EarlyStopping (DEBUG)>, validation_metric: nDCGRendle2020, validation_k: 10, cutoffs: [10], simple_metrics: ['nDCGRendle2020'], monitor: nDCGRendle2020@10, patience: 5, mode: max, metric_k: 10, metric: nDCGRendle2020, verbose: True, active: True
