2024-02-12 12:56:45.592274: I Loading parameters
2024-02-12 12:56:45.592274: I Parameter lr set to 0.002411993489896946
2024-02-12 12:56:45.593276: I Parameter factors set to 256
2024-02-12 12:56:45.593276: I Parameter l_w set to 0.003023263429458794
2024-02-12 12:56:45.593276: I Parameter n_layers set to 3
2024-02-12 12:56:52.109873: I Epoch 1/200 loss 15681.01214
2024-02-12 12:56:52.109873: I ******************************************
2024-02-12 12:56:58.554567: I Epoch 2/200 loss 1598.62514
2024-02-12 12:56:58.554567: I ******************************************
2024-02-12 12:57:04.745700: I Epoch 3/200 loss 396.89348
2024-02-12 12:57:04.745700: I ******************************************
2024-02-12 12:57:10.921398: I Epoch 4/200 loss 155.41227
2024-02-12 12:57:10.921398: I ******************************************
2024-02-12 12:57:17.196164: I Epoch 5/200 loss 75.36689
2024-02-12 12:57:17.197165: I ******************************************
2024-02-12 12:57:23.183497: I Epoch 6/200 loss 41.10555
2024-02-12 12:57:23.184497: I Analyzed pair: (0.1093, 0.13932): False
2024-02-12 12:57:23.184497: I Analyzed pair: (0.1093, 0.15418): False
2024-02-12 12:57:23.185498: I Analyzed pair: (0.1093, 0.16148): False
2024-02-12 12:57:23.185498: I Analyzed pair: (0.1093, 0.16518): False
2024-02-12 12:57:23.185498: I Analyzed pair: (0.1093, 0.16415): False
2024-02-12 12:57:23.185498: I Check List: [False, False, False, False, False]
2024-02-12 12:57:29.237295: I Epoch 7/200 loss 24.65314
2024-02-12 12:57:29.238295: I Analyzed pair: (0.13932, 0.15418): False
2024-02-12 12:57:29.238295: I Analyzed pair: (0.13932, 0.16148): False
2024-02-12 12:57:29.238295: I Analyzed pair: (0.13932, 0.16518): False
2024-02-12 12:57:29.238295: I Analyzed pair: (0.13932, 0.16415): False
2024-02-12 12:57:29.239294: I Analyzed pair: (0.13932, 0.16189): False
2024-02-12 12:57:29.239294: I Check List: [False, False, False, False, False]
2024-02-12 12:57:35.533039: I Epoch 8/200 loss 16.74278
2024-02-12 12:57:35.534039: I ******************************************
2024-02-12 12:57:35.534039: I Analyzed pair: (0.15418, 0.16148): False
2024-02-12 12:57:35.534039: I Analyzed pair: (0.15418, 0.16518): False
2024-02-12 12:57:35.535039: I Analyzed pair: (0.15418, 0.16415): False
2024-02-12 12:57:35.535039: I Analyzed pair: (0.15418, 0.16189): False
2024-02-12 12:57:35.535039: I Analyzed pair: (0.15418, 0.16752): False
2024-02-12 12:57:35.535039: I Check List: [False, False, False, False, False]
2024-02-12 12:57:41.924686: I Epoch 9/200 loss 11.25891
2024-02-12 12:57:41.925684: I Analyzed pair: (0.16148, 0.16518): False
2024-02-12 12:57:41.925684: I Analyzed pair: (0.16148, 0.16415): False
2024-02-12 12:57:41.925684: I Analyzed pair: (0.16148, 0.16189): False
2024-02-12 12:57:41.926683: I Analyzed pair: (0.16148, 0.16752): False
2024-02-12 12:57:41.926683: I Analyzed pair: (0.16148, 0.16682): False
2024-02-12 12:57:41.926683: I Check List: [False, False, False, False, False]
2024-02-12 12:57:48.174297: I Epoch 10/200 loss 8.42967
2024-02-12 12:57:48.174297: I ******************************************
2024-02-12 12:57:48.175297: I Analyzed pair: (0.16518, 0.16415): True
2024-02-12 12:57:48.175297: I Analyzed pair: (0.16518, 0.16189): True
2024-02-12 12:57:48.175297: I Analyzed pair: (0.16518, 0.16752): False
2024-02-12 12:57:48.176296: I Analyzed pair: (0.16518, 0.16682): False
2024-02-12 12:57:48.176296: I Analyzed pair: (0.16518, 0.1715): False
2024-02-12 12:57:48.176296: I Check List: [True, True, False, False, False]
2024-02-12 12:57:53.984406: I Epoch 11/200 loss 6.39217
2024-02-12 12:57:53.984406: I ******************************************
2024-02-12 12:57:53.985407: I Analyzed pair: (0.16415, 0.16189): True
2024-02-12 12:57:53.985407: I Analyzed pair: (0.16415, 0.16752): False
2024-02-12 12:57:53.985407: I Analyzed pair: (0.16415, 0.16682): False
2024-02-12 12:57:53.986407: I Analyzed pair: (0.16415, 0.1715): False
2024-02-12 12:57:53.986407: I Analyzed pair: (0.16415, 0.17212): False
2024-02-12 12:57:53.986407: I Check List: [True, False, False, False, False]
2024-02-12 12:58:00.192556: I Epoch 12/200 loss 4.93657
2024-02-12 12:58:00.192556: I ******************************************
2024-02-12 12:58:00.193556: I Analyzed pair: (0.16189, 0.16752): False
2024-02-12 12:58:00.193556: I Analyzed pair: (0.16189, 0.16682): False
2024-02-12 12:58:00.193556: I Analyzed pair: (0.16189, 0.1715): False
2024-02-12 12:58:00.193556: I Analyzed pair: (0.16189, 0.17212): False
2024-02-12 12:58:00.194556: I Analyzed pair: (0.16189, 0.17379): False
2024-02-12 12:58:00.194556: I Check List: [False, False, False, False, False]
2024-02-12 12:58:06.389639: I Epoch 13/200 loss 3.93777
2024-02-12 12:58:06.389639: I Analyzed pair: (0.16752, 0.16682): True
2024-02-12 12:58:06.390642: I Analyzed pair: (0.16752, 0.1715): False
2024-02-12 12:58:06.390642: I Analyzed pair: (0.16752, 0.17212): False
2024-02-12 12:58:06.390642: I Analyzed pair: (0.16752, 0.17379): False
2024-02-12 12:58:06.391641: I Analyzed pair: (0.16752, 0.17145): False
2024-02-12 12:58:06.391641: I Check List: [True, False, False, False, False]
2024-02-12 12:58:12.147794: I Epoch 14/200 loss 3.30192
2024-02-12 12:58:12.148795: I ******************************************
2024-02-12 12:58:12.148795: I Analyzed pair: (0.16682, 0.1715): False
2024-02-12 12:58:12.148795: I Analyzed pair: (0.16682, 0.17212): False
2024-02-12 12:58:12.148795: I Analyzed pair: (0.16682, 0.17379): False
2024-02-12 12:58:12.149796: I Analyzed pair: (0.16682, 0.17145): False
2024-02-12 12:58:12.149796: I Analyzed pair: (0.16682, 0.17418): False
2024-02-12 12:58:12.149796: I Check List: [False, False, False, False, False]
2024-02-12 12:58:18.317367: I Epoch 15/200 loss 2.59254
2024-02-12 12:58:18.317367: I Analyzed pair: (0.1715, 0.17212): False
2024-02-12 12:58:18.318367: I Analyzed pair: (0.1715, 0.17379): False
2024-02-12 12:58:18.318367: I Analyzed pair: (0.1715, 0.17145): True
2024-02-12 12:58:18.318367: I Analyzed pair: (0.1715, 0.17418): False
2024-02-12 12:58:18.318367: I Analyzed pair: (0.1715, 0.16804): True
2024-02-12 12:58:18.318367: I Check List: [False, False, True, False, True]
2024-02-12 12:58:24.645455: I Epoch 16/200 loss 2.19482
2024-02-12 12:58:24.645455: I Analyzed pair: (0.17212, 0.17379): False
2024-02-12 12:58:24.646455: I Analyzed pair: (0.17212, 0.17145): True
2024-02-12 12:58:24.646455: I Analyzed pair: (0.17212, 0.17418): False
2024-02-12 12:58:24.646455: I Analyzed pair: (0.17212, 0.16804): True
2024-02-12 12:58:24.646455: I Analyzed pair: (0.17212, 0.17141): True
2024-02-12 12:58:24.647455: I Check List: [False, True, False, True, True]
2024-02-12 12:58:30.826120: I Epoch 17/200 loss 1.74943
2024-02-12 12:58:30.827120: I Analyzed pair: (0.17379, 0.17145): True
2024-02-12 12:58:30.827120: I Analyzed pair: (0.17379, 0.17418): False
2024-02-12 12:58:30.827120: I Analyzed pair: (0.17379, 0.16804): True
2024-02-12 12:58:30.827120: I Analyzed pair: (0.17379, 0.17141): True
2024-02-12 12:58:30.828119: I Analyzed pair: (0.17379, 0.16867): True
2024-02-12 12:58:30.828119: I Check List: [True, False, True, True, True]
2024-02-12 12:58:36.597418: I Epoch 18/200 loss 1.44449
2024-02-12 12:58:36.597418: I Analyzed pair: (0.17145, 0.17418): False
2024-02-12 12:58:36.598419: I Analyzed pair: (0.17145, 0.16804): True
2024-02-12 12:58:36.598419: I Analyzed pair: (0.17145, 0.17141): True
2024-02-12 12:58:36.598419: I Analyzed pair: (0.17145, 0.16867): True
2024-02-12 12:58:36.598419: I Analyzed pair: (0.17145, 0.17298): False
2024-02-12 12:58:36.599418: I Check List: [False, True, True, True, False]
2024-02-12 12:58:42.727203: I Epoch 19/200 loss 1.24246
2024-02-12 12:58:42.728204: I Analyzed pair: (0.17418, 0.16804): True
2024-02-12 12:58:42.728204: I Analyzed pair: (0.17418, 0.17141): True
2024-02-12 12:58:42.728204: I Analyzed pair: (0.17418, 0.16867): True
2024-02-12 12:58:42.729204: I Analyzed pair: (0.17418, 0.17298): True
2024-02-12 12:58:42.729204: I Analyzed pair: (0.17418, 0.17275): True
2024-02-12 12:58:42.729204: I Check List: [True, True, True, True, True]
2024-02-12 12:58:42.729204: I Met Early Stopping conditions: logger: <Logger EarlyStopping (DEBUG)>, validation_metric: nDCGRendle2020, validation_k: 10, cutoffs: [10], simple_metrics: ['nDCGRendle2020'], monitor: nDCGRendle2020@10, patience: 5, mode: max, metric_k: 10, metric: nDCGRendle2020, verbose: True, active: True
