2024-02-12 12:53:05.030363: I Loading parameters
2024-02-12 12:53:05.031364: I Parameter lr set to 0.002411993489896946
2024-02-12 12:53:05.031364: I Parameter factors set to 256
2024-02-12 12:53:05.032365: I Parameter l_w set to 0.003023263429458794
2024-02-12 12:53:05.032365: I Parameter n_layers set to 3
2024-02-12 12:53:11.537034: I Epoch 1/200 loss 15681.01215
2024-02-12 12:53:11.537034: I ******************************************
2024-02-12 12:53:17.976167: I Epoch 2/200 loss 1598.62513
2024-02-12 12:53:17.976167: I ******************************************
2024-02-12 12:53:24.304242: I Epoch 3/200 loss 396.89348
2024-02-12 12:53:24.305242: I ******************************************
2024-02-12 12:53:30.383462: I Epoch 4/200 loss 155.41226
2024-02-12 12:53:30.384462: I ******************************************
2024-02-12 12:53:36.901832: I Epoch 5/200 loss 75.36689
2024-02-12 12:53:36.901832: I ******************************************
2024-02-12 12:53:43.425710: I Epoch 6/200 loss 41.10555
2024-02-12 12:53:43.426709: I Analyzed pair: (0.1093, 0.13932): False
2024-02-12 12:53:43.426709: I Analyzed pair: (0.1093, 0.15418): False
2024-02-12 12:53:43.426709: I Analyzed pair: (0.1093, 0.16148): False
2024-02-12 12:53:43.427708: I Analyzed pair: (0.1093, 0.16518): False
2024-02-12 12:53:43.427708: I Analyzed pair: (0.1093, 0.16415): False
2024-02-12 12:53:43.427708: I Check List: [False, False, False, False, False]
2024-02-12 12:53:49.548438: I Epoch 7/200 loss 24.65314
2024-02-12 12:53:49.549440: I Analyzed pair: (0.13932, 0.15418): False
2024-02-12 12:53:49.549440: I Analyzed pair: (0.13932, 0.16148): False
2024-02-12 12:53:49.549440: I Analyzed pair: (0.13932, 0.16518): False
2024-02-12 12:53:49.550440: I Analyzed pair: (0.13932, 0.16415): False
2024-02-12 12:53:49.550440: I Analyzed pair: (0.13932, 0.16189): False
2024-02-12 12:53:49.550440: I Check List: [False, False, False, False, False]
2024-02-12 12:53:55.475107: I Epoch 8/200 loss 16.74278
2024-02-12 12:53:55.476107: I ******************************************
2024-02-12 12:53:55.476107: I Analyzed pair: (0.15418, 0.16148): False
2024-02-12 12:53:55.476107: I Analyzed pair: (0.15418, 0.16518): False
2024-02-12 12:53:55.476107: I Analyzed pair: (0.15418, 0.16415): False
2024-02-12 12:53:55.477108: I Analyzed pair: (0.15418, 0.16189): False
2024-02-12 12:53:55.477108: I Analyzed pair: (0.15418, 0.16752): False
2024-02-12 12:53:55.477108: I Check List: [False, False, False, False, False]
2024-02-12 12:54:01.850213: I Epoch 9/200 loss 11.25891
2024-02-12 12:54:01.850213: I Analyzed pair: (0.16148, 0.16518): False
2024-02-12 12:54:01.851213: I Analyzed pair: (0.16148, 0.16415): False
2024-02-12 12:54:01.851213: I Analyzed pair: (0.16148, 0.16189): False
2024-02-12 12:54:01.851213: I Analyzed pair: (0.16148, 0.16752): False
2024-02-12 12:54:01.851213: I Analyzed pair: (0.16148, 0.16682): False
2024-02-12 12:54:01.852212: I Check List: [False, False, False, False, False]
2024-02-12 12:54:07.657364: I Epoch 10/200 loss 8.42967
2024-02-12 12:54:07.657364: I ******************************************
2024-02-12 12:54:07.658366: I Analyzed pair: (0.16518, 0.16415): True
2024-02-12 12:54:07.658366: I Analyzed pair: (0.16518, 0.16189): True
2024-02-12 12:54:07.659365: I Analyzed pair: (0.16518, 0.16752): False
2024-02-12 12:54:07.659365: I Analyzed pair: (0.16518, 0.16682): False
2024-02-12 12:54:07.659365: I Analyzed pair: (0.16518, 0.1715): False
2024-02-12 12:54:07.659365: I Check List: [True, True, False, False, False]
2024-02-12 12:54:13.718021: I Epoch 11/200 loss 6.39217
2024-02-12 12:54:13.718021: I ******************************************
2024-02-12 12:54:13.719021: I Analyzed pair: (0.16415, 0.16189): True
2024-02-12 12:54:13.719021: I Analyzed pair: (0.16415, 0.16752): False
2024-02-12 12:54:13.719021: I Analyzed pair: (0.16415, 0.16682): False
2024-02-12 12:54:13.720020: I Analyzed pair: (0.16415, 0.1715): False
2024-02-12 12:54:13.720020: I Analyzed pair: (0.16415, 0.17212): False
2024-02-12 12:54:13.720020: I Check List: [True, False, False, False, False]
2024-02-12 12:54:19.446698: I Epoch 12/200 loss 4.93657
2024-02-12 12:54:19.446698: I ******************************************
2024-02-12 12:54:19.447698: I Analyzed pair: (0.16189, 0.16752): False
2024-02-12 12:54:19.447698: I Analyzed pair: (0.16189, 0.16682): False
2024-02-12 12:54:19.447698: I Analyzed pair: (0.16189, 0.1715): False
2024-02-12 12:54:19.448698: I Analyzed pair: (0.16189, 0.17212): False
2024-02-12 12:54:19.448698: I Analyzed pair: (0.16189, 0.17379): False
2024-02-12 12:54:19.448698: I Check List: [False, False, False, False, False]
2024-02-12 12:54:25.825724: I Epoch 13/200 loss 3.93777
2024-02-12 12:54:25.826724: I Analyzed pair: (0.16752, 0.16682): True
2024-02-12 12:54:25.826724: I Analyzed pair: (0.16752, 0.1715): False
2024-02-12 12:54:25.826724: I Analyzed pair: (0.16752, 0.17212): False
2024-02-12 12:54:25.827724: I Analyzed pair: (0.16752, 0.17379): False
2024-02-12 12:54:25.827724: I Analyzed pair: (0.16752, 0.17145): False
2024-02-12 12:54:25.827724: I Check List: [True, False, False, False, False]
2024-02-12 12:54:31.971368: I Epoch 14/200 loss 3.30192
2024-02-12 12:54:31.972369: I ******************************************
2024-02-12 12:54:31.972369: I Analyzed pair: (0.16682, 0.1715): False
2024-02-12 12:54:31.972369: I Analyzed pair: (0.16682, 0.17212): False
2024-02-12 12:54:31.972369: I Analyzed pair: (0.16682, 0.17379): False
2024-02-12 12:54:31.973369: I Analyzed pair: (0.16682, 0.17145): False
2024-02-12 12:54:31.973369: I Analyzed pair: (0.16682, 0.17418): False
2024-02-12 12:54:31.973369: I Check List: [False, False, False, False, False]
2024-02-12 12:54:37.718537: I Epoch 15/200 loss 2.59254
2024-02-12 12:54:37.719537: I Analyzed pair: (0.1715, 0.17212): False
2024-02-12 12:54:37.719537: I Analyzed pair: (0.1715, 0.17379): False
2024-02-12 12:54:37.719537: I Analyzed pair: (0.1715, 0.17145): True
2024-02-12 12:54:37.720538: I Analyzed pair: (0.1715, 0.17418): False
2024-02-12 12:54:37.720538: I Analyzed pair: (0.1715, 0.16804): True
2024-02-12 12:54:37.720538: I Check List: [False, False, True, False, True]
2024-02-12 12:54:43.982625: I Epoch 16/200 loss 2.19482
2024-02-12 12:54:43.982625: I Analyzed pair: (0.17212, 0.17379): False
2024-02-12 12:54:43.982625: I Analyzed pair: (0.17212, 0.17145): True
2024-02-12 12:54:43.983625: I Analyzed pair: (0.17212, 0.17418): False
2024-02-12 12:54:43.983625: I Analyzed pair: (0.17212, 0.16804): True
2024-02-12 12:54:43.983625: I Analyzed pair: (0.17212, 0.17141): True
2024-02-12 12:54:43.983625: I Check List: [False, True, False, True, True]
2024-02-12 12:54:49.778797: I Epoch 17/200 loss 1.74943
2024-02-12 12:54:49.778797: I Analyzed pair: (0.17379, 0.17145): True
2024-02-12 12:54:49.779798: I Analyzed pair: (0.17379, 0.17418): False
2024-02-12 12:54:49.779798: I Analyzed pair: (0.17379, 0.16804): True
2024-02-12 12:54:49.779798: I Analyzed pair: (0.17379, 0.17141): True
2024-02-12 12:54:49.779798: I Analyzed pair: (0.17379, 0.16867): True
2024-02-12 12:54:49.780796: I Check List: [True, False, True, True, True]
2024-02-12 12:54:55.871474: I Epoch 18/200 loss 1.44449
2024-02-12 12:54:55.871474: I Analyzed pair: (0.17145, 0.17418): False
2024-02-12 12:54:55.871474: I Analyzed pair: (0.17145, 0.16804): True
2024-02-12 12:54:55.872475: I Analyzed pair: (0.17145, 0.17141): True
2024-02-12 12:54:55.872475: I Analyzed pair: (0.17145, 0.16867): True
2024-02-12 12:54:55.872475: I Analyzed pair: (0.17145, 0.17298): False
2024-02-12 12:54:55.872475: I Check List: [False, True, True, True, False]
2024-02-12 12:55:01.598204: I Epoch 19/200 loss 1.24246
2024-02-12 12:55:01.598204: I Analyzed pair: (0.17418, 0.16804): True
2024-02-12 12:55:01.599205: I Analyzed pair: (0.17418, 0.17141): True
2024-02-12 12:55:01.599205: I Analyzed pair: (0.17418, 0.16867): True
2024-02-12 12:55:01.599205: I Analyzed pair: (0.17418, 0.17298): True
2024-02-12 12:55:01.599205: I Analyzed pair: (0.17418, 0.17275): True
2024-02-12 12:55:01.600205: I Check List: [True, True, True, True, True]
2024-02-12 12:55:01.600205: I Met Early Stopping conditions: logger: <Logger EarlyStopping (DEBUG)>, validation_metric: nDCGRendle2020, validation_k: 10, cutoffs: [10], simple_metrics: ['nDCGRendle2020'], monitor: nDCGRendle2020@10, patience: 5, mode: max, metric_k: 10, metric: nDCGRendle2020, verbose: True, active: True
