2024-02-12 14:11:15.902448: I Loading parameters
2024-02-12 14:11:15.903449: I Parameter lr set to 0.002411993489896946
2024-02-12 14:11:15.903449: I Parameter factors set to 256
2024-02-12 14:11:15.904449: I Parameter l_w set to 0.003023263429458794
2024-02-12 14:11:15.904449: I Parameter n_layers set to 3
2024-02-12 14:11:22.499860: I Epoch 1/200 loss 15681.01221
2024-02-12 14:11:22.500861: I ******************************************
2024-02-12 14:11:28.805697: I Epoch 2/200 loss 1598.62513
2024-02-12 14:11:28.806699: I ******************************************
2024-02-12 14:11:35.340914: I Epoch 3/200 loss 396.89348
2024-02-12 14:11:35.340914: I ******************************************
2024-02-12 14:11:41.785158: I Epoch 4/200 loss 155.41227
2024-02-12 14:11:41.785158: I ******************************************
2024-02-12 14:11:47.971260: I Epoch 5/200 loss 75.36689
2024-02-12 14:11:47.972262: I ******************************************
2024-02-12 14:11:54.097022: I Epoch 6/200 loss 41.10555
2024-02-12 14:11:54.098021: I Analyzed pair: (0.1093, 0.13932): False
2024-02-12 14:11:54.098021: I Analyzed pair: (0.1093, 0.15418): False
2024-02-12 14:11:54.098021: I Analyzed pair: (0.1093, 0.16148): False
2024-02-12 14:11:54.098021: I Analyzed pair: (0.1093, 0.16518): False
2024-02-12 14:11:54.099021: I Analyzed pair: (0.1093, 0.16415): False
2024-02-12 14:11:54.099021: I Check List: [False, False, False, False, False]
2024-02-12 14:12:00.533651: I Epoch 7/200 loss 24.65314
2024-02-12 14:12:00.533651: I Analyzed pair: (0.13932, 0.15418): False
2024-02-12 14:12:00.533651: I Analyzed pair: (0.13932, 0.16148): False
2024-02-12 14:12:00.534651: I Analyzed pair: (0.13932, 0.16518): False
2024-02-12 14:12:00.534651: I Analyzed pair: (0.13932, 0.16415): False
2024-02-12 14:12:00.534651: I Analyzed pair: (0.13932, 0.16189): False
2024-02-12 14:12:00.534651: I Check List: [False, False, False, False, False]
2024-02-12 14:12:06.544789: I Epoch 8/200 loss 16.74278
2024-02-12 14:12:06.544789: I ******************************************
2024-02-12 14:12:06.545789: I Analyzed pair: (0.15418, 0.16148): False
2024-02-12 14:12:06.545789: I Analyzed pair: (0.15418, 0.16518): False
2024-02-12 14:12:06.545789: I Analyzed pair: (0.15418, 0.16415): False
2024-02-12 14:12:06.546789: I Analyzed pair: (0.15418, 0.16189): False
2024-02-12 14:12:06.546789: I Analyzed pair: (0.15418, 0.16752): False
2024-02-12 14:12:06.546789: I Check List: [False, False, False, False, False]
2024-02-12 14:12:12.431938: I Epoch 9/200 loss 11.25891
2024-02-12 14:12:12.431938: I Analyzed pair: (0.16148, 0.16518): False
2024-02-12 14:12:12.433441: I Analyzed pair: (0.16148, 0.16415): False
2024-02-12 14:12:12.433441: I Analyzed pair: (0.16148, 0.16189): False
2024-02-12 14:12:12.433441: I Analyzed pair: (0.16148, 0.16752): False
2024-02-12 14:12:12.433441: I Analyzed pair: (0.16148, 0.16682): False
2024-02-12 14:12:12.434445: I Check List: [False, False, False, False, False]
2024-02-12 14:12:18.676577: I Epoch 10/200 loss 8.42967
2024-02-12 14:12:18.677577: I ******************************************
2024-02-12 14:12:18.677577: I Analyzed pair: (0.16518, 0.16415): True
2024-02-12 14:12:18.677577: I Analyzed pair: (0.16518, 0.16189): True
2024-02-12 14:12:18.678576: I Analyzed pair: (0.16518, 0.16752): False
2024-02-12 14:12:18.678576: I Analyzed pair: (0.16518, 0.16682): False
2024-02-12 14:12:18.678576: I Analyzed pair: (0.16518, 0.1715): False
2024-02-12 14:12:18.678576: I Check List: [True, True, False, False, False]
2024-02-12 14:12:24.755289: I Epoch 11/200 loss 6.39217
2024-02-12 14:12:24.755289: I ******************************************
2024-02-12 14:12:24.756291: I Analyzed pair: (0.16415, 0.16189): True
2024-02-12 14:12:24.756291: I Analyzed pair: (0.16415, 0.16752): False
2024-02-12 14:12:24.756291: I Analyzed pair: (0.16415, 0.16682): False
2024-02-12 14:12:24.757289: I Analyzed pair: (0.16415, 0.1715): False
2024-02-12 14:12:24.757289: I Analyzed pair: (0.16415, 0.17212): False
2024-02-12 14:12:24.757289: I Check List: [True, False, False, False, False]
2024-02-12 14:12:30.962363: I Epoch 12/200 loss 4.93657
2024-02-12 14:12:30.962363: I ******************************************
2024-02-12 14:12:30.963365: I Analyzed pair: (0.16189, 0.16752): False
2024-02-12 14:12:30.963365: I Analyzed pair: (0.16189, 0.16682): False
2024-02-12 14:12:30.963365: I Analyzed pair: (0.16189, 0.1715): False
2024-02-12 14:12:30.964363: I Analyzed pair: (0.16189, 0.17212): False
2024-02-12 14:12:30.964363: I Analyzed pair: (0.16189, 0.17379): False
2024-02-12 14:12:30.964363: I Check List: [False, False, False, False, False]
2024-02-12 14:12:36.867098: I Epoch 13/200 loss 3.93777
2024-02-12 14:12:36.867098: I Analyzed pair: (0.16752, 0.16682): True
2024-02-12 14:12:36.867098: I Analyzed pair: (0.16752, 0.1715): False
2024-02-12 14:12:36.868099: I Analyzed pair: (0.16752, 0.17212): False
2024-02-12 14:12:36.868099: I Analyzed pair: (0.16752, 0.17379): False
2024-02-12 14:12:36.868099: I Analyzed pair: (0.16752, 0.17145): False
2024-02-12 14:12:36.868099: I Check List: [True, False, False, False, False]
2024-02-12 14:12:42.782896: I Epoch 14/200 loss 3.30192
2024-02-12 14:12:42.782896: I ******************************************
2024-02-12 14:12:42.783897: I Analyzed pair: (0.16682, 0.1715): False
2024-02-12 14:12:42.783897: I Analyzed pair: (0.16682, 0.17212): False
2024-02-12 14:12:42.783897: I Analyzed pair: (0.16682, 0.17379): False
2024-02-12 14:12:42.784897: I Analyzed pair: (0.16682, 0.17145): False
2024-02-12 14:12:42.784897: I Analyzed pair: (0.16682, 0.17418): False
2024-02-12 14:12:42.784897: I Check List: [False, False, False, False, False]
2024-02-12 14:12:49.251737: I Epoch 15/200 loss 2.59254
2024-02-12 14:12:49.252737: I Analyzed pair: (0.1715, 0.17212): False
2024-02-12 14:12:49.252737: I Analyzed pair: (0.1715, 0.17379): False
2024-02-12 14:12:49.252737: I Analyzed pair: (0.1715, 0.17145): True
2024-02-12 14:12:49.252737: I Analyzed pair: (0.1715, 0.17418): False
2024-02-12 14:12:49.253737: I Analyzed pair: (0.1715, 0.16804): True
2024-02-12 14:12:49.253737: I Check List: [False, False, True, False, True]
2024-02-12 14:12:55.131068: I Epoch 16/200 loss 2.19482
2024-02-12 14:12:55.132067: I Analyzed pair: (0.17212, 0.17379): False
2024-02-12 14:12:55.132067: I Analyzed pair: (0.17212, 0.17145): True
2024-02-12 14:12:55.132067: I Analyzed pair: (0.17212, 0.17418): False
2024-02-12 14:12:55.133067: I Analyzed pair: (0.17212, 0.16804): True
2024-02-12 14:12:55.133067: I Analyzed pair: (0.17212, 0.17141): True
2024-02-12 14:12:55.133067: I Check List: [False, True, False, True, True]
2024-02-12 14:13:01.089324: I Epoch 17/200 loss 1.74943
2024-02-12 14:13:01.090325: I Analyzed pair: (0.17379, 0.17145): True
2024-02-12 14:13:01.090325: I Analyzed pair: (0.17379, 0.17418): False
2024-02-12 14:13:01.090325: I Analyzed pair: (0.17379, 0.16804): True
2024-02-12 14:13:01.090325: I Analyzed pair: (0.17379, 0.17141): True
2024-02-12 14:13:01.091323: I Analyzed pair: (0.17379, 0.16867): True
2024-02-12 14:13:01.091323: I Check List: [True, False, True, True, True]
2024-02-12 14:13:07.400942: I Epoch 18/200 loss 1.44449
2024-02-12 14:13:07.400942: I Analyzed pair: (0.17145, 0.17418): False
2024-02-12 14:13:07.400942: I Analyzed pair: (0.17145, 0.16804): True
2024-02-12 14:13:07.401943: I Analyzed pair: (0.17145, 0.17141): True
2024-02-12 14:13:07.401943: I Analyzed pair: (0.17145, 0.16867): True
2024-02-12 14:13:07.401943: I Analyzed pair: (0.17145, 0.17298): False
2024-02-12 14:13:07.401943: I Check List: [False, True, True, True, False]
2024-02-12 14:13:13.464628: I Epoch 19/200 loss 1.24246
2024-02-12 14:13:13.465629: I Analyzed pair: (0.17418, 0.16804): True
2024-02-12 14:13:13.465629: I Analyzed pair: (0.17418, 0.17141): True
2024-02-12 14:13:13.465629: I Analyzed pair: (0.17418, 0.16867): True
2024-02-12 14:13:13.466629: I Analyzed pair: (0.17418, 0.17298): True
2024-02-12 14:13:13.466629: I Analyzed pair: (0.17418, 0.17275): True
2024-02-12 14:13:13.466629: I Check List: [True, True, True, True, True]
2024-02-12 14:13:13.466629: I Met Early Stopping conditions: logger: <Logger EarlyStopping (DEBUG)>, validation_metric: nDCGRendle2020, validation_k: 10, cutoffs: [10], simple_metrics: ['nDCGRendle2020'], monitor: nDCGRendle2020@10, patience: 5, mode: max, metric_k: 10, metric: nDCGRendle2020, verbose: True, active: True
