2024-02-12 12:31:45.669150: I Loading parameters
2024-02-12 12:31:45.669150: I Parameter lr set to 0.002411993489896946
2024-02-12 12:31:45.670151: I Parameter factors set to 256
2024-02-12 12:31:45.670151: I Parameter l_w set to 0.003023263429458794
2024-02-12 12:31:45.670151: I Parameter n_layers set to 3
2024-02-12 12:31:52.436924: I Epoch 1/200 loss 15681.01217
2024-02-12 12:31:52.436924: I ******************************************
2024-02-12 12:31:58.728792: I Epoch 2/200 loss 1598.62511
2024-02-12 12:31:58.729792: I ******************************************
2024-02-12 12:32:05.215744: I Epoch 3/200 loss 396.89348
2024-02-12 12:32:05.216744: I ******************************************
2024-02-12 12:32:11.454695: I Epoch 4/200 loss 155.41227
2024-02-12 12:32:11.454695: I ******************************************
2024-02-12 12:32:17.447587: I Epoch 5/200 loss 75.36689
2024-02-12 12:32:17.447587: I ******************************************
2024-02-12 12:32:24.020866: I Epoch 6/200 loss 41.10555
2024-02-12 12:32:24.021867: I Analyzed pair: (0.1093, 0.13932): False
2024-02-12 12:32:24.021867: I Analyzed pair: (0.1093, 0.15418): False
2024-02-12 12:32:24.021867: I Analyzed pair: (0.1093, 0.16148): False
2024-02-12 12:32:24.022867: I Analyzed pair: (0.1093, 0.16518): False
2024-02-12 12:32:24.022867: I Analyzed pair: (0.1093, 0.16415): False
2024-02-12 12:32:24.022867: I Check List: [False, False, False, False, False]
2024-02-12 12:32:30.519699: I Epoch 7/200 loss 24.65314
2024-02-12 12:32:30.520698: I Analyzed pair: (0.13932, 0.15418): False
2024-02-12 12:32:30.520698: I Analyzed pair: (0.13932, 0.16148): False
2024-02-12 12:32:30.520698: I Analyzed pair: (0.13932, 0.16518): False
2024-02-12 12:32:30.520698: I Analyzed pair: (0.13932, 0.16415): False
2024-02-12 12:32:30.521698: I Analyzed pair: (0.13932, 0.16189): False
2024-02-12 12:32:30.521698: I Check List: [False, False, False, False, False]
2024-02-12 12:32:36.742046: I Epoch 8/200 loss 16.74278
2024-02-12 12:32:36.743046: I ******************************************
2024-02-12 12:32:36.743046: I Analyzed pair: (0.15418, 0.16148): False
2024-02-12 12:32:36.743046: I Analyzed pair: (0.15418, 0.16518): False
2024-02-12 12:32:36.744047: I Analyzed pair: (0.15418, 0.16415): False
2024-02-12 12:32:36.744047: I Analyzed pair: (0.15418, 0.16189): False
2024-02-12 12:32:36.744047: I Analyzed pair: (0.15418, 0.16752): False
2024-02-12 12:32:36.744047: I Check List: [False, False, False, False, False]
2024-02-12 12:32:43.516253: I Epoch 9/200 loss 11.25891
2024-02-12 12:32:43.517254: I Analyzed pair: (0.16148, 0.16518): False
2024-02-12 12:32:43.517254: I Analyzed pair: (0.16148, 0.16415): False
2024-02-12 12:32:43.518254: I Analyzed pair: (0.16148, 0.16189): False
2024-02-12 12:32:43.518254: I Analyzed pair: (0.16148, 0.16752): False
2024-02-12 12:32:43.518254: I Analyzed pair: (0.16148, 0.16682): False
2024-02-12 12:32:43.518254: I Check List: [False, False, False, False, False]
2024-02-12 12:32:49.831935: I Epoch 10/200 loss 8.42967
2024-02-12 12:32:49.831935: I ******************************************
2024-02-12 12:32:49.831935: I Analyzed pair: (0.16518, 0.16415): True
2024-02-12 12:32:49.832936: I Analyzed pair: (0.16518, 0.16189): True
2024-02-12 12:32:49.832936: I Analyzed pair: (0.16518, 0.16752): False
2024-02-12 12:32:49.832936: I Analyzed pair: (0.16518, 0.16682): False
2024-02-12 12:32:49.833935: I Analyzed pair: (0.16518, 0.1715): False
2024-02-12 12:32:49.833935: I Check List: [True, True, False, False, False]
2024-02-12 12:32:55.920730: I Epoch 11/200 loss 6.39217
2024-02-12 12:32:55.921731: I ******************************************
2024-02-12 12:32:55.921731: I Analyzed pair: (0.16415, 0.16189): True
2024-02-12 12:32:55.921731: I Analyzed pair: (0.16415, 0.16752): False
2024-02-12 12:32:55.922731: I Analyzed pair: (0.16415, 0.16682): False
2024-02-12 12:32:55.922731: I Analyzed pair: (0.16415, 0.1715): False
2024-02-12 12:32:55.922731: I Analyzed pair: (0.16415, 0.17212): False
2024-02-12 12:32:55.922731: I Check List: [True, False, False, False, False]
2024-02-12 12:33:02.112061: I Epoch 12/200 loss 4.93657
2024-02-12 12:33:02.113061: I ******************************************
2024-02-12 12:33:02.113061: I Analyzed pair: (0.16189, 0.16752): False
2024-02-12 12:33:02.113061: I Analyzed pair: (0.16189, 0.16682): False
2024-02-12 12:33:02.113061: I Analyzed pair: (0.16189, 0.1715): False
2024-02-12 12:33:02.114061: I Analyzed pair: (0.16189, 0.17212): False
2024-02-12 12:33:02.114061: I Analyzed pair: (0.16189, 0.17379): False
2024-02-12 12:33:02.115062: I Check List: [False, False, False, False, False]
2024-02-12 12:33:08.566859: I Epoch 13/200 loss 3.93777
2024-02-12 12:33:08.566859: I Analyzed pair: (0.16752, 0.16682): True
2024-02-12 12:33:08.566859: I Analyzed pair: (0.16752, 0.1715): False
2024-02-12 12:33:08.566859: I Analyzed pair: (0.16752, 0.17212): False
2024-02-12 12:33:08.567859: I Analyzed pair: (0.16752, 0.17379): False
2024-02-12 12:33:08.567859: I Analyzed pair: (0.16752, 0.17145): False
2024-02-12 12:33:08.567859: I Check List: [True, False, False, False, False]
2024-02-12 12:33:14.825250: I Epoch 14/200 loss 3.30192
2024-02-12 12:33:14.825250: I ******************************************
2024-02-12 12:33:14.825250: I Analyzed pair: (0.16682, 0.1715): False
2024-02-12 12:33:14.826252: I Analyzed pair: (0.16682, 0.17212): False
2024-02-12 12:33:14.826252: I Analyzed pair: (0.16682, 0.17379): False
2024-02-12 12:33:14.826252: I Analyzed pair: (0.16682, 0.17145): False
2024-02-12 12:33:14.826252: I Analyzed pair: (0.16682, 0.17418): False
2024-02-12 12:33:14.827251: I Check List: [False, False, False, False, False]
2024-02-12 12:33:21.036698: I Epoch 15/200 loss 2.59254
2024-02-12 12:33:21.037696: I Analyzed pair: (0.1715, 0.17212): False
2024-02-12 12:33:21.037696: I Analyzed pair: (0.1715, 0.17379): False
2024-02-12 12:33:21.037696: I Analyzed pair: (0.1715, 0.17145): True
2024-02-12 12:33:21.037696: I Analyzed pair: (0.1715, 0.17418): False
2024-02-12 12:33:21.038697: I Analyzed pair: (0.1715, 0.16804): True
2024-02-12 12:33:21.038697: I Check List: [False, False, True, False, True]
2024-02-12 12:33:27.698719: I Epoch 16/200 loss 2.19482
2024-02-12 12:33:27.699719: I Analyzed pair: (0.17212, 0.17379): False
2024-02-12 12:33:27.700718: I Analyzed pair: (0.17212, 0.17145): True
2024-02-12 12:33:27.700718: I Analyzed pair: (0.17212, 0.17418): False
2024-02-12 12:33:27.700718: I Analyzed pair: (0.17212, 0.16804): True
2024-02-12 12:33:27.700718: I Analyzed pair: (0.17212, 0.17141): True
2024-02-12 12:33:27.700718: I Check List: [False, True, False, True, True]
2024-02-12 12:33:34.683088: I Epoch 17/200 loss 1.74943
2024-02-12 12:33:34.683088: I Analyzed pair: (0.17379, 0.17145): True
2024-02-12 12:33:34.684088: I Analyzed pair: (0.17379, 0.17418): False
2024-02-12 12:33:34.684088: I Analyzed pair: (0.17379, 0.16804): True
2024-02-12 12:33:34.684088: I Analyzed pair: (0.17379, 0.17141): True
2024-02-12 12:33:34.684088: I Analyzed pair: (0.17379, 0.16867): True
2024-02-12 12:33:34.685088: I Check List: [True, False, True, True, True]
2024-02-12 12:33:40.672266: I Epoch 18/200 loss 1.44449
2024-02-12 12:33:40.673267: I Analyzed pair: (0.17145, 0.17418): False
2024-02-12 12:33:40.673267: I Analyzed pair: (0.17145, 0.16804): True
2024-02-12 12:33:40.673267: I Analyzed pair: (0.17145, 0.17141): True
2024-02-12 12:33:40.674267: I Analyzed pair: (0.17145, 0.16867): True
2024-02-12 12:33:40.674267: I Analyzed pair: (0.17145, 0.17298): False
2024-02-12 12:33:40.674267: I Check List: [False, True, True, True, False]
2024-02-12 12:33:47.041921: I Epoch 19/200 loss 1.24246
2024-02-12 12:33:47.041921: I Analyzed pair: (0.17418, 0.16804): True
2024-02-12 12:33:47.042921: I Analyzed pair: (0.17418, 0.17141): True
2024-02-12 12:33:47.042921: I Analyzed pair: (0.17418, 0.16867): True
2024-02-12 12:33:47.042921: I Analyzed pair: (0.17418, 0.17298): True
2024-02-12 12:33:47.042921: I Analyzed pair: (0.17418, 0.17275): True
2024-02-12 12:33:47.043924: I Check List: [True, True, True, True, True]
2024-02-12 12:33:47.043924: I Met Early Stopping conditions: logger: <Logger EarlyStopping (DEBUG)>, validation_metric: nDCGRendle2020, validation_k: 10, cutoffs: [10], simple_metrics: ['nDCGRendle2020'], monitor: nDCGRendle2020@10, patience: 5, mode: max, metric_k: 10, metric: nDCGRendle2020, verbose: True, active: True
