2024-02-12 13:38:41.198456: I Loading parameters
2024-02-12 13:38:41.198456: I Parameter lr set to 0.002411993489896946
2024-02-12 13:38:41.199456: I Parameter factors set to 256
2024-02-12 13:38:41.199456: I Parameter l_w set to 0.003023263429458794
2024-02-12 13:38:41.199456: I Parameter n_layers set to 3
2024-02-12 13:38:47.771707: I Epoch 1/200 loss 15681.01211
2024-02-12 13:38:47.772706: I ******************************************
2024-02-12 13:38:54.154050: I Epoch 2/200 loss 1598.62513
2024-02-12 13:38:54.154050: I ******************************************
2024-02-12 13:39:00.882855: I Epoch 3/200 loss 396.89348
2024-02-12 13:39:00.882855: I ******************************************
2024-02-12 13:39:06.796616: I Epoch 4/200 loss 155.41227
2024-02-12 13:39:06.796616: I ******************************************
2024-02-12 13:39:13.171764: I Epoch 5/200 loss 75.36689
2024-02-12 13:39:13.172763: I ******************************************
2024-02-12 13:39:19.234892: I Epoch 6/200 loss 41.10555
2024-02-12 13:39:19.236396: I Analyzed pair: (0.1093, 0.13932): False
2024-02-12 13:39:19.236396: I Analyzed pair: (0.1093, 0.15418): False
2024-02-12 13:39:19.236396: I Analyzed pair: (0.1093, 0.16148): False
2024-02-12 13:39:19.237400: I Analyzed pair: (0.1093, 0.16518): False
2024-02-12 13:39:19.237400: I Analyzed pair: (0.1093, 0.16415): False
2024-02-12 13:39:19.237400: I Check List: [False, False, False, False, False]
2024-02-12 13:39:25.685561: I Epoch 7/200 loss 24.65314
2024-02-12 13:39:25.685561: I Analyzed pair: (0.13932, 0.15418): False
2024-02-12 13:39:25.686563: I Analyzed pair: (0.13932, 0.16148): False
2024-02-12 13:39:25.686563: I Analyzed pair: (0.13932, 0.16518): False
2024-02-12 13:39:25.686563: I Analyzed pair: (0.13932, 0.16415): False
2024-02-12 13:39:25.687562: I Analyzed pair: (0.13932, 0.16189): False
2024-02-12 13:39:25.687562: I Check List: [False, False, False, False, False]
2024-02-12 13:39:31.657675: I Epoch 8/200 loss 16.74278
2024-02-12 13:39:31.657675: I ******************************************
2024-02-12 13:39:31.658677: I Analyzed pair: (0.15418, 0.16148): False
2024-02-12 13:39:31.658677: I Analyzed pair: (0.15418, 0.16518): False
2024-02-12 13:39:31.658677: I Analyzed pair: (0.15418, 0.16415): False
2024-02-12 13:39:31.659677: I Analyzed pair: (0.15418, 0.16189): False
2024-02-12 13:39:31.659677: I Analyzed pair: (0.15418, 0.16752): False
2024-02-12 13:39:31.659677: I Check List: [False, False, False, False, False]
2024-02-12 13:39:38.083961: I Epoch 9/200 loss 11.25891
2024-02-12 13:39:38.083961: I Analyzed pair: (0.16148, 0.16518): False
2024-02-12 13:39:38.083961: I Analyzed pair: (0.16148, 0.16415): False
2024-02-12 13:39:38.083961: I Analyzed pair: (0.16148, 0.16189): False
2024-02-12 13:39:38.084960: I Analyzed pair: (0.16148, 0.16752): False
2024-02-12 13:39:38.084960: I Analyzed pair: (0.16148, 0.16682): False
2024-02-12 13:39:38.084960: I Check List: [False, False, False, False, False]
2024-02-12 13:39:44.195532: I Epoch 10/200 loss 8.42967
2024-02-12 13:39:44.195532: I ******************************************
2024-02-12 13:39:44.196532: I Analyzed pair: (0.16518, 0.16415): True
2024-02-12 13:39:44.196532: I Analyzed pair: (0.16518, 0.16189): True
2024-02-12 13:39:44.196532: I Analyzed pair: (0.16518, 0.16752): False
2024-02-12 13:39:44.197530: I Analyzed pair: (0.16518, 0.16682): False
2024-02-12 13:39:44.197530: I Analyzed pair: (0.16518, 0.1715): False
2024-02-12 13:39:44.197530: I Check List: [True, True, False, False, False]
2024-02-12 13:39:50.364695: I Epoch 11/200 loss 6.39217
2024-02-12 13:39:50.364695: I ******************************************
2024-02-12 13:39:50.365696: I Analyzed pair: (0.16415, 0.16189): True
2024-02-12 13:39:50.365696: I Analyzed pair: (0.16415, 0.16752): False
2024-02-12 13:39:50.365696: I Analyzed pair: (0.16415, 0.16682): False
2024-02-12 13:39:50.365696: I Analyzed pair: (0.16415, 0.1715): False
2024-02-12 13:39:50.366695: I Analyzed pair: (0.16415, 0.17212): False
2024-02-12 13:39:50.366695: I Check List: [True, False, False, False, False]
2024-02-12 13:39:56.241804: I Epoch 12/200 loss 4.93657
2024-02-12 13:39:56.241804: I ******************************************
2024-02-12 13:39:56.241804: I Analyzed pair: (0.16189, 0.16752): False
2024-02-12 13:39:56.241804: I Analyzed pair: (0.16189, 0.16682): False
2024-02-12 13:39:56.243307: I Analyzed pair: (0.16189, 0.1715): False
2024-02-12 13:39:56.243307: I Analyzed pair: (0.16189, 0.17212): False
2024-02-12 13:39:56.243307: I Analyzed pair: (0.16189, 0.17379): False
2024-02-12 13:39:56.243307: I Check List: [False, False, False, False, False]
2024-02-12 13:40:02.381950: I Epoch 13/200 loss 3.93777
2024-02-12 13:40:02.381950: I Analyzed pair: (0.16752, 0.16682): True
2024-02-12 13:40:02.381950: I Analyzed pair: (0.16752, 0.1715): False
2024-02-12 13:40:02.382951: I Analyzed pair: (0.16752, 0.17212): False
2024-02-12 13:40:02.382951: I Analyzed pair: (0.16752, 0.17379): False
2024-02-12 13:40:02.382951: I Analyzed pair: (0.16752, 0.17145): False
2024-02-12 13:40:02.383951: I Check List: [True, False, False, False, False]
2024-02-12 13:40:08.292772: I Epoch 14/200 loss 3.30192
2024-02-12 13:40:08.292772: I ******************************************
2024-02-12 13:40:08.293771: I Analyzed pair: (0.16682, 0.1715): False
2024-02-12 13:40:08.293771: I Analyzed pair: (0.16682, 0.17212): False
2024-02-12 13:40:08.293771: I Analyzed pair: (0.16682, 0.17379): False
2024-02-12 13:40:08.294771: I Analyzed pair: (0.16682, 0.17145): False
2024-02-12 13:40:08.294771: I Analyzed pair: (0.16682, 0.17418): False
2024-02-12 13:40:08.294771: I Check List: [False, False, False, False, False]
2024-02-12 13:40:14.385580: I Epoch 15/200 loss 2.59254
2024-02-12 13:40:14.385580: I Analyzed pair: (0.1715, 0.17212): False
2024-02-12 13:40:14.385580: I Analyzed pair: (0.1715, 0.17379): False
2024-02-12 13:40:14.386581: I Analyzed pair: (0.1715, 0.17145): True
2024-02-12 13:40:14.386581: I Analyzed pair: (0.1715, 0.17418): False
2024-02-12 13:40:14.386581: I Analyzed pair: (0.1715, 0.16804): True
2024-02-12 13:40:14.386581: I Check List: [False, False, True, False, True]
2024-02-12 13:40:20.352860: I Epoch 16/200 loss 2.19482
2024-02-12 13:40:20.353860: I Analyzed pair: (0.17212, 0.17379): False
2024-02-12 13:40:20.353860: I Analyzed pair: (0.17212, 0.17145): True
2024-02-12 13:40:20.353860: I Analyzed pair: (0.17212, 0.17418): False
2024-02-12 13:40:20.354860: I Analyzed pair: (0.17212, 0.16804): True
2024-02-12 13:40:20.354860: I Analyzed pair: (0.17212, 0.17141): True
2024-02-12 13:40:20.354860: I Check List: [False, True, False, True, True]
2024-02-12 13:40:26.564122: I Epoch 17/200 loss 1.74943
2024-02-12 13:40:26.564122: I Analyzed pair: (0.17379, 0.17145): True
2024-02-12 13:40:26.564122: I Analyzed pair: (0.17379, 0.17418): False
2024-02-12 13:40:26.565122: I Analyzed pair: (0.17379, 0.16804): True
2024-02-12 13:40:26.565122: I Analyzed pair: (0.17379, 0.17141): True
2024-02-12 13:40:26.565122: I Analyzed pair: (0.17379, 0.16867): True
2024-02-12 13:40:26.565122: I Check List: [True, False, True, True, True]
2024-02-12 13:40:32.574257: I Epoch 18/200 loss 1.44449
2024-02-12 13:40:32.575257: I Analyzed pair: (0.17145, 0.17418): False
2024-02-12 13:40:32.575257: I Analyzed pair: (0.17145, 0.16804): True
2024-02-12 13:40:32.575257: I Analyzed pair: (0.17145, 0.17141): True
2024-02-12 13:40:32.575257: I Analyzed pair: (0.17145, 0.16867): True
2024-02-12 13:40:32.576257: I Analyzed pair: (0.17145, 0.17298): False
2024-02-12 13:40:32.576257: I Check List: [False, True, True, True, False]
2024-02-12 13:40:38.664961: I Epoch 19/200 loss 1.24246
2024-02-12 13:40:38.665962: I Analyzed pair: (0.17418, 0.16804): True
2024-02-12 13:40:38.665962: I Analyzed pair: (0.17418, 0.17141): True
2024-02-12 13:40:38.665962: I Analyzed pair: (0.17418, 0.16867): True
2024-02-12 13:40:38.666962: I Analyzed pair: (0.17418, 0.17298): True
2024-02-12 13:40:38.666962: I Analyzed pair: (0.17418, 0.17275): True
2024-02-12 13:40:38.666962: I Check List: [True, True, True, True, True]
2024-02-12 13:40:38.666962: I Met Early Stopping conditions: logger: <Logger EarlyStopping (DEBUG)>, validation_metric: nDCGRendle2020, validation_k: 10, cutoffs: [10], simple_metrics: ['nDCGRendle2020'], monitor: nDCGRendle2020@10, patience: 5, mode: max, metric_k: 10, metric: nDCGRendle2020, verbose: True, active: True
