2024-02-22 12:03:24.078503: I Loading parameters
2024-02-22 12:03:24.079502: I Parameter factors set to 512
2024-02-22 12:03:24.079502: I Parameter lr set to 0.002411993489896946
2024-02-22 12:03:24.079502: I Parameter l_w set to 0.003023263429458794
2024-02-22 12:03:25.352628: I Epoch 1/200 loss 98.25244
2024-02-22 12:03:25.352628: I ******************************************
2024-02-22 12:03:26.235227: I Epoch 2/200 loss 17.52779
2024-02-22 12:03:26.236228: I ******************************************
2024-02-22 12:03:27.177339: I Epoch 3/200 loss 4.59654
2024-02-22 12:03:27.178340: I ******************************************
2024-02-22 12:03:27.996425: I Epoch 4/200 loss 1.59545
2024-02-22 12:03:27.996425: I ******************************************
2024-02-22 12:03:28.829513: I Epoch 5/200 loss 0.69011
2024-02-22 12:03:28.829513: I ******************************************
2024-02-22 12:03:29.654610: I Epoch 6/200 loss 0.37533
2024-02-22 12:03:29.655613: I ******************************************
2024-02-22 12:03:29.655613: I Analyzed pair: (0.01833, 0.05513): False
2024-02-22 12:03:29.655613: I Analyzed pair: (0.01833, 0.06152): False
2024-02-22 12:03:29.656614: I Analyzed pair: (0.01833, 0.06808): False
2024-02-22 12:03:29.656614: I Analyzed pair: (0.01833, 0.0688): False
2024-02-22 12:03:29.656614: I Analyzed pair: (0.01833, 0.07133): False
2024-02-22 12:03:29.656614: I Check List: [False, False, False, False, False]
2024-02-22 12:03:30.490206: I Epoch 7/200 loss 0.24103
2024-02-22 12:03:30.490206: I Analyzed pair: (0.05513, 0.06152): False
2024-02-22 12:03:30.491208: I Analyzed pair: (0.05513, 0.06808): False
2024-02-22 12:03:30.491208: I Analyzed pair: (0.05513, 0.0688): False
2024-02-22 12:03:30.491208: I Analyzed pair: (0.05513, 0.07133): False
2024-02-22 12:03:30.491208: I Analyzed pair: (0.05513, 0.06956): False
2024-02-22 12:03:30.492207: I Check List: [False, False, False, False, False]
2024-02-22 12:03:31.314293: I Epoch 8/200 loss 0.16304
2024-02-22 12:03:31.315295: I Analyzed pair: (0.06152, 0.06808): False
2024-02-22 12:03:31.316294: I Analyzed pair: (0.06152, 0.0688): False
2024-02-22 12:03:31.316294: I Analyzed pair: (0.06152, 0.07133): False
2024-02-22 12:03:31.316294: I Analyzed pair: (0.06152, 0.06956): False
2024-02-22 12:03:31.316294: I Analyzed pair: (0.06152, 0.0695): False
2024-02-22 12:03:31.317294: I Check List: [False, False, False, False, False]
2024-02-22 12:03:32.161377: I Epoch 9/200 loss 0.12162
2024-02-22 12:03:32.162377: I Analyzed pair: (0.06808, 0.0688): False
2024-02-22 12:03:32.162377: I Analyzed pair: (0.06808, 0.07133): False
2024-02-22 12:03:32.162377: I Analyzed pair: (0.06808, 0.06956): False
2024-02-22 12:03:32.162377: I Analyzed pair: (0.06808, 0.0695): False
2024-02-22 12:03:32.163378: I Analyzed pair: (0.06808, 0.06782): True
2024-02-22 12:03:32.163378: I Check List: [False, False, False, False, True]
2024-02-22 12:03:33.006969: I Epoch 10/200 loss 0.09345
2024-02-22 12:03:33.007968: I Analyzed pair: (0.0688, 0.07133): False
2024-02-22 12:03:33.007968: I Analyzed pair: (0.0688, 0.06956): False
2024-02-22 12:03:33.007968: I Analyzed pair: (0.0688, 0.0695): False
2024-02-22 12:03:33.008970: I Analyzed pair: (0.0688, 0.06782): True
2024-02-22 12:03:33.008970: I Analyzed pair: (0.0688, 0.06716): True
2024-02-22 12:03:33.008970: I Check List: [False, False, False, True, True]
2024-02-22 12:03:33.901562: I Epoch 11/200 loss 0.07609
2024-02-22 12:03:33.901562: I Analyzed pair: (0.07133, 0.06956): True
2024-02-22 12:03:33.902562: I Analyzed pair: (0.07133, 0.0695): True
2024-02-22 12:03:33.902562: I Analyzed pair: (0.07133, 0.06782): True
2024-02-22 12:03:33.902562: I Analyzed pair: (0.07133, 0.06716): True
2024-02-22 12:03:33.902562: I Analyzed pair: (0.07133, 0.06782): True
2024-02-22 12:03:33.903561: I Check List: [True, True, True, True, True]
2024-02-22 12:03:33.903561: I Met Early Stopping conditions: logger: <Logger EarlyStopping (DEBUG)>, validation_metric: nDCGRendle2020, validation_k: 10, cutoffs: [10], simple_metrics: ['nDCGRendle2020'], monitor: nDCGRendle2020@10, patience: 5, mode: max, metric_k: 10, metric: nDCGRendle2020, verbose: True, active: True
