2024-02-12 13:30:13.687515: I Loading parameters
2024-02-12 13:30:13.687515: I Parameter lr set to 0.002411993489896946
2024-02-12 13:30:13.688517: I Parameter factors set to 256
2024-02-12 13:30:13.688517: I Parameter l_w set to 0.003023263429458794
2024-02-12 13:30:13.688517: I Parameter n_layers set to 3
2024-02-12 13:30:20.372194: I Epoch 1/200 loss 15681.01225
2024-02-12 13:30:20.373195: I ******************************************
2024-02-12 13:30:26.309768: I Epoch 2/200 loss 1598.62513
2024-02-12 13:30:26.309768: I ******************************************
2024-02-12 13:30:32.866051: I Epoch 3/200 loss 396.89348
2024-02-12 13:30:32.867051: I ******************************************
2024-02-12 13:30:39.239624: I Epoch 4/200 loss 155.41227
2024-02-12 13:30:39.239624: I ******************************************
2024-02-12 13:30:45.564741: I Epoch 5/200 loss 75.36689
2024-02-12 13:30:45.564741: I ******************************************
2024-02-12 13:30:52.013812: I Epoch 6/200 loss 41.10555
2024-02-12 13:30:52.014816: I Analyzed pair: (0.1093, 0.13932): False
2024-02-12 13:30:52.014816: I Analyzed pair: (0.1093, 0.15418): False
2024-02-12 13:30:52.014816: I Analyzed pair: (0.1093, 0.16148): False
2024-02-12 13:30:52.015814: I Analyzed pair: (0.1093, 0.16518): False
2024-02-12 13:30:52.015814: I Analyzed pair: (0.1093, 0.16415): False
2024-02-12 13:30:52.015814: I Check List: [False, False, False, False, False]
2024-02-12 13:30:58.474462: I Epoch 7/200 loss 24.65314
2024-02-12 13:30:58.475461: I Analyzed pair: (0.13932, 0.15418): False
2024-02-12 13:30:58.475461: I Analyzed pair: (0.13932, 0.16148): False
2024-02-12 13:30:58.475461: I Analyzed pair: (0.13932, 0.16518): False
2024-02-12 13:30:58.475461: I Analyzed pair: (0.13932, 0.16415): False
2024-02-12 13:30:58.476461: I Analyzed pair: (0.13932, 0.16189): False
2024-02-12 13:30:58.476461: I Check List: [False, False, False, False, False]
2024-02-12 13:31:04.973107: I Epoch 8/200 loss 16.74278
2024-02-12 13:31:04.973107: I ******************************************
2024-02-12 13:31:04.974107: I Analyzed pair: (0.15418, 0.16148): False
2024-02-12 13:31:04.974107: I Analyzed pair: (0.15418, 0.16518): False
2024-02-12 13:31:04.974107: I Analyzed pair: (0.15418, 0.16415): False
2024-02-12 13:31:04.974107: I Analyzed pair: (0.15418, 0.16189): False
2024-02-12 13:31:04.975107: I Analyzed pair: (0.15418, 0.16752): False
2024-02-12 13:31:04.975107: I Check List: [False, False, False, False, False]
2024-02-12 13:31:11.197315: I Epoch 9/200 loss 11.25891
2024-02-12 13:31:11.198316: I Analyzed pair: (0.16148, 0.16518): False
2024-02-12 13:31:11.198316: I Analyzed pair: (0.16148, 0.16415): False
2024-02-12 13:31:11.198316: I Analyzed pair: (0.16148, 0.16189): False
2024-02-12 13:31:11.198316: I Analyzed pair: (0.16148, 0.16752): False
2024-02-12 13:31:11.199316: I Analyzed pair: (0.16148, 0.16682): False
2024-02-12 13:31:11.199316: I Check List: [False, False, False, False, False]
2024-02-12 13:31:17.371559: I Epoch 10/200 loss 8.42967
2024-02-12 13:31:17.372560: I ******************************************
2024-02-12 13:31:17.372560: I Analyzed pair: (0.16518, 0.16415): True
2024-02-12 13:31:17.372560: I Analyzed pair: (0.16518, 0.16189): True
2024-02-12 13:31:17.373560: I Analyzed pair: (0.16518, 0.16752): False
2024-02-12 13:31:17.373560: I Analyzed pair: (0.16518, 0.16682): False
2024-02-12 13:31:17.373560: I Analyzed pair: (0.16518, 0.1715): False
2024-02-12 13:31:17.373560: I Check List: [True, True, False, False, False]
2024-02-12 13:31:23.546331: I Epoch 11/200 loss 6.39217
2024-02-12 13:31:23.546331: I ******************************************
2024-02-12 13:31:23.546331: I Analyzed pair: (0.16415, 0.16189): True
2024-02-12 13:31:23.547331: I Analyzed pair: (0.16415, 0.16752): False
2024-02-12 13:31:23.547331: I Analyzed pair: (0.16415, 0.16682): False
2024-02-12 13:31:23.547331: I Analyzed pair: (0.16415, 0.1715): False
2024-02-12 13:31:23.548332: I Analyzed pair: (0.16415, 0.17212): False
2024-02-12 13:31:23.548332: I Check List: [True, False, False, False, False]
2024-02-12 13:31:29.782155: I Epoch 12/200 loss 4.93657
2024-02-12 13:31:29.782155: I ******************************************
2024-02-12 13:31:29.783154: I Analyzed pair: (0.16189, 0.16752): False
2024-02-12 13:31:29.783154: I Analyzed pair: (0.16189, 0.16682): False
2024-02-12 13:31:29.783154: I Analyzed pair: (0.16189, 0.1715): False
2024-02-12 13:31:29.784154: I Analyzed pair: (0.16189, 0.17212): False
2024-02-12 13:31:29.784154: I Analyzed pair: (0.16189, 0.17379): False
2024-02-12 13:31:29.784154: I Check List: [False, False, False, False, False]
2024-02-12 13:31:36.128980: I Epoch 13/200 loss 3.93777
2024-02-12 13:31:36.131980: I Analyzed pair: (0.16752, 0.16682): True
2024-02-12 13:31:36.132978: I Analyzed pair: (0.16752, 0.1715): False
2024-02-12 13:31:36.132978: I Analyzed pair: (0.16752, 0.17212): False
2024-02-12 13:31:36.133979: I Analyzed pair: (0.16752, 0.17379): False
2024-02-12 13:31:36.133979: I Analyzed pair: (0.16752, 0.17145): False
2024-02-12 13:31:36.134980: I Check List: [True, False, False, False, False]
2024-02-12 13:31:42.620715: I Epoch 14/200 loss 3.30192
2024-02-12 13:31:42.620715: I ******************************************
2024-02-12 13:31:42.620715: I Analyzed pair: (0.16682, 0.1715): False
2024-02-12 13:31:42.621715: I Analyzed pair: (0.16682, 0.17212): False
2024-02-12 13:31:42.621715: I Analyzed pair: (0.16682, 0.17379): False
2024-02-12 13:31:42.621715: I Analyzed pair: (0.16682, 0.17145): False
2024-02-12 13:31:42.622715: I Analyzed pair: (0.16682, 0.17418): False
2024-02-12 13:31:42.622715: I Check List: [False, False, False, False, False]
2024-02-12 13:31:48.751369: I Epoch 15/200 loss 2.59254
2024-02-12 13:31:48.751369: I Analyzed pair: (0.1715, 0.17212): False
2024-02-12 13:31:48.752370: I Analyzed pair: (0.1715, 0.17379): False
2024-02-12 13:31:48.752370: I Analyzed pair: (0.1715, 0.17145): True
2024-02-12 13:31:48.752370: I Analyzed pair: (0.1715, 0.17418): False
2024-02-12 13:31:48.752370: I Analyzed pair: (0.1715, 0.16804): True
2024-02-12 13:31:48.753369: I Check List: [False, False, True, False, True]
2024-02-12 13:31:56.155744: I Epoch 16/200 loss 2.19482
2024-02-12 13:31:56.155744: I Analyzed pair: (0.17212, 0.17379): False
2024-02-12 13:31:56.155744: I Analyzed pair: (0.17212, 0.17145): True
2024-02-12 13:31:56.156744: I Analyzed pair: (0.17212, 0.17418): False
2024-02-12 13:31:56.156744: I Analyzed pair: (0.17212, 0.16804): True
2024-02-12 13:31:56.156744: I Analyzed pair: (0.17212, 0.17141): True
2024-02-12 13:31:56.156744: I Check List: [False, True, False, True, True]
2024-02-12 13:32:02.217422: I Epoch 17/200 loss 1.74943
2024-02-12 13:32:02.217422: I Analyzed pair: (0.17379, 0.17145): True
2024-02-12 13:32:02.218423: I Analyzed pair: (0.17379, 0.17418): False
2024-02-12 13:32:02.218423: I Analyzed pair: (0.17379, 0.16804): True
2024-02-12 13:32:02.218423: I Analyzed pair: (0.17379, 0.17141): True
2024-02-12 13:32:02.218423: I Analyzed pair: (0.17379, 0.16867): True
2024-02-12 13:32:02.219422: I Check List: [True, False, True, True, True]
2024-02-12 13:32:08.073565: I Epoch 18/200 loss 1.44449
2024-02-12 13:32:08.073565: I Analyzed pair: (0.17145, 0.17418): False
2024-02-12 13:32:08.073565: I Analyzed pair: (0.17145, 0.16804): True
2024-02-12 13:32:08.074566: I Analyzed pair: (0.17145, 0.17141): True
2024-02-12 13:32:08.074566: I Analyzed pair: (0.17145, 0.16867): True
2024-02-12 13:32:08.074566: I Analyzed pair: (0.17145, 0.17298): False
2024-02-12 13:32:08.074566: I Check List: [False, True, True, True, False]
2024-02-12 13:32:14.310277: I Epoch 19/200 loss 1.24246
2024-02-12 13:32:14.311278: I Analyzed pair: (0.17418, 0.16804): True
2024-02-12 13:32:14.311278: I Analyzed pair: (0.17418, 0.17141): True
2024-02-12 13:32:14.311278: I Analyzed pair: (0.17418, 0.16867): True
2024-02-12 13:32:14.311278: I Analyzed pair: (0.17418, 0.17298): True
2024-02-12 13:32:14.312279: I Analyzed pair: (0.17418, 0.17275): True
2024-02-12 13:32:14.312279: I Check List: [True, True, True, True, True]
2024-02-12 13:32:14.312279: I Met Early Stopping conditions: logger: <Logger EarlyStopping (DEBUG)>, validation_metric: nDCGRendle2020, validation_k: 10, cutoffs: [10], simple_metrics: ['nDCGRendle2020'], monitor: nDCGRendle2020@10, patience: 5, mode: max, metric_k: 10, metric: nDCGRendle2020, verbose: True, active: True
