2024-02-22 12:37:00.488933: I Loading parameters
2024-02-22 12:37:00.489933: I Parameter lr set to 0.002411993489896946
2024-02-22 12:37:00.489933: I Parameter factors set to 512
2024-02-22 12:37:00.490935: I Parameter l_w set to 0.003023263429458794
2024-02-22 12:37:00.490935: I Parameter n_layers set to 3
2024-02-22 12:37:03.581792: I Epoch 1/200 loss 3716.96061
2024-02-22 12:37:03.582793: I ******************************************
2024-02-22 12:37:06.317605: I Epoch 2/200 loss 269.11493
2024-02-22 12:37:06.317605: I ******************************************
2024-02-22 12:37:09.196478: I Epoch 3/200 loss 54.02834
2024-02-22 12:37:12.194850: I Epoch 4/200 loss 19.49218
2024-02-22 12:37:15.374250: I Epoch 5/200 loss 8.37556
2024-02-22 12:37:18.151651: I Epoch 6/200 loss 4.70579
2024-02-22 12:37:18.152651: I Analyzed pair: (0.08309, 0.08382): False
2024-02-22 12:37:18.152651: I Analyzed pair: (0.08309, 0.07791): True
2024-02-22 12:37:18.152651: I Analyzed pair: (0.08309, 0.08032): True
2024-02-22 12:37:18.153653: I Analyzed pair: (0.08309, 0.07966): True
2024-02-22 12:37:18.153653: I Analyzed pair: (0.08309, 0.07722): True
2024-02-22 12:37:18.153653: I Check List: [False, True, True, True, True]
2024-02-22 12:37:20.957043: I Epoch 7/200 loss 3.11501
2024-02-22 12:37:20.957043: I Analyzed pair: (0.08382, 0.07791): True
2024-02-22 12:37:20.958044: I Analyzed pair: (0.08382, 0.08032): True
2024-02-22 12:37:20.958044: I Analyzed pair: (0.08382, 0.07966): True
2024-02-22 12:37:20.958044: I Analyzed pair: (0.08382, 0.07722): True
2024-02-22 12:37:20.958044: I Analyzed pair: (0.08382, 0.07316): True
2024-02-22 12:37:20.959044: I Check List: [True, True, True, True, True]
2024-02-22 12:37:20.959044: I Met Early Stopping conditions: logger: <Logger EarlyStopping (DEBUG)>, validation_metric: nDCGRendle2020, validation_k: 10, cutoffs: [10], simple_metrics: ['nDCGRendle2020'], monitor: nDCGRendle2020@10, patience: 5, mode: max, metric_k: 10, metric: nDCGRendle2020, verbose: True, active: True
2024-02-22 12:47:35.742991: I Loading parameters
2024-02-22 12:47:35.743991: I Parameter lr set to 0.00032389695889150017
2024-02-22 12:47:35.743991: I Parameter factors set to 512
2024-02-22 12:47:35.743991: I Parameter l_w set to 0.0027101707182406246
2024-02-22 12:47:35.743991: I Parameter n_layers set to 3
2024-02-22 12:47:38.878918: I Epoch 1/200 loss 6298.69246
2024-02-22 12:47:38.878918: I ******************************************
2024-02-22 12:47:41.714329: I Epoch 2/200 loss 1468.83510
2024-02-22 12:47:41.715330: I ******************************************
2024-02-22 12:47:44.816252: I Epoch 3/200 loss 581.73786
2024-02-22 12:47:44.816252: I ******************************************
2024-02-22 12:47:47.835140: I Epoch 4/200 loss 275.42173
2024-02-22 12:47:47.836141: I ******************************************
2024-02-22 12:47:50.603040: I Epoch 5/200 loss 142.15195
2024-02-22 12:47:50.603040: I ******************************************
2024-02-22 12:47:53.586438: I Epoch 6/200 loss 79.62469
2024-02-22 12:47:53.586438: I ******************************************
2024-02-22 12:47:53.587441: I Analyzed pair: (0.0217, 0.05938): False
2024-02-22 12:47:53.587441: I Analyzed pair: (0.0217, 0.07853): False
2024-02-22 12:47:53.587441: I Analyzed pair: (0.0217, 0.0825): False
2024-02-22 12:47:53.587441: I Analyzed pair: (0.0217, 0.08464): False
2024-02-22 12:47:53.588440: I Analyzed pair: (0.0217, 0.08579): False
2024-02-22 12:47:53.588440: I Check List: [False, False, False, False, False]
2024-02-22 12:47:56.396797: I Epoch 7/200 loss 48.30039
2024-02-22 12:47:56.396797: I ******************************************
2024-02-22 12:47:56.397797: I Analyzed pair: (0.05938, 0.07853): False
2024-02-22 12:47:56.397797: I Analyzed pair: (0.05938, 0.0825): False
2024-02-22 12:47:56.397797: I Analyzed pair: (0.05938, 0.08464): False
2024-02-22 12:47:56.398797: I Analyzed pair: (0.05938, 0.08579): False
2024-02-22 12:47:56.398797: I Analyzed pair: (0.05938, 0.08851): False
2024-02-22 12:47:56.398797: I Check List: [False, False, False, False, False]
2024-02-22 12:47:59.134174: I Epoch 8/200 loss 30.03823
2024-02-22 12:47:59.134174: I ******************************************
2024-02-22 12:47:59.135175: I Analyzed pair: (0.07853, 0.0825): False
2024-02-22 12:47:59.135175: I Analyzed pair: (0.07853, 0.08464): False
2024-02-22 12:47:59.135175: I Analyzed pair: (0.07853, 0.08579): False
2024-02-22 12:47:59.136175: I Analyzed pair: (0.07853, 0.08851): False
2024-02-22 12:47:59.136175: I Analyzed pair: (0.07853, 0.08852): False
2024-02-22 12:47:59.136175: I Check List: [False, False, False, False, False]
2024-02-22 12:48:01.934514: I Epoch 9/200 loss 20.01045
2024-02-22 12:48:01.935514: I ******************************************
2024-02-22 12:48:01.935514: I Analyzed pair: (0.0825, 0.08464): False
2024-02-22 12:48:01.935514: I Analyzed pair: (0.0825, 0.08579): False
2024-02-22 12:48:01.936516: I Analyzed pair: (0.0825, 0.08851): False
2024-02-22 12:48:01.936516: I Analyzed pair: (0.0825, 0.08852): False
2024-02-22 12:48:01.936516: I Analyzed pair: (0.0825, 0.08955): False
2024-02-22 12:48:01.936516: I Check List: [False, False, False, False, False]
2024-02-22 12:48:04.746848: I Epoch 10/200 loss 13.61574
2024-02-22 12:48:04.747849: I Analyzed pair: (0.08464, 0.08579): False
2024-02-22 12:48:04.747849: I Analyzed pair: (0.08464, 0.08851): False
2024-02-22 12:48:04.747849: I Analyzed pair: (0.08464, 0.08852): False
2024-02-22 12:48:04.747849: I Analyzed pair: (0.08464, 0.08955): False
2024-02-22 12:48:04.748850: I Analyzed pair: (0.08464, 0.08927): False
2024-02-22 12:48:04.748850: I Check List: [False, False, False, False, False]
2024-02-22 12:48:07.588214: I Epoch 11/200 loss 9.75565
2024-02-22 12:48:07.589215: I ******************************************
2024-02-22 12:48:07.590218: I Analyzed pair: (0.08579, 0.08851): False
2024-02-22 12:48:07.590218: I Analyzed pair: (0.08579, 0.08852): False
2024-02-22 12:48:07.590218: I Analyzed pair: (0.08579, 0.08955): False
2024-02-22 12:48:07.591216: I Analyzed pair: (0.08579, 0.08927): False
2024-02-22 12:48:07.591216: I Analyzed pair: (0.08579, 0.09023): False
2024-02-22 12:48:07.591216: I Check List: [False, False, False, False, False]
2024-02-22 12:48:10.365532: I Epoch 12/200 loss 6.88108
2024-02-22 12:48:10.365532: I ******************************************
2024-02-22 12:48:10.365532: I Analyzed pair: (0.08851, 0.08852): False
2024-02-22 12:48:10.366533: I Analyzed pair: (0.08851, 0.08955): False
2024-02-22 12:48:10.366533: I Analyzed pair: (0.08851, 0.08927): False
2024-02-22 12:48:10.366533: I Analyzed pair: (0.08851, 0.09023): False
2024-02-22 12:48:10.366533: I Analyzed pair: (0.08851, 0.09039): False
2024-02-22 12:48:10.367533: I Check List: [False, False, False, False, False]
2024-02-22 12:48:13.261394: I Epoch 13/200 loss 5.31772
2024-02-22 12:48:13.262397: I Analyzed pair: (0.08852, 0.08955): False
2024-02-22 12:48:13.262397: I Analyzed pair: (0.08852, 0.08927): False
2024-02-22 12:48:13.262397: I Analyzed pair: (0.08852, 0.09023): False
2024-02-22 12:48:13.262397: I Analyzed pair: (0.08852, 0.09039): False
2024-02-22 12:48:13.263395: I Analyzed pair: (0.08852, 0.08991): False
2024-02-22 12:48:13.263395: I Check List: [False, False, False, False, False]
2024-02-22 12:48:16.035704: I Epoch 14/200 loss 3.81527
2024-02-22 12:48:16.036705: I Analyzed pair: (0.08955, 0.08927): True
2024-02-22 12:48:16.036705: I Analyzed pair: (0.08955, 0.09023): False
2024-02-22 12:48:16.036705: I Analyzed pair: (0.08955, 0.09039): False
2024-02-22 12:48:16.036705: I Analyzed pair: (0.08955, 0.08991): False
2024-02-22 12:48:16.037705: I Analyzed pair: (0.08955, 0.08878): True
2024-02-22 12:48:16.037705: I Check List: [True, False, False, False, True]
2024-02-22 12:48:18.750515: I Epoch 15/200 loss 2.98472
2024-02-22 12:48:18.750515: I Analyzed pair: (0.08927, 0.09023): False
2024-02-22 12:48:18.751518: I Analyzed pair: (0.08927, 0.09039): False
2024-02-22 12:48:18.751518: I Analyzed pair: (0.08927, 0.08991): False
2024-02-22 12:48:18.751518: I Analyzed pair: (0.08927, 0.08878): True
2024-02-22 12:48:18.752516: I Analyzed pair: (0.08927, 0.08862): True
2024-02-22 12:48:18.752516: I Check List: [False, False, False, True, True]
2024-02-22 12:48:21.626892: I Epoch 16/200 loss 2.31899
2024-02-22 12:48:21.627892: I Analyzed pair: (0.09023, 0.09039): False
2024-02-22 12:48:21.627892: I Analyzed pair: (0.09023, 0.08991): True
2024-02-22 12:48:21.627892: I Analyzed pair: (0.09023, 0.08878): True
2024-02-22 12:48:21.628892: I Analyzed pair: (0.09023, 0.08862): True
2024-02-22 12:48:21.628892: I Analyzed pair: (0.09023, 0.08873): True
2024-02-22 12:48:21.628892: I Check List: [False, True, True, True, True]
2024-02-22 12:48:24.451747: I Epoch 17/200 loss 1.80239
2024-02-22 12:48:24.451747: I Analyzed pair: (0.09039, 0.08991): True
2024-02-22 12:48:24.451747: I Analyzed pair: (0.09039, 0.08878): True
2024-02-22 12:48:24.452747: I Analyzed pair: (0.09039, 0.08862): True
2024-02-22 12:48:24.452747: I Analyzed pair: (0.09039, 0.08873): True
2024-02-22 12:48:24.452747: I Analyzed pair: (0.09039, 0.08862): True
2024-02-22 12:48:24.453747: I Check List: [True, True, True, True, True]
2024-02-22 12:48:24.453747: I Met Early Stopping conditions: logger: <Logger EarlyStopping (DEBUG)>, validation_metric: nDCGRendle2020, validation_k: 10, cutoffs: [10], simple_metrics: ['nDCGRendle2020'], monitor: nDCGRendle2020@10, patience: 5, mode: max, metric_k: 10, metric: nDCGRendle2020, verbose: True, active: True
2024-02-22 12:58:48.250553: I Loading parameters
2024-02-22 12:58:48.250553: I Parameter lr set to 0.00017769915691174588
2024-02-22 12:58:48.250553: I Parameter factors set to 512
2024-02-22 12:58:48.251554: I Parameter l_w set to 1.9708070255857435e-05
2024-02-22 12:58:48.251554: I Parameter n_layers set to 3
2024-02-22 12:58:51.312442: I Epoch 1/200 loss 6359.00203
2024-02-22 12:58:51.313443: I ******************************************
2024-02-22 12:58:54.264307: I Epoch 2/200 loss 1543.69695
2024-02-22 12:58:54.264307: I ******************************************
2024-02-22 12:58:57.335199: I Epoch 3/200 loss 660.54565
2024-02-22 12:58:57.335199: I ******************************************
2024-02-22 12:59:00.337609: I Epoch 4/200 loss 353.15453
2024-02-22 12:59:00.337609: I ******************************************
2024-02-22 12:59:03.330032: I Epoch 5/200 loss 211.16518
2024-02-22 12:59:03.331032: I ******************************************
2024-02-22 12:59:06.337491: I Epoch 6/200 loss 134.27440
2024-02-22 12:59:06.337491: I ******************************************
2024-02-22 12:59:06.338491: I Analyzed pair: (0.01307, 0.01991): False
2024-02-22 12:59:06.338491: I Analyzed pair: (0.01307, 0.03964): False
2024-02-22 12:59:06.338491: I Analyzed pair: (0.01307, 0.06432): False
2024-02-22 12:59:06.339491: I Analyzed pair: (0.01307, 0.07383): False
2024-02-22 12:59:06.339491: I Analyzed pair: (0.01307, 0.07897): False
2024-02-22 12:59:06.339491: I Check List: [False, False, False, False, False]
2024-02-22 12:59:09.378980: I Epoch 7/200 loss 89.04398
2024-02-22 12:59:09.379981: I ******************************************
2024-02-22 12:59:09.379981: I Analyzed pair: (0.01991, 0.03964): False
2024-02-22 12:59:09.379981: I Analyzed pair: (0.01991, 0.06432): False
2024-02-22 12:59:09.380981: I Analyzed pair: (0.01991, 0.07383): False
2024-02-22 12:59:09.380981: I Analyzed pair: (0.01991, 0.07897): False
2024-02-22 12:59:09.380981: I Analyzed pair: (0.01991, 0.08272): False
2024-02-22 12:59:09.380981: I Check List: [False, False, False, False, False]
2024-02-22 12:59:12.245984: I Epoch 8/200 loss 60.50527
2024-02-22 12:59:12.245984: I ******************************************
2024-02-22 12:59:12.246985: I Analyzed pair: (0.03964, 0.06432): False
2024-02-22 12:59:12.246985: I Analyzed pair: (0.03964, 0.07383): False
2024-02-22 12:59:12.246985: I Analyzed pair: (0.03964, 0.07897): False
2024-02-22 12:59:12.246985: I Analyzed pair: (0.03964, 0.08272): False
2024-02-22 12:59:12.247983: I Analyzed pair: (0.03964, 0.08397): False
2024-02-22 12:59:12.247983: I Check List: [False, False, False, False, False]
2024-02-22 12:59:15.079436: I Epoch 9/200 loss 42.50237
2024-02-22 12:59:15.079436: I ******************************************
2024-02-22 12:59:15.080436: I Analyzed pair: (0.06432, 0.07383): False
2024-02-22 12:59:15.080436: I Analyzed pair: (0.06432, 0.07897): False
2024-02-22 12:59:15.080436: I Analyzed pair: (0.06432, 0.08272): False
2024-02-22 12:59:15.081436: I Analyzed pair: (0.06432, 0.08397): False
2024-02-22 12:59:15.081436: I Analyzed pair: (0.06432, 0.0866): False
2024-02-22 12:59:15.081436: I Check List: [False, False, False, False, False]
2024-02-22 12:59:17.944377: I Epoch 10/200 loss 30.36726
2024-02-22 12:59:17.944377: I ******************************************
2024-02-22 12:59:17.945376: I Analyzed pair: (0.07383, 0.07897): False
2024-02-22 12:59:17.945376: I Analyzed pair: (0.07383, 0.08272): False
2024-02-22 12:59:17.945376: I Analyzed pair: (0.07383, 0.08397): False
2024-02-22 12:59:17.946376: I Analyzed pair: (0.07383, 0.0866): False
2024-02-22 12:59:17.946376: I Analyzed pair: (0.07383, 0.08688): False
2024-02-22 12:59:17.946376: I Check List: [False, False, False, False, False]
2024-02-22 12:59:20.765782: I Epoch 11/200 loss 22.44929
2024-02-22 12:59:20.765782: I ******************************************
2024-02-22 12:59:20.766784: I Analyzed pair: (0.07897, 0.08272): False
2024-02-22 12:59:20.766784: I Analyzed pair: (0.07897, 0.08397): False
2024-02-22 12:59:20.766784: I Analyzed pair: (0.07897, 0.0866): False
2024-02-22 12:59:20.766784: I Analyzed pair: (0.07897, 0.08688): False
2024-02-22 12:59:20.767784: I Analyzed pair: (0.07897, 0.08867): False
2024-02-22 12:59:20.767784: I Check List: [False, False, False, False, False]
2024-02-22 12:59:23.584213: I Epoch 12/200 loss 16.60690
2024-02-22 12:59:23.584213: I Analyzed pair: (0.08272, 0.08397): False
2024-02-22 12:59:23.585214: I Analyzed pair: (0.08272, 0.0866): False
2024-02-22 12:59:23.585214: I Analyzed pair: (0.08272, 0.08688): False
2024-02-22 12:59:23.585214: I Analyzed pair: (0.08272, 0.08867): False
2024-02-22 12:59:23.585214: I Analyzed pair: (0.08272, 0.08853): False
2024-02-22 12:59:23.586215: I Check List: [False, False, False, False, False]
2024-02-22 12:59:26.396666: I Epoch 13/200 loss 12.95658
2024-02-22 12:59:26.396666: I ******************************************
2024-02-22 12:59:26.396666: I Analyzed pair: (0.08397, 0.0866): False
2024-02-22 12:59:26.397667: I Analyzed pair: (0.08397, 0.08688): False
2024-02-22 12:59:26.397667: I Analyzed pair: (0.08397, 0.08867): False
2024-02-22 12:59:26.397667: I Analyzed pair: (0.08397, 0.08853): False
2024-02-22 12:59:26.397667: I Analyzed pair: (0.08397, 0.08986): False
2024-02-22 12:59:26.398668: I Check List: [False, False, False, False, False]
2024-02-22 12:59:29.176085: I Epoch 14/200 loss 9.80300
2024-02-22 12:59:29.177086: I Analyzed pair: (0.0866, 0.08688): False
2024-02-22 12:59:29.177086: I Analyzed pair: (0.0866, 0.08867): False
2024-02-22 12:59:29.177086: I Analyzed pair: (0.0866, 0.08853): False
2024-02-22 12:59:29.177086: I Analyzed pair: (0.0866, 0.08986): False
2024-02-22 12:59:29.178085: I Analyzed pair: (0.0866, 0.08929): False
2024-02-22 12:59:29.178085: I Check List: [False, False, False, False, False]
2024-02-22 12:59:32.046055: I Epoch 15/200 loss 7.78400
2024-02-22 12:59:32.047057: I Analyzed pair: (0.08688, 0.08867): False
2024-02-22 12:59:32.047057: I Analyzed pair: (0.08688, 0.08853): False
2024-02-22 12:59:32.048055: I Analyzed pair: (0.08688, 0.08986): False
2024-02-22 12:59:32.048055: I Analyzed pair: (0.08688, 0.08929): False
2024-02-22 12:59:32.048055: I Analyzed pair: (0.08688, 0.08982): False
2024-02-22 12:59:32.048055: I Check List: [False, False, False, False, False]
2024-02-22 12:59:34.784961: I Epoch 16/200 loss 6.14689
2024-02-22 12:59:34.784961: I ******************************************
2024-02-22 12:59:34.785963: I Analyzed pair: (0.08867, 0.08853): True
2024-02-22 12:59:34.785963: I Analyzed pair: (0.08867, 0.08986): False
2024-02-22 12:59:34.785963: I Analyzed pair: (0.08867, 0.08929): False
2024-02-22 12:59:34.786964: I Analyzed pair: (0.08867, 0.08982): False
2024-02-22 12:59:34.786964: I Analyzed pair: (0.08867, 0.09008): False
2024-02-22 12:59:34.786964: I Check List: [True, False, False, False, False]
2024-02-22 12:59:37.642874: I Epoch 17/200 loss 4.93140
2024-02-22 12:59:37.643873: I Analyzed pair: (0.08853, 0.08986): False
2024-02-22 12:59:37.643873: I Analyzed pair: (0.08853, 0.08929): False
2024-02-22 12:59:37.643873: I Analyzed pair: (0.08853, 0.08982): False
2024-02-22 12:59:37.643873: I Analyzed pair: (0.08853, 0.09008): False
2024-02-22 12:59:37.644872: I Analyzed pair: (0.08853, 0.08981): False
2024-02-22 12:59:37.644872: I Check List: [False, False, False, False, False]
2024-02-22 12:59:40.397831: I Epoch 18/200 loss 4.00057
2024-02-22 12:59:40.398830: I ******************************************
2024-02-22 12:59:40.398830: I Analyzed pair: (0.08986, 0.08929): True
2024-02-22 12:59:40.398830: I Analyzed pair: (0.08986, 0.08982): True
2024-02-22 12:59:40.399830: I Analyzed pair: (0.08986, 0.09008): False
2024-02-22 12:59:40.399830: I Analyzed pair: (0.08986, 0.08981): True
2024-02-22 12:59:40.399830: I Analyzed pair: (0.08986, 0.09022): False
2024-02-22 12:59:40.399830: I Check List: [True, True, False, True, False]
2024-02-22 12:59:43.325238: I Epoch 19/200 loss 3.30982
2024-02-22 12:59:43.326239: I Analyzed pair: (0.08929, 0.08982): False
2024-02-22 12:59:43.326239: I Analyzed pair: (0.08929, 0.09008): False
2024-02-22 12:59:43.326239: I Analyzed pair: (0.08929, 0.08981): False
2024-02-22 12:59:43.327239: I Analyzed pair: (0.08929, 0.09022): False
2024-02-22 12:59:43.327239: I Analyzed pair: (0.08929, 0.08964): False
2024-02-22 12:59:43.327239: I Check List: [False, False, False, False, False]
2024-02-22 12:59:46.043103: I Epoch 20/200 loss 2.77203
2024-02-22 12:59:46.043103: I ******************************************
2024-02-22 12:59:46.044105: I Analyzed pair: (0.08982, 0.09008): False
2024-02-22 12:59:46.044105: I Analyzed pair: (0.08982, 0.08981): True
2024-02-22 12:59:46.045104: I Analyzed pair: (0.08982, 0.09022): False
2024-02-22 12:59:46.045104: I Analyzed pair: (0.08982, 0.08964): True
2024-02-22 12:59:46.045104: I Analyzed pair: (0.08982, 0.09074): False
2024-02-22 12:59:46.045104: I Check List: [False, True, False, True, False]
2024-02-22 12:59:48.899522: I Epoch 21/200 loss 2.18100
2024-02-22 12:59:48.899522: I Analyzed pair: (0.09008, 0.08981): True
2024-02-22 12:59:48.900524: I Analyzed pair: (0.09008, 0.09022): False
2024-02-22 12:59:48.900524: I Analyzed pair: (0.09008, 0.08964): True
2024-02-22 12:59:48.900524: I Analyzed pair: (0.09008, 0.09074): False
2024-02-22 12:59:48.900524: I Analyzed pair: (0.09008, 0.08925): True
2024-02-22 12:59:48.901524: I Check List: [True, False, True, False, True]
2024-02-22 12:59:51.742428: I Epoch 22/200 loss 1.88294
2024-02-22 12:59:51.743430: I Analyzed pair: (0.08981, 0.09022): False
2024-02-22 12:59:51.743430: I Analyzed pair: (0.08981, 0.08964): True
2024-02-22 12:59:51.743430: I Analyzed pair: (0.08981, 0.09074): False
2024-02-22 12:59:51.743430: I Analyzed pair: (0.08981, 0.08925): True
2024-02-22 12:59:51.744429: I Analyzed pair: (0.08981, 0.08828): True
2024-02-22 12:59:51.744429: I Check List: [False, True, False, True, True]
2024-02-22 12:59:54.551808: I Epoch 23/200 loss 1.58548
2024-02-22 12:59:54.552809: I Analyzed pair: (0.09022, 0.08964): True
2024-02-22 12:59:54.552809: I Analyzed pair: (0.09022, 0.09074): False
2024-02-22 12:59:54.553810: I Analyzed pair: (0.09022, 0.08925): True
2024-02-22 12:59:54.554810: I Analyzed pair: (0.09022, 0.08828): True
2024-02-22 12:59:54.554810: I Analyzed pair: (0.09022, 0.08868): True
2024-02-22 12:59:54.554810: I Check List: [True, False, True, True, True]
2024-02-22 12:59:57.372177: I Epoch 24/200 loss 1.31502
2024-02-22 12:59:57.373177: I Analyzed pair: (0.08964, 0.09074): False
2024-02-22 12:59:57.373177: I Analyzed pair: (0.08964, 0.08925): True
2024-02-22 12:59:57.374179: I Analyzed pair: (0.08964, 0.08828): True
2024-02-22 12:59:57.374179: I Analyzed pair: (0.08964, 0.08868): True
2024-02-22 12:59:57.374179: I Analyzed pair: (0.08964, 0.08905): True
2024-02-22 12:59:57.375177: I Check List: [False, True, True, True, True]
2024-02-22 13:00:00.235038: I Epoch 25/200 loss 1.13253
2024-02-22 13:00:00.235038: I Analyzed pair: (0.09074, 0.08925): True
2024-02-22 13:00:00.236039: I Analyzed pair: (0.09074, 0.08828): True
2024-02-22 13:00:00.236039: I Analyzed pair: (0.09074, 0.08868): True
2024-02-22 13:00:00.236039: I Analyzed pair: (0.09074, 0.08905): True
2024-02-22 13:00:00.236039: I Analyzed pair: (0.09074, 0.08886): True
2024-02-22 13:00:00.237040: I Check List: [True, True, True, True, True]
2024-02-22 13:00:00.237040: I Met Early Stopping conditions: logger: <Logger EarlyStopping (DEBUG)>, validation_metric: nDCGRendle2020, validation_k: 10, cutoffs: [10], simple_metrics: ['nDCGRendle2020'], monitor: nDCGRendle2020@10, patience: 5, mode: max, metric_k: 10, metric: nDCGRendle2020, verbose: True, active: True
2024-02-22 13:10:42.144184: I Loading parameters
2024-02-22 13:10:42.145185: I Parameter lr set to 0.0004852953724552065
2024-02-22 13:10:42.145185: I Parameter factors set to 512
2024-02-22 13:10:42.145185: I Parameter l_w set to 7.061036687012815e-05
2024-02-22 13:10:42.146185: I Parameter n_layers set to 3
2024-02-22 13:10:45.148629: I Epoch 1/200 loss 6162.57057
2024-02-22 13:10:45.149630: I ******************************************
2024-02-22 13:10:47.961025: I Epoch 2/200 loss 1332.95014
2024-02-22 13:10:47.961025: I ******************************************
2024-02-22 13:10:50.809934: I Epoch 3/200 loss 455.23454
2024-02-22 13:10:50.809934: I ******************************************
2024-02-22 13:10:53.680407: I Epoch 4/200 loss 186.33414
2024-02-22 13:10:53.681407: I ******************************************
2024-02-22 13:10:56.726472: I Epoch 5/200 loss 87.44961
2024-02-22 13:10:56.727471: I ******************************************
2024-02-22 13:10:59.525964: I Epoch 6/200 loss 45.87592
2024-02-22 13:10:59.526964: I Analyzed pair: (0.03921, 0.07807): False
2024-02-22 13:10:59.526964: I Analyzed pair: (0.03921, 0.08394): False
2024-02-22 13:10:59.527965: I Analyzed pair: (0.03921, 0.08713): False
2024-02-22 13:10:59.527965: I Analyzed pair: (0.03921, 0.08813): False
2024-02-22 13:10:59.527965: I Analyzed pair: (0.03921, 0.08735): False
2024-02-22 13:10:59.528964: I Check List: [False, False, False, False, False]
2024-02-22 13:11:02.406930: I Epoch 7/200 loss 26.62042
2024-02-22 13:11:02.406930: I Analyzed pair: (0.07807, 0.08394): False
2024-02-22 13:11:02.406930: I Analyzed pair: (0.07807, 0.08713): False
2024-02-22 13:11:02.407929: I Analyzed pair: (0.07807, 0.08813): False
2024-02-22 13:11:02.407929: I Analyzed pair: (0.07807, 0.08735): False
2024-02-22 13:11:02.407929: I Analyzed pair: (0.07807, 0.08789): False
2024-02-22 13:11:02.407929: I Check List: [False, False, False, False, False]
2024-02-22 13:11:05.193861: I Epoch 8/200 loss 15.35165
2024-02-22 13:11:05.194862: I Analyzed pair: (0.08394, 0.08713): False
2024-02-22 13:11:05.194862: I Analyzed pair: (0.08394, 0.08813): False
2024-02-22 13:11:05.194862: I Analyzed pair: (0.08394, 0.08735): False
2024-02-22 13:11:05.195863: I Analyzed pair: (0.08394, 0.08789): False
2024-02-22 13:11:05.195863: I Analyzed pair: (0.08394, 0.08808): False
2024-02-22 13:11:05.195863: I Check List: [False, False, False, False, False]
2024-02-22 13:11:08.009909: I Epoch 9/200 loss 9.84454
2024-02-22 13:11:08.009909: I ******************************************
2024-02-22 13:11:08.010910: I Analyzed pair: (0.08713, 0.08813): False
2024-02-22 13:11:08.010910: I Analyzed pair: (0.08713, 0.08735): False
2024-02-22 13:11:08.010910: I Analyzed pair: (0.08713, 0.08789): False
2024-02-22 13:11:08.010910: I Analyzed pair: (0.08713, 0.08808): False
2024-02-22 13:11:08.011910: I Analyzed pair: (0.08713, 0.08984): False
2024-02-22 13:11:08.011910: I Check List: [False, False, False, False, False]
2024-02-22 13:11:10.822334: I Epoch 10/200 loss 6.46353
2024-02-22 13:11:10.822334: I Analyzed pair: (0.08813, 0.08735): True
2024-02-22 13:11:10.823335: I Analyzed pair: (0.08813, 0.08789): True
2024-02-22 13:11:10.823335: I Analyzed pair: (0.08813, 0.08808): True
2024-02-22 13:11:10.823335: I Analyzed pair: (0.08813, 0.08984): False
2024-02-22 13:11:10.823335: I Analyzed pair: (0.08813, 0.08749): True
2024-02-22 13:11:10.824335: I Check List: [True, True, True, False, True]
2024-02-22 13:11:13.711323: I Epoch 11/200 loss 4.52998
2024-02-22 13:11:13.712324: I Analyzed pair: (0.08735, 0.08789): False
2024-02-22 13:11:13.712324: I Analyzed pair: (0.08735, 0.08808): False
2024-02-22 13:11:13.712324: I Analyzed pair: (0.08735, 0.08984): False
2024-02-22 13:11:13.712324: I Analyzed pair: (0.08735, 0.08749): False
2024-02-22 13:11:13.713324: I Analyzed pair: (0.08735, 0.08785): False
2024-02-22 13:11:13.713324: I Check List: [False, False, False, False, False]
2024-02-22 13:11:16.540723: I Epoch 12/200 loss 3.04068
2024-02-22 13:11:16.540723: I Analyzed pair: (0.08789, 0.08808): False
2024-02-22 13:11:16.541723: I Analyzed pair: (0.08789, 0.08984): False
2024-02-22 13:11:16.541723: I Analyzed pair: (0.08789, 0.08749): True
2024-02-22 13:11:16.541723: I Analyzed pair: (0.08789, 0.08785): True
2024-02-22 13:11:16.542723: I Analyzed pair: (0.08789, 0.087): True
2024-02-22 13:11:16.542723: I Check List: [False, False, True, True, True]
2024-02-22 13:11:19.429635: I Epoch 13/200 loss 2.34859
2024-02-22 13:11:19.430635: I Analyzed pair: (0.08808, 0.08984): False
2024-02-22 13:11:19.430635: I Analyzed pair: (0.08808, 0.08749): True
2024-02-22 13:11:19.430635: I Analyzed pair: (0.08808, 0.08785): True
2024-02-22 13:11:19.430635: I Analyzed pair: (0.08808, 0.087): True
2024-02-22 13:11:19.431635: I Analyzed pair: (0.08808, 0.08711): True
2024-02-22 13:11:19.431635: I Check List: [False, True, True, True, True]
2024-02-22 13:11:22.225051: I Epoch 14/200 loss 1.61146
2024-02-22 13:11:22.225051: I Analyzed pair: (0.08984, 0.08749): True
2024-02-22 13:11:22.226052: I Analyzed pair: (0.08984, 0.08785): True
2024-02-22 13:11:22.226052: I Analyzed pair: (0.08984, 0.087): True
2024-02-22 13:11:22.226052: I Analyzed pair: (0.08984, 0.08711): True
2024-02-22 13:11:22.226052: I Analyzed pair: (0.08984, 0.08779): True
2024-02-22 13:11:22.227052: I Check List: [True, True, True, True, True]
2024-02-22 13:11:22.227052: I Met Early Stopping conditions: logger: <Logger EarlyStopping (DEBUG)>, validation_metric: nDCGRendle2020, validation_k: 10, cutoffs: [10], simple_metrics: ['nDCGRendle2020'], monitor: nDCGRendle2020@10, patience: 5, mode: max, metric_k: 10, metric: nDCGRendle2020, verbose: True, active: True
2024-02-22 13:21:50.013913: I Loading parameters
2024-02-22 13:21:50.014913: I Parameter lr set to 0.0007151849950050514
2024-02-22 13:21:50.014913: I Parameter factors set to 512
2024-02-22 13:21:50.015915: I Parameter l_w set to 2.4354464379120438e-05
2024-02-22 13:21:50.015915: I Parameter n_layers set to 3
2024-02-22 13:21:52.935862: I Epoch 1/200 loss 5950.63685
2024-02-22 13:21:52.935862: I ******************************************
2024-02-22 13:21:55.972310: I Epoch 2/200 loss 1094.06016
2024-02-22 13:21:55.972310: I ******************************************
2024-02-22 13:21:58.924766: I Epoch 3/200 loss 307.85964
2024-02-22 13:21:58.924766: I ******************************************
2024-02-22 13:22:01.938209: I Epoch 4/200 loss 114.19943
2024-02-22 13:22:01.939209: I ******************************************
2024-02-22 13:22:04.663162: I Epoch 5/200 loss 49.67666
2024-02-22 13:22:04.663162: I ******************************************
2024-02-22 13:22:07.693561: I Epoch 6/200 loss 24.42210
2024-02-22 13:22:07.694562: I ******************************************
2024-02-22 13:22:07.694562: I Analyzed pair: (0.07153, 0.08496): False
2024-02-22 13:22:07.694562: I Analyzed pair: (0.07153, 0.08644): False
2024-02-22 13:22:07.694562: I Analyzed pair: (0.07153, 0.08836): False
2024-02-22 13:22:07.695562: I Analyzed pair: (0.07153, 0.08841): False
2024-02-22 13:22:07.695562: I Analyzed pair: (0.07153, 0.08918): False
2024-02-22 13:22:07.695562: I Check List: [False, False, False, False, False]
2024-02-22 13:22:10.689965: I Epoch 7/200 loss 13.76943
2024-02-22 13:22:10.689965: I Analyzed pair: (0.08496, 0.08644): False
2024-02-22 13:22:10.690966: I Analyzed pair: (0.08496, 0.08836): False
2024-02-22 13:22:10.690966: I Analyzed pair: (0.08496, 0.08841): False
2024-02-22 13:22:10.690966: I Analyzed pair: (0.08496, 0.08918): False
2024-02-22 13:22:10.691966: I Analyzed pair: (0.08496, 0.0873): False
2024-02-22 13:22:10.691966: I Check List: [False, False, False, False, False]
2024-02-22 13:22:13.527878: I Epoch 8/200 loss 7.48450
2024-02-22 13:22:13.527878: I Analyzed pair: (0.08644, 0.08836): False
2024-02-22 13:22:13.528879: I Analyzed pair: (0.08644, 0.08841): False
2024-02-22 13:22:13.528879: I Analyzed pair: (0.08644, 0.08918): False
2024-02-22 13:22:13.528879: I Analyzed pair: (0.08644, 0.0873): False
2024-02-22 13:22:13.528879: I Analyzed pair: (0.08644, 0.0872): False
2024-02-22 13:22:13.529878: I Check List: [False, False, False, False, False]
2024-02-22 13:22:16.324364: I Epoch 9/200 loss 4.73320
2024-02-22 13:22:16.325363: I Analyzed pair: (0.08836, 0.08841): False
2024-02-22 13:22:16.325363: I Analyzed pair: (0.08836, 0.08918): False
2024-02-22 13:22:16.326364: I Analyzed pair: (0.08836, 0.0873): True
2024-02-22 13:22:16.326364: I Analyzed pair: (0.08836, 0.0872): True
2024-02-22 13:22:16.326364: I Analyzed pair: (0.08836, 0.08681): True
2024-02-22 13:22:16.326364: I Check List: [False, False, True, True, True]
2024-02-22 13:22:19.276265: I Epoch 10/200 loss 3.06454
2024-02-22 13:22:19.276265: I Analyzed pair: (0.08841, 0.08918): False
2024-02-22 13:22:19.276265: I Analyzed pair: (0.08841, 0.0873): True
2024-02-22 13:22:19.277265: I Analyzed pair: (0.08841, 0.0872): True
2024-02-22 13:22:19.277265: I Analyzed pair: (0.08841, 0.08681): True
2024-02-22 13:22:19.277265: I Analyzed pair: (0.08841, 0.08693): True
2024-02-22 13:22:19.278265: I Check List: [False, True, True, True, True]
2024-02-22 13:22:22.024688: I Epoch 11/200 loss 2.16809
2024-02-22 13:22:22.025690: I Analyzed pair: (0.08918, 0.0873): True
2024-02-22 13:22:22.025690: I Analyzed pair: (0.08918, 0.0872): True
2024-02-22 13:22:22.025690: I Analyzed pair: (0.08918, 0.08681): True
2024-02-22 13:22:22.025690: I Analyzed pair: (0.08918, 0.08693): True
2024-02-22 13:22:22.026689: I Analyzed pair: (0.08918, 0.08463): True
2024-02-22 13:22:22.026689: I Check List: [True, True, True, True, True]
2024-02-22 13:22:22.026689: I Met Early Stopping conditions: logger: <Logger EarlyStopping (DEBUG)>, validation_metric: nDCGRendle2020, validation_k: 10, cutoffs: [10], simple_metrics: ['nDCGRendle2020'], monitor: nDCGRendle2020@10, patience: 5, mode: max, metric_k: 10, metric: nDCGRendle2020, verbose: True, active: True
