2024-02-22 12:17:40.061303: I Loading parameters
2024-02-22 12:17:40.062304: I Parameter lr set to 0.002411993489896946
2024-02-22 12:17:40.062304: I Parameter factors set to 512
2024-02-22 12:17:40.062304: I Parameter l_w set to 0.003023263429458794
2024-02-22 12:17:40.063305: I Parameter n_layers set to 3
2024-02-22 12:17:43.221211: I Epoch 1/200 loss 3716.96061
2024-02-22 12:17:43.222212: I ******************************************
2024-02-22 12:17:45.924021: I Epoch 2/200 loss 269.11493
2024-02-22 12:17:45.925021: I ******************************************
2024-02-22 12:17:48.794884: I Epoch 3/200 loss 54.02834
2024-02-22 12:17:51.771250: I Epoch 4/200 loss 19.49218
2024-02-22 12:17:54.706108: I Epoch 5/200 loss 8.37556
2024-02-22 12:17:57.719536: I Epoch 6/200 loss 4.70579
2024-02-22 12:17:57.720536: I Analyzed pair: (0.08309, 0.08382): False
2024-02-22 12:17:57.720536: I Analyzed pair: (0.08309, 0.07791): True
2024-02-22 12:17:57.721537: I Analyzed pair: (0.08309, 0.08032): True
2024-02-22 12:17:57.721537: I Analyzed pair: (0.08309, 0.07966): True
2024-02-22 12:17:57.721537: I Analyzed pair: (0.08309, 0.07722): True
2024-02-22 12:17:57.721537: I Check List: [False, True, True, True, True]
2024-02-22 12:18:00.744959: I Epoch 7/200 loss 3.11501
2024-02-22 12:18:00.745960: I Analyzed pair: (0.08382, 0.07791): True
2024-02-22 12:18:00.745960: I Analyzed pair: (0.08382, 0.08032): True
2024-02-22 12:18:00.745960: I Analyzed pair: (0.08382, 0.07966): True
2024-02-22 12:18:00.746966: I Analyzed pair: (0.08382, 0.07722): True
2024-02-22 12:18:00.746966: I Analyzed pair: (0.08382, 0.07316): True
2024-02-22 12:18:00.746966: I Check List: [True, True, True, True, True]
2024-02-22 12:18:00.747965: I Met Early Stopping conditions: logger: <Logger EarlyStopping (DEBUG)>, validation_metric: nDCGRendle2020, validation_k: 10, cutoffs: [10], simple_metrics: ['nDCGRendle2020'], monitor: nDCGRendle2020@10, patience: 5, mode: max, metric_k: 10, metric: nDCGRendle2020, verbose: True, active: True
2024-02-22 12:28:06.369613: I Loading parameters
2024-02-22 12:28:06.369613: I Parameter lr set to 0.00032389695889150017
2024-02-22 12:28:06.370614: I Parameter factors set to 512
2024-02-22 12:28:06.370614: I Parameter l_w set to 0.0027101707182406246
2024-02-22 12:28:06.370614: I Parameter n_layers set to 3
2024-02-22 12:28:09.424001: I Epoch 1/200 loss 6298.69246
2024-02-22 12:28:09.425002: I ******************************************
2024-02-22 12:28:12.188382: I Epoch 2/200 loss 1468.83510
2024-02-22 12:28:12.189382: I ******************************************
2024-02-22 12:28:14.883280: I Epoch 3/200 loss 581.73786
2024-02-22 12:28:14.884281: I ******************************************
2024-02-22 12:28:17.557150: I Epoch 4/200 loss 275.42173
2024-02-22 12:28:17.558152: I ******************************************
2024-02-22 12:28:20.309991: I Epoch 5/200 loss 142.15195
2024-02-22 12:28:20.309991: I ******************************************
2024-02-22 12:28:22.997847: I Epoch 6/200 loss 79.62469
2024-02-22 12:28:22.998847: I ******************************************
2024-02-22 12:28:22.998847: I Analyzed pair: (0.0217, 0.05938): False
2024-02-22 12:28:22.998847: I Analyzed pair: (0.0217, 0.07853): False
2024-02-22 12:28:22.999848: I Analyzed pair: (0.0217, 0.0825): False
2024-02-22 12:28:22.999848: I Analyzed pair: (0.0217, 0.08464): False
2024-02-22 12:28:22.999848: I Analyzed pair: (0.0217, 0.08579): False
2024-02-22 12:28:23.000847: I Check List: [False, False, False, False, False]
2024-02-22 12:28:25.747742: I Epoch 7/200 loss 48.30039
2024-02-22 12:28:25.747742: I ******************************************
2024-02-22 12:28:25.747742: I Analyzed pair: (0.05938, 0.07853): False
2024-02-22 12:28:25.749245: I Analyzed pair: (0.05938, 0.0825): False
2024-02-22 12:28:25.749245: I Analyzed pair: (0.05938, 0.08464): False
2024-02-22 12:28:25.749245: I Analyzed pair: (0.05938, 0.08579): False
2024-02-22 12:28:25.749245: I Analyzed pair: (0.05938, 0.08851): False
2024-02-22 12:28:25.750250: I Check List: [False, False, False, False, False]
2024-02-22 12:28:28.640622: I Epoch 8/200 loss 30.03823
2024-02-22 12:28:28.640622: I ******************************************
2024-02-22 12:28:28.640622: I Analyzed pair: (0.07853, 0.0825): False
2024-02-22 12:28:28.641623: I Analyzed pair: (0.07853, 0.08464): False
2024-02-22 12:28:28.641623: I Analyzed pair: (0.07853, 0.08579): False
2024-02-22 12:28:28.641623: I Analyzed pair: (0.07853, 0.08851): False
2024-02-22 12:28:28.641623: I Analyzed pair: (0.07853, 0.08852): False
2024-02-22 12:28:28.642622: I Check List: [False, False, False, False, False]
2024-02-22 12:28:31.462470: I Epoch 9/200 loss 20.01045
2024-02-22 12:28:31.463470: I ******************************************
2024-02-22 12:28:31.463470: I Analyzed pair: (0.0825, 0.08464): False
2024-02-22 12:28:31.463470: I Analyzed pair: (0.0825, 0.08579): False
2024-02-22 12:28:31.464471: I Analyzed pair: (0.0825, 0.08851): False
2024-02-22 12:28:31.464471: I Analyzed pair: (0.0825, 0.08852): False
2024-02-22 12:28:31.464471: I Analyzed pair: (0.0825, 0.08955): False
2024-02-22 12:28:31.464471: I Check List: [False, False, False, False, False]
2024-02-22 12:28:34.325860: I Epoch 10/200 loss 13.61574
2024-02-22 12:28:34.325860: I Analyzed pair: (0.08464, 0.08579): False
2024-02-22 12:28:34.326861: I Analyzed pair: (0.08464, 0.08851): False
2024-02-22 12:28:34.326861: I Analyzed pair: (0.08464, 0.08852): False
2024-02-22 12:28:34.326861: I Analyzed pair: (0.08464, 0.08955): False
2024-02-22 12:28:34.326861: I Analyzed pair: (0.08464, 0.08927): False
2024-02-22 12:28:34.327861: I Check List: [False, False, False, False, False]
2024-02-22 12:28:37.213724: I Epoch 11/200 loss 9.75565
2024-02-22 12:28:37.213724: I ******************************************
2024-02-22 12:28:37.214725: I Analyzed pair: (0.08579, 0.08851): False
2024-02-22 12:28:37.214725: I Analyzed pair: (0.08579, 0.08852): False
2024-02-22 12:28:37.214725: I Analyzed pair: (0.08579, 0.08955): False
2024-02-22 12:28:37.214725: I Analyzed pair: (0.08579, 0.08927): False
2024-02-22 12:28:37.215725: I Analyzed pair: (0.08579, 0.09023): False
2024-02-22 12:28:37.215725: I Check List: [False, False, False, False, False]
2024-02-22 12:28:40.136585: I Epoch 12/200 loss 6.88108
2024-02-22 12:28:40.137586: I ******************************************
2024-02-22 12:28:40.137586: I Analyzed pair: (0.08851, 0.08852): False
2024-02-22 12:28:40.138585: I Analyzed pair: (0.08851, 0.08955): False
2024-02-22 12:28:40.138585: I Analyzed pair: (0.08851, 0.08927): False
2024-02-22 12:28:40.138585: I Analyzed pair: (0.08851, 0.09023): False
2024-02-22 12:28:40.138585: I Analyzed pair: (0.08851, 0.09039): False
2024-02-22 12:28:40.139585: I Check List: [False, False, False, False, False]
2024-02-22 12:28:43.045457: I Epoch 13/200 loss 5.31772
2024-02-22 12:28:43.045457: I Analyzed pair: (0.08852, 0.08955): False
2024-02-22 12:28:43.046458: I Analyzed pair: (0.08852, 0.08927): False
2024-02-22 12:28:43.046458: I Analyzed pair: (0.08852, 0.09023): False
2024-02-22 12:28:43.046458: I Analyzed pair: (0.08852, 0.09039): False
2024-02-22 12:28:43.046458: I Analyzed pair: (0.08852, 0.08991): False
2024-02-22 12:28:43.047457: I Check List: [False, False, False, False, False]
2024-02-22 12:28:45.801812: I Epoch 14/200 loss 3.81527
2024-02-22 12:28:45.801812: I Analyzed pair: (0.08955, 0.08927): True
2024-02-22 12:28:45.802814: I Analyzed pair: (0.08955, 0.09023): False
2024-02-22 12:28:45.802814: I Analyzed pair: (0.08955, 0.09039): False
2024-02-22 12:28:45.802814: I Analyzed pair: (0.08955, 0.08991): False
2024-02-22 12:28:45.802814: I Analyzed pair: (0.08955, 0.08878): True
2024-02-22 12:28:45.803812: I Check List: [True, False, False, False, True]
2024-02-22 12:28:48.492666: I Epoch 15/200 loss 2.98472
2024-02-22 12:28:48.493666: I Analyzed pair: (0.08927, 0.09023): False
2024-02-22 12:28:48.493666: I Analyzed pair: (0.08927, 0.09039): False
2024-02-22 12:28:48.493666: I Analyzed pair: (0.08927, 0.08991): False
2024-02-22 12:28:48.494666: I Analyzed pair: (0.08927, 0.08878): True
2024-02-22 12:28:48.494666: I Analyzed pair: (0.08927, 0.08862): True
2024-02-22 12:28:48.494666: I Check List: [False, False, False, True, True]
2024-02-22 12:28:51.237525: I Epoch 16/200 loss 2.31899
2024-02-22 12:28:51.238527: I Analyzed pair: (0.09023, 0.09039): False
2024-02-22 12:28:51.238527: I Analyzed pair: (0.09023, 0.08991): True
2024-02-22 12:28:51.238527: I Analyzed pair: (0.09023, 0.08878): True
2024-02-22 12:28:51.239529: I Analyzed pair: (0.09023, 0.08862): True
2024-02-22 12:28:51.239529: I Analyzed pair: (0.09023, 0.08873): True
2024-02-22 12:28:51.239529: I Check List: [False, True, True, True, True]
2024-02-22 12:28:54.243924: I Epoch 17/200 loss 1.80239
2024-02-22 12:28:54.244923: I Analyzed pair: (0.09039, 0.08991): True
2024-02-22 12:28:54.244923: I Analyzed pair: (0.09039, 0.08878): True
2024-02-22 12:28:54.244923: I Analyzed pair: (0.09039, 0.08862): True
2024-02-22 12:28:54.245922: I Analyzed pair: (0.09039, 0.08873): True
2024-02-22 12:28:54.245922: I Analyzed pair: (0.09039, 0.08862): True
2024-02-22 12:28:54.245922: I Check List: [True, True, True, True, True]
2024-02-22 12:28:54.245922: I Met Early Stopping conditions: logger: <Logger EarlyStopping (DEBUG)>, validation_metric: nDCGRendle2020, validation_k: 10, cutoffs: [10], simple_metrics: ['nDCGRendle2020'], monitor: nDCGRendle2020@10, patience: 5, mode: max, metric_k: 10, metric: nDCGRendle2020, verbose: True, active: True
