2024-02-22 14:38:11.166467: I Loading parameters
2024-02-22 14:38:11.167469: I Parameter factors set to 512
2024-02-22 14:38:11.167469: I Parameter lr set to 0.00024828109391337706
2024-02-22 14:38:11.167469: I Parameter l_w set to 0.041968799109630556
2024-02-22 14:38:12.354618: I Epoch 1/200 loss 112.41590
2024-02-22 14:38:12.355619: I ******************************************
2024-02-22 14:38:13.220213: I Epoch 2/200 loss 27.60174
2024-02-22 14:38:13.221213: I ******************************************
2024-02-22 14:38:14.206864: I Epoch 3/200 loss 12.05746
2024-02-22 14:38:14.207865: I ******************************************
2024-02-22 14:38:15.039498: I Epoch 4/200 loss 6.67629
2024-02-22 14:38:15.039498: I ******************************************
2024-02-22 14:38:15.889581: I Epoch 5/200 loss 4.20475
2024-02-22 14:38:15.889581: I ******************************************
2024-02-22 14:38:16.747171: I Epoch 6/200 loss 2.87286
2024-02-22 14:38:16.748171: I ******************************************
2024-02-22 14:38:16.748171: I Analyzed pair: (0.00374, 0.00378): False
2024-02-22 14:38:16.748171: I Analyzed pair: (0.00374, 0.00428): False
2024-02-22 14:38:16.749171: I Analyzed pair: (0.00374, 0.00474): False
2024-02-22 14:38:16.749171: I Analyzed pair: (0.00374, 0.00593): False
2024-02-22 14:38:16.749171: I Analyzed pair: (0.00374, 0.00778): False
2024-02-22 14:38:16.749171: I Check List: [False, False, False, False, False]
2024-02-22 14:38:17.609773: I Epoch 7/200 loss 2.07957
2024-02-22 14:38:17.610773: I ******************************************
2024-02-22 14:38:17.610773: I Analyzed pair: (0.00378, 0.00428): False
2024-02-22 14:38:17.610773: I Analyzed pair: (0.00378, 0.00474): False
2024-02-22 14:38:17.610773: I Analyzed pair: (0.00378, 0.00593): False
2024-02-22 14:38:17.611773: I Analyzed pair: (0.00378, 0.00778): False
2024-02-22 14:38:17.611773: I Analyzed pair: (0.00378, 0.01242): False
2024-02-22 14:38:17.611773: I Check List: [False, False, False, False, False]
2024-02-22 14:38:18.503363: I Epoch 8/200 loss 1.56319
2024-02-22 14:38:18.504364: I ******************************************
2024-02-22 14:38:18.504364: I Analyzed pair: (0.00428, 0.00474): False
2024-02-22 14:38:18.505364: I Analyzed pair: (0.00428, 0.00593): False
2024-02-22 14:38:18.505364: I Analyzed pair: (0.00428, 0.00778): False
2024-02-22 14:38:18.505364: I Analyzed pair: (0.00428, 0.01242): False
2024-02-22 14:38:18.505364: I Analyzed pair: (0.00428, 0.01879): False
2024-02-22 14:38:18.506364: I Check List: [False, False, False, False, False]
2024-02-22 14:38:19.409186: I Epoch 9/200 loss 1.21233
2024-02-22 14:38:19.409186: I ******************************************
2024-02-22 14:38:19.410186: I Analyzed pair: (0.00474, 0.00593): False
2024-02-22 14:38:19.410186: I Analyzed pair: (0.00474, 0.00778): False
2024-02-22 14:38:19.410186: I Analyzed pair: (0.00474, 0.01242): False
2024-02-22 14:38:19.410186: I Analyzed pair: (0.00474, 0.01879): False
2024-02-22 14:38:19.411185: I Analyzed pair: (0.00474, 0.02739): False
2024-02-22 14:38:19.411185: I Check List: [False, False, False, False, False]
2024-02-22 14:38:20.301782: I Epoch 10/200 loss 0.96282
2024-02-22 14:38:20.302782: I ******************************************
2024-02-22 14:38:20.302782: I Analyzed pair: (0.00593, 0.00778): False
2024-02-22 14:38:20.302782: I Analyzed pair: (0.00593, 0.01242): False
2024-02-22 14:38:20.303783: I Analyzed pair: (0.00593, 0.01879): False
2024-02-22 14:38:20.303783: I Analyzed pair: (0.00593, 0.02739): False
2024-02-22 14:38:20.303783: I Analyzed pair: (0.00593, 0.03774): False
2024-02-22 14:38:20.303783: I Check List: [False, False, False, False, False]
2024-02-22 14:38:21.193872: I Epoch 11/200 loss 0.77925
2024-02-22 14:38:21.194873: I ******************************************
2024-02-22 14:38:21.194873: I Analyzed pair: (0.00778, 0.01242): False
2024-02-22 14:38:21.194873: I Analyzed pair: (0.00778, 0.01879): False
2024-02-22 14:38:21.195872: I Analyzed pair: (0.00778, 0.02739): False
2024-02-22 14:38:21.195872: I Analyzed pair: (0.00778, 0.03774): False
2024-02-22 14:38:21.195872: I Analyzed pair: (0.00778, 0.04957): False
2024-02-22 14:38:21.195872: I Check List: [False, False, False, False, False]
2024-02-22 14:38:22.071470: I Epoch 12/200 loss 0.63841
2024-02-22 14:38:22.072464: I ******************************************
2024-02-22 14:38:22.072464: I Analyzed pair: (0.01242, 0.01879): False
2024-02-22 14:38:22.072464: I Analyzed pair: (0.01242, 0.02739): False
2024-02-22 14:38:22.073465: I Analyzed pair: (0.01242, 0.03774): False
2024-02-22 14:38:22.073465: I Analyzed pair: (0.01242, 0.04957): False
2024-02-22 14:38:22.073465: I Analyzed pair: (0.01242, 0.05623): False
2024-02-22 14:38:22.073465: I Check List: [False, False, False, False, False]
2024-02-22 14:38:22.961058: I Epoch 13/200 loss 0.52926
2024-02-22 14:38:22.961058: I ******************************************
2024-02-22 14:38:22.962061: I Analyzed pair: (0.01879, 0.02739): False
2024-02-22 14:38:22.962061: I Analyzed pair: (0.01879, 0.03774): False
2024-02-22 14:38:22.962061: I Analyzed pair: (0.01879, 0.04957): False
2024-02-22 14:38:22.962061: I Analyzed pair: (0.01879, 0.05623): False
2024-02-22 14:38:22.963059: I Analyzed pair: (0.01879, 0.06272): False
2024-02-22 14:38:22.963059: I Check List: [False, False, False, False, False]
2024-02-22 14:38:23.886654: I Epoch 14/200 loss 0.44190
2024-02-22 14:38:23.887655: I ******************************************
2024-02-22 14:38:23.887655: I Analyzed pair: (0.02739, 0.03774): False
2024-02-22 14:38:23.887655: I Analyzed pair: (0.02739, 0.04957): False
2024-02-22 14:38:23.887655: I Analyzed pair: (0.02739, 0.05623): False
2024-02-22 14:38:23.888656: I Analyzed pair: (0.02739, 0.06272): False
2024-02-22 14:38:23.888656: I Analyzed pair: (0.02739, 0.06663): False
2024-02-22 14:38:23.888656: I Check List: [False, False, False, False, False]
2024-02-22 14:38:24.814344: I Epoch 15/200 loss 0.37526
2024-02-22 14:38:24.814344: I ******************************************
2024-02-22 14:38:24.815344: I Analyzed pair: (0.03774, 0.04957): False
2024-02-22 14:38:24.815344: I Analyzed pair: (0.03774, 0.05623): False
2024-02-22 14:38:24.815344: I Analyzed pair: (0.03774, 0.06272): False
2024-02-22 14:38:24.815344: I Analyzed pair: (0.03774, 0.06663): False
2024-02-22 14:38:24.816344: I Analyzed pair: (0.03774, 0.0692): False
2024-02-22 14:38:24.816344: I Check List: [False, False, False, False, False]
2024-02-22 14:38:25.732508: I Epoch 16/200 loss 0.31969
2024-02-22 14:38:25.732508: I ******************************************
2024-02-22 14:38:25.733509: I Analyzed pair: (0.04957, 0.05623): False
2024-02-22 14:38:25.733509: I Analyzed pair: (0.04957, 0.06272): False
2024-02-22 14:38:25.733509: I Analyzed pair: (0.04957, 0.06663): False
2024-02-22 14:38:25.734508: I Analyzed pair: (0.04957, 0.0692): False
2024-02-22 14:38:25.734508: I Analyzed pair: (0.04957, 0.07233): False
2024-02-22 14:38:25.734508: I Check List: [False, False, False, False, False]
2024-02-22 14:38:26.675099: I Epoch 17/200 loss 0.27497
2024-02-22 14:38:26.676099: I ******************************************
2024-02-22 14:38:26.676099: I Analyzed pair: (0.05623, 0.06272): False
2024-02-22 14:38:26.677098: I Analyzed pair: (0.05623, 0.06663): False
2024-02-22 14:38:26.677098: I Analyzed pair: (0.05623, 0.0692): False
2024-02-22 14:38:26.677098: I Analyzed pair: (0.05623, 0.07233): False
2024-02-22 14:38:26.677098: I Analyzed pair: (0.05623, 0.07555): False
2024-02-22 14:38:26.677098: I Check List: [False, False, False, False, False]
2024-02-22 14:38:27.632203: I Epoch 18/200 loss 0.23763
2024-02-22 14:38:27.632203: I ******************************************
2024-02-22 14:38:27.633205: I Analyzed pair: (0.06272, 0.06663): False
2024-02-22 14:38:27.633205: I Analyzed pair: (0.06272, 0.0692): False
2024-02-22 14:38:27.633205: I Analyzed pair: (0.06272, 0.07233): False
2024-02-22 14:38:27.634205: I Analyzed pair: (0.06272, 0.07555): False
2024-02-22 14:38:27.634205: I Analyzed pair: (0.06272, 0.07754): False
2024-02-22 14:38:27.634205: I Check List: [False, False, False, False, False]
2024-02-22 14:38:28.539797: I Epoch 19/200 loss 0.20745
2024-02-22 14:38:28.539797: I ******************************************
2024-02-22 14:38:28.540797: I Analyzed pair: (0.06663, 0.0692): False
2024-02-22 14:38:28.540797: I Analyzed pair: (0.06663, 0.07233): False
2024-02-22 14:38:28.540797: I Analyzed pair: (0.06663, 0.07555): False
2024-02-22 14:38:28.541799: I Analyzed pair: (0.06663, 0.07754): False
2024-02-22 14:38:28.541799: I Analyzed pair: (0.06663, 0.07923): False
2024-02-22 14:38:28.541799: I Check List: [False, False, False, False, False]
2024-02-22 14:38:29.440462: I Epoch 20/200 loss 0.18319
2024-02-22 14:38:29.440462: I Analyzed pair: (0.0692, 0.07233): False
2024-02-22 14:38:29.441465: I Analyzed pair: (0.0692, 0.07555): False
2024-02-22 14:38:29.442464: I Analyzed pair: (0.0692, 0.07754): False
2024-02-22 14:38:29.442464: I Analyzed pair: (0.0692, 0.07923): False
2024-02-22 14:38:29.443464: I Analyzed pair: (0.0692, 0.07876): False
2024-02-22 14:38:29.443464: I Check List: [False, False, False, False, False]
2024-02-22 14:38:30.357053: I Epoch 21/200 loss 0.16051
2024-02-22 14:38:30.358055: I ******************************************
2024-02-22 14:38:30.359057: I Analyzed pair: (0.07233, 0.07555): False
2024-02-22 14:38:30.359057: I Analyzed pair: (0.07233, 0.07754): False
2024-02-22 14:38:30.360056: I Analyzed pair: (0.07233, 0.07923): False
2024-02-22 14:38:30.360056: I Analyzed pair: (0.07233, 0.07876): False
2024-02-22 14:38:30.360056: I Analyzed pair: (0.07233, 0.07972): False
2024-02-22 14:38:30.360056: I Check List: [False, False, False, False, False]
2024-02-22 14:38:31.272649: I Epoch 22/200 loss 0.14289
2024-02-22 14:38:31.272649: I ******************************************
2024-02-22 14:38:31.273649: I Analyzed pair: (0.07555, 0.07754): False
2024-02-22 14:38:31.273649: I Analyzed pair: (0.07555, 0.07923): False
2024-02-22 14:38:31.273649: I Analyzed pair: (0.07555, 0.07876): False
2024-02-22 14:38:31.273649: I Analyzed pair: (0.07555, 0.07972): False
2024-02-22 14:38:31.274649: I Analyzed pair: (0.07555, 0.0803): False
2024-02-22 14:38:31.274649: I Check List: [False, False, False, False, False]
2024-02-22 14:38:32.200253: I Epoch 23/200 loss 0.12800
2024-02-22 14:38:32.200253: I ******************************************
2024-02-22 14:38:32.201254: I Analyzed pair: (0.07754, 0.07923): False
2024-02-22 14:38:32.201254: I Analyzed pair: (0.07754, 0.07876): False
2024-02-22 14:38:32.201758: I Analyzed pair: (0.07754, 0.07972): False
2024-02-22 14:38:32.201758: I Analyzed pair: (0.07754, 0.0803): False
2024-02-22 14:38:32.201758: I Analyzed pair: (0.07754, 0.08065): False
2024-02-22 14:38:32.201758: I Check List: [False, False, False, False, False]
2024-02-22 14:38:33.117352: I Epoch 24/200 loss 0.11474
2024-02-22 14:38:33.117352: I Analyzed pair: (0.07923, 0.07876): True
2024-02-22 14:38:33.117352: I Analyzed pair: (0.07923, 0.07972): False
2024-02-22 14:38:33.118352: I Analyzed pair: (0.07923, 0.0803): False
2024-02-22 14:38:33.118352: I Analyzed pair: (0.07923, 0.08065): False
2024-02-22 14:38:33.118352: I Analyzed pair: (0.07923, 0.07945): False
2024-02-22 14:38:33.118352: I Check List: [True, False, False, False, False]
2024-02-22 14:38:34.046943: I Epoch 25/200 loss 0.10414
2024-02-22 14:38:34.046943: I ******************************************
2024-02-22 14:38:34.047945: I Analyzed pair: (0.07876, 0.07972): False
2024-02-22 14:38:34.047945: I Analyzed pair: (0.07876, 0.0803): False
2024-02-22 14:38:34.047945: I Analyzed pair: (0.07876, 0.08065): False
2024-02-22 14:38:34.048945: I Analyzed pair: (0.07876, 0.07945): False
2024-02-22 14:38:34.048945: I Analyzed pair: (0.07876, 0.08184): False
2024-02-22 14:38:34.048945: I Check List: [False, False, False, False, False]
2024-02-22 14:38:34.971217: I Epoch 26/200 loss 0.09395
2024-02-22 14:38:34.972219: I ******************************************
2024-02-22 14:38:34.972219: I Analyzed pair: (0.07972, 0.0803): False
2024-02-22 14:38:34.972219: I Analyzed pair: (0.07972, 0.08065): False
2024-02-22 14:38:34.972219: I Analyzed pair: (0.07972, 0.07945): True
2024-02-22 14:38:34.973219: I Analyzed pair: (0.07972, 0.08184): False
2024-02-22 14:38:34.973219: I Analyzed pair: (0.07972, 0.08209): False
2024-02-22 14:38:34.973219: I Check List: [False, False, True, False, False]
2024-02-22 14:38:35.913890: I Epoch 27/200 loss 0.08544
2024-02-22 14:38:35.914891: I Analyzed pair: (0.0803, 0.08065): False
2024-02-22 14:38:35.914891: I Analyzed pair: (0.0803, 0.07945): True
2024-02-22 14:38:35.915892: I Analyzed pair: (0.0803, 0.08184): False
2024-02-22 14:38:35.915892: I Analyzed pair: (0.0803, 0.08209): False
2024-02-22 14:38:35.915892: I Analyzed pair: (0.0803, 0.08174): False
2024-02-22 14:38:35.915892: I Check List: [False, True, False, False, False]
2024-02-22 14:38:36.847483: I Epoch 28/200 loss 0.07870
2024-02-22 14:38:36.847483: I Analyzed pair: (0.08065, 0.07945): True
2024-02-22 14:38:36.848483: I Analyzed pair: (0.08065, 0.08184): False
2024-02-22 14:38:36.848483: I Analyzed pair: (0.08065, 0.08209): False
2024-02-22 14:38:36.848483: I Analyzed pair: (0.08065, 0.08174): False
2024-02-22 14:38:36.848483: I Analyzed pair: (0.08065, 0.08204): False
2024-02-22 14:38:36.848483: I Check List: [True, False, False, False, False]
2024-02-22 14:38:37.746074: I Epoch 29/200 loss 0.07211
2024-02-22 14:38:37.746074: I Analyzed pair: (0.07945, 0.08184): False
2024-02-22 14:38:37.747075: I Analyzed pair: (0.07945, 0.08209): False
2024-02-22 14:38:37.747075: I Analyzed pair: (0.07945, 0.08174): False
2024-02-22 14:38:37.747075: I Analyzed pair: (0.07945, 0.08204): False
2024-02-22 14:38:37.747075: I Analyzed pair: (0.07945, 0.08059): False
2024-02-22 14:38:37.748075: I Check List: [False, False, False, False, False]
2024-02-22 14:38:38.648671: I Epoch 30/200 loss 0.06650
2024-02-22 14:38:38.648671: I Analyzed pair: (0.08184, 0.08209): False
2024-02-22 14:38:38.649671: I Analyzed pair: (0.08184, 0.08174): True
2024-02-22 14:38:38.649671: I Analyzed pair: (0.08184, 0.08204): False
2024-02-22 14:38:38.649671: I Analyzed pair: (0.08184, 0.08059): True
2024-02-22 14:38:38.649671: I Analyzed pair: (0.08184, 0.08074): True
2024-02-22 14:38:38.650670: I Check List: [False, True, False, True, True]
2024-02-22 14:38:39.561867: I Epoch 31/200 loss 0.06184
2024-02-22 14:38:39.561867: I Analyzed pair: (0.08209, 0.08174): True
2024-02-22 14:38:39.562866: I Analyzed pair: (0.08209, 0.08204): True
2024-02-22 14:38:39.562866: I Analyzed pair: (0.08209, 0.08059): True
2024-02-22 14:38:39.562866: I Analyzed pair: (0.08209, 0.08074): True
2024-02-22 14:38:39.562866: I Analyzed pair: (0.08209, 0.07965): True
2024-02-22 14:38:39.562866: I Check List: [True, True, True, True, True]
2024-02-22 14:38:39.563867: I Met Early Stopping conditions: logger: <Logger EarlyStopping (DEBUG)>, validation_metric: nDCGRendle2020, validation_k: 10, cutoffs: [10], simple_metrics: ['nDCGRendle2020'], monitor: nDCGRendle2020@10, patience: 5, mode: max, metric_k: 10, metric: nDCGRendle2020, verbose: True, active: True
