2024-02-12 11:36:56.918452: I Loading parameters
2024-02-12 11:36:56.919452: I Parameter lr set to 0.002411993489896946
2024-02-12 11:36:56.919452: I Parameter factors set to 256
2024-02-12 11:36:56.920454: I Parameter l_w set to 0.003023263429458794
2024-02-12 11:36:56.920454: I Parameter n_layers set to 3
2024-02-12 11:37:03.799175: I Epoch 1/200 loss 15681.01214
2024-02-12 11:37:03.800174: I ******************************************
2024-02-12 11:37:09.569304: I Epoch 2/200 loss 1598.62513
2024-02-12 11:37:09.570305: I ******************************************
2024-02-12 11:37:15.633436: I Epoch 3/200 loss 396.89348
2024-02-12 11:37:15.634436: I ******************************************
2024-02-12 11:37:21.469160: I Epoch 4/200 loss 155.41226
2024-02-12 11:37:21.469160: I ******************************************
2024-02-12 11:37:27.101430: I Epoch 5/200 loss 75.36689
2024-02-12 11:37:27.101430: I ******************************************
2024-02-12 11:37:32.825109: I Epoch 6/200 loss 41.10555
2024-02-12 11:37:32.826110: I Analyzed pair: (0.1093, 0.13932): False
2024-02-12 11:37:32.826110: I Analyzed pair: (0.1093, 0.15418): False
2024-02-12 11:37:32.826110: I Analyzed pair: (0.1093, 0.16148): False
2024-02-12 11:37:32.827110: I Analyzed pair: (0.1093, 0.16518): False
2024-02-12 11:37:32.827110: I Analyzed pair: (0.1093, 0.16415): False
2024-02-12 11:37:32.827110: I Check List: [False, False, False, False, False]
2024-02-12 11:37:38.941779: I Epoch 7/200 loss 24.65314
2024-02-12 11:37:38.942779: I Analyzed pair: (0.13932, 0.15418): False
2024-02-12 11:37:38.942779: I Analyzed pair: (0.13932, 0.16148): False
2024-02-12 11:37:38.942779: I Analyzed pair: (0.13932, 0.16518): False
2024-02-12 11:37:38.943780: I Analyzed pair: (0.13932, 0.16415): False
2024-02-12 11:37:38.943780: I Analyzed pair: (0.13932, 0.16189): False
2024-02-12 11:37:38.943780: I Check List: [False, False, False, False, False]
2024-02-12 11:37:44.904009: I Epoch 8/200 loss 16.74278
2024-02-12 11:37:44.904009: I ******************************************
2024-02-12 11:37:44.905009: I Analyzed pair: (0.15418, 0.16148): False
2024-02-12 11:37:44.905009: I Analyzed pair: (0.15418, 0.16518): False
2024-02-12 11:37:44.905009: I Analyzed pair: (0.15418, 0.16415): False
2024-02-12 11:37:44.905009: I Analyzed pair: (0.15418, 0.16189): False
2024-02-12 11:37:44.906008: I Analyzed pair: (0.15418, 0.16752): False
2024-02-12 11:37:44.906008: I Check List: [False, False, False, False, False]
2024-02-12 11:37:51.116220: I Epoch 9/200 loss 11.25891
2024-02-12 11:37:51.116220: I Analyzed pair: (0.16148, 0.16518): False
2024-02-12 11:37:51.116220: I Analyzed pair: (0.16148, 0.16415): False
2024-02-12 11:37:51.117219: I Analyzed pair: (0.16148, 0.16189): False
2024-02-12 11:37:51.117219: I Analyzed pair: (0.16148, 0.16752): False
2024-02-12 11:37:51.117219: I Analyzed pair: (0.16148, 0.16682): False
2024-02-12 11:37:51.117219: I Check List: [False, False, False, False, False]
2024-02-12 11:37:56.773949: I Epoch 10/200 loss 8.42967
2024-02-12 11:37:56.773949: I ******************************************
2024-02-12 11:37:56.773949: I Analyzed pair: (0.16518, 0.16415): True
2024-02-12 11:37:56.774949: I Analyzed pair: (0.16518, 0.16189): True
2024-02-12 11:37:56.774949: I Analyzed pair: (0.16518, 0.16752): False
2024-02-12 11:37:56.774949: I Analyzed pair: (0.16518, 0.16682): False
2024-02-12 11:37:56.774949: I Analyzed pair: (0.16518, 0.1715): False
2024-02-12 11:37:56.775949: I Check List: [True, True, False, False, False]
2024-02-12 11:38:02.857184: I Epoch 11/200 loss 6.39217
2024-02-12 11:38:02.857184: I ******************************************
2024-02-12 11:38:02.857184: I Analyzed pair: (0.16415, 0.16189): True
2024-02-12 11:38:02.858183: I Analyzed pair: (0.16415, 0.16752): False
2024-02-12 11:38:02.858183: I Analyzed pair: (0.16415, 0.16682): False
2024-02-12 11:38:02.858183: I Analyzed pair: (0.16415, 0.1715): False
2024-02-12 11:38:02.858183: I Analyzed pair: (0.16415, 0.17212): False
2024-02-12 11:38:02.859183: I Check List: [True, False, False, False, False]
2024-02-12 11:38:08.826383: I Epoch 12/200 loss 4.93657
2024-02-12 11:38:08.827382: I ******************************************
2024-02-12 11:38:08.827382: I Analyzed pair: (0.16189, 0.16752): False
2024-02-12 11:38:08.828384: I Analyzed pair: (0.16189, 0.16682): False
2024-02-12 11:38:08.828384: I Analyzed pair: (0.16189, 0.1715): False
2024-02-12 11:38:08.828384: I Analyzed pair: (0.16189, 0.17212): False
2024-02-12 11:38:08.828384: I Analyzed pair: (0.16189, 0.17379): False
2024-02-12 11:38:08.829385: I Check List: [False, False, False, False, False]
2024-02-12 11:38:14.480224: I Epoch 13/200 loss 3.93777
2024-02-12 11:38:14.480224: I Analyzed pair: (0.16752, 0.16682): True
2024-02-12 11:38:14.480224: I Analyzed pair: (0.16752, 0.1715): False
2024-02-12 11:38:14.481223: I Analyzed pair: (0.16752, 0.17212): False
2024-02-12 11:38:14.481223: I Analyzed pair: (0.16752, 0.17379): False
2024-02-12 11:38:14.481223: I Analyzed pair: (0.16752, 0.17145): False
2024-02-12 11:38:14.481223: I Check List: [True, False, False, False, False]
2024-02-12 11:38:20.158375: I Epoch 14/200 loss 3.30192
2024-02-12 11:38:20.158375: I ******************************************
2024-02-12 11:38:20.159376: I Analyzed pair: (0.16682, 0.1715): False
2024-02-12 11:38:20.159376: I Analyzed pair: (0.16682, 0.17212): False
2024-02-12 11:38:20.159376: I Analyzed pair: (0.16682, 0.17379): False
2024-02-12 11:38:20.159376: I Analyzed pair: (0.16682, 0.17145): False
2024-02-12 11:38:20.160380: I Analyzed pair: (0.16682, 0.17418): False
2024-02-12 11:38:20.160380: I Check List: [False, False, False, False, False]
2024-02-12 11:38:26.406956: I Epoch 15/200 loss 2.59254
2024-02-12 11:38:26.406956: I Analyzed pair: (0.1715, 0.17212): False
2024-02-12 11:38:26.407956: I Analyzed pair: (0.1715, 0.17379): False
2024-02-12 11:38:26.407956: I Analyzed pair: (0.1715, 0.17145): True
2024-02-12 11:38:26.407956: I Analyzed pair: (0.1715, 0.17418): False
2024-02-12 11:38:26.407956: I Analyzed pair: (0.1715, 0.16804): True
2024-02-12 11:38:26.408955: I Check List: [False, False, True, False, True]
2024-02-12 11:38:32.455092: I Epoch 16/200 loss 2.19482
2024-02-12 11:38:32.455092: I Analyzed pair: (0.17212, 0.17379): False
2024-02-12 11:38:32.455092: I Analyzed pair: (0.17212, 0.17145): True
2024-02-12 11:38:32.456093: I Analyzed pair: (0.17212, 0.17418): False
2024-02-12 11:38:32.456093: I Analyzed pair: (0.17212, 0.16804): True
2024-02-12 11:38:32.456093: I Analyzed pair: (0.17212, 0.17141): True
2024-02-12 11:38:32.456093: I Check List: [False, True, False, True, True]
2024-02-12 11:38:38.547787: I Epoch 17/200 loss 1.74943
2024-02-12 11:38:38.548786: I Analyzed pair: (0.17379, 0.17145): True
2024-02-12 11:38:38.548786: I Analyzed pair: (0.17379, 0.17418): False
2024-02-12 11:38:38.549786: I Analyzed pair: (0.17379, 0.16804): True
2024-02-12 11:38:38.549786: I Analyzed pair: (0.17379, 0.17141): True
2024-02-12 11:38:38.549786: I Analyzed pair: (0.17379, 0.16867): True
2024-02-12 11:38:38.549786: I Check List: [True, False, True, True, True]
2024-02-12 11:38:44.211533: I Epoch 18/200 loss 1.44449
2024-02-12 11:38:44.211533: I Analyzed pair: (0.17145, 0.17418): False
2024-02-12 11:38:44.212535: I Analyzed pair: (0.17145, 0.16804): True
2024-02-12 11:38:44.212535: I Analyzed pair: (0.17145, 0.17141): True
2024-02-12 11:38:44.212535: I Analyzed pair: (0.17145, 0.16867): True
2024-02-12 11:38:44.213534: I Analyzed pair: (0.17145, 0.17298): False
2024-02-12 11:38:44.213534: I Check List: [False, True, True, True, False]
2024-02-12 11:38:50.323223: I Epoch 19/200 loss 1.24246
2024-02-12 11:38:50.323223: I Analyzed pair: (0.17418, 0.16804): True
2024-02-12 11:38:50.324222: I Analyzed pair: (0.17418, 0.17141): True
2024-02-12 11:38:50.324222: I Analyzed pair: (0.17418, 0.16867): True
2024-02-12 11:38:50.324222: I Analyzed pair: (0.17418, 0.17298): True
2024-02-12 11:38:50.324222: I Analyzed pair: (0.17418, 0.17275): True
2024-02-12 11:38:50.325223: I Check List: [True, True, True, True, True]
2024-02-12 11:38:50.325223: I Met Early Stopping conditions: logger: <Logger EarlyStopping (DEBUG)>, validation_metric: nDCGRendle2020, validation_k: 10, cutoffs: [10], simple_metrics: ['nDCGRendle2020'], monitor: nDCGRendle2020@10, patience: 5, mode: max, metric_k: 10, metric: nDCGRendle2020, verbose: True, active: True
