2024-02-12 11:40:49.141357: I Loading parameters
2024-02-12 11:40:49.141357: I Parameter lr set to 0.002411993489896946
2024-02-12 11:40:49.142358: I Parameter factors set to 256
2024-02-12 11:40:49.142358: I Parameter l_w set to 0.003023263429458794
2024-02-12 11:40:49.142358: I Parameter n_layers set to 3
2024-02-12 11:40:55.640978: I Epoch 1/200 loss 15681.01209
2024-02-12 11:40:55.640978: I ******************************************
2024-02-12 11:41:02.006139: I Epoch 2/200 loss 1598.62514
2024-02-12 11:41:02.007139: I ******************************************
2024-02-12 11:41:08.399502: I Epoch 3/200 loss 396.89348
2024-02-12 11:41:08.400503: I ******************************************
2024-02-12 11:41:14.382212: I Epoch 4/200 loss 155.41227
2024-02-12 11:41:14.382212: I ******************************************
2024-02-12 11:41:20.506417: I Epoch 5/200 loss 75.36689
2024-02-12 11:41:20.507417: I ******************************************
2024-02-12 11:41:26.658122: I Epoch 6/200 loss 41.10555
2024-02-12 11:41:26.658122: I Analyzed pair: (0.1093, 0.13932): False
2024-02-12 11:41:26.658122: I Analyzed pair: (0.1093, 0.15418): False
2024-02-12 11:41:26.659121: I Analyzed pair: (0.1093, 0.16148): False
2024-02-12 11:41:26.659121: I Analyzed pair: (0.1093, 0.16518): False
2024-02-12 11:41:26.659121: I Analyzed pair: (0.1093, 0.16415): False
2024-02-12 11:41:26.659121: I Check List: [False, False, False, False, False]
2024-02-12 11:41:32.809276: I Epoch 7/200 loss 24.65314
2024-02-12 11:41:32.809276: I Analyzed pair: (0.13932, 0.15418): False
2024-02-12 11:41:32.810277: I Analyzed pair: (0.13932, 0.16148): False
2024-02-12 11:41:32.810277: I Analyzed pair: (0.13932, 0.16518): False
2024-02-12 11:41:32.810277: I Analyzed pair: (0.13932, 0.16415): False
2024-02-12 11:41:32.810277: I Analyzed pair: (0.13932, 0.16189): False
2024-02-12 11:41:32.811277: I Check List: [False, False, False, False, False]
2024-02-12 11:41:38.966893: I Epoch 8/200 loss 16.74278
2024-02-12 11:41:38.967894: I ******************************************
2024-02-12 11:41:38.967894: I Analyzed pair: (0.15418, 0.16148): False
2024-02-12 11:41:38.967894: I Analyzed pair: (0.15418, 0.16518): False
2024-02-12 11:41:38.968894: I Analyzed pair: (0.15418, 0.16415): False
2024-02-12 11:41:38.968894: I Analyzed pair: (0.15418, 0.16189): False
2024-02-12 11:41:38.968894: I Analyzed pair: (0.15418, 0.16752): False
2024-02-12 11:41:38.968894: I Check List: [False, False, False, False, False]
2024-02-12 11:41:44.931081: I Epoch 9/200 loss 11.25891
2024-02-12 11:41:44.932080: I Analyzed pair: (0.16148, 0.16518): False
2024-02-12 11:41:44.932080: I Analyzed pair: (0.16148, 0.16415): False
2024-02-12 11:41:44.932080: I Analyzed pair: (0.16148, 0.16189): False
2024-02-12 11:41:44.932080: I Analyzed pair: (0.16148, 0.16752): False
2024-02-12 11:41:44.933080: I Analyzed pair: (0.16148, 0.16682): False
2024-02-12 11:41:44.933080: I Check List: [False, False, False, False, False]
2024-02-12 11:41:50.646736: I Epoch 10/200 loss 8.42967
2024-02-12 11:41:50.647736: I ******************************************
2024-02-12 11:41:50.647736: I Analyzed pair: (0.16518, 0.16415): True
2024-02-12 11:41:50.648736: I Analyzed pair: (0.16518, 0.16189): True
2024-02-12 11:41:50.648736: I Analyzed pair: (0.16518, 0.16752): False
2024-02-12 11:41:50.648736: I Analyzed pair: (0.16518, 0.16682): False
2024-02-12 11:41:50.648736: I Analyzed pair: (0.16518, 0.1715): False
2024-02-12 11:41:50.649736: I Check List: [True, True, False, False, False]
2024-02-12 11:41:56.954251: I Epoch 11/200 loss 6.39217
2024-02-12 11:41:56.954251: I ******************************************
2024-02-12 11:41:56.955252: I Analyzed pair: (0.16415, 0.16189): True
2024-02-12 11:41:56.955252: I Analyzed pair: (0.16415, 0.16752): False
2024-02-12 11:41:56.955252: I Analyzed pair: (0.16415, 0.16682): False
2024-02-12 11:41:56.955252: I Analyzed pair: (0.16415, 0.1715): False
2024-02-12 11:41:56.956253: I Analyzed pair: (0.16415, 0.17212): False
2024-02-12 11:41:56.956253: I Check List: [True, False, False, False, False]
2024-02-12 11:42:03.072877: I Epoch 12/200 loss 4.93657
2024-02-12 11:42:03.072877: I ******************************************
2024-02-12 11:42:03.073877: I Analyzed pair: (0.16189, 0.16752): False
2024-02-12 11:42:03.073877: I Analyzed pair: (0.16189, 0.16682): False
2024-02-12 11:42:03.073877: I Analyzed pair: (0.16189, 0.1715): False
2024-02-12 11:42:03.073877: I Analyzed pair: (0.16189, 0.17212): False
2024-02-12 11:42:03.074877: I Analyzed pair: (0.16189, 0.17379): False
2024-02-12 11:42:03.074877: I Check List: [False, False, False, False, False]
2024-02-12 11:42:08.860078: I Epoch 13/200 loss 3.93777
2024-02-12 11:42:08.860078: I Analyzed pair: (0.16752, 0.16682): True
2024-02-12 11:42:08.860078: I Analyzed pair: (0.16752, 0.1715): False
2024-02-12 11:42:08.861079: I Analyzed pair: (0.16752, 0.17212): False
2024-02-12 11:42:08.861079: I Analyzed pair: (0.16752, 0.17379): False
2024-02-12 11:42:08.861079: I Analyzed pair: (0.16752, 0.17145): False
2024-02-12 11:42:08.861079: I Check List: [True, False, False, False, False]
2024-02-12 11:42:14.772691: I Epoch 14/200 loss 3.30192
2024-02-12 11:42:14.772691: I ******************************************
2024-02-12 11:42:14.773692: I Analyzed pair: (0.16682, 0.1715): False
2024-02-12 11:42:14.773692: I Analyzed pair: (0.16682, 0.17212): False
2024-02-12 11:42:14.773692: I Analyzed pair: (0.16682, 0.17379): False
2024-02-12 11:42:14.773692: I Analyzed pair: (0.16682, 0.17145): False
2024-02-12 11:42:14.774692: I Analyzed pair: (0.16682, 0.17418): False
2024-02-12 11:42:14.774692: I Check List: [False, False, False, False, False]
2024-02-12 11:42:21.057315: I Epoch 15/200 loss 2.59254
2024-02-12 11:42:21.058315: I Analyzed pair: (0.1715, 0.17212): False
2024-02-12 11:42:21.058315: I Analyzed pair: (0.1715, 0.17379): False
2024-02-12 11:42:21.058315: I Analyzed pair: (0.1715, 0.17145): True
2024-02-12 11:42:21.058315: I Analyzed pair: (0.1715, 0.17418): False
2024-02-12 11:42:21.059315: I Analyzed pair: (0.1715, 0.16804): True
2024-02-12 11:42:21.059315: I Check List: [False, False, True, False, True]
2024-02-12 11:42:27.370946: I Epoch 16/200 loss 2.19482
2024-02-12 11:42:27.371947: I Analyzed pair: (0.17212, 0.17379): False
2024-02-12 11:42:27.371947: I Analyzed pair: (0.17212, 0.17145): True
2024-02-12 11:42:27.371947: I Analyzed pair: (0.17212, 0.17418): False
2024-02-12 11:42:27.372947: I Analyzed pair: (0.17212, 0.16804): True
2024-02-12 11:42:27.372947: I Analyzed pair: (0.17212, 0.17141): True
2024-02-12 11:42:27.372947: I Check List: [False, True, False, True, True]
2024-02-12 11:42:33.406199: I Epoch 17/200 loss 1.74943
2024-02-12 11:42:33.407200: I Analyzed pair: (0.17379, 0.17145): True
2024-02-12 11:42:33.407200: I Analyzed pair: (0.17379, 0.17418): False
2024-02-12 11:42:33.408200: I Analyzed pair: (0.17379, 0.16804): True
2024-02-12 11:42:33.408200: I Analyzed pair: (0.17379, 0.17141): True
2024-02-12 11:42:33.408200: I Analyzed pair: (0.17379, 0.16867): True
2024-02-12 11:42:33.408200: I Check List: [True, False, True, True, True]
2024-02-12 11:42:39.635040: I Epoch 18/200 loss 1.44449
2024-02-12 11:42:39.636041: I Analyzed pair: (0.17145, 0.17418): False
2024-02-12 11:42:39.636041: I Analyzed pair: (0.17145, 0.16804): True
2024-02-12 11:42:39.636041: I Analyzed pair: (0.17145, 0.17141): True
2024-02-12 11:42:39.636041: I Analyzed pair: (0.17145, 0.16867): True
2024-02-12 11:42:39.637039: I Analyzed pair: (0.17145, 0.17298): False
2024-02-12 11:42:39.637039: I Check List: [False, True, True, True, False]
2024-02-12 11:42:45.955831: I Epoch 19/200 loss 1.24246
2024-02-12 11:42:45.956838: I Analyzed pair: (0.17418, 0.16804): True
2024-02-12 11:42:45.956838: I Analyzed pair: (0.17418, 0.17141): True
2024-02-12 11:42:45.956838: I Analyzed pair: (0.17418, 0.16867): True
2024-02-12 11:42:45.956838: I Analyzed pair: (0.17418, 0.17298): True
2024-02-12 11:42:45.957831: I Analyzed pair: (0.17418, 0.17275): True
2024-02-12 11:42:45.957831: I Check List: [True, True, True, True, True]
2024-02-12 11:42:45.957831: I Met Early Stopping conditions: logger: <Logger EarlyStopping (DEBUG)>, validation_metric: nDCGRendle2020, validation_k: 10, cutoffs: [10], simple_metrics: ['nDCGRendle2020'], monitor: nDCGRendle2020@10, patience: 5, mode: max, metric_k: 10, metric: nDCGRendle2020, verbose: True, active: True
