2024-02-21 16:49:52.053490: I Loading parameters
2024-02-21 16:49:52.053490: I Parameter factors set to 512
2024-02-21 16:49:52.053490: I Parameter lr set to 0.002411993489896946
2024-02-21 16:49:52.053490: I Parameter l_w set to 0.003023263429458794
2024-02-21 16:49:53.725608: I Epoch 1/200 loss 98.25244
2024-02-21 16:49:53.728613: I ******************************************
2024-02-21 16:49:54.591053: I Epoch 2/200 loss 17.52779
2024-02-21 16:49:54.591053: I ******************************************
2024-02-21 16:49:55.601752: I Epoch 3/200 loss 4.59654
2024-02-21 16:49:55.603242: I ******************************************
2024-02-21 16:49:56.467734: I Epoch 4/200 loss 1.59545
2024-02-21 16:49:56.468249: I ******************************************
2024-02-21 16:49:57.412000: I Epoch 5/200 loss 0.69011
2024-02-21 16:49:57.412000: I ******************************************
2024-02-21 16:49:58.346133: I Epoch 6/200 loss 0.37533
2024-02-21 16:49:58.346133: I ******************************************
2024-02-21 16:49:58.347442: I Analyzed pair: (0.01833, 0.05513): False
2024-02-21 16:49:58.347442: I Analyzed pair: (0.01833, 0.06152): False
2024-02-21 16:49:58.347442: I Analyzed pair: (0.01833, 0.06808): False
2024-02-21 16:49:58.348135: I Analyzed pair: (0.01833, 0.0688): False
2024-02-21 16:49:58.348639: I Analyzed pair: (0.01833, 0.07133): False
2024-02-21 16:49:58.348639: I Check List: [False, False, False, False, False]
2024-02-21 16:49:59.232491: I Epoch 7/200 loss 0.24103
2024-02-21 16:49:59.232491: I Analyzed pair: (0.05513, 0.06152): False
2024-02-21 16:49:59.233492: I Analyzed pair: (0.05513, 0.06808): False
2024-02-21 16:49:59.233492: I Analyzed pair: (0.05513, 0.0688): False
2024-02-21 16:49:59.233492: I Analyzed pair: (0.05513, 0.07133): False
2024-02-21 16:49:59.233492: I Analyzed pair: (0.05513, 0.06956): False
2024-02-21 16:49:59.234491: I Check List: [False, False, False, False, False]
2024-02-21 16:50:00.113369: I Epoch 8/200 loss 0.16304
2024-02-21 16:50:00.113369: I Analyzed pair: (0.06152, 0.06808): False
2024-02-21 16:50:00.113369: I Analyzed pair: (0.06152, 0.0688): False
2024-02-21 16:50:00.113369: I Analyzed pair: (0.06152, 0.07133): False
2024-02-21 16:50:00.113369: I Analyzed pair: (0.06152, 0.06956): False
2024-02-21 16:50:00.113369: I Analyzed pair: (0.06152, 0.0695): False
2024-02-21 16:50:00.113369: I Check List: [False, False, False, False, False]
2024-02-21 16:50:01.016259: I Epoch 9/200 loss 0.12162
2024-02-21 16:50:01.018263: I Analyzed pair: (0.06808, 0.0688): False
2024-02-21 16:50:01.018263: I Analyzed pair: (0.06808, 0.07133): False
2024-02-21 16:50:01.018263: I Analyzed pair: (0.06808, 0.06956): False
2024-02-21 16:50:01.018263: I Analyzed pair: (0.06808, 0.0695): False
2024-02-21 16:50:01.018263: I Analyzed pair: (0.06808, 0.06782): True
2024-02-21 16:50:01.018263: I Check List: [False, False, False, False, True]
2024-02-21 16:50:01.908306: I Epoch 10/200 loss 0.09345
2024-02-21 16:50:01.908306: I Analyzed pair: (0.0688, 0.07133): False
2024-02-21 16:50:01.908306: I Analyzed pair: (0.0688, 0.06956): False
2024-02-21 16:50:01.908306: I Analyzed pair: (0.0688, 0.0695): False
2024-02-21 16:50:01.908306: I Analyzed pair: (0.0688, 0.06782): True
2024-02-21 16:50:01.908306: I Analyzed pair: (0.0688, 0.06716): True
2024-02-21 16:50:01.908306: I Check List: [False, False, False, True, True]
2024-02-21 16:50:02.830071: I Epoch 11/200 loss 0.07609
2024-02-21 16:50:02.830071: I Analyzed pair: (0.07133, 0.06956): True
2024-02-21 16:50:02.830071: I Analyzed pair: (0.07133, 0.0695): True
2024-02-21 16:50:02.834950: I Analyzed pair: (0.07133, 0.06782): True
2024-02-21 16:50:02.834950: I Analyzed pair: (0.07133, 0.06716): True
2024-02-21 16:50:02.834950: I Analyzed pair: (0.07133, 0.06782): True
2024-02-21 16:50:02.835956: I Check List: [True, True, True, True, True]
2024-02-21 16:50:02.835956: I Met Early Stopping conditions: logger: <Logger EarlyStopping (DEBUG)>, validation_metric: nDCGRendle2020, validation_k: 10, cutoffs: [10], simple_metrics: ['nDCGRendle2020'], monitor: nDCGRendle2020@10, patience: 5, mode: max, metric_k: 10, metric: nDCGRendle2020, verbose: True, active: True
