2024-02-12 13:35:10.484540: I Loading parameters
2024-02-12 13:35:10.485540: I Parameter lr set to 0.002411993489896946
2024-02-12 13:35:10.485540: I Parameter factors set to 256
2024-02-12 13:35:10.486542: I Parameter l_w set to 0.003023263429458794
2024-02-12 13:35:10.486542: I Parameter n_layers set to 3
2024-02-12 13:35:16.713238: I Epoch 1/200 loss 15681.01211
2024-02-12 13:35:16.714239: I ******************************************
2024-02-12 13:35:23.295002: I Epoch 2/200 loss 1598.62514
2024-02-12 13:35:23.296002: I ******************************************
2024-02-12 13:35:29.808307: I Epoch 3/200 loss 396.89348
2024-02-12 13:35:29.809308: I ******************************************
2024-02-12 13:35:36.108070: I Epoch 4/200 loss 155.41227
2024-02-12 13:35:36.109070: I ******************************************
2024-02-12 13:35:42.592231: I Epoch 5/200 loss 75.36689
2024-02-12 13:35:42.593232: I ******************************************
2024-02-12 13:35:49.069880: I Epoch 6/200 loss 41.10555
2024-02-12 13:35:49.070880: I Analyzed pair: (0.1093, 0.13932): False
2024-02-12 13:35:49.070880: I Analyzed pair: (0.1093, 0.15418): False
2024-02-12 13:35:49.071881: I Analyzed pair: (0.1093, 0.16148): False
2024-02-12 13:35:49.071881: I Analyzed pair: (0.1093, 0.16518): False
2024-02-12 13:35:49.071881: I Analyzed pair: (0.1093, 0.16415): False
2024-02-12 13:35:49.071881: I Check List: [False, False, False, False, False]
2024-02-12 13:35:55.031112: I Epoch 7/200 loss 24.65314
2024-02-12 13:35:55.032112: I Analyzed pair: (0.13932, 0.15418): False
2024-02-12 13:35:55.032112: I Analyzed pair: (0.13932, 0.16148): False
2024-02-12 13:35:55.032112: I Analyzed pair: (0.13932, 0.16518): False
2024-02-12 13:35:55.032112: I Analyzed pair: (0.13932, 0.16415): False
2024-02-12 13:35:55.033111: I Analyzed pair: (0.13932, 0.16189): False
2024-02-12 13:35:55.033111: I Check List: [False, False, False, False, False]
2024-02-12 13:36:01.454275: I Epoch 8/200 loss 16.74278
2024-02-12 13:36:01.454275: I ******************************************
2024-02-12 13:36:01.454275: I Analyzed pair: (0.15418, 0.16148): False
2024-02-12 13:36:01.455274: I Analyzed pair: (0.15418, 0.16518): False
2024-02-12 13:36:01.455274: I Analyzed pair: (0.15418, 0.16415): False
2024-02-12 13:36:01.455274: I Analyzed pair: (0.15418, 0.16189): False
2024-02-12 13:36:01.455274: I Analyzed pair: (0.15418, 0.16752): False
2024-02-12 13:36:01.456275: I Check List: [False, False, False, False, False]
2024-02-12 13:36:07.309957: I Epoch 9/200 loss 11.25891
2024-02-12 13:36:07.310958: I Analyzed pair: (0.16148, 0.16518): False
2024-02-12 13:36:07.310958: I Analyzed pair: (0.16148, 0.16415): False
2024-02-12 13:36:07.310958: I Analyzed pair: (0.16148, 0.16189): False
2024-02-12 13:36:07.311958: I Analyzed pair: (0.16148, 0.16752): False
2024-02-12 13:36:07.311958: I Analyzed pair: (0.16148, 0.16682): False
2024-02-12 13:36:07.311958: I Check List: [False, False, False, False, False]
2024-02-12 13:36:13.205222: I Epoch 10/200 loss 8.42967
2024-02-12 13:36:13.205222: I ******************************************
2024-02-12 13:36:13.206223: I Analyzed pair: (0.16518, 0.16415): True
2024-02-12 13:36:13.206223: I Analyzed pair: (0.16518, 0.16189): True
2024-02-12 13:36:13.206223: I Analyzed pair: (0.16518, 0.16752): False
2024-02-12 13:36:13.206223: I Analyzed pair: (0.16518, 0.16682): False
2024-02-12 13:36:13.206223: I Analyzed pair: (0.16518, 0.1715): False
2024-02-12 13:36:13.207726: I Check List: [True, True, False, False, False]
2024-02-12 13:36:19.111421: I Epoch 11/200 loss 6.39217
2024-02-12 13:36:19.111421: I ******************************************
2024-02-12 13:36:19.112420: I Analyzed pair: (0.16415, 0.16189): True
2024-02-12 13:36:19.112420: I Analyzed pair: (0.16415, 0.16752): False
2024-02-12 13:36:19.113421: I Analyzed pair: (0.16415, 0.16682): False
2024-02-12 13:36:19.113421: I Analyzed pair: (0.16415, 0.1715): False
2024-02-12 13:36:19.113421: I Analyzed pair: (0.16415, 0.17212): False
2024-02-12 13:36:19.114421: I Check List: [True, False, False, False, False]
2024-02-12 13:36:25.228117: I Epoch 12/200 loss 4.93657
2024-02-12 13:36:25.229117: I ******************************************
2024-02-12 13:36:25.229117: I Analyzed pair: (0.16189, 0.16752): False
2024-02-12 13:36:25.230118: I Analyzed pair: (0.16189, 0.16682): False
2024-02-12 13:36:25.230118: I Analyzed pair: (0.16189, 0.1715): False
2024-02-12 13:36:25.230118: I Analyzed pair: (0.16189, 0.17212): False
2024-02-12 13:36:25.231117: I Analyzed pair: (0.16189, 0.17379): False
2024-02-12 13:36:25.231117: I Check List: [False, False, False, False, False]
2024-02-12 13:36:31.706206: I Epoch 13/200 loss 3.93777
2024-02-12 13:36:31.706206: I Analyzed pair: (0.16752, 0.16682): True
2024-02-12 13:36:31.707207: I Analyzed pair: (0.16752, 0.1715): False
2024-02-12 13:36:31.707207: I Analyzed pair: (0.16752, 0.17212): False
2024-02-12 13:36:31.707207: I Analyzed pair: (0.16752, 0.17379): False
2024-02-12 13:36:31.707207: I Analyzed pair: (0.16752, 0.17145): False
2024-02-12 13:36:31.708207: I Check List: [True, False, False, False, False]
2024-02-12 13:36:37.954989: I Epoch 14/200 loss 3.30192
2024-02-12 13:36:37.955989: I ******************************************
2024-02-12 13:36:37.955989: I Analyzed pair: (0.16682, 0.1715): False
2024-02-12 13:36:37.955989: I Analyzed pair: (0.16682, 0.17212): False
2024-02-12 13:36:37.955989: I Analyzed pair: (0.16682, 0.17379): False
2024-02-12 13:36:37.956989: I Analyzed pair: (0.16682, 0.17145): False
2024-02-12 13:36:37.956989: I Analyzed pair: (0.16682, 0.17418): False
2024-02-12 13:36:37.956989: I Check List: [False, False, False, False, False]
2024-02-12 13:36:43.891825: I Epoch 15/200 loss 2.59254
2024-02-12 13:36:43.892826: I Analyzed pair: (0.1715, 0.17212): False
2024-02-12 13:36:43.892826: I Analyzed pair: (0.1715, 0.17379): False
2024-02-12 13:36:43.893826: I Analyzed pair: (0.1715, 0.17145): True
2024-02-12 13:36:43.893826: I Analyzed pair: (0.1715, 0.17418): False
2024-02-12 13:36:43.893826: I Analyzed pair: (0.1715, 0.16804): True
2024-02-12 13:36:43.893826: I Check List: [False, False, True, False, True]
2024-02-12 13:36:50.130683: I Epoch 16/200 loss 2.19482
2024-02-12 13:36:50.131683: I Analyzed pair: (0.17212, 0.17379): False
2024-02-12 13:36:50.131683: I Analyzed pair: (0.17212, 0.17145): True
2024-02-12 13:36:50.131683: I Analyzed pair: (0.17212, 0.17418): False
2024-02-12 13:36:50.132683: I Analyzed pair: (0.17212, 0.16804): True
2024-02-12 13:36:50.132683: I Analyzed pair: (0.17212, 0.17141): True
2024-02-12 13:36:50.132683: I Check List: [False, True, False, True, True]
2024-02-12 13:36:56.259511: I Epoch 17/200 loss 1.74943
2024-02-12 13:36:56.259511: I Analyzed pair: (0.17379, 0.17145): True
2024-02-12 13:36:56.260511: I Analyzed pair: (0.17379, 0.17418): False
2024-02-12 13:36:56.260511: I Analyzed pair: (0.17379, 0.16804): True
2024-02-12 13:36:56.260511: I Analyzed pair: (0.17379, 0.17141): True
2024-02-12 13:36:56.260511: I Analyzed pair: (0.17379, 0.16867): True
2024-02-12 13:36:56.261510: I Check List: [True, False, True, True, True]
2024-02-12 13:37:02.655757: I Epoch 18/200 loss 1.44449
2024-02-12 13:37:02.656758: I Analyzed pair: (0.17145, 0.17418): False
2024-02-12 13:37:02.656758: I Analyzed pair: (0.17145, 0.16804): True
2024-02-12 13:37:02.656758: I Analyzed pair: (0.17145, 0.17141): True
2024-02-12 13:37:02.657758: I Analyzed pair: (0.17145, 0.16867): True
2024-02-12 13:37:02.657758: I Analyzed pair: (0.17145, 0.17298): False
2024-02-12 13:37:02.657758: I Check List: [False, True, True, True, False]
2024-02-12 13:37:08.546510: I Epoch 19/200 loss 1.24246
2024-02-12 13:37:08.546510: I Analyzed pair: (0.17418, 0.16804): True
2024-02-12 13:37:08.547510: I Analyzed pair: (0.17418, 0.17141): True
2024-02-12 13:37:08.547510: I Analyzed pair: (0.17418, 0.16867): True
2024-02-12 13:37:08.547510: I Analyzed pair: (0.17418, 0.17298): True
2024-02-12 13:37:08.548509: I Analyzed pair: (0.17418, 0.17275): True
2024-02-12 13:37:08.548509: I Check List: [True, True, True, True, True]
2024-02-12 13:37:08.548509: I Met Early Stopping conditions: logger: <Logger EarlyStopping (DEBUG)>, validation_metric: nDCGRendle2020, validation_k: 10, cutoffs: [10], simple_metrics: ['nDCGRendle2020'], monitor: nDCGRendle2020@10, patience: 5, mode: max, metric_k: 10, metric: nDCGRendle2020, verbose: True, active: True
