2024-02-09 11:58:09.065465: I Loading parameters
2024-02-09 11:58:09.066969: I Parameter lr set to 0.002411993489896946
2024-02-09 11:58:09.066969: I Parameter factors set to 256
2024-02-09 11:58:09.066969: I Parameter l_w set to 0.003023263429458794
2024-02-09 11:58:09.067974: I Parameter n_layers set to 3
2024-02-09 11:58:16.280716: I Epoch 1/200 loss 15681.01217
2024-02-09 11:58:16.281717: I ******************************************
2024-02-09 11:58:24.373998: I Epoch 2/200 loss 1598.62512
2024-02-09 11:58:24.373998: I ******************************************
2024-02-09 11:58:31.384941: I Epoch 3/200 loss 396.89347
2024-02-09 11:58:31.384941: I ******************************************
2024-02-09 11:58:38.130514: I Epoch 4/200 loss 155.41227
2024-02-09 11:58:38.131514: I ******************************************
2024-02-09 11:58:45.713546: I Epoch 5/200 loss 75.36689
2024-02-09 11:58:45.713546: I ******************************************
2024-02-09 11:58:53.461026: I Epoch 6/200 loss 41.10555
2024-02-09 11:58:53.462025: I Analyzed pair: (0.1093, 0.13932): False
2024-02-09 11:58:53.462025: I Analyzed pair: (0.1093, 0.15418): False
2024-02-09 11:58:53.462025: I Analyzed pair: (0.1093, 0.16148): False
2024-02-09 11:58:53.462025: I Analyzed pair: (0.1093, 0.16518): False
2024-02-09 11:58:53.463025: I Analyzed pair: (0.1093, 0.16415): False
2024-02-09 11:58:53.463025: I Check List: [False, False, False, False, False]
2024-02-09 11:59:00.465340: I Epoch 7/200 loss 24.65314
2024-02-09 11:59:00.466845: I Analyzed pair: (0.13932, 0.15418): False
2024-02-09 11:59:00.466845: I Analyzed pair: (0.13932, 0.16148): False
2024-02-09 11:59:00.466845: I Analyzed pair: (0.13932, 0.16518): False
2024-02-09 11:59:00.466845: I Analyzed pair: (0.13932, 0.16415): False
2024-02-09 11:59:00.467850: I Analyzed pair: (0.13932, 0.16189): False
2024-02-09 11:59:00.467850: I Check List: [False, False, False, False, False]
2024-02-09 11:59:07.649997: I Epoch 8/200 loss 16.74278
2024-02-09 11:59:07.649997: I ******************************************
2024-02-09 11:59:07.650998: I Analyzed pair: (0.15418, 0.16148): False
2024-02-09 11:59:07.650998: I Analyzed pair: (0.15418, 0.16518): False
2024-02-09 11:59:07.650998: I Analyzed pair: (0.15418, 0.16415): False
2024-02-09 11:59:07.650998: I Analyzed pair: (0.15418, 0.16189): False
2024-02-09 11:59:07.651997: I Analyzed pair: (0.15418, 0.16752): False
2024-02-09 11:59:07.651997: I Check List: [False, False, False, False, False]
2024-02-09 11:59:14.743221: I Epoch 9/200 loss 11.25891
2024-02-09 11:59:14.743221: I Analyzed pair: (0.16148, 0.16518): False
2024-02-09 11:59:14.743221: I Analyzed pair: (0.16148, 0.16415): False
2024-02-09 11:59:14.744219: I Analyzed pair: (0.16148, 0.16189): False
2024-02-09 11:59:14.744219: I Analyzed pair: (0.16148, 0.16752): False
2024-02-09 11:59:14.744219: I Analyzed pair: (0.16148, 0.16682): False
2024-02-09 11:59:14.744219: I Check List: [False, False, False, False, False]
2024-02-09 11:59:21.636646: I Epoch 10/200 loss 8.42967
2024-02-09 11:59:21.636646: I ******************************************
2024-02-09 11:59:21.637651: I Analyzed pair: (0.16518, 0.16415): True
2024-02-09 11:59:21.637651: I Analyzed pair: (0.16518, 0.16189): True
2024-02-09 11:59:21.637651: I Analyzed pair: (0.16518, 0.16752): False
2024-02-09 11:59:21.638654: I Analyzed pair: (0.16518, 0.16682): False
2024-02-09 11:59:21.638654: I Analyzed pair: (0.16518, 0.1715): False
2024-02-09 11:59:21.638654: I Check List: [True, True, False, False, False]
2024-02-09 11:59:28.248371: I Epoch 11/200 loss 6.39217
2024-02-09 11:59:28.249374: I ******************************************
2024-02-09 11:59:28.249374: I Analyzed pair: (0.16415, 0.16189): True
2024-02-09 11:59:28.249374: I Analyzed pair: (0.16415, 0.16752): False
2024-02-09 11:59:28.250376: I Analyzed pair: (0.16415, 0.16682): False
2024-02-09 11:59:28.250376: I Analyzed pair: (0.16415, 0.1715): False
2024-02-09 11:59:28.250376: I Analyzed pair: (0.16415, 0.17212): False
2024-02-09 11:59:28.250376: I Check List: [True, False, False, False, False]
2024-02-09 11:59:35.437148: I Epoch 12/200 loss 4.93657
2024-02-09 11:59:35.438153: I ******************************************
2024-02-09 11:59:35.439154: I Analyzed pair: (0.16189, 0.16752): False
2024-02-09 11:59:35.439154: I Analyzed pair: (0.16189, 0.16682): False
2024-02-09 11:59:35.439154: I Analyzed pair: (0.16189, 0.1715): False
2024-02-09 11:59:35.439154: I Analyzed pair: (0.16189, 0.17212): False
2024-02-09 11:59:35.440160: I Analyzed pair: (0.16189, 0.17379): False
2024-02-09 11:59:35.440160: I Check List: [False, False, False, False, False]
2024-02-09 11:59:42.410910: I Epoch 13/200 loss 3.93777
2024-02-09 11:59:42.411913: I Analyzed pair: (0.16752, 0.16682): True
2024-02-09 11:59:42.411913: I Analyzed pair: (0.16752, 0.1715): False
2024-02-09 11:59:42.411913: I Analyzed pair: (0.16752, 0.17212): False
2024-02-09 11:59:42.412912: I Analyzed pair: (0.16752, 0.17379): False
2024-02-09 11:59:42.412912: I Analyzed pair: (0.16752, 0.17145): False
2024-02-09 11:59:42.413417: I Check List: [True, False, False, False, False]
2024-02-09 11:59:49.541966: I Epoch 14/200 loss 3.30192
2024-02-09 11:59:49.542965: I ******************************************
2024-02-09 11:59:49.542965: I Analyzed pair: (0.16682, 0.1715): False
2024-02-09 11:59:49.543967: I Analyzed pair: (0.16682, 0.17212): False
2024-02-09 11:59:49.543967: I Analyzed pair: (0.16682, 0.17379): False
2024-02-09 11:59:49.543967: I Analyzed pair: (0.16682, 0.17145): False
2024-02-09 11:59:49.543967: I Analyzed pair: (0.16682, 0.17418): False
2024-02-09 11:59:49.544966: I Check List: [False, False, False, False, False]
2024-02-09 11:59:56.593493: I Epoch 15/200 loss 2.59254
2024-02-09 11:59:56.593493: I Analyzed pair: (0.1715, 0.17212): False
2024-02-09 11:59:56.594493: I Analyzed pair: (0.1715, 0.17379): False
2024-02-09 11:59:56.594493: I Analyzed pair: (0.1715, 0.17145): True
2024-02-09 11:59:56.594493: I Analyzed pair: (0.1715, 0.17418): False
2024-02-09 11:59:56.594493: I Analyzed pair: (0.1715, 0.16804): True
2024-02-09 11:59:56.595493: I Check List: [False, False, True, False, True]
2024-02-09 12:00:03.350011: I Epoch 16/200 loss 2.19482
2024-02-09 12:00:03.351011: I Analyzed pair: (0.17212, 0.17379): False
2024-02-09 12:00:03.351011: I Analyzed pair: (0.17212, 0.17145): True
2024-02-09 12:00:03.351011: I Analyzed pair: (0.17212, 0.17418): False
2024-02-09 12:00:03.352011: I Analyzed pair: (0.17212, 0.16804): True
2024-02-09 12:00:03.352011: I Analyzed pair: (0.17212, 0.17141): True
2024-02-09 12:00:03.352011: I Check List: [False, True, False, True, True]
2024-02-09 12:00:10.233913: I Epoch 17/200 loss 1.74943
2024-02-09 12:00:10.234915: I Analyzed pair: (0.17379, 0.17145): True
2024-02-09 12:00:10.234915: I Analyzed pair: (0.17379, 0.17418): False
2024-02-09 12:00:10.234915: I Analyzed pair: (0.17379, 0.16804): True
2024-02-09 12:00:10.235915: I Analyzed pair: (0.17379, 0.17141): True
2024-02-09 12:00:10.235915: I Analyzed pair: (0.17379, 0.16867): True
2024-02-09 12:00:10.235915: I Check List: [True, False, True, True, True]
2024-02-09 12:00:17.152175: I Epoch 18/200 loss 1.44449
2024-02-09 12:00:17.153175: I Analyzed pair: (0.17145, 0.17418): False
2024-02-09 12:00:17.153175: I Analyzed pair: (0.17145, 0.16804): True
2024-02-09 12:00:17.153175: I Analyzed pair: (0.17145, 0.17141): True
2024-02-09 12:00:17.154175: I Analyzed pair: (0.17145, 0.16867): True
2024-02-09 12:00:17.154175: I Analyzed pair: (0.17145, 0.17298): False
2024-02-09 12:00:17.154175: I Check List: [False, True, True, True, False]
2024-02-09 12:00:24.281665: I Epoch 19/200 loss 1.24246
2024-02-09 12:00:24.282667: I Analyzed pair: (0.17418, 0.16804): True
2024-02-09 12:00:24.282667: I Analyzed pair: (0.17418, 0.17141): True
2024-02-09 12:00:24.282667: I Analyzed pair: (0.17418, 0.16867): True
2024-02-09 12:00:24.282667: I Analyzed pair: (0.17418, 0.17298): True
2024-02-09 12:00:24.283666: I Analyzed pair: (0.17418, 0.17275): True
2024-02-09 12:00:24.283666: I Check List: [True, True, True, True, True]
2024-02-09 12:00:24.283666: I Met Early Stopping conditions: logger: <Logger EarlyStopping (DEBUG)>, validation_metric: nDCGRendle2020, validation_k: 10, cutoffs: [10], simple_metrics: ['nDCGRendle2020'], monitor: nDCGRendle2020@10, patience: 5, mode: max, metric_k: 10, metric: nDCGRendle2020, verbose: True, active: True
