2024-02-22 12:12:03.047902: I Loading parameters
2024-02-22 12:12:03.048902: I Parameter lr set to 0.002411993489896946
2024-02-22 12:12:03.048902: I Parameter factors set to 512
2024-02-22 12:12:03.049904: I Parameter l_w set to 0.003023263429458794
2024-02-22 12:12:03.049904: I Parameter n_layers set to 3
2024-02-22 12:12:06.456338: I Epoch 1/200 loss 3716.96061
2024-02-22 12:12:06.456338: I ******************************************
2024-02-22 12:12:09.223170: I Epoch 2/200 loss 269.11493
2024-02-22 12:12:09.223170: I ******************************************
2024-02-22 12:12:12.113021: I Epoch 3/200 loss 54.02834
2024-02-22 12:12:15.054361: I Epoch 4/200 loss 19.49218
2024-02-22 12:12:17.969228: I Epoch 5/200 loss 8.37556
2024-02-22 12:12:20.693056: I Epoch 6/200 loss 4.70579
2024-02-22 12:12:20.694057: I Analyzed pair: (0.08309, 0.08382): False
2024-02-22 12:12:20.694057: I Analyzed pair: (0.08309, 0.07791): True
2024-02-22 12:12:20.694057: I Analyzed pair: (0.08309, 0.08032): True
2024-02-22 12:12:20.695058: I Analyzed pair: (0.08309, 0.07966): True
2024-02-22 12:12:20.695058: I Analyzed pair: (0.08309, 0.07722): True
2024-02-22 12:12:20.695058: I Check List: [False, True, True, True, True]
2024-02-22 12:12:23.634922: I Epoch 7/200 loss 3.11501
2024-02-22 12:12:23.634922: I Analyzed pair: (0.08382, 0.07791): True
2024-02-22 12:12:23.635923: I Analyzed pair: (0.08382, 0.08032): True
2024-02-22 12:12:23.635923: I Analyzed pair: (0.08382, 0.07966): True
2024-02-22 12:12:23.635923: I Analyzed pair: (0.08382, 0.07722): True
2024-02-22 12:12:23.635923: I Analyzed pair: (0.08382, 0.07316): True
2024-02-22 12:12:23.636922: I Check List: [True, True, True, True, True]
2024-02-22 12:12:23.636922: I Met Early Stopping conditions: logger: <Logger EarlyStopping (DEBUG)>, validation_metric: nDCGRendle2020, validation_k: 10, cutoffs: [10], simple_metrics: ['nDCGRendle2020'], monitor: nDCGRendle2020@10, patience: 5, mode: max, metric_k: 10, metric: nDCGRendle2020, verbose: True, active: True
2024-02-22 12:12:23.673429: I Loading parameters
2024-02-22 12:12:23.673429: I Parameter lr set to 0.00032389695889150017
2024-02-22 12:12:23.673429: I Parameter factors set to 512
2024-02-22 12:12:23.674428: I Parameter l_w set to 0.0027101707182406246
2024-02-22 12:12:23.674428: I Parameter n_layers set to 3
2024-02-22 12:12:26.587266: I Epoch 1/200 loss 6298.69246
2024-02-22 12:12:26.587266: I ******************************************
2024-02-22 12:12:29.376579: I Epoch 2/200 loss 1468.83510
2024-02-22 12:12:29.376579: I ******************************************
2024-02-22 12:12:32.234914: I Epoch 3/200 loss 581.73786
2024-02-22 12:12:32.234914: I ******************************************
2024-02-22 12:12:35.251772: I Epoch 4/200 loss 275.42173
2024-02-22 12:12:35.252772: I ******************************************
2024-02-22 12:12:38.008588: I Epoch 5/200 loss 142.15195
2024-02-22 12:12:38.009590: I ******************************************
2024-02-22 12:12:40.973957: I Epoch 6/200 loss 79.62469
2024-02-22 12:12:40.973957: I ******************************************
2024-02-22 12:12:40.974959: I Analyzed pair: (0.0217, 0.05938): False
2024-02-22 12:12:40.974959: I Analyzed pair: (0.0217, 0.07853): False
2024-02-22 12:12:40.974959: I Analyzed pair: (0.0217, 0.0825): False
2024-02-22 12:12:40.974959: I Analyzed pair: (0.0217, 0.08464): False
2024-02-22 12:12:40.975959: I Analyzed pair: (0.0217, 0.08579): False
2024-02-22 12:12:40.975959: I Check List: [False, False, False, False, False]
2024-02-22 12:12:43.835320: I Epoch 7/200 loss 48.30039
2024-02-22 12:12:43.836322: I ******************************************
2024-02-22 12:12:43.836322: I Analyzed pair: (0.05938, 0.07853): False
2024-02-22 12:12:43.836322: I Analyzed pair: (0.05938, 0.0825): False
2024-02-22 12:12:43.836322: I Analyzed pair: (0.05938, 0.08464): False
2024-02-22 12:12:43.837321: I Analyzed pair: (0.05938, 0.08579): False
2024-02-22 12:12:43.837321: I Analyzed pair: (0.05938, 0.08851): False
2024-02-22 12:12:43.837321: I Check List: [False, False, False, False, False]
2024-02-22 12:12:46.684162: I Epoch 8/200 loss 30.03823
2024-02-22 12:12:46.684162: I ******************************************
2024-02-22 12:12:46.685163: I Analyzed pair: (0.07853, 0.0825): False
2024-02-22 12:12:46.685163: I Analyzed pair: (0.07853, 0.08464): False
2024-02-22 12:12:46.685163: I Analyzed pair: (0.07853, 0.08579): False
2024-02-22 12:12:46.685163: I Analyzed pair: (0.07853, 0.08851): False
2024-02-22 12:12:46.686163: I Analyzed pair: (0.07853, 0.08852): False
2024-02-22 12:12:46.686163: I Check List: [False, False, False, False, False]
2024-02-22 12:12:49.540541: I Epoch 9/200 loss 20.01045
2024-02-22 12:12:49.541541: I ******************************************
2024-02-22 12:12:49.541541: I Analyzed pair: (0.0825, 0.08464): False
2024-02-22 12:12:49.541541: I Analyzed pair: (0.0825, 0.08579): False
2024-02-22 12:12:49.541541: I Analyzed pair: (0.0825, 0.08851): False
2024-02-22 12:12:49.541541: I Analyzed pair: (0.0825, 0.08852): False
2024-02-22 12:12:49.541541: I Analyzed pair: (0.0825, 0.08955): False
2024-02-22 12:12:49.543044: I Check List: [False, False, False, False, False]
2024-02-22 12:12:52.467926: I Epoch 10/200 loss 13.61574
2024-02-22 12:12:52.467926: I Analyzed pair: (0.08464, 0.08579): False
2024-02-22 12:12:52.468924: I Analyzed pair: (0.08464, 0.08851): False
2024-02-22 12:12:52.468924: I Analyzed pair: (0.08464, 0.08852): False
2024-02-22 12:12:52.468924: I Analyzed pair: (0.08464, 0.08955): False
2024-02-22 12:12:52.468924: I Analyzed pair: (0.08464, 0.08927): False
2024-02-22 12:12:52.469924: I Check List: [False, False, False, False, False]
2024-02-22 12:12:55.384801: I Epoch 11/200 loss 9.75565
2024-02-22 12:12:55.385803: I ******************************************
2024-02-22 12:12:55.385803: I Analyzed pair: (0.08579, 0.08851): False
2024-02-22 12:12:55.385803: I Analyzed pair: (0.08579, 0.08852): False
2024-02-22 12:12:55.385803: I Analyzed pair: (0.08579, 0.08955): False
2024-02-22 12:12:55.386803: I Analyzed pair: (0.08579, 0.08927): False
2024-02-22 12:12:55.386803: I Analyzed pair: (0.08579, 0.09023): False
2024-02-22 12:12:55.386803: I Check List: [False, False, False, False, False]
2024-02-22 12:12:58.242184: I Epoch 12/200 loss 6.88108
2024-02-22 12:12:58.242184: I ******************************************
2024-02-22 12:12:58.242184: I Analyzed pair: (0.08851, 0.08852): False
2024-02-22 12:12:58.243184: I Analyzed pair: (0.08851, 0.08955): False
2024-02-22 12:12:58.243184: I Analyzed pair: (0.08851, 0.08927): False
2024-02-22 12:12:58.243184: I Analyzed pair: (0.08851, 0.09023): False
2024-02-22 12:12:58.243184: I Analyzed pair: (0.08851, 0.09039): False
2024-02-22 12:12:58.244184: I Check List: [False, False, False, False, False]
2024-02-22 12:13:01.207604: I Epoch 13/200 loss 5.31772
2024-02-22 12:13:01.207604: I Analyzed pair: (0.08852, 0.08955): False
2024-02-22 12:13:01.208605: I Analyzed pair: (0.08852, 0.08927): False
2024-02-22 12:13:01.208605: I Analyzed pair: (0.08852, 0.09023): False
2024-02-22 12:13:01.208605: I Analyzed pair: (0.08852, 0.09039): False
2024-02-22 12:13:01.208605: I Analyzed pair: (0.08852, 0.08991): False
2024-02-22 12:13:01.209605: I Check List: [False, False, False, False, False]
2024-02-22 12:13:04.315608: I Epoch 14/200 loss 3.81527
2024-02-22 12:13:04.315608: I Analyzed pair: (0.08955, 0.08927): True
2024-02-22 12:13:04.315608: I Analyzed pair: (0.08955, 0.09023): False
2024-02-22 12:13:04.316607: I Analyzed pair: (0.08955, 0.09039): False
2024-02-22 12:13:04.316607: I Analyzed pair: (0.08955, 0.08991): False
2024-02-22 12:13:04.316607: I Analyzed pair: (0.08955, 0.08878): True
2024-02-22 12:13:04.316607: I Check List: [True, False, False, False, True]
2024-02-22 12:13:07.330168: I Epoch 15/200 loss 2.98472
2024-02-22 12:13:07.330168: I Analyzed pair: (0.08927, 0.09023): False
2024-02-22 12:13:07.331166: I Analyzed pair: (0.08927, 0.09039): False
2024-02-22 12:13:07.331166: I Analyzed pair: (0.08927, 0.08991): False
2024-02-22 12:13:07.331166: I Analyzed pair: (0.08927, 0.08878): True
2024-02-22 12:13:07.332170: I Analyzed pair: (0.08927, 0.08862): True
2024-02-22 12:13:07.332170: I Check List: [False, False, False, True, True]
2024-02-22 12:13:10.313721: I Epoch 16/200 loss 2.31899
2024-02-22 12:13:10.313721: I Analyzed pair: (0.09023, 0.09039): False
2024-02-22 12:13:10.314721: I Analyzed pair: (0.09023, 0.08991): True
2024-02-22 12:13:10.314721: I Analyzed pair: (0.09023, 0.08878): True
2024-02-22 12:13:10.314721: I Analyzed pair: (0.09023, 0.08862): True
2024-02-22 12:13:10.314721: I Analyzed pair: (0.09023, 0.08873): True
2024-02-22 12:13:10.315721: I Check List: [False, True, True, True, True]
2024-02-22 12:13:13.370745: I Epoch 17/200 loss 1.80239
2024-02-22 12:13:13.370745: I Analyzed pair: (0.09039, 0.08991): True
2024-02-22 12:13:13.371747: I Analyzed pair: (0.09039, 0.08878): True
2024-02-22 12:13:13.371747: I Analyzed pair: (0.09039, 0.08862): True
2024-02-22 12:13:13.371747: I Analyzed pair: (0.09039, 0.08873): True
2024-02-22 12:13:13.371747: I Analyzed pair: (0.09039, 0.08862): True
2024-02-22 12:13:13.372746: I Check List: [True, True, True, True, True]
2024-02-22 12:13:13.372746: I Met Early Stopping conditions: logger: <Logger EarlyStopping (DEBUG)>, validation_metric: nDCGRendle2020, validation_k: 10, cutoffs: [10], simple_metrics: ['nDCGRendle2020'], monitor: nDCGRendle2020@10, patience: 5, mode: max, metric_k: 10, metric: nDCGRendle2020, verbose: True, active: True
2024-02-22 12:13:13.407747: I Loading parameters
2024-02-22 12:13:13.407747: I Parameter lr set to 0.00017769915691174588
2024-02-22 12:13:13.407747: I Parameter factors set to 512
2024-02-22 12:13:13.408747: I Parameter l_w set to 1.9708070255857435e-05
2024-02-22 12:13:13.408747: I Parameter n_layers set to 3
2024-02-22 12:13:16.309790: I Epoch 1/200 loss 6359.00203
2024-02-22 12:13:16.309790: I ******************************************
2024-02-22 12:13:19.161797: I Epoch 2/200 loss 1543.69695
2024-02-22 12:13:19.161797: I ******************************************
2024-02-22 12:13:22.084734: I Epoch 3/200 loss 660.54565
2024-02-22 12:13:22.085735: I ******************************************
2024-02-22 12:13:24.994708: I Epoch 4/200 loss 353.15453
2024-02-22 12:13:24.995710: I ******************************************
2024-02-22 12:13:27.917677: I Epoch 5/200 loss 211.16518
2024-02-22 12:13:27.918681: I ******************************************
2024-02-22 12:13:30.647991: I Epoch 6/200 loss 134.27440
2024-02-22 12:13:30.647991: I ******************************************
2024-02-22 12:13:30.647991: I Analyzed pair: (0.01307, 0.01991): False
2024-02-22 12:13:30.648990: I Analyzed pair: (0.01307, 0.03964): False
2024-02-22 12:13:30.648990: I Analyzed pair: (0.01307, 0.06432): False
2024-02-22 12:13:30.648990: I Analyzed pair: (0.01307, 0.07383): False
2024-02-22 12:13:30.649989: I Analyzed pair: (0.01307, 0.07897): False
2024-02-22 12:13:30.649989: I Check List: [False, False, False, False, False]
2024-02-22 12:13:33.547905: I Epoch 7/200 loss 89.04398
2024-02-22 12:13:33.547905: I ******************************************
2024-02-22 12:13:33.548905: I Analyzed pair: (0.01991, 0.03964): False
2024-02-22 12:13:33.548905: I Analyzed pair: (0.01991, 0.06432): False
2024-02-22 12:13:33.548905: I Analyzed pair: (0.01991, 0.07383): False
2024-02-22 12:13:33.548905: I Analyzed pair: (0.01991, 0.07897): False
2024-02-22 12:13:33.549904: I Analyzed pair: (0.01991, 0.08272): False
2024-02-22 12:13:33.549904: I Check List: [False, False, False, False, False]
2024-02-22 12:13:36.468820: I Epoch 8/200 loss 60.50527
2024-02-22 12:13:36.468820: I ******************************************
2024-02-22 12:13:36.469821: I Analyzed pair: (0.03964, 0.06432): False
2024-02-22 12:13:36.469821: I Analyzed pair: (0.03964, 0.07383): False
2024-02-22 12:13:36.469821: I Analyzed pair: (0.03964, 0.07897): False
2024-02-22 12:13:36.469821: I Analyzed pair: (0.03964, 0.08272): False
2024-02-22 12:13:36.470821: I Analyzed pair: (0.03964, 0.08397): False
2024-02-22 12:13:36.470821: I Check List: [False, False, False, False, False]
2024-02-22 12:13:39.456211: I Epoch 9/200 loss 42.50237
2024-02-22 12:13:39.456211: I ******************************************
2024-02-22 12:13:39.457215: I Analyzed pair: (0.06432, 0.07383): False
2024-02-22 12:13:39.457215: I Analyzed pair: (0.06432, 0.07897): False
2024-02-22 12:13:39.457215: I Analyzed pair: (0.06432, 0.08272): False
2024-02-22 12:13:39.458215: I Analyzed pair: (0.06432, 0.08397): False
2024-02-22 12:13:39.458215: I Analyzed pair: (0.06432, 0.0866): False
2024-02-22 12:13:39.458215: I Check List: [False, False, False, False, False]
2024-02-22 12:13:42.307579: I Epoch 10/200 loss 30.36726
2024-02-22 12:13:42.308579: I ******************************************
2024-02-22 12:13:42.308579: I Analyzed pair: (0.07383, 0.07897): False
2024-02-22 12:13:42.308579: I Analyzed pair: (0.07383, 0.08272): False
2024-02-22 12:13:42.309580: I Analyzed pair: (0.07383, 0.08397): False
2024-02-22 12:13:42.309580: I Analyzed pair: (0.07383, 0.0866): False
2024-02-22 12:13:42.309580: I Analyzed pair: (0.07383, 0.08688): False
2024-02-22 12:13:42.309580: I Check List: [False, False, False, False, False]
2024-02-22 12:13:45.532956: I Epoch 11/200 loss 22.44929
2024-02-22 12:13:45.533956: I ******************************************
2024-02-22 12:13:45.533956: I Analyzed pair: (0.07897, 0.08272): False
2024-02-22 12:13:45.533956: I Analyzed pair: (0.07897, 0.08397): False
2024-02-22 12:13:45.534955: I Analyzed pair: (0.07897, 0.0866): False
2024-02-22 12:13:45.534955: I Analyzed pair: (0.07897, 0.08688): False
2024-02-22 12:13:45.534955: I Analyzed pair: (0.07897, 0.08867): False
2024-02-22 12:13:45.534955: I Check List: [False, False, False, False, False]
2024-02-22 12:13:48.722693: I Epoch 12/200 loss 16.60690
2024-02-22 12:13:48.723693: I Analyzed pair: (0.08272, 0.08397): False
2024-02-22 12:13:48.724693: I Analyzed pair: (0.08272, 0.0866): False
2024-02-22 12:13:48.724693: I Analyzed pair: (0.08272, 0.08688): False
2024-02-22 12:13:48.724693: I Analyzed pair: (0.08272, 0.08867): False
2024-02-22 12:13:48.725693: I Analyzed pair: (0.08272, 0.08853): False
2024-02-22 12:13:48.725693: I Check List: [False, False, False, False, False]
2024-02-22 12:13:51.655084: I Epoch 13/200 loss 12.95658
2024-02-22 12:13:51.656085: I ******************************************
2024-02-22 12:13:51.656085: I Analyzed pair: (0.08397, 0.0866): False
2024-02-22 12:13:51.656085: I Analyzed pair: (0.08397, 0.08688): False
2024-02-22 12:13:51.657084: I Analyzed pair: (0.08397, 0.08867): False
2024-02-22 12:13:51.657084: I Analyzed pair: (0.08397, 0.08853): False
2024-02-22 12:13:51.657084: I Analyzed pair: (0.08397, 0.08986): False
2024-02-22 12:13:51.657084: I Check List: [False, False, False, False, False]
2024-02-22 12:13:54.473961: I Epoch 14/200 loss 9.80300
2024-02-22 12:13:54.474961: I Analyzed pair: (0.0866, 0.08688): False
2024-02-22 12:13:54.474961: I Analyzed pair: (0.0866, 0.08867): False
2024-02-22 12:13:54.474961: I Analyzed pair: (0.0866, 0.08853): False
2024-02-22 12:13:54.474961: I Analyzed pair: (0.0866, 0.08986): False
2024-02-22 12:13:54.475961: I Analyzed pair: (0.0866, 0.08929): False
2024-02-22 12:13:54.475961: I Check List: [False, False, False, False, False]
2024-02-22 12:13:57.359930: I Epoch 15/200 loss 7.78400
2024-02-22 12:13:57.359930: I Analyzed pair: (0.08688, 0.08867): False
2024-02-22 12:13:57.359930: I Analyzed pair: (0.08688, 0.08853): False
2024-02-22 12:13:57.360931: I Analyzed pair: (0.08688, 0.08986): False
2024-02-22 12:13:57.360931: I Analyzed pair: (0.08688, 0.08929): False
2024-02-22 12:13:57.360931: I Analyzed pair: (0.08688, 0.08982): False
2024-02-22 12:13:57.360931: I Check List: [False, False, False, False, False]
2024-02-22 12:14:00.205359: I Epoch 16/200 loss 6.14689
2024-02-22 12:14:00.205359: I ******************************************
2024-02-22 12:14:00.206360: I Analyzed pair: (0.08867, 0.08853): True
2024-02-22 12:14:00.206360: I Analyzed pair: (0.08867, 0.08986): False
2024-02-22 12:14:00.206360: I Analyzed pair: (0.08867, 0.08929): False
2024-02-22 12:14:00.206360: I Analyzed pair: (0.08867, 0.08982): False
2024-02-22 12:14:00.207360: I Analyzed pair: (0.08867, 0.09008): False
2024-02-22 12:14:00.207360: I Check List: [True, False, False, False, False]
2024-02-22 12:14:03.074347: I Epoch 17/200 loss 4.93140
2024-02-22 12:14:03.077347: I Analyzed pair: (0.08853, 0.08986): False
2024-02-22 12:14:03.077347: I Analyzed pair: (0.08853, 0.08929): False
2024-02-22 12:14:03.077347: I Analyzed pair: (0.08853, 0.08982): False
2024-02-22 12:14:03.077347: I Analyzed pair: (0.08853, 0.09008): False
2024-02-22 12:14:03.078348: I Analyzed pair: (0.08853, 0.08981): False
2024-02-22 12:14:03.078348: I Check List: [False, False, False, False, False]
2024-02-22 12:14:06.090903: I Epoch 18/200 loss 4.00057
2024-02-22 12:14:06.091904: I ******************************************
2024-02-22 12:14:06.091904: I Analyzed pair: (0.08986, 0.08929): True
2024-02-22 12:14:06.091904: I Analyzed pair: (0.08986, 0.08982): True
2024-02-22 12:14:06.091904: I Analyzed pair: (0.08986, 0.09008): False
2024-02-22 12:14:06.092904: I Analyzed pair: (0.08986, 0.08981): True
2024-02-22 12:14:06.092904: I Analyzed pair: (0.08986, 0.09022): False
2024-02-22 12:14:06.092904: I Check List: [True, True, False, True, False]
2024-02-22 12:14:09.086431: I Epoch 19/200 loss 3.30982
2024-02-22 12:14:09.087431: I Analyzed pair: (0.08929, 0.08982): False
2024-02-22 12:14:09.087431: I Analyzed pair: (0.08929, 0.09008): False
2024-02-22 12:14:09.087431: I Analyzed pair: (0.08929, 0.08981): False
2024-02-22 12:14:09.087431: I Analyzed pair: (0.08929, 0.09022): False
2024-02-22 12:14:09.088431: I Analyzed pair: (0.08929, 0.08964): False
2024-02-22 12:14:09.088431: I Check List: [False, False, False, False, False]
2024-02-22 12:14:12.004422: I Epoch 20/200 loss 2.77203
2024-02-22 12:14:12.005424: I ******************************************
2024-02-22 12:14:12.005424: I Analyzed pair: (0.08982, 0.09008): False
2024-02-22 12:14:12.005424: I Analyzed pair: (0.08982, 0.08981): True
2024-02-22 12:14:12.005424: I Analyzed pair: (0.08982, 0.09022): False
2024-02-22 12:14:12.006423: I Analyzed pair: (0.08982, 0.08964): True
2024-02-22 12:14:12.006423: I Analyzed pair: (0.08982, 0.09074): False
2024-02-22 12:14:12.006423: I Check List: [False, True, False, True, False]
2024-02-22 12:14:15.145945: I Epoch 21/200 loss 2.18100
2024-02-22 12:14:15.146948: I Analyzed pair: (0.09008, 0.08981): True
2024-02-22 12:14:15.147948: I Analyzed pair: (0.09008, 0.09022): False
2024-02-22 12:14:15.147948: I Analyzed pair: (0.09008, 0.08964): True
2024-02-22 12:14:15.147948: I Analyzed pair: (0.09008, 0.09074): False
2024-02-22 12:14:15.148947: I Analyzed pair: (0.09008, 0.08925): True
2024-02-22 12:14:15.148947: I Check List: [True, False, True, False, True]
2024-02-22 12:14:18.078852: I Epoch 22/200 loss 1.88294
2024-02-22 12:14:18.078852: I Analyzed pair: (0.08981, 0.09022): False
2024-02-22 12:14:18.078852: I Analyzed pair: (0.08981, 0.08964): True
2024-02-22 12:14:18.079855: I Analyzed pair: (0.08981, 0.09074): False
2024-02-22 12:14:18.079855: I Analyzed pair: (0.08981, 0.08925): True
2024-02-22 12:14:18.079855: I Analyzed pair: (0.08981, 0.08828): True
2024-02-22 12:14:18.080855: I Check List: [False, True, False, True, True]
2024-02-22 12:14:20.884282: I Epoch 23/200 loss 1.58548
2024-02-22 12:14:20.885282: I Analyzed pair: (0.09022, 0.08964): True
2024-02-22 12:14:20.885282: I Analyzed pair: (0.09022, 0.09074): False
2024-02-22 12:14:20.886284: I Analyzed pair: (0.09022, 0.08925): True
2024-02-22 12:14:20.886284: I Analyzed pair: (0.09022, 0.08828): True
2024-02-22 12:14:20.886284: I Analyzed pair: (0.09022, 0.08868): True
2024-02-22 12:14:20.886284: I Check List: [True, False, True, True, True]
2024-02-22 12:14:23.720694: I Epoch 24/200 loss 1.31502
2024-02-22 12:14:23.720694: I Analyzed pair: (0.08964, 0.09074): False
2024-02-22 12:14:23.720694: I Analyzed pair: (0.08964, 0.08925): True
2024-02-22 12:14:23.721696: I Analyzed pair: (0.08964, 0.08828): True
2024-02-22 12:14:23.721696: I Analyzed pair: (0.08964, 0.08868): True
2024-02-22 12:14:23.721696: I Analyzed pair: (0.08964, 0.08905): True
2024-02-22 12:14:23.721696: I Check List: [False, True, True, True, True]
2024-02-22 12:14:26.529109: I Epoch 25/200 loss 1.13253
2024-02-22 12:14:26.529109: I Analyzed pair: (0.09074, 0.08925): True
2024-02-22 12:14:26.529109: I Analyzed pair: (0.09074, 0.08828): True
2024-02-22 12:14:26.530111: I Analyzed pair: (0.09074, 0.08868): True
2024-02-22 12:14:26.530111: I Analyzed pair: (0.09074, 0.08905): True
2024-02-22 12:14:26.530111: I Analyzed pair: (0.09074, 0.08886): True
2024-02-22 12:14:26.531110: I Check List: [True, True, True, True, True]
2024-02-22 12:14:26.531110: I Met Early Stopping conditions: logger: <Logger EarlyStopping (DEBUG)>, validation_metric: nDCGRendle2020, validation_k: 10, cutoffs: [10], simple_metrics: ['nDCGRendle2020'], monitor: nDCGRendle2020@10, patience: 5, mode: max, metric_k: 10, metric: nDCGRendle2020, verbose: True, active: True
2024-02-22 12:14:26.564617: I Loading parameters
2024-02-22 12:14:26.565615: I Parameter lr set to 0.0004852953724552065
2024-02-22 12:14:26.565615: I Parameter factors set to 512
2024-02-22 12:14:26.565615: I Parameter l_w set to 7.061036687012815e-05
2024-02-22 12:14:26.565615: I Parameter n_layers set to 3
2024-02-22 12:14:29.525518: I Epoch 1/200 loss 6162.57057
2024-02-22 12:14:29.526519: I ******************************************
2024-02-22 12:14:32.661930: I Epoch 2/200 loss 1332.95014
2024-02-22 12:14:32.661930: I ******************************************
2024-02-22 12:14:35.629806: I Epoch 3/200 loss 455.23454
2024-02-22 12:14:35.629806: I ******************************************
2024-02-22 12:14:38.660673: I Epoch 4/200 loss 186.33414
2024-02-22 12:14:38.660673: I ******************************************
2024-02-22 12:14:41.736536: I Epoch 5/200 loss 87.44961
2024-02-22 12:14:41.736536: I ******************************************
2024-02-22 12:14:44.688405: I Epoch 6/200 loss 45.87592
2024-02-22 12:14:44.689407: I Analyzed pair: (0.03921, 0.07807): False
2024-02-22 12:14:44.689407: I Analyzed pair: (0.03921, 0.08394): False
2024-02-22 12:14:44.689407: I Analyzed pair: (0.03921, 0.08713): False
2024-02-22 12:14:44.689407: I Analyzed pair: (0.03921, 0.08813): False
2024-02-22 12:14:44.690405: I Analyzed pair: (0.03921, 0.08735): False
2024-02-22 12:14:44.690405: I Check List: [False, False, False, False, False]
2024-02-22 12:14:47.750318: I Epoch 7/200 loss 26.62042
2024-02-22 12:14:47.750318: I Analyzed pair: (0.07807, 0.08394): False
2024-02-22 12:14:47.750318: I Analyzed pair: (0.07807, 0.08713): False
2024-02-22 12:14:47.751319: I Analyzed pair: (0.07807, 0.08813): False
2024-02-22 12:14:47.751319: I Analyzed pair: (0.07807, 0.08735): False
2024-02-22 12:14:47.751319: I Analyzed pair: (0.07807, 0.08789): False
2024-02-22 12:14:47.752319: I Check List: [False, False, False, False, False]
2024-02-22 12:14:50.738739: I Epoch 8/200 loss 15.35165
2024-02-22 12:14:50.739741: I Analyzed pair: (0.08394, 0.08713): False
2024-02-22 12:14:50.739741: I Analyzed pair: (0.08394, 0.08813): False
2024-02-22 12:14:50.739741: I Analyzed pair: (0.08394, 0.08735): False
2024-02-22 12:14:50.739741: I Analyzed pair: (0.08394, 0.08789): False
2024-02-22 12:14:50.740740: I Analyzed pair: (0.08394, 0.08808): False
2024-02-22 12:14:50.740740: I Check List: [False, False, False, False, False]
2024-02-22 12:14:53.703618: I Epoch 9/200 loss 9.84454
2024-02-22 12:14:53.703618: I ******************************************
2024-02-22 12:14:53.703618: I Analyzed pair: (0.08713, 0.08813): False
2024-02-22 12:14:53.704620: I Analyzed pair: (0.08713, 0.08735): False
2024-02-22 12:14:53.704620: I Analyzed pair: (0.08713, 0.08789): False
2024-02-22 12:14:53.704620: I Analyzed pair: (0.08713, 0.08808): False
2024-02-22 12:14:53.705620: I Analyzed pair: (0.08713, 0.08984): False
2024-02-22 12:14:53.705620: I Check List: [False, False, False, False, False]
2024-02-22 12:14:56.711011: I Epoch 10/200 loss 6.46353
2024-02-22 12:14:56.712012: I Analyzed pair: (0.08813, 0.08735): True
2024-02-22 12:14:56.712012: I Analyzed pair: (0.08813, 0.08789): True
2024-02-22 12:14:56.712012: I Analyzed pair: (0.08813, 0.08808): True
2024-02-22 12:14:56.713013: I Analyzed pair: (0.08813, 0.08984): False
2024-02-22 12:14:56.713013: I Analyzed pair: (0.08813, 0.08749): True
2024-02-22 12:14:56.714013: I Check List: [True, True, True, False, True]
2024-02-22 12:14:59.574868: I Epoch 11/200 loss 4.52998
2024-02-22 12:14:59.575870: I Analyzed pair: (0.08735, 0.08789): False
2024-02-22 12:14:59.575870: I Analyzed pair: (0.08735, 0.08808): False
2024-02-22 12:14:59.576870: I Analyzed pair: (0.08735, 0.08984): False
2024-02-22 12:14:59.576870: I Analyzed pair: (0.08735, 0.08749): False
2024-02-22 12:14:59.576870: I Analyzed pair: (0.08735, 0.08785): False
2024-02-22 12:14:59.576870: I Check List: [False, False, False, False, False]
2024-02-22 12:15:02.423220: I Epoch 12/200 loss 3.04068
2024-02-22 12:15:02.424224: I Analyzed pair: (0.08789, 0.08808): False
2024-02-22 12:15:02.424224: I Analyzed pair: (0.08789, 0.08984): False
2024-02-22 12:15:02.424224: I Analyzed pair: (0.08789, 0.08749): True
2024-02-22 12:15:02.425224: I Analyzed pair: (0.08789, 0.08785): True
2024-02-22 12:15:02.425224: I Analyzed pair: (0.08789, 0.087): True
2024-02-22 12:15:02.425224: I Check List: [False, False, True, True, True]
2024-02-22 12:15:05.191565: I Epoch 13/200 loss 2.34859
2024-02-22 12:15:05.191565: I Analyzed pair: (0.08808, 0.08984): False
2024-02-22 12:15:05.192565: I Analyzed pair: (0.08808, 0.08749): True
2024-02-22 12:15:05.192565: I Analyzed pair: (0.08808, 0.08785): True
2024-02-22 12:15:05.192565: I Analyzed pair: (0.08808, 0.087): True
2024-02-22 12:15:05.192565: I Analyzed pair: (0.08808, 0.08711): True
2024-02-22 12:15:05.193565: I Check List: [False, True, True, True, True]
2024-02-22 12:15:08.035903: I Epoch 14/200 loss 1.61146
2024-02-22 12:15:08.036903: I Analyzed pair: (0.08984, 0.08749): True
2024-02-22 12:15:08.036903: I Analyzed pair: (0.08984, 0.08785): True
2024-02-22 12:15:08.036903: I Analyzed pair: (0.08984, 0.087): True
2024-02-22 12:15:08.037904: I Analyzed pair: (0.08984, 0.08711): True
2024-02-22 12:15:08.037904: I Analyzed pair: (0.08984, 0.08779): True
2024-02-22 12:15:08.037904: I Check List: [True, True, True, True, True]
2024-02-22 12:15:08.037904: I Met Early Stopping conditions: logger: <Logger EarlyStopping (DEBUG)>, validation_metric: nDCGRendle2020, validation_k: 10, cutoffs: [10], simple_metrics: ['nDCGRendle2020'], monitor: nDCGRendle2020@10, patience: 5, mode: max, metric_k: 10, metric: nDCGRendle2020, verbose: True, active: True
2024-02-22 12:15:08.072413: I Loading parameters
2024-02-22 12:15:08.072413: I Parameter lr set to 0.0007151849950050514
2024-02-22 12:15:08.073413: I Parameter factors set to 512
2024-02-22 12:15:08.073413: I Parameter l_w set to 2.4354464379120438e-05
2024-02-22 12:15:08.073413: I Parameter n_layers set to 3
2024-02-22 12:15:10.959293: I Epoch 1/200 loss 5950.63685
2024-02-22 12:15:10.960293: I ******************************************
2024-02-22 12:15:13.784645: I Epoch 2/200 loss 1094.06016
2024-02-22 12:15:13.784645: I ******************************************
2024-02-22 12:15:16.572011: I Epoch 3/200 loss 307.85964
2024-02-22 12:15:16.572011: I ******************************************
2024-02-22 12:15:19.545381: I Epoch 4/200 loss 114.19943
2024-02-22 12:15:19.546383: I ******************************************
2024-02-22 12:15:22.588768: I Epoch 5/200 loss 49.67666
2024-02-22 12:15:22.588768: I ******************************************
2024-02-22 12:15:25.579159: I Epoch 6/200 loss 24.42210
2024-02-22 12:15:25.580162: I ******************************************
2024-02-22 12:15:25.580162: I Analyzed pair: (0.07153, 0.08496): False
2024-02-22 12:15:25.581160: I Analyzed pair: (0.07153, 0.08644): False
2024-02-22 12:15:25.581160: I Analyzed pair: (0.07153, 0.08836): False
2024-02-22 12:15:25.581160: I Analyzed pair: (0.07153, 0.08841): False
2024-02-22 12:15:25.582159: I Analyzed pair: (0.07153, 0.08918): False
2024-02-22 12:15:25.582159: I Check List: [False, False, False, False, False]
2024-02-22 12:15:28.601544: I Epoch 7/200 loss 13.76943
2024-02-22 12:15:28.601544: I Analyzed pair: (0.08496, 0.08644): False
2024-02-22 12:15:28.602546: I Analyzed pair: (0.08496, 0.08836): False
2024-02-22 12:15:28.602546: I Analyzed pair: (0.08496, 0.08841): False
2024-02-22 12:15:28.602546: I Analyzed pair: (0.08496, 0.08918): False
2024-02-22 12:15:28.602546: I Analyzed pair: (0.08496, 0.0873): False
2024-02-22 12:15:28.603544: I Check List: [False, False, False, False, False]
2024-02-22 12:15:31.569937: I Epoch 8/200 loss 7.48450
2024-02-22 12:15:31.570939: I Analyzed pair: (0.08644, 0.08836): False
2024-02-22 12:15:31.570939: I Analyzed pair: (0.08644, 0.08841): False
2024-02-22 12:15:31.570939: I Analyzed pair: (0.08644, 0.08918): False
2024-02-22 12:15:31.571938: I Analyzed pair: (0.08644, 0.0873): False
2024-02-22 12:15:31.571938: I Analyzed pair: (0.08644, 0.0872): False
2024-02-22 12:15:31.571938: I Check List: [False, False, False, False, False]
2024-02-22 12:15:34.568296: I Epoch 9/200 loss 4.73320
2024-02-22 12:15:34.568296: I Analyzed pair: (0.08836, 0.08841): False
2024-02-22 12:15:34.568296: I Analyzed pair: (0.08836, 0.08918): False
2024-02-22 12:15:34.569296: I Analyzed pair: (0.08836, 0.0873): True
2024-02-22 12:15:34.569296: I Analyzed pair: (0.08836, 0.0872): True
2024-02-22 12:15:34.569296: I Analyzed pair: (0.08836, 0.08681): True
2024-02-22 12:15:34.569296: I Check List: [False, False, True, True, True]
2024-02-22 12:15:37.339130: I Epoch 10/200 loss 3.06454
2024-02-22 12:15:37.340132: I Analyzed pair: (0.08841, 0.08918): False
2024-02-22 12:15:37.340132: I Analyzed pair: (0.08841, 0.0873): True
2024-02-22 12:15:37.340132: I Analyzed pair: (0.08841, 0.0872): True
2024-02-22 12:15:37.340132: I Analyzed pair: (0.08841, 0.08681): True
2024-02-22 12:15:37.341131: I Analyzed pair: (0.08841, 0.08693): True
2024-02-22 12:15:37.341131: I Check List: [False, True, True, True, True]
2024-02-22 12:15:40.250506: I Epoch 11/200 loss 2.16809
2024-02-22 12:15:40.251507: I Analyzed pair: (0.08918, 0.0873): True
2024-02-22 12:15:40.251507: I Analyzed pair: (0.08918, 0.0872): True
2024-02-22 12:15:40.251507: I Analyzed pair: (0.08918, 0.08681): True
2024-02-22 12:15:40.251507: I Analyzed pair: (0.08918, 0.08693): True
2024-02-22 12:15:40.252507: I Analyzed pair: (0.08918, 0.08463): True
2024-02-22 12:15:40.252507: I Check List: [True, True, True, True, True]
2024-02-22 12:15:40.252507: I Met Early Stopping conditions: logger: <Logger EarlyStopping (DEBUG)>, validation_metric: nDCGRendle2020, validation_k: 10, cutoffs: [10], simple_metrics: ['nDCGRendle2020'], monitor: nDCGRendle2020@10, patience: 5, mode: max, metric_k: 10, metric: nDCGRendle2020, verbose: True, active: True
2024-02-22 12:15:40.287508: I Loading parameters
2024-02-22 12:15:40.287508: I Parameter lr set to 0.0019153985150590143
2024-02-22 12:15:40.287508: I Parameter factors set to 512
2024-02-22 12:15:40.288507: I Parameter l_w set to 4.4065269893627953e-05
2024-02-22 12:15:40.288507: I Parameter n_layers set to 3
2024-02-22 12:15:43.254867: I Epoch 1/200 loss 4271.27126
2024-02-22 12:15:43.254867: I ******************************************
2024-02-22 12:15:46.341267: I Epoch 2/200 loss 362.32549
2024-02-22 12:15:46.341267: I ******************************************
2024-02-22 12:15:49.372171: I Epoch 3/200 loss 71.06261
2024-02-22 12:15:52.354600: I Epoch 4/200 loss 22.62671
2024-02-22 12:15:55.492564: I Epoch 5/200 loss 8.38471
2024-02-22 12:15:58.490043: I Epoch 6/200 loss 3.97324
2024-02-22 12:15:58.491044: I Analyzed pair: (0.08173, 0.0867): False
2024-02-22 12:15:58.491044: I Analyzed pair: (0.08173, 0.08238): False
2024-02-22 12:15:58.492045: I Analyzed pair: (0.08173, 0.08332): False
2024-02-22 12:15:58.492045: I Analyzed pair: (0.08173, 0.0819): False
2024-02-22 12:15:58.492045: I Analyzed pair: (0.08173, 0.08159): True
2024-02-22 12:15:58.492045: I Check List: [False, False, False, False, True]
2024-02-22 12:16:01.589088: I Epoch 7/200 loss 2.32165
2024-02-22 12:16:01.590087: I Analyzed pair: (0.0867, 0.08238): True
2024-02-22 12:16:01.590087: I Analyzed pair: (0.0867, 0.08332): True
2024-02-22 12:16:01.591089: I Analyzed pair: (0.0867, 0.0819): True
2024-02-22 12:16:01.591089: I Analyzed pair: (0.0867, 0.08159): True
2024-02-22 12:16:01.591089: I Analyzed pair: (0.0867, 0.07699): True
2024-02-22 12:16:01.591089: I Check List: [True, True, True, True, True]
2024-02-22 12:16:01.592088: I Met Early Stopping conditions: logger: <Logger EarlyStopping (DEBUG)>, validation_metric: nDCGRendle2020, validation_k: 10, cutoffs: [10], simple_metrics: ['nDCGRendle2020'], monitor: nDCGRendle2020@10, patience: 5, mode: max, metric_k: 10, metric: nDCGRendle2020, verbose: True, active: True
2024-02-22 12:16:01.626087: I Loading parameters
2024-02-22 12:16:01.626087: I Parameter lr set to 0.0015406839664936752
2024-02-22 12:16:01.627088: I Parameter factors set to 512
2024-02-22 12:16:01.627088: I Parameter l_w set to 0.09726326397655977
2024-02-22 12:16:01.627088: I Parameter n_layers set to 3
2024-02-22 12:16:04.629577: I Epoch 1/200 loss 5837.11945
2024-02-22 12:16:04.630578: I ******************************************
2024-02-22 12:16:07.634076: I Epoch 2/200 loss 864.45442
2024-02-22 12:16:07.634076: I ******************************************
2024-02-22 12:16:10.558538: I Epoch 3/200 loss 291.96085
2024-02-22 12:16:13.554967: I Epoch 4/200 loss 145.44955
2024-02-22 12:16:13.555969: I ******************************************
2024-02-22 12:16:16.508883: I Epoch 5/200 loss 86.31404
2024-02-22 12:16:19.552796: I Epoch 6/200 loss 57.91046
2024-02-22 12:16:19.553794: I Analyzed pair: (0.08009, 0.08567): False
2024-02-22 12:16:19.553794: I Analyzed pair: (0.08009, 0.08225): False
2024-02-22 12:16:19.553794: I Analyzed pair: (0.08009, 0.08645): False
2024-02-22 12:16:19.553794: I Analyzed pair: (0.08009, 0.08602): False
2024-02-22 12:16:19.554794: I Analyzed pair: (0.08009, 0.0838): False
2024-02-22 12:16:19.554794: I Check List: [False, False, False, False, False]
2024-02-22 12:16:22.355219: I Epoch 7/200 loss 42.13975
2024-02-22 12:16:22.355219: I Analyzed pair: (0.08567, 0.08225): True
2024-02-22 12:16:22.355219: I Analyzed pair: (0.08567, 0.08645): False
2024-02-22 12:16:22.356221: I Analyzed pair: (0.08567, 0.08602): False
2024-02-22 12:16:22.356221: I Analyzed pair: (0.08567, 0.0838): True
2024-02-22 12:16:22.356221: I Analyzed pair: (0.08567, 0.08325): True
2024-02-22 12:16:22.357220: I Check List: [True, False, False, True, True]
2024-02-22 12:16:25.188646: I Epoch 8/200 loss 31.41557
2024-02-22 12:16:25.189647: I Analyzed pair: (0.08225, 0.08645): False
2024-02-22 12:16:25.189647: I Analyzed pair: (0.08225, 0.08602): False
2024-02-22 12:16:25.189647: I Analyzed pair: (0.08225, 0.0838): False
2024-02-22 12:16:25.190647: I Analyzed pair: (0.08225, 0.08325): False
2024-02-22 12:16:25.190647: I Analyzed pair: (0.08225, 0.07879): True
2024-02-22 12:16:25.190647: I Check List: [False, False, False, False, True]
2024-02-22 12:16:28.020035: I Epoch 9/200 loss 24.69073
2024-02-22 12:16:28.020035: I Analyzed pair: (0.08645, 0.08602): True
2024-02-22 12:16:28.021037: I Analyzed pair: (0.08645, 0.0838): True
2024-02-22 12:16:28.021037: I Analyzed pair: (0.08645, 0.08325): True
2024-02-22 12:16:28.021037: I Analyzed pair: (0.08645, 0.07879): True
2024-02-22 12:16:28.022036: I Analyzed pair: (0.08645, 0.07903): True
2024-02-22 12:16:28.022036: I Check List: [True, True, True, True, True]
2024-02-22 12:16:28.022036: I Met Early Stopping conditions: logger: <Logger EarlyStopping (DEBUG)>, validation_metric: nDCGRendle2020, validation_k: 10, cutoffs: [10], simple_metrics: ['nDCGRendle2020'], monitor: nDCGRendle2020@10, patience: 5, mode: max, metric_k: 10, metric: nDCGRendle2020, verbose: True, active: True
2024-02-22 12:16:28.055545: I Loading parameters
2024-02-22 12:16:28.055545: I Parameter lr set to 0.0001285942211476696
2024-02-22 12:16:28.056545: I Parameter factors set to 512
2024-02-22 12:16:28.056545: I Parameter l_w set to 0.02091021650260823
2024-02-22 12:16:28.056545: I Parameter n_layers set to 3
2024-02-22 12:16:31.104943: I Epoch 1/200 loss 6555.37152
2024-02-22 12:16:31.105942: I ******************************************
2024-02-22 12:16:34.166845: I Epoch 2/200 loss 1608.95832
2024-02-22 12:16:34.166845: I ******************************************
2024-02-22 12:16:37.228220: I Epoch 3/200 loss 699.71516
2024-02-22 12:16:37.229223: I ******************************************
2024-02-22 12:16:40.149100: I Epoch 4/200 loss 383.12637
2024-02-22 12:16:40.150100: I ******************************************
2024-02-22 12:16:43.152989: I Epoch 5/200 loss 237.34233
2024-02-22 12:16:43.153993: I ******************************************
2024-02-22 12:16:46.183378: I Epoch 6/200 loss 158.19400
2024-02-22 12:16:46.183378: I ******************************************
2024-02-22 12:16:46.184379: I Analyzed pair: (0.01102, 0.01382): False
2024-02-22 12:16:46.184379: I Analyzed pair: (0.01102, 0.02302): False
2024-02-22 12:16:46.184379: I Analyzed pair: (0.01102, 0.03543): False
2024-02-22 12:16:46.184379: I Analyzed pair: (0.01102, 0.05367): False
2024-02-22 12:16:46.185378: I Analyzed pair: (0.01102, 0.06675): False
2024-02-22 12:16:46.185378: I Check List: [False, False, False, False, False]
2024-02-22 12:16:49.033770: I Epoch 7/200 loss 110.73619
2024-02-22 12:16:49.033770: I ******************************************
2024-02-22 12:16:49.033770: I Analyzed pair: (0.01382, 0.02302): False
2024-02-22 12:16:49.034771: I Analyzed pair: (0.01382, 0.03543): False
2024-02-22 12:16:49.034771: I Analyzed pair: (0.01382, 0.05367): False
2024-02-22 12:16:49.034771: I Analyzed pair: (0.01382, 0.06675): False
2024-02-22 12:16:49.035771: I Analyzed pair: (0.01382, 0.07445): False
2024-02-22 12:16:49.035771: I Check List: [False, False, False, False, False]
2024-02-22 12:16:52.060676: I Epoch 8/200 loss 79.81565
2024-02-22 12:16:52.060676: I ******************************************
2024-02-22 12:16:52.061677: I Analyzed pair: (0.02302, 0.03543): False
2024-02-22 12:16:52.061677: I Analyzed pair: (0.02302, 0.05367): False
2024-02-22 12:16:52.061677: I Analyzed pair: (0.02302, 0.06675): False
2024-02-22 12:16:52.062676: I Analyzed pair: (0.02302, 0.07445): False
2024-02-22 12:16:52.062676: I Analyzed pair: (0.02302, 0.07814): False
2024-02-22 12:16:52.062676: I Check List: [False, False, False, False, False]
